[12.194s] DEBUG:colcon:Command line arguments: ['/usr/bin/colcon', 'build', '--symlink-install']
[12.194s] DEBUG:colcon:Parsed command line arguments: Namespace(allow_overriding=[], ament_cmake_args=None, base_paths=['.'], build_base='build', catkin_cmake_args=None, catkin_skip_building_tests=False, cmake_args=None, cmake_clean_cache=False, cmake_clean_first=False, cmake_force_configure=False, cmake_target=None, cmake_target_skip_unavailable=False, continue_on_error=False, event_handlers=None, executor='parallel', ignore_user_meta=False, install_base='install', log_base=None, log_level=None, main=<bound method BuildVerb.main of <colcon_core.verb.build.BuildVerb object at 0x7f8ccd9e50>>, merge_install=False, metas=['./colcon.meta'], packages_above=None, packages_above_and_dependencies=None, packages_above_depth=None, packages_end=None, packages_ignore=None, packages_ignore_regex=None, packages_select=None, packages_select_build_failed=False, packages_select_by_dep=None, packages_select_regex=None, packages_select_test_failures=False, packages_skip=None, packages_skip_build_finished=False, packages_skip_by_dep=None, packages_skip_regex=None, packages_skip_test_passed=False, packages_skip_up_to=None, packages_start=None, packages_up_to=None, packages_up_to_regex=None, parallel_workers=4, paths=None, symlink_install=True, test_result_base=None, verb_extension=<colcon_core.verb.build.BuildVerb object at 0x7f8ccd9e50>, verb_name='build', verb_parser=<colcon_defaults.argument_parser.defaults.DefaultArgumentsDecorator object at 0x7f8cc98b80>)
[12.747s] Level 1:colcon.colcon_core.package_discovery:discover_packages(colcon_meta) check parameters
[12.747s] Level 1:colcon.colcon_core.package_discovery:discover_packages(recursive) check parameters
[12.748s] Level 1:colcon.colcon_core.package_discovery:discover_packages(ignore) check parameters
[12.748s] Level 1:colcon.colcon_core.package_discovery:discover_packages(path) check parameters
[12.748s] Level 1:colcon.colcon_core.package_discovery:discover_packages(colcon_meta) discover
[12.748s] Level 1:colcon.colcon_core.package_discovery:discover_packages(recursive) discover
[12.748s] INFO:colcon.colcon_core.package_discovery:Crawling recursively for packages in '/home/jetson/PycharmProjects/boat_litter_collection/jetson_ws'
[12.749s] Level 1:colcon.colcon_core.package_identification:_identify(.) by extensions ['ignore', 'ignore_ament_install']
[12.749s] Level 1:colcon.colcon_core.package_identification:_identify(.) by extension 'ignore'
[12.750s] Level 1:colcon.colcon_core.package_identification:_identify(.) by extension 'ignore_ament_install'
[12.750s] Level 1:colcon.colcon_core.package_identification:_identify(.) by extensions ['colcon_pkg']
[12.750s] Level 1:colcon.colcon_core.package_identification:_identify(.) by extension 'colcon_pkg'
[12.750s] Level 1:colcon.colcon_core.package_identification:_identify(.) by extensions ['colcon_meta']
[12.750s] Level 1:colcon.colcon_core.package_identification:_identify(.) by extension 'colcon_meta'
[12.751s] Level 1:colcon.colcon_core.package_identification:_identify(.) by extensions ['ros']
[12.751s] Level 1:colcon.colcon_core.package_identification:_identify(.) by extension 'ros'
[12.817s] Level 1:colcon.colcon_core.package_identification:_identify(.) by extensions ['cmake', 'python']
[12.817s] Level 1:colcon.colcon_core.package_identification:_identify(.) by extension 'cmake'
[12.817s] Level 1:colcon.colcon_core.package_identification:_identify(.) by extension 'python'
[12.817s] Level 1:colcon.colcon_core.package_identification:_identify(.) by extensions ['python_setup_py']
[12.818s] Level 1:colcon.colcon_core.package_identification:_identify(.) by extension 'python_setup_py'
[12.818s] Level 1:colcon.colcon_core.package_identification:_identify(build) by extensions ['ignore', 'ignore_ament_install']
[12.819s] Level 1:colcon.colcon_core.package_identification:_identify(build) by extension 'ignore'
[12.819s] Level 1:colcon.colcon_core.package_identification:_identify(build) ignored
[12.819s] Level 1:colcon.colcon_core.package_identification:_identify(install) by extensions ['ignore', 'ignore_ament_install']
[12.820s] Level 1:colcon.colcon_core.package_identification:_identify(install) by extension 'ignore'
[12.820s] Level 1:colcon.colcon_core.package_identification:_identify(install) ignored
[12.820s] Level 1:colcon.colcon_core.package_identification:_identify(log) by extensions ['ignore', 'ignore_ament_install']
[12.821s] Level 1:colcon.colcon_core.package_identification:_identify(log) by extension 'ignore'
[12.821s] Level 1:colcon.colcon_core.package_identification:_identify(log) ignored
[12.821s] Level 1:colcon.colcon_core.package_identification:_identify(src) by extensions ['ignore', 'ignore_ament_install']
[12.822s] Level 1:colcon.colcon_core.package_identification:_identify(src) by extension 'ignore'
[12.822s] Level 1:colcon.colcon_core.package_identification:_identify(src) by extension 'ignore_ament_install'
[12.822s] Level 1:colcon.colcon_core.package_identification:_identify(src) by extensions ['colcon_pkg']
[12.822s] Level 1:colcon.colcon_core.package_identification:_identify(src) by extension 'colcon_pkg'
[12.822s] Level 1:colcon.colcon_core.package_identification:_identify(src) by extensions ['colcon_meta']
[12.822s] Level 1:colcon.colcon_core.package_identification:_identify(src) by extension 'colcon_meta'
[12.823s] Level 1:colcon.colcon_core.package_identification:_identify(src) by extensions ['ros']
[12.823s] Level 1:colcon.colcon_core.package_identification:_identify(src) by extension 'ros'
[12.823s] Level 1:colcon.colcon_core.package_identification:_identify(src) by extensions ['cmake', 'python']
[12.823s] Level 1:colcon.colcon_core.package_identification:_identify(src) by extension 'cmake'
[12.823s] Level 1:colcon.colcon_core.package_identification:_identify(src) by extension 'python'
[12.824s] Level 1:colcon.colcon_core.package_identification:_identify(src) by extensions ['python_setup_py']
[12.824s] Level 1:colcon.colcon_core.package_identification:_identify(src) by extension 'python_setup_py'
[12.827s] Level 1:colcon.colcon_core.package_identification:_identify(src/central) by extensions ['ignore', 'ignore_ament_install']
[12.827s] Level 1:colcon.colcon_core.package_identification:_identify(src/central) by extension 'ignore'
[12.827s] Level 1:colcon.colcon_core.package_identification:_identify(src/central) by extension 'ignore_ament_install'
[12.828s] Level 1:colcon.colcon_core.package_identification:_identify(src/central) by extensions ['colcon_pkg']
[12.828s] Level 1:colcon.colcon_core.package_identification:_identify(src/central) by extension 'colcon_pkg'
[12.828s] Level 1:colcon.colcon_core.package_identification:_identify(src/central) by extensions ['colcon_meta']
[12.828s] Level 1:colcon.colcon_core.package_identification:_identify(src/central) by extension 'colcon_meta'
[12.828s] Level 1:colcon.colcon_core.package_identification:_identify(src/central) by extensions ['ros']
[12.829s] Level 1:colcon.colcon_core.package_identification:_identify(src/central) by extension 'ros'
[12.844s] DEBUG:colcon.colcon_core.package_identification:Package 'src/central' with type 'ros.ament_python' and name 'central'
[12.844s] Level 1:colcon.colcon_core.package_identification:_identify(src/custom_msgs) by extensions ['ignore', 'ignore_ament_install']
[12.845s] Level 1:colcon.colcon_core.package_identification:_identify(src/custom_msgs) by extension 'ignore'
[12.845s] Level 1:colcon.colcon_core.package_identification:_identify(src/custom_msgs) by extension 'ignore_ament_install'
[12.846s] Level 1:colcon.colcon_core.package_identification:_identify(src/custom_msgs) by extensions ['colcon_pkg']
[12.846s] Level 1:colcon.colcon_core.package_identification:_identify(src/custom_msgs) by extension 'colcon_pkg'
[12.846s] Level 1:colcon.colcon_core.package_identification:_identify(src/custom_msgs) by extensions ['colcon_meta']
[12.846s] Level 1:colcon.colcon_core.package_identification:_identify(src/custom_msgs) by extension 'colcon_meta'
[12.847s] Level 1:colcon.colcon_core.package_identification:_identify(src/custom_msgs) by extensions ['ros']
[12.847s] Level 1:colcon.colcon_core.package_identification:_identify(src/custom_msgs) by extension 'ros'
[12.852s] DEBUG:colcon.colcon_core.package_identification:Package 'src/custom_msgs' with type 'ros.ament_cmake' and name 'custom_msgs'
[12.852s] Level 1:colcon.colcon_core.package_identification:_identify(src/vision) by extensions ['ignore', 'ignore_ament_install']
[12.853s] Level 1:colcon.colcon_core.package_identification:_identify(src/vision) by extension 'ignore'
[12.853s] Level 1:colcon.colcon_core.package_identification:_identify(src/vision) by extension 'ignore_ament_install'
[12.854s] Level 1:colcon.colcon_core.package_identification:_identify(src/vision) by extensions ['colcon_pkg']
[12.854s] Level 1:colcon.colcon_core.package_identification:_identify(src/vision) by extension 'colcon_pkg'
[12.854s] Level 1:colcon.colcon_core.package_identification:_identify(src/vision) by extensions ['colcon_meta']
[12.854s] Level 1:colcon.colcon_core.package_identification:_identify(src/vision) by extension 'colcon_meta'
[12.854s] Level 1:colcon.colcon_core.package_identification:_identify(src/vision) by extensions ['ros']
[12.854s] Level 1:colcon.colcon_core.package_identification:_identify(src/vision) by extension 'ros'
[12.857s] DEBUG:colcon.colcon_core.package_identification:Package 'src/vision' with type 'ros.ament_python' and name 'vision'
[12.857s] Level 1:colcon.colcon_core.package_discovery:discover_packages(recursive) using defaults
[12.857s] Level 1:colcon.colcon_core.package_discovery:discover_packages(ignore) discover
[12.858s] Level 1:colcon.colcon_core.package_discovery:discover_packages(ignore) using defaults
[12.858s] Level 1:colcon.colcon_core.package_discovery:discover_packages(path) discover
[12.858s] Level 1:colcon.colcon_core.package_discovery:discover_packages(path) using defaults
[14.074s] Level 1:colcon.colcon_core.package_discovery:discover_packages(prefix_path) check parameters
[14.074s] Level 1:colcon.colcon_core.package_discovery:discover_packages(prefix_path) discover
[14.503s] DEBUG:colcon.colcon_installed_package_information.package_discovery:Found 259 installed packages in /opt/ros/foxy
[14.512s] Level 1:colcon.colcon_core.package_discovery:discover_packages(prefix_path) using defaults
[15.360s] Level 5:colcon.colcon_core.verb:set package 'central' build argument 'cmake_args' from command line to 'None'
[15.360s] Level 5:colcon.colcon_core.verb:set package 'central' build argument 'cmake_target' from command line to 'None'
[15.361s] Level 5:colcon.colcon_core.verb:set package 'central' build argument 'cmake_target_skip_unavailable' from command line to 'False'
[15.361s] Level 5:colcon.colcon_core.verb:set package 'central' build argument 'cmake_clean_cache' from command line to 'False'
[15.361s] Level 5:colcon.colcon_core.verb:set package 'central' build argument 'cmake_clean_first' from command line to 'False'
[15.361s] Level 5:colcon.colcon_core.verb:set package 'central' build argument 'cmake_force_configure' from command line to 'False'
[15.361s] Level 5:colcon.colcon_core.verb:set package 'central' build argument 'ament_cmake_args' from command line to 'None'
[15.361s] Level 5:colcon.colcon_core.verb:set package 'central' build argument 'catkin_cmake_args' from command line to 'None'
[15.362s] Level 5:colcon.colcon_core.verb:set package 'central' build argument 'catkin_skip_building_tests' from command line to 'False'
[15.362s] DEBUG:colcon.colcon_core.verb:Building package 'central' with the following arguments: {'ament_cmake_args': None, 'build_base': '/home/jetson/PycharmProjects/boat_litter_collection/jetson_ws/build/central', 'catkin_cmake_args': None, 'catkin_skip_building_tests': False, 'cmake_args': None, 'cmake_clean_cache': False, 'cmake_clean_first': False, 'cmake_force_configure': False, 'cmake_target': None, 'cmake_target_skip_unavailable': False, 'install_base': '/home/jetson/PycharmProjects/boat_litter_collection/jetson_ws/install/central', 'merge_install': False, 'path': '/home/jetson/PycharmProjects/boat_litter_collection/jetson_ws/src/central', 'symlink_install': True, 'test_result_base': None}
[15.571s] Level 5:colcon.colcon_core.verb:set package 'custom_msgs' build argument 'cmake_args' from command line to 'None'
[15.572s] Level 5:colcon.colcon_core.verb:set package 'custom_msgs' build argument 'cmake_target' from command line to 'None'
[15.572s] Level 5:colcon.colcon_core.verb:set package 'custom_msgs' build argument 'cmake_target_skip_unavailable' from command line to 'False'
[15.572s] Level 5:colcon.colcon_core.verb:set package 'custom_msgs' build argument 'cmake_clean_cache' from command line to 'False'
[15.572s] Level 5:colcon.colcon_core.verb:set package 'custom_msgs' build argument 'cmake_clean_first' from command line to 'False'
[15.572s] Level 5:colcon.colcon_core.verb:set package 'custom_msgs' build argument 'cmake_force_configure' from command line to 'False'
[15.573s] Level 5:colcon.colcon_core.verb:set package 'custom_msgs' build argument 'ament_cmake_args' from command line to 'None'
[15.573s] Level 5:colcon.colcon_core.verb:set package 'custom_msgs' build argument 'catkin_cmake_args' from command line to 'None'
[15.573s] Level 5:colcon.colcon_core.verb:set package 'custom_msgs' build argument 'catkin_skip_building_tests' from command line to 'False'
[15.573s] DEBUG:colcon.colcon_core.verb:Building package 'custom_msgs' with the following arguments: {'ament_cmake_args': None, 'build_base': '/home/jetson/PycharmProjects/boat_litter_collection/jetson_ws/build/custom_msgs', 'catkin_cmake_args': None, 'catkin_skip_building_tests': False, 'cmake_args': None, 'cmake_clean_cache': False, 'cmake_clean_first': False, 'cmake_force_configure': False, 'cmake_target': None, 'cmake_target_skip_unavailable': False, 'install_base': '/home/jetson/PycharmProjects/boat_litter_collection/jetson_ws/install/custom_msgs', 'merge_install': False, 'path': '/home/jetson/PycharmProjects/boat_litter_collection/jetson_ws/src/custom_msgs', 'symlink_install': True, 'test_result_base': None}
[15.785s] Level 5:colcon.colcon_core.verb:set package 'vision' build argument 'cmake_args' from command line to 'None'
[15.785s] Level 5:colcon.colcon_core.verb:set package 'vision' build argument 'cmake_target' from command line to 'None'
[15.786s] Level 5:colcon.colcon_core.verb:set package 'vision' build argument 'cmake_target_skip_unavailable' from command line to 'False'
[15.786s] Level 5:colcon.colcon_core.verb:set package 'vision' build argument 'cmake_clean_cache' from command line to 'False'
[15.786s] Level 5:colcon.colcon_core.verb:set package 'vision' build argument 'cmake_clean_first' from command line to 'False'
[15.786s] Level 5:colcon.colcon_core.verb:set package 'vision' build argument 'cmake_force_configure' from command line to 'False'
[15.786s] Level 5:colcon.colcon_core.verb:set package 'vision' build argument 'ament_cmake_args' from command line to 'None'
[15.786s] Level 5:colcon.colcon_core.verb:set package 'vision' build argument 'catkin_cmake_args' from command line to 'None'
[15.786s] Level 5:colcon.colcon_core.verb:set package 'vision' build argument 'catkin_skip_building_tests' from command line to 'False'
[15.786s] DEBUG:colcon.colcon_core.verb:Building package 'vision' with the following arguments: {'ament_cmake_args': None, 'build_base': '/home/jetson/PycharmProjects/boat_litter_collection/jetson_ws/build/vision', 'catkin_cmake_args': None, 'catkin_skip_building_tests': False, 'cmake_args': None, 'cmake_clean_cache': False, 'cmake_clean_first': False, 'cmake_force_configure': False, 'cmake_target': None, 'cmake_target_skip_unavailable': False, 'install_base': '/home/jetson/PycharmProjects/boat_litter_collection/jetson_ws/install/vision', 'merge_install': False, 'path': '/home/jetson/PycharmProjects/boat_litter_collection/jetson_ws/src/vision', 'symlink_install': True, 'test_result_base': None}
[15.992s] INFO:colcon.colcon_core.executor:Executing jobs using 'parallel' executor
[16.203s] DEBUG:colcon.colcon_parallel_executor.executor.parallel:run_until_complete
[16.204s] INFO:colcon.colcon_ros.task.ament_python.build:Building ROS package in '/home/jetson/PycharmProjects/boat_litter_collection/jetson_ws/src/central' with build type 'ament_python'
[16.204s] Level 1:colcon.colcon_core.shell:create_environment_hook('central', 'ament_prefix_path')
[16.449s] INFO:colcon.colcon_core.plugin_system:Skipping extension 'colcon_core.shell.bat': Not used on non-Windows systems
[16.450s] INFO:colcon.colcon_core.shell:Creating environment hook '/home/jetson/PycharmProjects/boat_litter_collection/jetson_ws/install/central/share/central/hook/ament_prefix_path.ps1'
[16.456s] INFO:colcon.colcon_core.shell:Creating environment descriptor '/home/jetson/PycharmProjects/boat_litter_collection/jetson_ws/install/central/share/central/hook/ament_prefix_path.dsv'
[16.459s] INFO:colcon.colcon_core.shell:Creating environment hook '/home/jetson/PycharmProjects/boat_litter_collection/jetson_ws/install/central/share/central/hook/ament_prefix_path.sh'
[16.680s] INFO:colcon.colcon_core.shell:Skip shell extension 'powershell' for command environment: Not usable outside of PowerShell
[16.681s] DEBUG:colcon.colcon_core.shell:Skip shell extension 'dsv' for command environment
[17.136s] INFO:colcon.colcon_ros.task.ament_cmake.build:Building ROS package in '/home/jetson/PycharmProjects/boat_litter_collection/jetson_ws/src/custom_msgs' with build type 'ament_cmake'
[17.137s] INFO:colcon.colcon_cmake.task.cmake.build:Building CMake package in '/home/jetson/PycharmProjects/boat_litter_collection/jetson_ws/src/custom_msgs'
[17.367s] INFO:colcon.colcon_core.shell:Skip shell extension 'powershell' for command environment: Not usable outside of PowerShell
[17.368s] DEBUG:colcon.colcon_core.shell:Skip shell extension 'dsv' for command environment
[17.825s] INFO:colcon.colcon_ros.task.ament_python.build:Building ROS package in '/home/jetson/PycharmProjects/boat_litter_collection/jetson_ws/src/vision' with build type 'ament_python'
[17.826s] Level 1:colcon.colcon_core.shell:create_environment_hook('vision', 'ament_prefix_path')
[18.056s] INFO:colcon.colcon_core.shell:Creating environment hook '/home/jetson/PycharmProjects/boat_litter_collection/jetson_ws/install/vision/share/vision/hook/ament_prefix_path.ps1'
[18.062s] INFO:colcon.colcon_core.shell:Creating environment descriptor '/home/jetson/PycharmProjects/boat_litter_collection/jetson_ws/install/vision/share/vision/hook/ament_prefix_path.dsv'
[18.064s] INFO:colcon.colcon_core.shell:Creating environment hook '/home/jetson/PycharmProjects/boat_litter_collection/jetson_ws/install/vision/share/vision/hook/ament_prefix_path.sh'
[18.288s] INFO:colcon.colcon_core.shell:Skip shell extension 'powershell' for command environment: Not usable outside of PowerShell
[18.289s] DEBUG:colcon.colcon_core.shell:Skip shell extension 'dsv' for command environment
[20.048s] INFO:colcon.colcon_core.task.python.build:Building Python package in '/home/jetson/PycharmProjects/boat_litter_collection/jetson_ws/src/central'
[20.269s] INFO:colcon.colcon_core.shell:Skip shell extension 'powershell' for command environment: Not usable outside of PowerShell
[20.269s] DEBUG:colcon.colcon_core.shell:Skip shell extension 'dsv' for command environment
[20.742s] DEBUG:colcon.colcon_core.event_handler.log_command:Invoking command in '/home/jetson/PycharmProjects/boat_litter_collection/jetson_ws/build/custom_msgs': CMAKE_PREFIX_PATH=/opt/ros/foxy /usr/bin/cmake --build /home/jetson/PycharmProjects/boat_litter_collection/jetson_ws/build/custom_msgs -- -j4 -l4
[22.178s] INFO:colcon.colcon_core.task.python.build:Building Python package in '/home/jetson/PycharmProjects/boat_litter_collection/jetson_ws/src/vision'
[22.425s] INFO:colcon.colcon_core.shell:Skip shell extension 'powershell' for command environment: Not usable outside of PowerShell
[22.426s] DEBUG:colcon.colcon_core.shell:Skip shell extension 'dsv' for command environment
[25.325s] DEBUG:colcon.colcon_core.event_handler.log_command:Invoking command in '/home/jetson/PycharmProjects/boat_litter_collection/jetson_ws/build/vision': PYTHONPATH=/home/jetson/PycharmProjects/boat_litter_collection/jetson_ws/build/vision/prefix_override:/home/jetson/PycharmProjects/boat_litter_collection/jetson_ws/install/vision/lib/python3.8/site-packages:${PYTHONPATH} /usr/bin/python3 setup.py develop --editable --build-directory /home/jetson/PycharmProjects/boat_litter_collection/jetson_ws/build/vision/build --no-deps install_data
[25.343s] DEBUG:colcon.colcon_core.event_handler.log_command:Invoking command in '/home/jetson/PycharmProjects/boat_litter_collection/jetson_ws/build/central': PYTHONPATH=/home/jetson/PycharmProjects/boat_litter_collection/jetson_ws/build/central/prefix_override:/home/jetson/PycharmProjects/boat_litter_collection/jetson_ws/install/central/lib/python3.8/site-packages:${PYTHONPATH} /usr/bin/python3 setup.py develop --editable --build-directory /home/jetson/PycharmProjects/boat_litter_collection/jetson_ws/build/central/build --no-deps install_data
[28.230s] Level 1:colcon.colcon_core.shell:create_environment_hook('central', 'pythonpath_develop')
[28.231s] DEBUG:colcon.colcon_core.event_handler.log_command:Invoked command in '/home/jetson/PycharmProjects/boat_litter_collection/jetson_ws/build/central' returned '0': PYTHONPATH=/home/jetson/PycharmProjects/boat_litter_collection/jetson_ws/build/central/prefix_override:/home/jetson/PycharmProjects/boat_litter_collection/jetson_ws/install/central/lib/python3.8/site-packages:${PYTHONPATH} /usr/bin/python3 setup.py develop --editable --build-directory /home/jetson/PycharmProjects/boat_litter_collection/jetson_ws/build/central/build --no-deps install_data
[28.514s] INFO:colcon.colcon_core.shell:Creating environment hook '/home/jetson/PycharmProjects/boat_litter_collection/jetson_ws/build/central/share/central/hook/pythonpath_develop.ps1'
[28.519s] INFO:colcon.colcon_core.shell:Creating environment descriptor '/home/jetson/PycharmProjects/boat_litter_collection/jetson_ws/build/central/share/central/hook/pythonpath_develop.dsv'
[28.521s] INFO:colcon.colcon_core.shell:Creating environment hook '/home/jetson/PycharmProjects/boat_litter_collection/jetson_ws/build/central/share/central/hook/pythonpath_develop.sh'
[28.842s] Level 1:colcon.colcon_core.environment:checking '/home/jetson/PycharmProjects/boat_litter_collection/jetson_ws/install/central' for CMake module files
[28.844s] Level 1:colcon.colcon_core.environment:checking '/home/jetson/PycharmProjects/boat_litter_collection/jetson_ws/install/central' for CMake config files
[28.850s] Level 1:colcon.colcon_core.environment:checking '/home/jetson/PycharmProjects/boat_litter_collection/jetson_ws/install/central/lib'
[28.854s] Level 1:colcon.colcon_core.environment:checking '/home/jetson/PycharmProjects/boat_litter_collection/jetson_ws/install/central/bin'
[28.855s] Level 1:colcon.colcon_core.environment:checking '/home/jetson/PycharmProjects/boat_litter_collection/jetson_ws/install/central/lib/pkgconfig/central.pc'
[28.856s] Level 1:colcon.colcon_core.environment:checking '/home/jetson/PycharmProjects/boat_litter_collection/jetson_ws/install/central/lib/python3.8/site-packages'
[28.856s] Level 1:colcon.colcon_core.shell:create_environment_hook('central', 'pythonpath')
[29.169s] INFO:colcon.colcon_core.shell:Creating environment hook '/home/jetson/PycharmProjects/boat_litter_collection/jetson_ws/install/central/share/central/hook/pythonpath.ps1'
[29.171s] INFO:colcon.colcon_core.shell:Creating environment descriptor '/home/jetson/PycharmProjects/boat_litter_collection/jetson_ws/install/central/share/central/hook/pythonpath.dsv'
[29.173s] INFO:colcon.colcon_core.shell:Creating environment hook '/home/jetson/PycharmProjects/boat_litter_collection/jetson_ws/install/central/share/central/hook/pythonpath.sh'
[29.176s] Level 1:colcon.colcon_core.environment:checking '/home/jetson/PycharmProjects/boat_litter_collection/jetson_ws/install/central/bin'
[29.176s] Level 1:colcon.colcon_core.environment:create_environment_scripts_only(central)
[29.507s] INFO:colcon.colcon_core.shell:Creating package script '/home/jetson/PycharmProjects/boat_litter_collection/jetson_ws/install/central/share/central/package.ps1'
[29.548s] INFO:colcon.colcon_core.shell:Creating package descriptor '/home/jetson/PycharmProjects/boat_litter_collection/jetson_ws/install/central/share/central/package.dsv'
[29.585s] INFO:colcon.colcon_core.shell:Creating package script '/home/jetson/PycharmProjects/boat_litter_collection/jetson_ws/install/central/share/central/package.sh'
[29.590s] INFO:colcon.colcon_core.shell:Creating package script '/home/jetson/PycharmProjects/boat_litter_collection/jetson_ws/install/central/share/central/package.bash'
[29.611s] INFO:colcon.colcon_core.shell:Creating package script '/home/jetson/PycharmProjects/boat_litter_collection/jetson_ws/install/central/share/central/package.zsh'
[29.657s] Level 1:colcon.colcon_core.environment:create_file_with_runtime_dependencies(/home/jetson/PycharmProjects/boat_litter_collection/jetson_ws/install/central/share/colcon-core/packages/central)
[29.659s] Level 1:colcon.colcon_core.shell:create_environment_hook('vision', 'pythonpath_develop')
[29.663s] DEBUG:colcon.colcon_core.event_handler.log_command:Invoked command in '/home/jetson/PycharmProjects/boat_litter_collection/jetson_ws/build/vision' returned '0': PYTHONPATH=/home/jetson/PycharmProjects/boat_litter_collection/jetson_ws/build/vision/prefix_override:/home/jetson/PycharmProjects/boat_litter_collection/jetson_ws/install/vision/lib/python3.8/site-packages:${PYTHONPATH} /usr/bin/python3 setup.py develop --editable --build-directory /home/jetson/PycharmProjects/boat_litter_collection/jetson_ws/build/vision/build --no-deps install_data
[30.116s] INFO:colcon.colcon_core.shell:Creating environment hook '/home/jetson/PycharmProjects/boat_litter_collection/jetson_ws/build/vision/share/vision/hook/pythonpath_develop.ps1'
[30.124s] INFO:colcon.colcon_core.shell:Creating environment descriptor '/home/jetson/PycharmProjects/boat_litter_collection/jetson_ws/build/vision/share/vision/hook/pythonpath_develop.dsv'
[30.126s] INFO:colcon.colcon_core.shell:Creating environment hook '/home/jetson/PycharmProjects/boat_litter_collection/jetson_ws/build/vision/share/vision/hook/pythonpath_develop.sh'
[30.431s] Level 1:colcon.colcon_core.environment:checking '/home/jetson/PycharmProjects/boat_litter_collection/jetson_ws/install/vision' for CMake module files
[30.434s] Level 1:colcon.colcon_core.environment:checking '/home/jetson/PycharmProjects/boat_litter_collection/jetson_ws/install/vision' for CMake config files
[30.441s] Level 1:colcon.colcon_core.environment:checking '/home/jetson/PycharmProjects/boat_litter_collection/jetson_ws/install/vision/lib'
[30.442s] Level 1:colcon.colcon_core.environment:checking '/home/jetson/PycharmProjects/boat_litter_collection/jetson_ws/install/vision/bin'
[30.442s] Level 1:colcon.colcon_core.environment:checking '/home/jetson/PycharmProjects/boat_litter_collection/jetson_ws/install/vision/lib/pkgconfig/vision.pc'
[30.446s] Level 1:colcon.colcon_core.environment:checking '/home/jetson/PycharmProjects/boat_litter_collection/jetson_ws/install/vision/lib/python3.8/site-packages'
[30.446s] Level 1:colcon.colcon_core.shell:create_environment_hook('vision', 'pythonpath')
[30.802s] INFO:colcon.colcon_core.shell:Creating environment hook '/home/jetson/PycharmProjects/boat_litter_collection/jetson_ws/install/vision/share/vision/hook/pythonpath.ps1'
[30.806s] INFO:colcon.colcon_core.shell:Creating environment descriptor '/home/jetson/PycharmProjects/boat_litter_collection/jetson_ws/install/vision/share/vision/hook/pythonpath.dsv'
[30.808s] INFO:colcon.colcon_core.shell:Creating environment hook '/home/jetson/PycharmProjects/boat_litter_collection/jetson_ws/install/vision/share/vision/hook/pythonpath.sh'
[30.810s] Level 1:colcon.colcon_core.environment:checking '/home/jetson/PycharmProjects/boat_litter_collection/jetson_ws/install/vision/bin'
[30.810s] Level 1:colcon.colcon_core.environment:create_environment_scripts_only(vision)
[31.147s] INFO:colcon.colcon_core.shell:Creating package script '/home/jetson/PycharmProjects/boat_litter_collection/jetson_ws/install/vision/share/vision/package.ps1'
[31.150s] INFO:colcon.colcon_core.shell:Creating package descriptor '/home/jetson/PycharmProjects/boat_litter_collection/jetson_ws/install/vision/share/vision/package.dsv'
[31.153s] INFO:colcon.colcon_core.shell:Creating package script '/home/jetson/PycharmProjects/boat_litter_collection/jetson_ws/install/vision/share/vision/package.sh'
[31.155s] INFO:colcon.colcon_core.shell:Creating package script '/home/jetson/PycharmProjects/boat_litter_collection/jetson_ws/install/vision/share/vision/package.bash'
[31.157s] INFO:colcon.colcon_core.shell:Creating package script '/home/jetson/PycharmProjects/boat_litter_collection/jetson_ws/install/vision/share/vision/package.zsh'
[31.159s] Level 1:colcon.colcon_core.environment:create_file_with_runtime_dependencies(/home/jetson/PycharmProjects/boat_litter_collection/jetson_ws/install/vision/share/colcon-core/packages/vision)
[42.680s] DEBUG:colcon.colcon_core.event_handler.log_command:Invoked command in '/home/jetson/PycharmProjects/boat_litter_collection/jetson_ws/build/custom_msgs' returned '0': CMAKE_PREFIX_PATH=/opt/ros/foxy /usr/bin/cmake --build /home/jetson/PycharmProjects/boat_litter_collection/jetson_ws/build/custom_msgs -- -j4 -l4
[42.963s] DEBUG:colcon.colcon_core.event_handler.log_command:Invoking command in '/home/jetson/PycharmProjects/boat_litter_collection/jetson_ws/build/custom_msgs': CMAKE_PREFIX_PATH=/opt/ros/foxy /usr/bin/cmake --install /home/jetson/PycharmProjects/boat_litter_collection/jetson_ws/build/custom_msgs
[44.455s] Level 1:colcon.colcon_core.environment:create_environment_scripts_only(custom_msgs)
[44.458s] DEBUG:colcon.colcon_core.event_handler.log_command:Invoked command in '/home/jetson/PycharmProjects/boat_litter_collection/jetson_ws/build/custom_msgs' returned '0': CMAKE_PREFIX_PATH=/opt/ros/foxy /usr/bin/cmake --install /home/jetson/PycharmProjects/boat_litter_collection/jetson_ws/build/custom_msgs
[44.762s] Level 1:colcon.colcon_core.environment:checking '/home/jetson/PycharmProjects/boat_litter_collection/jetson_ws/install/custom_msgs' for CMake module files
[44.766s] Level 1:colcon.colcon_core.environment:checking '/home/jetson/PycharmProjects/boat_litter_collection/jetson_ws/install/custom_msgs' for CMake config files
[44.774s] Level 1:colcon.colcon_core.shell:create_environment_hook('custom_msgs', 'cmake_prefix_path')
[44.992s] INFO:colcon.colcon_core.shell:Creating environment hook '/home/jetson/PycharmProjects/boat_litter_collection/jetson_ws/install/custom_msgs/share/custom_msgs/hook/cmake_prefix_path.ps1'
[44.994s] INFO:colcon.colcon_core.shell:Creating environment descriptor '/home/jetson/PycharmProjects/boat_litter_collection/jetson_ws/install/custom_msgs/share/custom_msgs/hook/cmake_prefix_path.dsv'
[44.995s] INFO:colcon.colcon_core.shell:Creating environment hook '/home/jetson/PycharmProjects/boat_litter_collection/jetson_ws/install/custom_msgs/share/custom_msgs/hook/cmake_prefix_path.sh'
[44.997s] Level 1:colcon.colcon_core.environment:checking '/home/jetson/PycharmProjects/boat_litter_collection/jetson_ws/install/custom_msgs/lib'
[44.997s] Level 1:colcon.colcon_core.shell:create_environment_hook('custom_msgs', 'ld_library_path_lib')
[45.214s] INFO:colcon.colcon_core.shell:Creating environment hook '/home/jetson/PycharmProjects/boat_litter_collection/jetson_ws/install/custom_msgs/share/custom_msgs/hook/ld_library_path_lib.ps1'
[45.217s] INFO:colcon.colcon_core.shell:Creating environment descriptor '/home/jetson/PycharmProjects/boat_litter_collection/jetson_ws/install/custom_msgs/share/custom_msgs/hook/ld_library_path_lib.dsv'
[45.218s] INFO:colcon.colcon_core.shell:Creating environment hook '/home/jetson/PycharmProjects/boat_litter_collection/jetson_ws/install/custom_msgs/share/custom_msgs/hook/ld_library_path_lib.sh'
[45.220s] Level 1:colcon.colcon_core.environment:checking '/home/jetson/PycharmProjects/boat_litter_collection/jetson_ws/install/custom_msgs/bin'
[45.220s] Level 1:colcon.colcon_core.environment:checking '/home/jetson/PycharmProjects/boat_litter_collection/jetson_ws/install/custom_msgs/lib/pkgconfig/custom_msgs.pc'
[45.221s] Level 1:colcon.colcon_core.environment:checking '/home/jetson/PycharmProjects/boat_litter_collection/jetson_ws/install/custom_msgs/lib/python3.8/site-packages'
[45.221s] Level 1:colcon.colcon_core.shell:create_environment_hook('custom_msgs', 'pythonpath')
[45.441s] INFO:colcon.colcon_core.shell:Creating environment hook '/home/jetson/PycharmProjects/boat_litter_collection/jetson_ws/install/custom_msgs/share/custom_msgs/hook/pythonpath.ps1'
[45.443s] INFO:colcon.colcon_core.shell:Creating environment descriptor '/home/jetson/PycharmProjects/boat_litter_collection/jetson_ws/install/custom_msgs/share/custom_msgs/hook/pythonpath.dsv'
[45.444s] INFO:colcon.colcon_core.shell:Creating environment hook '/home/jetson/PycharmProjects/boat_litter_collection/jetson_ws/install/custom_msgs/share/custom_msgs/hook/pythonpath.sh'
[45.446s] Level 1:colcon.colcon_core.environment:checking '/home/jetson/PycharmProjects/boat_litter_collection/jetson_ws/install/custom_msgs/bin'
[45.666s] INFO:colcon.colcon_core.shell:Creating package script '/home/jetson/PycharmProjects/boat_litter_collection/jetson_ws/install/custom_msgs/share/custom_msgs/package.ps1'
[45.669s] INFO:colcon.colcon_core.shell:Creating package descriptor '/home/jetson/PycharmProjects/boat_litter_collection/jetson_ws/install/custom_msgs/share/custom_msgs/package.dsv'
[45.671s] INFO:colcon.colcon_core.shell:Creating package script '/home/jetson/PycharmProjects/boat_litter_collection/jetson_ws/install/custom_msgs/share/custom_msgs/package.sh'
[45.673s] INFO:colcon.colcon_core.shell:Creating package script '/home/jetson/PycharmProjects/boat_litter_collection/jetson_ws/install/custom_msgs/share/custom_msgs/package.bash'
[45.674s] INFO:colcon.colcon_core.shell:Creating package script '/home/jetson/PycharmProjects/boat_litter_collection/jetson_ws/install/custom_msgs/share/custom_msgs/package.zsh'
[45.675s] Level 1:colcon.colcon_core.environment:create_file_with_runtime_dependencies(/home/jetson/PycharmProjects/boat_litter_collection/jetson_ws/install/custom_msgs/share/colcon-core/packages/custom_msgs)
[46.130s] Level 1:colcon.colcon_core.environment:create_environment_scripts_only(custom_msgs)
[46.349s] Level 1:colcon.colcon_core.environment:checking '/home/jetson/PycharmProjects/boat_litter_collection/jetson_ws/install/custom_msgs' for CMake module files
[46.353s] Level 1:colcon.colcon_core.environment:checking '/home/jetson/PycharmProjects/boat_litter_collection/jetson_ws/install/custom_msgs' for CMake config files
[46.357s] Level 1:colcon.colcon_core.shell:create_environment_hook('custom_msgs', 'cmake_prefix_path')
[46.577s] INFO:colcon.colcon_core.shell:Creating environment hook '/home/jetson/PycharmProjects/boat_litter_collection/jetson_ws/install/custom_msgs/share/custom_msgs/hook/cmake_prefix_path.ps1'
[46.580s] INFO:colcon.colcon_core.shell:Creating environment descriptor '/home/jetson/PycharmProjects/boat_litter_collection/jetson_ws/install/custom_msgs/share/custom_msgs/hook/cmake_prefix_path.dsv'
[46.581s] INFO:colcon.colcon_core.shell:Creating environment hook '/home/jetson/PycharmProjects/boat_litter_collection/jetson_ws/install/custom_msgs/share/custom_msgs/hook/cmake_prefix_path.sh'
[46.584s] Level 1:colcon.colcon_core.environment:checking '/home/jetson/PycharmProjects/boat_litter_collection/jetson_ws/install/custom_msgs/lib'
[46.585s] Level 1:colcon.colcon_core.shell:create_environment_hook('custom_msgs', 'ld_library_path_lib')
[46.809s] INFO:colcon.colcon_core.shell:Creating environment hook '/home/jetson/PycharmProjects/boat_litter_collection/jetson_ws/install/custom_msgs/share/custom_msgs/hook/ld_library_path_lib.ps1'
[46.812s] INFO:colcon.colcon_core.shell:Creating environment descriptor '/home/jetson/PycharmProjects/boat_litter_collection/jetson_ws/install/custom_msgs/share/custom_msgs/hook/ld_library_path_lib.dsv'
[46.813s] INFO:colcon.colcon_core.shell:Creating environment hook '/home/jetson/PycharmProjects/boat_litter_collection/jetson_ws/install/custom_msgs/share/custom_msgs/hook/ld_library_path_lib.sh'
[46.814s] Level 1:colcon.colcon_core.environment:checking '/home/jetson/PycharmProjects/boat_litter_collection/jetson_ws/install/custom_msgs/bin'
[46.815s] Level 1:colcon.colcon_core.environment:checking '/home/jetson/PycharmProjects/boat_litter_collection/jetson_ws/install/custom_msgs/lib/pkgconfig/custom_msgs.pc'
[46.816s] Level 1:colcon.colcon_core.environment:checking '/home/jetson/PycharmProjects/boat_litter_collection/jetson_ws/install/custom_msgs/lib/python3.8/site-packages'
[46.816s] Level 1:colcon.colcon_core.shell:create_environment_hook('custom_msgs', 'pythonpath')
[47.040s] INFO:colcon.colcon_core.shell:Creating environment hook '/home/jetson/PycharmProjects/boat_litter_collection/jetson_ws/install/custom_msgs/share/custom_msgs/hook/pythonpath.ps1'
[47.042s] INFO:colcon.colcon_core.shell:Creating environment descriptor '/home/jetson/PycharmProjects/boat_litter_collection/jetson_ws/install/custom_msgs/share/custom_msgs/hook/pythonpath.dsv'
[47.043s] INFO:colcon.colcon_core.shell:Creating environment hook '/home/jetson/PycharmProjects/boat_litter_collection/jetson_ws/install/custom_msgs/share/custom_msgs/hook/pythonpath.sh'
[47.045s] Level 1:colcon.colcon_core.environment:checking '/home/jetson/PycharmProjects/boat_litter_collection/jetson_ws/install/custom_msgs/bin'
[47.268s] INFO:colcon.colcon_core.shell:Creating package script '/home/jetson/PycharmProjects/boat_litter_collection/jetson_ws/install/custom_msgs/share/custom_msgs/package.ps1'
[47.271s] INFO:colcon.colcon_core.shell:Creating package descriptor '/home/jetson/PycharmProjects/boat_litter_collection/jetson_ws/install/custom_msgs/share/custom_msgs/package.dsv'
[47.273s] INFO:colcon.colcon_core.shell:Creating package script '/home/jetson/PycharmProjects/boat_litter_collection/jetson_ws/install/custom_msgs/share/custom_msgs/package.sh'
[47.276s] INFO:colcon.colcon_core.shell:Creating package script '/home/jetson/PycharmProjects/boat_litter_collection/jetson_ws/install/custom_msgs/share/custom_msgs/package.bash'
[47.278s] INFO:colcon.colcon_core.shell:Creating package script '/home/jetson/PycharmProjects/boat_litter_collection/jetson_ws/install/custom_msgs/share/custom_msgs/package.zsh'
[47.279s] Level 1:colcon.colcon_core.environment:create_file_with_runtime_dependencies(/home/jetson/PycharmProjects/boat_litter_collection/jetson_ws/install/custom_msgs/share/colcon-core/packages/custom_msgs)
[47.280s] DEBUG:colcon.colcon_parallel_executor.executor.parallel:closing loop
[47.282s] DEBUG:colcon.colcon_parallel_executor.executor.parallel:loop closed
[47.282s] DEBUG:colcon.colcon_parallel_executor.executor.parallel:run_until_complete finished with '0'
[47.283s] DEBUG:colcon.colcon_core.event_reactor:joining thread
[47.547s] INFO:colcon.colcon_core.plugin_system:Skipping extension 'colcon_notification.desktop_notification.terminal_notifier': Not used on non-Darwin systems
[47.548s] INFO:colcon.colcon_core.plugin_system:Skipping extension 'colcon_notification.desktop_notification.win32': Not used on non-Windows systems
[47.548s] INFO:colcon.colcon_notification.desktop_notification:Sending desktop notification using 'notify2'
[47.829s] DEBUG:colcon.colcon_core.event_reactor:joined thread
[48.081s] INFO:colcon.colcon_core.shell:Creating prefix script '/home/jetson/PycharmProjects/boat_litter_collection/jetson_ws/install/local_setup.ps1'
[48.092s] INFO:colcon.colcon_core.shell:Creating prefix util module '/home/jetson/PycharmProjects/boat_litter_collection/jetson_ws/install/_local_setup_util_ps1.py'
[48.100s] INFO:colcon.colcon_core.shell:Creating prefix chain script '/home/jetson/PycharmProjects/boat_litter_collection/jetson_ws/install/setup.ps1'
[48.320s] INFO:colcon.colcon_core.shell:Creating prefix script '/home/jetson/PycharmProjects/boat_litter_collection/jetson_ws/install/local_setup.sh'
[48.323s] INFO:colcon.colcon_core.shell:Creating prefix util module '/home/jetson/PycharmProjects/boat_litter_collection/jetson_ws/install/_local_setup_util_sh.py'
[48.324s] INFO:colcon.colcon_core.shell:Creating prefix chain script '/home/jetson/PycharmProjects/boat_litter_collection/jetson_ws/install/setup.sh'
[48.549s] INFO:colcon.colcon_core.shell:Creating prefix script '/home/jetson/PycharmProjects/boat_litter_collection/jetson_ws/install/local_setup.bash'
[48.551s] INFO:colcon.colcon_core.shell:Creating prefix chain script '/home/jetson/PycharmProjects/boat_litter_collection/jetson_ws/install/setup.bash'
[48.766s] INFO:colcon.colcon_core.shell:Creating prefix script '/home/jetson/PycharmProjects/boat_litter_collection/jetson_ws/install/local_setup.zsh'
[48.770s] INFO:colcon.colcon_core.shell:Creating prefix chain script '/home/jetson/PycharmProjects/boat_litter_collection/jetson_ws/install/setup.zsh'
