[8.363s] Invoking command in '/home/kaloyan/PycharmProjects/boat_litter_collection/raspberry_ws/build/central': PYTHONPATH=/home/kaloyan/PycharmProjects/boat_litter_collection/raspberry_ws/build/central/prefix_override:/home/kaloyan/PycharmProjects/boat_litter_collection/raspberry_ws/install/central/lib/python3.10/site-packages:${PYTHONPATH} /usr/bin/python3 setup.py develop --editable --build-directory /home/kaloyan/PycharmProjects/boat_litter_collection/raspberry_ws/build/central/build --no-deps install_data
[10.855s] /usr/lib/python3/dist-packages/setuptools/dist.py:723: UserWarning: Usage of dash-separated 'script-dir' will not be supported in future versions. Please use the underscore name 'script_dir' instead
[10.855s]   warnings.warn(
[11.053s] running develop
[11.055s] /usr/lib/python3/dist-packages/setuptools/command/easy_install.py:158: EasyInstallDeprecationWarning: easy_install command is deprecated. Use build and pip and other standards-based tools.
[11.056s]   warnings.warn(
[11.064s] /usr/lib/python3/dist-packages/setuptools/command/install.py:34: SetuptoolsDeprecationWarning: setup.py install is deprecated. Use build and pip and other standards-based tools.
[11.065s]   warnings.warn(
[13.419s] running egg_info
[13.421s] writing central.egg-info/PKG-INFO
[13.423s] writing dependency_links to central.egg-info/dependency_links.txt
[13.425s] writing entry points to central.egg-info/entry_points.txt
[13.427s] writing requirements to central.egg-info/requires.txt
[13.428s] writing top-level names to central.egg-info/top_level.txt
[13.442s] reading manifest file 'central.egg-info/SOURCES.txt'
[13.446s] writing manifest file 'central.egg-info/SOURCES.txt'
[13.455s] running build_ext
[13.457s] Creating /home/kaloyan/PycharmProjects/boat_litter_collection/raspberry_ws/install/central/lib/python3.10/site-packages/central.egg-link (link to .)
[13.463s] Installing central script to /home/kaloyan/PycharmProjects/boat_litter_collection/raspberry_ws/install/central/lib/central
[13.466s] 
[13.467s] Installed /home/kaloyan/PycharmProjects/boat_litter_collection/raspberry_ws/build/central
[13.469s] running install_data
[13.726s] Invoked command in '/home/kaloyan/PycharmProjects/boat_litter_collection/raspberry_ws/build/central' returned '0': PYTHONPATH=/home/kaloyan/PycharmProjects/boat_litter_collection/raspberry_ws/build/central/prefix_override:/home/kaloyan/PycharmProjects/boat_litter_collection/raspberry_ws/install/central/lib/python3.10/site-packages:${PYTHONPATH} /usr/bin/python3 setup.py develop --editable --build-directory /home/kaloyan/PycharmProjects/boat_litter_collection/raspberry_ws/build/central/build --no-deps install_data
