[5.405s] Invoking command in '/home/jetson/PycharmProjects/boat_litter_collection/raspberry_ws/build/custom_msgs': CMAKE_PREFIX_PATH=${CMAKE_PREFIX_PATH}:/home/jetson/PycharmProjects/boat_litter_collection/raspberry_ws/install/control:/home/jetson/PycharmProjects/boat_litter_collection/raspberry_ws/install/central:/opt/ros/foxy /usr/bin/cmake /home/jetson/PycharmProjects/boat_litter_collection/raspberry_ws/src/custom_msgs -DAMENT_CMAKE_SYMLINK_INSTALL=1 -DCMAKE_INSTALL_PREFIX=/home/jetson/PycharmProjects/boat_litter_collection/raspberry_ws/install/custom_msgs
[5.648s] -- The C compiler identification is GNU 8.4.0
[5.858s] -- The CXX compiler identification is GNU 8.4.0
[5.879s] -- Check for working C compiler: /usr/bin/cc
[6.147s] -- Check for working C compiler: /usr/bin/cc -- works
[6.151s] -- Detecting C compiler ABI info
[6.418s] -- Detecting C compiler ABI info - done
[6.467s] -- Detecting C compile features
[6.468s] -- Detecting C compile features - done
[6.480s] -- Check for working CXX compiler: /usr/bin/c++
[6.794s] -- Check for working CXX compiler: /usr/bin/c++ -- works
[6.798s] -- Detecting CXX compiler ABI info
[7.111s] -- Detecting CXX compiler ABI info - done
[7.166s] -- Detecting CXX compile features
[7.169s] -- Detecting CXX compile features - done
[7.183s] -- Found ament_cmake: 0.9.12 (/opt/ros/foxy/share/ament_cmake/cmake)
[7.311s] -- Found PythonInterp: /usr/bin/python3 (found suitable version "3.8.10", minimum required is "3") 
[7.312s] -- Using PYTHON_EXECUTABLE: /usr/bin/python3
[8.421s] -- Override CMake install command with custom implementation using symlinks instead of copying resources
[8.559s] -- Found ament_lint_auto: 0.9.8 (/opt/ros/foxy/share/ament_lint_auto/cmake)
[8.937s] -- Found geometry_msgs: 2.0.5 (/opt/ros/foxy/share/geometry_msgs/cmake)
[9.113s] -- Using all available rosidl_typesupport_c: rosidl_typesupport_fastrtps_c;rosidl_typesupport_introspection_c
[9.151s] -- Found rosidl_adapter: 1.3.1 (/opt/ros/foxy/share/rosidl_adapter/cmake)
[9.554s] -- Found OpenSSL: /usr/lib/aarch64-linux-gnu/libcrypto.so (found version "1.1.1f")  
[9.673s] -- Found FastRTPS: /opt/ros/foxy/include  
[10.067s] -- Using all available rosidl_typesupport_cpp: rosidl_typesupport_fastrtps_cpp;rosidl_typesupport_introspection_cpp
[10.521s] -- Found rosidl_default_generators: 1.0.1 (/opt/ros/foxy/share/rosidl_default_generators/cmake)
[10.672s] -- Found PythonInterp: /usr/bin/python3 (found version "3.8.10") 
[11.171s] -- Found ament_cmake_ros: 0.9.2 (/opt/ros/foxy/share/ament_cmake_ros/cmake)
[12.089s] -- Using all available rosidl_typesupport_c: rosidl_typesupport_fastrtps_c;rosidl_typesupport_introspection_c
[12.416s] -- Using all available rosidl_typesupport_cpp: rosidl_typesupport_fastrtps_cpp;rosidl_typesupport_introspection_cpp
[12.534s] -- Found PythonInterp: /usr/bin/python3 (found suitable version "3.8.10", minimum required is "3.5") 
[12.543s] -- Found python_cmake_module: 0.8.1 (/opt/ros/foxy/share/python_cmake_module/cmake)
[12.660s] -- Found PythonLibs: /usr/lib/aarch64-linux-gnu/libpython3.8.so (found suitable version "3.8.10", minimum required is "3.5") 
[12.661s] -- Using PYTHON_EXECUTABLE: /usr/bin/python3
[12.661s] -- Using PYTHON_INCLUDE_DIRS: /usr/include/python3.8
[12.662s] -- Using PYTHON_LIBRARIES: /usr/lib/aarch64-linux-gnu/libpython3.8.so
[12.757s] -- Found PythonExtra: .so  
[13.073s] -- Added test 'copyright' to check source files copyright and LICENSE
[13.085s] -- Added test 'lint_cmake' to check CMake code style
[13.091s] -- Added test 'xmllint' to check XML markup files
[13.132s] -- Configuring done
[13.325s] -- Generating done
[13.338s] -- Build files have been written to: /home/jetson/PycharmProjects/boat_litter_collection/raspberry_ws/build/custom_msgs
[13.377s] Invoked command in '/home/jetson/PycharmProjects/boat_litter_collection/raspberry_ws/build/custom_msgs' returned '0': CMAKE_PREFIX_PATH=${CMAKE_PREFIX_PATH}:/home/jetson/PycharmProjects/boat_litter_collection/raspberry_ws/install/control:/home/jetson/PycharmProjects/boat_litter_collection/raspberry_ws/install/central:/opt/ros/foxy /usr/bin/cmake /home/jetson/PycharmProjects/boat_litter_collection/raspberry_ws/src/custom_msgs -DAMENT_CMAKE_SYMLINK_INSTALL=1 -DCMAKE_INSTALL_PREFIX=/home/jetson/PycharmProjects/boat_litter_collection/raspberry_ws/install/custom_msgs
[13.388s] Invoking command in '/home/jetson/PycharmProjects/boat_litter_collection/raspberry_ws/build/custom_msgs': CMAKE_PREFIX_PATH=${CMAKE_PREFIX_PATH}:/home/jetson/PycharmProjects/boat_litter_collection/raspberry_ws/install/control:/home/jetson/PycharmProjects/boat_litter_collection/raspberry_ws/install/central:/opt/ros/foxy /usr/bin/cmake --build /home/jetson/PycharmProjects/boat_litter_collection/raspberry_ws/build/custom_msgs -- -j4 -l4
[13.543s] [35m[1mScanning dependencies of target custom_msgs__cpp[0m
[13.543s] [  2%] [34m[1mGenerating C code for ROS interfaces[0m
[13.586s] [  5%] [34m[1mGenerating C++ code for ROS interfaces[0m
[15.030s] [  5%] Built target custom_msgs__cpp
[15.081s] [  7%] [34m[1mGenerating C++ type support dispatch for ROS interfaces[0m
[15.098s] [ 10%] [34m[1mGenerating C++ type support for eProsima Fast-RTPS[0m
[15.125s] [35m[1mScanning dependencies of target custom_msgs__rosidl_generator_c[0m
[15.146s] [ 12%] [34m[1mGenerating C++ introspection for ROS interfaces[0m
[15.190s] [ 15%] [32mBuilding C object CMakeFiles/custom_msgs__rosidl_generator_c.dir/rosidl_generator_c/custom_msgs/msg/detail/detection__functions.c.o[0m
[15.423s] [ 17%] [32mBuilding C object CMakeFiles/custom_msgs__rosidl_generator_c.dir/rosidl_generator_c/custom_msgs/msg/detail/detections_array__functions.c.o[0m
[15.655s] [ 20%] [32m[1mLinking C shared library libcustom_msgs__rosidl_generator_c.so[0m
[15.816s] [ 20%] Built target custom_msgs__rosidl_generator_c
[15.861s] [ 23%] [34m[1mGenerating C type support dispatch for ROS interfaces[0m
[16.343s] [35m[1mScanning dependencies of target custom_msgs__rosidl_typesupport_cpp[0m
[16.407s] [ 25%] [32mBuilding CXX object CMakeFiles/custom_msgs__rosidl_typesupport_cpp.dir/rosidl_typesupport_cpp/custom_msgs/msg/detection__type_support.cpp.o[0m
[16.553s] [35m[1mScanning dependencies of target custom_msgs__rosidl_typesupport_introspection_cpp[0m
[16.613s] [ 28%] [32mBuilding CXX object CMakeFiles/custom_msgs__rosidl_typesupport_introspection_cpp.dir/rosidl_typesupport_introspection_cpp/custom_msgs/msg/detail/detection__type_support.cpp.o[0m
[16.643s] [35m[1mScanning dependencies of target custom_msgs__rosidl_typesupport_fastrtps_cpp[0m
[16.725s] [ 30%] [32mBuilding CXX object CMakeFiles/custom_msgs__rosidl_typesupport_fastrtps_cpp.dir/rosidl_typesupport_fastrtps_cpp/custom_msgs/msg/detail/dds_fastrtps/detection__type_support.cpp.o[0m
[17.195s] [35m[1mScanning dependencies of target custom_msgs__rosidl_typesupport_c[0m
[17.251s] [ 33%] [32mBuilding CXX object CMakeFiles/custom_msgs__rosidl_typesupport_c.dir/rosidl_typesupport_c/custom_msgs/msg/detection__type_support.cpp.o[0m
[17.404s] [ 35%] [32mBuilding CXX object CMakeFiles/custom_msgs__rosidl_typesupport_c.dir/rosidl_typesupport_c/custom_msgs/msg/detections_array__type_support.cpp.o[0m
[17.479s] [ 38%] [32mBuilding CXX object CMakeFiles/custom_msgs__rosidl_typesupport_cpp.dir/rosidl_typesupport_cpp/custom_msgs/msg/detections_array__type_support.cpp.o[0m
[17.546s] [ 41%] [32m[1mLinking CXX shared library libcustom_msgs__rosidl_typesupport_c.so[0m
[17.727s] [ 41%] Built target custom_msgs__rosidl_typesupport_c
[17.745s] [ 43%] [32mBuilding CXX object CMakeFiles/custom_msgs__rosidl_typesupport_introspection_cpp.dir/rosidl_typesupport_introspection_cpp/custom_msgs/msg/detail/detections_array__type_support.cpp.o[0m
[17.796s] [ 46%] [32mBuilding CXX object CMakeFiles/custom_msgs__rosidl_typesupport_fastrtps_cpp.dir/rosidl_typesupport_fastrtps_cpp/custom_msgs/msg/detail/dds_fastrtps/detections_array__type_support.cpp.o[0m
[18.426s] [ 48%] [34m[1mGenerating C introspection for ROS interfaces[0m
[18.566s] [ 51%] [32m[1mLinking CXX shared library libcustom_msgs__rosidl_typesupport_cpp.so[0m
[18.740s] [ 51%] Built target custom_msgs__rosidl_typesupport_cpp
[19.055s] [ 53%] [32m[1mLinking CXX shared library libcustom_msgs__rosidl_typesupport_introspection_cpp.so[0m
[19.349s] [ 53%] Built target custom_msgs__rosidl_typesupport_introspection_cpp
[19.560s] [ 56%] [32m[1mLinking CXX shared library libcustom_msgs__rosidl_typesupport_fastrtps_cpp.so[0m
[19.860s] [35m[1mScanning dependencies of target custom_msgs__rosidl_typesupport_introspection_c[0m
[19.886s] [ 56%] Built target custom_msgs__rosidl_typesupport_fastrtps_cpp
[19.917s] [ 61%] [32mBuilding C object CMakeFiles/custom_msgs__rosidl_typesupport_introspection_c.dir/rosidl_typesupport_introspection_c/custom_msgs/msg/detail/detections_array__type_support.c.o[0m
[19.918s] [ 61%] [32mBuilding C object CMakeFiles/custom_msgs__rosidl_typesupport_introspection_c.dir/rosidl_typesupport_introspection_c/custom_msgs/msg/detail/detection__type_support.c.o[0m
[19.930s] [ 64%] [34m[1mGenerating C type support for eProsima Fast-RTPS[0m
[20.054s] [ 66%] [32m[1mLinking C shared library libcustom_msgs__rosidl_typesupport_introspection_c.so[0m
[20.172s] [ 66%] Built target custom_msgs__rosidl_typesupport_introspection_c
[21.233s] [35m[1mScanning dependencies of target custom_msgs__rosidl_typesupport_fastrtps_c[0m
[21.297s] [ 71%] [32mBuilding CXX object CMakeFiles/custom_msgs__rosidl_typesupport_fastrtps_c.dir/rosidl_typesupport_fastrtps_c/custom_msgs/msg/detail/detections_array__type_support_c.cpp.o[0m
[21.298s] [ 71%] [32mBuilding CXX object CMakeFiles/custom_msgs__rosidl_typesupport_fastrtps_c.dir/rosidl_typesupport_fastrtps_c/custom_msgs/msg/detail/detection__type_support_c.cpp.o[0m
[22.507s] [ 74%] [32m[1mLinking CXX shared library libcustom_msgs__rosidl_typesupport_fastrtps_c.so[0m
[22.847s] [ 74%] Built target custom_msgs__rosidl_typesupport_fastrtps_c
[22.885s] [35m[1mScanning dependencies of target custom_msgs[0m
[22.925s] [ 74%] Built target custom_msgs
[22.965s] [35m[1mScanning dependencies of target custom_msgs__py[0m
[23.007s] [ 76%] [34m[1mGenerating Python code for ROS interfaces[0m
[25.123s] [ 76%] Built target custom_msgs__py
[25.162s] [35m[1mScanning dependencies of target custom_msgs__python[0m
[25.242s] [ 82%] [32mBuilding C object CMakeFiles/custom_msgs__python.dir/rosidl_generator_py/custom_msgs/msg/_detections_array_s.c.o[0m
[25.243s] [ 82%] [32mBuilding C object CMakeFiles/custom_msgs__python.dir/rosidl_generator_py/custom_msgs/msg/_detection_s.c.o[0m
[25.599s] [ 84%] [32m[1mLinking C shared library rosidl_generator_py/custom_msgs/libcustom_msgs__python.so[0m
[25.764s] [ 84%] Built target custom_msgs__python
[25.804s] [35m[1mScanning dependencies of target custom_msgs__rosidl_typesupport_introspection_c__pyext[0m
[25.805s] [35m[1mScanning dependencies of target custom_msgs__rosidl_typesupport_c__pyext[0m
[25.805s] [35m[1mScanning dependencies of target custom_msgs__rosidl_typesupport_fastrtps_c__pyext[0m
[25.879s] [ 87%] [32mBuilding C object CMakeFiles/custom_msgs__rosidl_typesupport_introspection_c__pyext.dir/rosidl_generator_py/custom_msgs/_custom_msgs_s.ep.rosidl_typesupport_introspection_c.c.o[0m
[25.899s] [ 89%] [32mBuilding C object CMakeFiles/custom_msgs__rosidl_typesupport_c__pyext.dir/rosidl_generator_py/custom_msgs/_custom_msgs_s.ep.rosidl_typesupport_c.c.o[0m
[25.906s] [ 92%] [32mBuilding C object CMakeFiles/custom_msgs__rosidl_typesupport_fastrtps_c__pyext.dir/rosidl_generator_py/custom_msgs/_custom_msgs_s.ep.rosidl_typesupport_fastrtps_c.c.o[0m
[26.204s] [ 94%] [32m[1mLinking C shared library rosidl_generator_py/custom_msgs/custom_msgs_s__rosidl_typesupport_introspection_c.cpython-38-aarch64-linux-gnu.so[0m
[26.229s] [ 97%] [32m[1mLinking C shared library rosidl_generator_py/custom_msgs/custom_msgs_s__rosidl_typesupport_c.cpython-38-aarch64-linux-gnu.so[0m
[26.271s] [100%] [32m[1mLinking CXX shared library rosidl_generator_py/custom_msgs/custom_msgs_s__rosidl_typesupport_fastrtps_c.cpython-38-aarch64-linux-gnu.so[0m
[26.367s] [100%] Built target custom_msgs__rosidl_typesupport_introspection_c__pyext
[26.395s] [100%] Built target custom_msgs__rosidl_typesupport_c__pyext
[26.540s] [100%] Built target custom_msgs__rosidl_typesupport_fastrtps_c__pyext
[26.585s] Invoked command in '/home/jetson/PycharmProjects/boat_litter_collection/raspberry_ws/build/custom_msgs' returned '0': CMAKE_PREFIX_PATH=${CMAKE_PREFIX_PATH}:/home/jetson/PycharmProjects/boat_litter_collection/raspberry_ws/install/control:/home/jetson/PycharmProjects/boat_litter_collection/raspberry_ws/install/central:/opt/ros/foxy /usr/bin/cmake --build /home/jetson/PycharmProjects/boat_litter_collection/raspberry_ws/build/custom_msgs -- -j4 -l4
[26.884s] Invoking command in '/home/jetson/PycharmProjects/boat_litter_collection/raspberry_ws/build/custom_msgs': CMAKE_PREFIX_PATH=${CMAKE_PREFIX_PATH}:/home/jetson/PycharmProjects/boat_litter_collection/raspberry_ws/install/control:/home/jetson/PycharmProjects/boat_litter_collection/raspberry_ws/install/central:/opt/ros/foxy /usr/bin/cmake --install /home/jetson/PycharmProjects/boat_litter_collection/raspberry_ws/build/custom_msgs
[26.920s] -- Install configuration: ""
[26.922s] -- Execute custom install script
[26.924s] -- Symlinking: /home/jetson/PycharmProjects/boat_litter_collection/raspberry_ws/install/custom_msgs/share/ament_index/resource_index/rosidl_interfaces/custom_msgs
[26.959s] -- Symlinking: /home/jetson/PycharmProjects/boat_litter_collection/raspberry_ws/install/custom_msgs/include/custom_msgs/msg/detail/detection__functions.h
[26.995s] -- Symlinking: /home/jetson/PycharmProjects/boat_litter_collection/raspberry_ws/install/custom_msgs/include/custom_msgs/msg/detail/detection__struct.h
[27.028s] -- Symlinking: /home/jetson/PycharmProjects/boat_litter_collection/raspberry_ws/install/custom_msgs/include/custom_msgs/msg/detail/detection__type_support.h
[27.062s] -- Symlinking: /home/jetson/PycharmProjects/boat_litter_collection/raspberry_ws/install/custom_msgs/include/custom_msgs/msg/detail/detections_array__functions.h
[27.095s] -- Symlinking: /home/jetson/PycharmProjects/boat_litter_collection/raspberry_ws/install/custom_msgs/include/custom_msgs/msg/detail/detections_array__struct.h
[27.129s] -- Symlinking: /home/jetson/PycharmProjects/boat_litter_collection/raspberry_ws/install/custom_msgs/include/custom_msgs/msg/detail/detections_array__type_support.h
[27.163s] -- Symlinking: /home/jetson/PycharmProjects/boat_litter_collection/raspberry_ws/install/custom_msgs/include/custom_msgs/msg/detection.h
[27.195s] -- Symlinking: /home/jetson/PycharmProjects/boat_litter_collection/raspberry_ws/install/custom_msgs/include/custom_msgs/msg/detections_array.h
[27.228s] -- Symlinking: /home/jetson/PycharmProjects/boat_litter_collection/raspberry_ws/install/custom_msgs/include/custom_msgs/msg/rosidl_generator_c__visibility_control.h
[27.264s] -- Symlinking: /home/jetson/PycharmProjects/boat_litter_collection/raspberry_ws/install/custom_msgs/share/custom_msgs/environment/library_path.sh
[27.298s] -- Symlinking: /home/jetson/PycharmProjects/boat_litter_collection/raspberry_ws/install/custom_msgs/share/custom_msgs/environment/library_path.dsv
[27.333s] -- Symlinking: /home/jetson/PycharmProjects/boat_litter_collection/raspberry_ws/install/custom_msgs/include/custom_msgs/msg/detail/detection__rosidl_typesupport_fastrtps_c.h
[27.366s] -- Symlinking: /home/jetson/PycharmProjects/boat_litter_collection/raspberry_ws/install/custom_msgs/include/custom_msgs/msg/detail/detections_array__rosidl_typesupport_fastrtps_c.h
[27.399s] -- Symlinking: /home/jetson/PycharmProjects/boat_litter_collection/raspberry_ws/install/custom_msgs/include/custom_msgs/msg/rosidl_typesupport_fastrtps_c__visibility_control.h
[27.433s] -- Symlinking: /home/jetson/PycharmProjects/boat_litter_collection/raspberry_ws/install/custom_msgs/lib/libcustom_msgs__rosidl_typesupport_fastrtps_c.so
[27.469s] -- Symlinking: /home/jetson/PycharmProjects/boat_litter_collection/raspberry_ws/install/custom_msgs/include/custom_msgs/msg/detail/detection__rosidl_typesupport_fastrtps_cpp.hpp
[27.504s] -- Symlinking: /home/jetson/PycharmProjects/boat_litter_collection/raspberry_ws/install/custom_msgs/include/custom_msgs/msg/detail/detections_array__rosidl_typesupport_fastrtps_cpp.hpp
[27.538s] -- Symlinking: /home/jetson/PycharmProjects/boat_litter_collection/raspberry_ws/install/custom_msgs/include/custom_msgs/msg/rosidl_typesupport_fastrtps_cpp__visibility_control.h
[27.574s] -- Symlinking: /home/jetson/PycharmProjects/boat_litter_collection/raspberry_ws/install/custom_msgs/lib/libcustom_msgs__rosidl_typesupport_fastrtps_cpp.so
[27.610s] -- Symlinking: /home/jetson/PycharmProjects/boat_litter_collection/raspberry_ws/install/custom_msgs/include/custom_msgs/msg/detail/detection__rosidl_typesupport_introspection_c.h
[27.645s] -- Symlinking: /home/jetson/PycharmProjects/boat_litter_collection/raspberry_ws/install/custom_msgs/include/custom_msgs/msg/detail/detections_array__rosidl_typesupport_introspection_c.h
[27.680s] -- Symlinking: /home/jetson/PycharmProjects/boat_litter_collection/raspberry_ws/install/custom_msgs/include/custom_msgs/msg/rosidl_typesupport_introspection_c__visibility_control.h
[27.716s] -- Symlinking: /home/jetson/PycharmProjects/boat_litter_collection/raspberry_ws/install/custom_msgs/include/custom_msgs/msg/detail/detection__builder.hpp
[27.750s] -- Symlinking: /home/jetson/PycharmProjects/boat_litter_collection/raspberry_ws/install/custom_msgs/include/custom_msgs/msg/detail/detection__struct.hpp
[27.784s] -- Symlinking: /home/jetson/PycharmProjects/boat_litter_collection/raspberry_ws/install/custom_msgs/include/custom_msgs/msg/detail/detection__traits.hpp
[27.817s] -- Symlinking: /home/jetson/PycharmProjects/boat_litter_collection/raspberry_ws/install/custom_msgs/include/custom_msgs/msg/detail/detection__type_support.hpp
[27.850s] -- Symlinking: /home/jetson/PycharmProjects/boat_litter_collection/raspberry_ws/install/custom_msgs/include/custom_msgs/msg/detail/detections_array__builder.hpp
[27.885s] -- Symlinking: /home/jetson/PycharmProjects/boat_litter_collection/raspberry_ws/install/custom_msgs/include/custom_msgs/msg/detail/detections_array__struct.hpp
[27.919s] -- Symlinking: /home/jetson/PycharmProjects/boat_litter_collection/raspberry_ws/install/custom_msgs/include/custom_msgs/msg/detail/detections_array__traits.hpp
[27.953s] -- Symlinking: /home/jetson/PycharmProjects/boat_litter_collection/raspberry_ws/install/custom_msgs/include/custom_msgs/msg/detail/detections_array__type_support.hpp
[27.988s] -- Symlinking: /home/jetson/PycharmProjects/boat_litter_collection/raspberry_ws/install/custom_msgs/include/custom_msgs/msg/detection.hpp
[28.022s] -- Symlinking: /home/jetson/PycharmProjects/boat_litter_collection/raspberry_ws/install/custom_msgs/include/custom_msgs/msg/detections_array.hpp
[28.056s] -- Symlinking: /home/jetson/PycharmProjects/boat_litter_collection/raspberry_ws/install/custom_msgs/include/custom_msgs/msg/rosidl_generator_cpp__visibility_control.hpp
[28.093s] -- Symlinking: /home/jetson/PycharmProjects/boat_litter_collection/raspberry_ws/install/custom_msgs/include/custom_msgs/msg/detail/detection__rosidl_typesupport_introspection_cpp.hpp
[28.127s] -- Symlinking: /home/jetson/PycharmProjects/boat_litter_collection/raspberry_ws/install/custom_msgs/include/custom_msgs/msg/detail/detections_array__rosidl_typesupport_introspection_cpp.hpp
[28.161s] -- Symlinking: /home/jetson/PycharmProjects/boat_litter_collection/raspberry_ws/install/custom_msgs/share/custom_msgs/environment/pythonpath.sh
[28.195s] -- Symlinking: /home/jetson/PycharmProjects/boat_litter_collection/raspberry_ws/install/custom_msgs/share/custom_msgs/environment/pythonpath.dsv
[28.229s] -- Symlinking: /home/jetson/PycharmProjects/boat_litter_collection/raspberry_ws/install/custom_msgs/lib/python3.8/site-packages/custom_msgs/__init__.py
[28.267s] -- Symlinking: /home/jetson/PycharmProjects/boat_litter_collection/raspberry_ws/install/custom_msgs/lib/python3.8/site-packages/custom_msgs/msg/__init__.py
[28.300s] -- Symlinking: /home/jetson/PycharmProjects/boat_litter_collection/raspberry_ws/install/custom_msgs/lib/python3.8/site-packages/custom_msgs/msg/_detection.py
[28.333s] -- Symlinking: /home/jetson/PycharmProjects/boat_litter_collection/raspberry_ws/install/custom_msgs/lib/python3.8/site-packages/custom_msgs/msg/_detections_array.py
[28.369s] -- Symlinking: /home/jetson/PycharmProjects/boat_litter_collection/raspberry_ws/install/custom_msgs/lib/python3.8/site-packages/custom_msgs/custom_msgs_s__rosidl_typesupport_fastrtps_c.cpython-38-aarch64-linux-gnu.so
[28.403s] -- Symlinking: /home/jetson/PycharmProjects/boat_litter_collection/raspberry_ws/install/custom_msgs/lib/python3.8/site-packages/custom_msgs/custom_msgs_s__rosidl_typesupport_introspection_c.cpython-38-aarch64-linux-gnu.so
[28.438s] -- Symlinking: /home/jetson/PycharmProjects/boat_litter_collection/raspberry_ws/install/custom_msgs/lib/python3.8/site-packages/custom_msgs/custom_msgs_s__rosidl_typesupport_c.cpython-38-aarch64-linux-gnu.so
[28.474s] -- Symlinking: /home/jetson/PycharmProjects/boat_litter_collection/raspberry_ws/install/custom_msgs/lib/libcustom_msgs__python.so
[28.509s] -- Symlinking: /home/jetson/PycharmProjects/boat_litter_collection/raspberry_ws/install/custom_msgs/share/custom_msgs/msg/Detection.idl
[28.543s] -- Symlinking: /home/jetson/PycharmProjects/boat_litter_collection/raspberry_ws/install/custom_msgs/share/custom_msgs/msg/DetectionsArray.idl
[28.577s] -- Symlinking: /home/jetson/PycharmProjects/boat_litter_collection/raspberry_ws/install/custom_msgs/share/custom_msgs/msg/Detection.msg
[28.611s] -- Symlinking: /home/jetson/PycharmProjects/boat_litter_collection/raspberry_ws/install/custom_msgs/share/custom_msgs/msg/DetectionsArray.msg
[28.646s] -- Symlinking: /home/jetson/PycharmProjects/boat_litter_collection/raspberry_ws/install/custom_msgs/share/ament_index/resource_index/package_run_dependencies/custom_msgs
[28.680s] -- Symlinking: /home/jetson/PycharmProjects/boat_litter_collection/raspberry_ws/install/custom_msgs/share/ament_index/resource_index/parent_prefix_path/custom_msgs
[28.715s] -- Symlinking: /home/jetson/PycharmProjects/boat_litter_collection/raspberry_ws/install/custom_msgs/share/custom_msgs/environment/ament_prefix_path.sh
[28.748s] -- Symlinking: /home/jetson/PycharmProjects/boat_litter_collection/raspberry_ws/install/custom_msgs/share/custom_msgs/environment/ament_prefix_path.dsv
[28.783s] -- Symlinking: /home/jetson/PycharmProjects/boat_litter_collection/raspberry_ws/install/custom_msgs/share/custom_msgs/environment/path.sh
[28.817s] -- Symlinking: /home/jetson/PycharmProjects/boat_litter_collection/raspberry_ws/install/custom_msgs/share/custom_msgs/environment/path.dsv
[28.851s] -- Symlinking: /home/jetson/PycharmProjects/boat_litter_collection/raspberry_ws/install/custom_msgs/share/custom_msgs/local_setup.bash
[28.885s] -- Symlinking: /home/jetson/PycharmProjects/boat_litter_collection/raspberry_ws/install/custom_msgs/share/custom_msgs/local_setup.sh
[28.920s] -- Symlinking: /home/jetson/PycharmProjects/boat_litter_collection/raspberry_ws/install/custom_msgs/share/custom_msgs/local_setup.zsh
[28.955s] -- Symlinking: /home/jetson/PycharmProjects/boat_litter_collection/raspberry_ws/install/custom_msgs/share/custom_msgs/local_setup.dsv
[28.991s] -- Symlinking: /home/jetson/PycharmProjects/boat_litter_collection/raspberry_ws/install/custom_msgs/share/custom_msgs/package.dsv
[29.026s] -- Symlinking: /home/jetson/PycharmProjects/boat_litter_collection/raspberry_ws/install/custom_msgs/share/ament_index/resource_index/packages/custom_msgs
[29.061s] -- Symlinking: /home/jetson/PycharmProjects/boat_litter_collection/raspberry_ws/install/custom_msgs/share/custom_msgs/cmake/rosidl_cmake-extras.cmake
[29.095s] -- Symlinking: /home/jetson/PycharmProjects/boat_litter_collection/raspberry_ws/install/custom_msgs/share/custom_msgs/cmake/ament_cmake_export_dependencies-extras.cmake
[29.129s] -- Symlinking: /home/jetson/PycharmProjects/boat_litter_collection/raspberry_ws/install/custom_msgs/share/custom_msgs/cmake/ament_cmake_export_libraries-extras.cmake
[29.164s] -- Symlinking: /home/jetson/PycharmProjects/boat_litter_collection/raspberry_ws/install/custom_msgs/share/custom_msgs/cmake/ament_cmake_export_targets-extras.cmake
[29.198s] -- Symlinking: /home/jetson/PycharmProjects/boat_litter_collection/raspberry_ws/install/custom_msgs/share/custom_msgs/cmake/ament_cmake_export_include_directories-extras.cmake
[29.232s] -- Symlinking: /home/jetson/PycharmProjects/boat_litter_collection/raspberry_ws/install/custom_msgs/share/custom_msgs/cmake/rosidl_cmake_export_typesupport_libraries-extras.cmake
[29.291s] -- Symlinking: /home/jetson/PycharmProjects/boat_litter_collection/raspberry_ws/install/custom_msgs/share/custom_msgs/cmake/rosidl_cmake_export_typesupport_targets-extras.cmake
[29.325s] -- Symlinking: /home/jetson/PycharmProjects/boat_litter_collection/raspberry_ws/install/custom_msgs/share/custom_msgs/cmake/custom_msgsConfig.cmake
[29.359s] -- Symlinking: /home/jetson/PycharmProjects/boat_litter_collection/raspberry_ws/install/custom_msgs/share/custom_msgs/cmake/custom_msgsConfig-version.cmake
[29.394s] -- Symlinking: /home/jetson/PycharmProjects/boat_litter_collection/raspberry_ws/install/custom_msgs/share/custom_msgs/package.xml
[29.427s] -- Installing: /home/jetson/PycharmProjects/boat_litter_collection/raspberry_ws/install/custom_msgs/lib/libcustom_msgs__rosidl_generator_c.so
[29.428s] -- Set runtime path of "/home/jetson/PycharmProjects/boat_litter_collection/raspberry_ws/install/custom_msgs/lib/libcustom_msgs__rosidl_generator_c.so" to ""
[29.429s] -- Installing: /home/jetson/PycharmProjects/boat_litter_collection/raspberry_ws/install/custom_msgs/lib/libcustom_msgs__rosidl_typesupport_introspection_c.so
[29.430s] -- Set runtime path of "/home/jetson/PycharmProjects/boat_litter_collection/raspberry_ws/install/custom_msgs/lib/libcustom_msgs__rosidl_typesupport_introspection_c.so" to ""
[29.431s] -- Installing: /home/jetson/PycharmProjects/boat_litter_collection/raspberry_ws/install/custom_msgs/lib/libcustom_msgs__rosidl_typesupport_c.so
[29.432s] -- Set runtime path of "/home/jetson/PycharmProjects/boat_litter_collection/raspberry_ws/install/custom_msgs/lib/libcustom_msgs__rosidl_typesupport_c.so" to ""
[29.433s] -- Installing: /home/jetson/PycharmProjects/boat_litter_collection/raspberry_ws/install/custom_msgs/lib/libcustom_msgs__rosidl_typesupport_introspection_cpp.so
[29.434s] -- Set runtime path of "/home/jetson/PycharmProjects/boat_litter_collection/raspberry_ws/install/custom_msgs/lib/libcustom_msgs__rosidl_typesupport_introspection_cpp.so" to ""
[29.435s] -- Installing: /home/jetson/PycharmProjects/boat_litter_collection/raspberry_ws/install/custom_msgs/lib/libcustom_msgs__rosidl_typesupport_cpp.so
[29.436s] -- Set runtime path of "/home/jetson/PycharmProjects/boat_litter_collection/raspberry_ws/install/custom_msgs/lib/libcustom_msgs__rosidl_typesupport_cpp.so" to ""
[29.578s] Compiling '/home/jetson/PycharmProjects/boat_litter_collection/raspberry_ws/install/custom_msgs/lib/python3.8/site-packages/custom_msgs/__init__.py'...
[29.599s] -- Installing: /home/jetson/PycharmProjects/boat_litter_collection/raspberry_ws/install/custom_msgs/share/custom_msgs/cmake/custom_msgs__rosidl_generator_cExport.cmake
[29.600s] -- Installing: /home/jetson/PycharmProjects/boat_litter_collection/raspberry_ws/install/custom_msgs/share/custom_msgs/cmake/custom_msgs__rosidl_generator_cExport-noconfig.cmake
[29.601s] -- Installing: /home/jetson/PycharmProjects/boat_litter_collection/raspberry_ws/install/custom_msgs/share/custom_msgs/cmake/custom_msgs__rosidl_typesupport_introspection_cExport.cmake
[29.602s] -- Installing: /home/jetson/PycharmProjects/boat_litter_collection/raspberry_ws/install/custom_msgs/share/custom_msgs/cmake/custom_msgs__rosidl_typesupport_introspection_cExport-noconfig.cmake
[29.602s] -- Installing: /home/jetson/PycharmProjects/boat_litter_collection/raspberry_ws/install/custom_msgs/share/custom_msgs/cmake/custom_msgs__rosidl_typesupport_cExport.cmake
[29.603s] -- Installing: /home/jetson/PycharmProjects/boat_litter_collection/raspberry_ws/install/custom_msgs/share/custom_msgs/cmake/custom_msgs__rosidl_typesupport_cExport-noconfig.cmake
[29.604s] -- Installing: /home/jetson/PycharmProjects/boat_litter_collection/raspberry_ws/install/custom_msgs/share/custom_msgs/cmake/custom_msgs__rosidl_generator_cppExport.cmake
[29.605s] -- Installing: /home/jetson/PycharmProjects/boat_litter_collection/raspberry_ws/install/custom_msgs/share/custom_msgs/cmake/custom_msgs__rosidl_typesupport_introspection_cppExport.cmake
[29.605s] -- Installing: /home/jetson/PycharmProjects/boat_litter_collection/raspberry_ws/install/custom_msgs/share/custom_msgs/cmake/custom_msgs__rosidl_typesupport_introspection_cppExport-noconfig.cmake
[29.606s] -- Installing: /home/jetson/PycharmProjects/boat_litter_collection/raspberry_ws/install/custom_msgs/share/custom_msgs/cmake/custom_msgs__rosidl_typesupport_cppExport.cmake
[29.607s] -- Installing: /home/jetson/PycharmProjects/boat_litter_collection/raspberry_ws/install/custom_msgs/share/custom_msgs/cmake/custom_msgs__rosidl_typesupport_cppExport-noconfig.cmake
[29.615s] Invoked command in '/home/jetson/PycharmProjects/boat_litter_collection/raspberry_ws/build/custom_msgs' returned '0': CMAKE_PREFIX_PATH=${CMAKE_PREFIX_PATH}:/home/jetson/PycharmProjects/boat_litter_collection/raspberry_ws/install/control:/home/jetson/PycharmProjects/boat_litter_collection/raspberry_ws/install/central:/opt/ros/foxy /usr/bin/cmake --install /home/jetson/PycharmProjects/boat_litter_collection/raspberry_ws/build/custom_msgs
