/usr/lib/python3/dist-packages/setuptools/dist.py:723: UserWarning: Usage of dash-separated 'script-dir' will not be supported in future versions. Please use the underscore name 'script_dir' instead
  warnings.warn(
running develop
/usr/lib/python3/dist-packages/setuptools/command/easy_install.py:158: EasyInstallDeprecationWarning: easy_install command is deprecated. Use build and pip and other standards-based tools.
  warnings.warn(
/usr/lib/python3/dist-packages/setuptools/command/install.py:34: SetuptoolsDeprecationWarning: setup.py install is deprecated. Use build and pip and other standards-based tools.
  warnings.warn(
running egg_info
creating central.egg-info
writing central.egg-info/PKG-INFO
writing dependency_links to central.egg-info/dependency_links.txt
writing entry points to central.egg-info/entry_points.txt
writing requirements to central.egg-info/requires.txt
writing top-level names to central.egg-info/top_level.txt
writing manifest file 'central.egg-info/SOURCES.txt'
reading manifest file 'central.egg-info/SOURCES.txt'
writing manifest file 'central.egg-info/SOURCES.txt'
running build_ext
Creating /home/kaloyan/PycharmProjects/boat_litter_collection/raspberry_ws/install/central/lib/python3.10/site-packages/central.egg-link (link to .)

Installed /home/kaloyan/PycharmProjects/boat_litter_collection/raspberry_ws/build/central
running install_data
creating /home/kaloyan/PycharmProjects/boat_litter_collection/raspberry_ws/install/central/share/ament_index
creating /home/kaloyan/PycharmProjects/boat_litter_collection/raspberry_ws/install/central/share/ament_index/resource_index
creating /home/kaloyan/PycharmProjects/boat_litter_collection/raspberry_ws/install/central/share/ament_index/resource_index/packages
copying resource/central -> /home/kaloyan/PycharmProjects/boat_litter_collection/raspberry_ws/install/central/share/ament_index/resource_index/packages
copying package.xml -> /home/kaloyan/PycharmProjects/boat_litter_collection/raspberry_ws/install/central/share/central
