running develop
running egg_info
creating central.egg-info
writing central.egg-info/PKG-INFO
writing dependency_links to central.egg-info/dependency_links.txt
writing entry points to central.egg-info/entry_points.txt
writing requirements to central.egg-info/requires.txt
writing top-level names to central.egg-info/top_level.txt
writing manifest file 'central.egg-info/SOURCES.txt'
reading manifest file 'central.egg-info/SOURCES.txt'
writing manifest file 'central.egg-info/SOURCES.txt'
running build_ext
Creating /home/jetson/PycharmProjects/boat_litter_collection/raspberry_ws/install/central/lib/python3.8/site-packages/central.egg-link (link to .)
Installing central script to /home/jetson/PycharmProjects/boat_litter_collection/raspberry_ws/install/central/lib/central

Installed /home/jetson/PycharmProjects/boat_litter_collection/raspberry_ws/build/central
running install_data
creating /home/jetson/PycharmProjects/boat_litter_collection/raspberry_ws/install/central/share/ament_index
creating /home/jetson/PycharmProjects/boat_litter_collection/raspberry_ws/install/central/share/ament_index/resource_index
creating /home/jetson/PycharmProjects/boat_litter_collection/raspberry_ws/install/central/share/ament_index/resource_index/packages
copying resource/central -> /home/jetson/PycharmProjects/boat_litter_collection/raspberry_ws/install/central/share/ament_index/resource_index/packages
copying package.xml -> /home/jetson/PycharmProjects/boat_litter_collection/raspberry_ws/install/central/share/central
