[16.111s] [34mcolcon[0m [1;30mDEBUG[0m [32mCommand line arguments: ['/usr/bin/colcon', 'build', '--symlink-install'][0m
[16.112s] [34mcolcon[0m [1;30mDEBUG[0m [32mParsed command line arguments: Namespace(log_base=None, log_level=None, verb_name='build', build_base='build', install_base='install', merge_install=False, symlink_install=True, test_result_base=None, continue_on_error=False, executor='parallel', parallel_workers=4, event_handlers=None, ignore_user_meta=False, metas=['./colcon.meta'], base_paths=['.'], packages_ignore=None, packages_ignore_regex=None, paths=None, packages_up_to=None, packages_up_to_regex=None, packages_above=None, packages_above_and_dependencies=None, packages_above_depth=None, packages_select_by_dep=None, packages_skip_by_dep=None, packages_skip_up_to=None, packages_select_build_failed=False, packages_skip_build_finished=False, packages_select_test_failures=False, packages_skip_test_passed=False, packages_select=None, packages_skip=None, packages_select_regex=None, packages_skip_regex=None, packages_start=None, packages_end=None, allow_overriding=[], cmake_args=None, cmake_target=None, cmake_target_skip_unavailable=False, cmake_clean_cache=False, cmake_clean_first=False, cmake_force_configure=False, ament_cmake_args=None, catkin_cmake_args=None, catkin_skip_building_tests=False, verb_parser=<colcon_defaults.argument_parser.defaults.DefaultArgumentsDecorator object at 0xffff7df536d0>, verb_extension=<colcon_core.verb.build.BuildVerb object at 0xffff7e4755d0>, main=<bound method BuildVerb.main of <colcon_core.verb.build.BuildVerb object at 0xffff7e4755d0>>)[0m
[16.699s] [34mcolcon.colcon_core.package_discovery[0m [1;30mLevel 1[0m discover_packages(colcon_meta) check parameters
[16.700s] [34mcolcon.colcon_core.package_discovery[0m [1;30mLevel 1[0m discover_packages(recursive) check parameters
[16.700s] [34mcolcon.colcon_core.package_discovery[0m [1;30mLevel 1[0m discover_packages(ignore) check parameters
[16.701s] [34mcolcon.colcon_core.package_discovery[0m [1;30mLevel 1[0m discover_packages(path) check parameters
[16.701s] [34mcolcon.colcon_core.package_discovery[0m [1;30mLevel 1[0m discover_packages(colcon_meta) discover
[16.702s] [34mcolcon.colcon_core.package_discovery[0m [1;30mLevel 1[0m discover_packages(recursive) discover
[16.703s] [34mcolcon.colcon_core.package_discovery[0m [1;30mINFO[0m Crawling recursively for packages in '/home/kaloyan/PycharmProjects/boat_litter_collection/raspberry_ws'
[16.704s] [34mcolcon.colcon_core.package_identification[0m [1;30mLevel 1[0m _identify(.) by extensions ['ignore', 'ignore_ament_install']
[16.705s] [34mcolcon.colcon_core.package_identification[0m [1;30mLevel 1[0m _identify(.) by extension 'ignore'
[16.707s] [34mcolcon.colcon_core.package_identification[0m [1;30mLevel 1[0m _identify(.) by extension 'ignore_ament_install'
[16.708s] [34mcolcon.colcon_core.package_identification[0m [1;30mLevel 1[0m _identify(.) by extensions ['colcon_pkg']
[16.708s] [34mcolcon.colcon_core.package_identification[0m [1;30mLevel 1[0m _identify(.) by extension 'colcon_pkg'
[16.709s] [34mcolcon.colcon_core.package_identification[0m [1;30mLevel 1[0m _identify(.) by extensions ['colcon_meta']
[16.710s] [34mcolcon.colcon_core.package_identification[0m [1;30mLevel 1[0m _identify(.) by extension 'colcon_meta'
[16.710s] [34mcolcon.colcon_core.package_identification[0m [1;30mLevel 1[0m _identify(.) by extensions ['ros']
[16.711s] [34mcolcon.colcon_core.package_identification[0m [1;30mLevel 1[0m _identify(.) by extension 'ros'
[16.793s] [34mcolcon.colcon_core.package_identification[0m [1;30mLevel 1[0m _identify(.) by extensions ['cmake', 'python']
[16.793s] [34mcolcon.colcon_core.package_identification[0m [1;30mLevel 1[0m _identify(.) by extension 'cmake'
[16.794s] [34mcolcon.colcon_core.package_identification[0m [1;30mLevel 1[0m _identify(.) by extension 'python'
[16.795s] [34mcolcon.colcon_core.package_identification[0m [1;30mLevel 1[0m _identify(.) by extensions ['python_setup_py']
[16.795s] [34mcolcon.colcon_core.package_identification[0m [1;30mLevel 1[0m _identify(.) by extension 'python_setup_py'
[16.797s] [34mcolcon.colcon_core.package_identification[0m [1;30mLevel 1[0m _identify(build) by extensions ['ignore', 'ignore_ament_install']
[16.798s] [34mcolcon.colcon_core.package_identification[0m [1;30mLevel 1[0m _identify(build) by extension 'ignore'
[16.798s] [34mcolcon.colcon_core.package_identification[0m [1;30mLevel 1[0m _identify(build) ignored
[16.800s] [34mcolcon.colcon_core.package_identification[0m [1;30mLevel 1[0m _identify(install) by extensions ['ignore', 'ignore_ament_install']
[16.801s] [34mcolcon.colcon_core.package_identification[0m [1;30mLevel 1[0m _identify(install) by extension 'ignore'
[16.801s] [34mcolcon.colcon_core.package_identification[0m [1;30mLevel 1[0m _identify(install) ignored
[16.802s] [34mcolcon.colcon_core.package_identification[0m [1;30mLevel 1[0m _identify(log) by extensions ['ignore', 'ignore_ament_install']
[16.803s] [34mcolcon.colcon_core.package_identification[0m [1;30mLevel 1[0m _identify(log) by extension 'ignore'
[16.804s] [34mcolcon.colcon_core.package_identification[0m [1;30mLevel 1[0m _identify(log) ignored
[16.805s] [34mcolcon.colcon_core.package_identification[0m [1;30mLevel 1[0m _identify(src) by extensions ['ignore', 'ignore_ament_install']
[16.806s] [34mcolcon.colcon_core.package_identification[0m [1;30mLevel 1[0m _identify(src) by extension 'ignore'
[16.806s] [34mcolcon.colcon_core.package_identification[0m [1;30mLevel 1[0m _identify(src) by extension 'ignore_ament_install'
[16.807s] [34mcolcon.colcon_core.package_identification[0m [1;30mLevel 1[0m _identify(src) by extensions ['colcon_pkg']
[16.808s] [34mcolcon.colcon_core.package_identification[0m [1;30mLevel 1[0m _identify(src) by extension 'colcon_pkg'
[16.809s] [34mcolcon.colcon_core.package_identification[0m [1;30mLevel 1[0m _identify(src) by extensions ['colcon_meta']
[16.809s] [34mcolcon.colcon_core.package_identification[0m [1;30mLevel 1[0m _identify(src) by extension 'colcon_meta'
[16.810s] [34mcolcon.colcon_core.package_identification[0m [1;30mLevel 1[0m _identify(src) by extensions ['ros']
[16.810s] [34mcolcon.colcon_core.package_identification[0m [1;30mLevel 1[0m _identify(src) by extension 'ros'
[16.811s] [34mcolcon.colcon_core.package_identification[0m [1;30mLevel 1[0m _identify(src) by extensions ['cmake', 'python']
[16.811s] [34mcolcon.colcon_core.package_identification[0m [1;30mLevel 1[0m _identify(src) by extension 'cmake'
[16.812s] [34mcolcon.colcon_core.package_identification[0m [1;30mLevel 1[0m _identify(src) by extension 'python'
[16.813s] [34mcolcon.colcon_core.package_identification[0m [1;30mLevel 1[0m _identify(src) by extensions ['python_setup_py']
[16.814s] [34mcolcon.colcon_core.package_identification[0m [1;30mLevel 1[0m _identify(src) by extension 'python_setup_py'
[16.815s] [34mcolcon.colcon_core.package_identification[0m [1;30mLevel 1[0m _identify(src/central) by extensions ['ignore', 'ignore_ament_install']
[16.816s] [34mcolcon.colcon_core.package_identification[0m [1;30mLevel 1[0m _identify(src/central) by extension 'ignore'
[16.817s] [34mcolcon.colcon_core.package_identification[0m [1;30mLevel 1[0m _identify(src/central) by extension 'ignore_ament_install'
[16.817s] [34mcolcon.colcon_core.package_identification[0m [1;30mLevel 1[0m _identify(src/central) by extensions ['colcon_pkg']
[16.818s] [34mcolcon.colcon_core.package_identification[0m [1;30mLevel 1[0m _identify(src/central) by extension 'colcon_pkg'
[16.819s] [34mcolcon.colcon_core.package_identification[0m [1;30mLevel 1[0m _identify(src/central) by extensions ['colcon_meta']
[16.820s] [34mcolcon.colcon_core.package_identification[0m [1;30mLevel 1[0m _identify(src/central) by extension 'colcon_meta'
[16.821s] [34mcolcon.colcon_core.package_identification[0m [1;30mLevel 1[0m _identify(src/central) by extensions ['ros']
[16.822s] [34mcolcon.colcon_core.package_identification[0m [1;30mLevel 1[0m _identify(src/central) by extension 'ros'
[16.844s] [34mcolcon.colcon_core.package_identification[0m [1;30mDEBUG[0m [32mPackage 'src/central' with type 'ros.ament_python' and name 'central'[0m
[16.844s] [34mcolcon.colcon_core.package_discovery[0m [1;30mLevel 1[0m discover_packages(recursive) using defaults
[16.845s] [34mcolcon.colcon_core.package_discovery[0m [1;30mLevel 1[0m discover_packages(ignore) discover
[16.845s] [34mcolcon.colcon_core.package_discovery[0m [1;30mLevel 1[0m discover_packages(ignore) using defaults
[16.846s] [34mcolcon.colcon_core.package_discovery[0m [1;30mLevel 1[0m discover_packages(path) discover
[16.846s] [34mcolcon.colcon_core.package_discovery[0m [1;30mLevel 1[0m discover_packages(path) using defaults
[18.028s] [34mcolcon.colcon_core.package_discovery[0m [1;30mLevel 1[0m discover_packages(prefix_path) check parameters
[18.028s] [34mcolcon.colcon_core.package_discovery[0m [1;30mLevel 1[0m discover_packages(prefix_path) discover
[18.465s] [34mcolcon.colcon_installed_package_information.package_discovery[0m [1;30mDEBUG[0m [32mFound 1 installed packages in /home/kaloyan/PycharmProjects/boat_litter_collection/raspberry_ws/install[0m
[18.693s] [34mcolcon.colcon_installed_package_information.package_discovery[0m [1;30mDEBUG[0m [32mFound 281 installed packages in /opt/ros/iron[0m
[18.761s] [34mcolcon.colcon_core.package_discovery[0m [1;30mLevel 1[0m discover_packages(prefix_path) using defaults
[19.612s] [34mcolcon.colcon_core.verb[0m [1;30mLevel 5[0m set package 'central' build argument 'cmake_args' from command line to 'None'
[19.613s] [34mcolcon.colcon_core.verb[0m [1;30mLevel 5[0m set package 'central' build argument 'cmake_target' from command line to 'None'
[19.613s] [34mcolcon.colcon_core.verb[0m [1;30mLevel 5[0m set package 'central' build argument 'cmake_target_skip_unavailable' from command line to 'False'
[19.613s] [34mcolcon.colcon_core.verb[0m [1;30mLevel 5[0m set package 'central' build argument 'cmake_clean_cache' from command line to 'False'
[19.614s] [34mcolcon.colcon_core.verb[0m [1;30mLevel 5[0m set package 'central' build argument 'cmake_clean_first' from command line to 'False'
[19.614s] [34mcolcon.colcon_core.verb[0m [1;30mLevel 5[0m set package 'central' build argument 'cmake_force_configure' from command line to 'False'
[19.614s] [34mcolcon.colcon_core.verb[0m [1;30mLevel 5[0m set package 'central' build argument 'ament_cmake_args' from command line to 'None'
[19.614s] [34mcolcon.colcon_core.verb[0m [1;30mLevel 5[0m set package 'central' build argument 'catkin_cmake_args' from command line to 'None'
[19.615s] [34mcolcon.colcon_core.verb[0m [1;30mLevel 5[0m set package 'central' build argument 'catkin_skip_building_tests' from command line to 'False'
[19.615s] [34mcolcon.colcon_core.verb[0m [1;30mDEBUG[0m [32mBuilding package 'central' with the following arguments: {'ament_cmake_args': None, 'build_base': '/home/kaloyan/PycharmProjects/boat_litter_collection/raspberry_ws/build/central', 'catkin_cmake_args': None, 'catkin_skip_building_tests': False, 'cmake_args': None, 'cmake_clean_cache': False, 'cmake_clean_first': False, 'cmake_force_configure': False, 'cmake_target': None, 'cmake_target_skip_unavailable': False, 'install_base': '/home/kaloyan/PycharmProjects/boat_litter_collection/raspberry_ws/install/central', 'merge_install': False, 'path': '/home/kaloyan/PycharmProjects/boat_litter_collection/raspberry_ws/src/central', 'symlink_install': True, 'test_result_base': None}[0m
[19.828s] [34mcolcon.colcon_core.executor[0m [1;30mINFO[0m Executing jobs using 'parallel' executor
[20.037s] [34mcolcon.colcon_parallel_executor.executor.parallel[0m [1;30mDEBUG[0m [32mrun_until_complete[0m
[20.039s] [34mcolcon.colcon_ros.task.ament_python.build[0m [1;30mINFO[0m Building ROS package in '/home/kaloyan/PycharmProjects/boat_litter_collection/raspberry_ws/src/central' with build type 'ament_python'
[20.040s] [34mcolcon.colcon_core.shell[0m [1;30mLevel 1[0m create_environment_hook('central', 'ament_prefix_path')
[20.294s] [34mcolcon.colcon_core.plugin_system[0m [1;30mINFO[0m Skipping extension 'colcon_core.shell.bat': Not used on non-Windows systems
[20.296s] [34mcolcon.colcon_core.shell[0m [1;30mINFO[0m Creating environment hook '/home/kaloyan/PycharmProjects/boat_litter_collection/raspberry_ws/install/central/share/central/hook/ament_prefix_path.ps1'
[20.301s] [34mcolcon.colcon_core.shell[0m [1;30mINFO[0m Creating environment descriptor '/home/kaloyan/PycharmProjects/boat_litter_collection/raspberry_ws/install/central/share/central/hook/ament_prefix_path.dsv'
[20.305s] [34mcolcon.colcon_core.shell[0m [1;30mINFO[0m Creating environment hook '/home/kaloyan/PycharmProjects/boat_litter_collection/raspberry_ws/install/central/share/central/hook/ament_prefix_path.sh'
[20.546s] [34mcolcon.colcon_core.shell[0m [1;30mINFO[0m Skip shell extension 'powershell' for command environment: Not usable outside of PowerShell
[20.547s] [34mcolcon.colcon_core.shell[0m [1;30mDEBUG[0m [32mSkip shell extension 'dsv' for command environment[0m
[24.323s] [34mcolcon.colcon_core.task.python.build[0m [1;30mINFO[0m Building Python package in '/home/kaloyan/PycharmProjects/boat_litter_collection/raspberry_ws/src/central'
[24.560s] [34mcolcon.colcon_core.shell[0m [1;30mINFO[0m Skip shell extension 'powershell' for command environment: Not usable outside of PowerShell
[24.561s] [34mcolcon.colcon_core.shell[0m [1;30mDEBUG[0m [32mSkip shell extension 'dsv' for command environment[0m
[28.403s] [34mcolcon.colcon_core.event_handler.log_command[0m [1;30mDEBUG[0m [32mInvoking command in '/home/kaloyan/PycharmProjects/boat_litter_collection/raspberry_ws/build/central': PYTHONPATH=/home/kaloyan/PycharmProjects/boat_litter_collection/raspberry_ws/build/central/prefix_override:/home/kaloyan/PycharmProjects/boat_litter_collection/raspberry_ws/install/central/lib/python3.10/site-packages:${PYTHONPATH} /usr/bin/python3 setup.py develop --editable --build-directory /home/kaloyan/PycharmProjects/boat_litter_collection/raspberry_ws/build/central/build --no-deps install_data[0m
[33.752s] [34mcolcon.colcon_core.shell[0m [1;30mLevel 1[0m create_environment_hook('central', 'pythonpath_develop')
[33.766s] [34mcolcon.colcon_core.event_handler.log_command[0m [1;30mDEBUG[0m [32mInvoked command in '/home/kaloyan/PycharmProjects/boat_litter_collection/raspberry_ws/build/central' returned '0': PYTHONPATH=/home/kaloyan/PycharmProjects/boat_litter_collection/raspberry_ws/build/central/prefix_override:/home/kaloyan/PycharmProjects/boat_litter_collection/raspberry_ws/install/central/lib/python3.10/site-packages:${PYTHONPATH} /usr/bin/python3 setup.py develop --editable --build-directory /home/kaloyan/PycharmProjects/boat_litter_collection/raspberry_ws/build/central/build --no-deps install_data[0m
[34.057s] [34mcolcon.colcon_core.shell[0m [1;30mINFO[0m Creating environment hook '/home/kaloyan/PycharmProjects/boat_litter_collection/raspberry_ws/build/central/share/central/hook/pythonpath_develop.ps1'
[34.062s] [34mcolcon.colcon_core.shell[0m [1;30mINFO[0m Creating environment descriptor '/home/kaloyan/PycharmProjects/boat_litter_collection/raspberry_ws/build/central/share/central/hook/pythonpath_develop.dsv'
[34.066s] [34mcolcon.colcon_core.shell[0m [1;30mINFO[0m Creating environment hook '/home/kaloyan/PycharmProjects/boat_litter_collection/raspberry_ws/build/central/share/central/hook/pythonpath_develop.sh'
[34.386s] [34mcolcon.colcon_core.environment[0m [1;30mLevel 1[0m checking '/home/kaloyan/PycharmProjects/boat_litter_collection/raspberry_ws/install/central' for CMake module files
[34.390s] [34mcolcon.colcon_core.environment[0m [1;30mLevel 1[0m checking '/home/kaloyan/PycharmProjects/boat_litter_collection/raspberry_ws/install/central' for CMake config files
[34.395s] [34mcolcon.colcon_core.environment[0m [1;30mLevel 1[0m checking '/home/kaloyan/PycharmProjects/boat_litter_collection/raspberry_ws/install/central/lib'
[34.396s] [34mcolcon.colcon_core.environment[0m [1;30mLevel 1[0m checking '/home/kaloyan/PycharmProjects/boat_litter_collection/raspberry_ws/install/central/bin'
[34.397s] [34mcolcon.colcon_core.environment[0m [1;30mLevel 1[0m checking '/home/kaloyan/PycharmProjects/boat_litter_collection/raspberry_ws/install/central/lib/pkgconfig/central.pc'
[34.400s] [34mcolcon.colcon_core.environment[0m [1;30mLevel 1[0m checking '/home/kaloyan/PycharmProjects/boat_litter_collection/raspberry_ws/install/central/lib/python3.10/site-packages'
[34.401s] [34mcolcon.colcon_core.shell[0m [1;30mLevel 1[0m create_environment_hook('central', 'pythonpath')
[34.673s] [34mcolcon.colcon_core.shell[0m [1;30mINFO[0m Creating environment hook '/home/kaloyan/PycharmProjects/boat_litter_collection/raspberry_ws/install/central/share/central/hook/pythonpath.ps1'
[34.676s] [34mcolcon.colcon_core.shell[0m [1;30mINFO[0m Creating environment descriptor '/home/kaloyan/PycharmProjects/boat_litter_collection/raspberry_ws/install/central/share/central/hook/pythonpath.dsv'
[34.679s] [34mcolcon.colcon_core.shell[0m [1;30mINFO[0m Creating environment hook '/home/kaloyan/PycharmProjects/boat_litter_collection/raspberry_ws/install/central/share/central/hook/pythonpath.sh'
[34.683s] [34mcolcon.colcon_core.environment[0m [1;30mLevel 1[0m checking '/home/kaloyan/PycharmProjects/boat_litter_collection/raspberry_ws/install/central/bin'
[34.684s] [34mcolcon.colcon_core.environment[0m [1;30mLevel 1[0m create_environment_scripts_only(central)
[34.915s] [34mcolcon.colcon_core.shell[0m [1;30mINFO[0m Creating package script '/home/kaloyan/PycharmProjects/boat_litter_collection/raspberry_ws/install/central/share/central/package.ps1'
[34.923s] [34mcolcon.colcon_core.shell[0m [1;30mINFO[0m Creating package descriptor '/home/kaloyan/PycharmProjects/boat_litter_collection/raspberry_ws/install/central/share/central/package.dsv'
[34.928s] [34mcolcon.colcon_core.shell[0m [1;30mINFO[0m Creating package script '/home/kaloyan/PycharmProjects/boat_litter_collection/raspberry_ws/install/central/share/central/package.sh'
[34.934s] [34mcolcon.colcon_core.shell[0m [1;30mINFO[0m Creating package script '/home/kaloyan/PycharmProjects/boat_litter_collection/raspberry_ws/install/central/share/central/package.bash'
[34.941s] [34mcolcon.colcon_core.shell[0m [1;30mINFO[0m Creating package script '/home/kaloyan/PycharmProjects/boat_litter_collection/raspberry_ws/install/central/share/central/package.zsh'
[34.945s] [34mcolcon.colcon_core.environment[0m [1;30mLevel 1[0m create_file_with_runtime_dependencies(/home/kaloyan/PycharmProjects/boat_litter_collection/raspberry_ws/install/central/share/colcon-core/packages/central)
[34.950s] [34mcolcon.colcon_parallel_executor.executor.parallel[0m [1;30mDEBUG[0m [32mclosing loop[0m
[34.951s] [34mcolcon.colcon_parallel_executor.executor.parallel[0m [1;30mDEBUG[0m [32mloop closed[0m
[34.953s] [34mcolcon.colcon_parallel_executor.executor.parallel[0m [1;30mDEBUG[0m [32mrun_until_complete finished with '0'[0m
[34.954s] [34mcolcon.colcon_core.event_reactor[0m [1;30mDEBUG[0m [32mjoining thread[0m
[35.251s] [34mcolcon.colcon_core.plugin_system[0m [1;30mINFO[0m Skipping extension 'colcon_notification.desktop_notification.terminal_notifier': Not used on non-Darwin systems
[35.252s] [34mcolcon.colcon_core.plugin_system[0m [1;30mINFO[0m Skipping extension 'colcon_notification.desktop_notification.win32': Not used on non-Windows systems
[35.253s] [34mcolcon.colcon_notification.desktop_notification[0m [1;30mINFO[0m Sending desktop notification using 'notify2'
[36.096s] [34mcolcon.colcon_core.event_reactor[0m [1;30mDEBUG[0m [32mjoined thread[0m
[36.374s] [34mcolcon.colcon_core.shell[0m [1;30mINFO[0m Creating prefix script '/home/kaloyan/PycharmProjects/boat_litter_collection/raspberry_ws/install/local_setup.ps1'
[36.380s] [34mcolcon.colcon_core.shell[0m [1;30mINFO[0m Creating prefix util module '/home/kaloyan/PycharmProjects/boat_litter_collection/raspberry_ws/install/_local_setup_util_ps1.py'
[36.388s] [34mcolcon.colcon_core.shell[0m [1;30mINFO[0m Creating prefix chain script '/home/kaloyan/PycharmProjects/boat_litter_collection/raspberry_ws/install/setup.ps1'
[36.696s] [34mcolcon.colcon_core.shell[0m [1;30mINFO[0m Creating prefix script '/home/kaloyan/PycharmProjects/boat_litter_collection/raspberry_ws/install/local_setup.sh'
[36.705s] [34mcolcon.colcon_core.shell[0m [1;30mINFO[0m Creating prefix util module '/home/kaloyan/PycharmProjects/boat_litter_collection/raspberry_ws/install/_local_setup_util_sh.py'
[36.713s] [34mcolcon.colcon_core.shell[0m [1;30mINFO[0m Creating prefix chain script '/home/kaloyan/PycharmProjects/boat_litter_collection/raspberry_ws/install/setup.sh'
[37.256s] [34mcolcon.colcon_core.shell[0m [1;30mINFO[0m Creating prefix script '/home/kaloyan/PycharmProjects/boat_litter_collection/raspberry_ws/install/local_setup.bash'
[37.265s] [34mcolcon.colcon_core.shell[0m [1;30mINFO[0m Creating prefix chain script '/home/kaloyan/PycharmProjects/boat_litter_collection/raspberry_ws/install/setup.bash'
[37.644s] [34mcolcon.colcon_core.shell[0m [1;30mINFO[0m Creating prefix script '/home/kaloyan/PycharmProjects/boat_litter_collection/raspberry_ws/install/local_setup.zsh'
[37.647s] [34mcolcon.colcon_core.shell[0m [1;30mINFO[0m Creating prefix chain script '/home/kaloyan/PycharmProjects/boat_litter_collection/raspberry_ws/install/setup.zsh'
