-- Found ament_cmake: 0.9.12 (/opt/ros/foxy/share/ament_cmake/cmake)
-- Found PythonInterp: /usr/bin/python3 (found suitable version "3.8.10", minimum required is "3") 
-- Using PYTHON_EXECUTABLE: /usr/bin/python3
-- Found ament_lint_auto: 0.9.8 (/opt/ros/foxy/share/ament_lint_auto/cmake)
-- Found geometry_msgs: 2.0.5 (/opt/ros/foxy/share/geometry_msgs/cmake)
-- Using all available rosidl_typesupport_c: rosidl_typesupport_fastrtps_c;rosidl_typesupport_introspection_c
-- Found rosidl_adapter: 1.3.1 (/opt/ros/foxy/share/rosidl_adapter/cmake)
-- Using all available rosidl_typesupport_cpp: rosidl_typesupport_fastrtps_cpp;rosidl_typesupport_introspection_cpp
-- Found rosidl_default_generators: 1.0.1 (/opt/ros/foxy/share/rosidl_default_generators/cmake)
-- Found PythonInterp: /usr/bin/python3 (found version "3.8.10") 
-- Found ament_cmake_ros: 0.9.2 (/opt/ros/foxy/share/ament_cmake_ros/cmake)
-- Using all available rosidl_typesupport_c: rosidl_typesupport_fastrtps_c;rosidl_typesupport_introspection_c
-- Using all available rosidl_typesupport_cpp: rosidl_typesupport_fastrtps_cpp;rosidl_typesupport_introspection_cpp
-- Found PythonInterp: /usr/bin/python3 (found suitable version "3.8.10", minimum required is "3.5") 
-- Found python_cmake_module: 0.8.1 (/opt/ros/foxy/share/python_cmake_module/cmake)
-- Using PYTHON_EXECUTABLE: /usr/bin/python3
-- Using PYTHON_INCLUDE_DIRS: /usr/include/python3.8
-- Using PYTHON_LIBRARIES: /usr/lib/aarch64-linux-gnu/libpython3.8.so
-- Added test 'copyright' to check source files copyright and LICENSE
-- Added test 'lint_cmake' to check CMake code style
-- Added test 'xmllint' to check XML markup files
-- Configuring done
-- Generating done
-- Build files have been written to: /home/jetson/PycharmProjects/boat_litter_collection/jetson_ws/build/custom_msgs
[  2%] [34m[1mGenerating C code for ROS interfaces[0m
[  5%] [34m[1mGenerating C++ code for ROS interfaces[0m
[  5%] Built target custom_msgs__cpp
[  7%] [34m[1mGenerating C++ type support dispatch for ROS interfaces[0m
[ 10%] [34m[1mGenerating C++ introspection for ROS interfaces[0m
[ 12%] [34m[1mGenerating C++ type support for eProsima Fast-RTPS[0m
[35m[1mScanning dependencies of target custom_msgs__rosidl_generator_c[0m
[ 15%] [32mBuilding C object CMakeFiles/custom_msgs__rosidl_generator_c.dir/rosidl_generator_c/custom_msgs/msg/detail/detections__functions.c.o[0m
[ 17%] [32mBuilding C object CMakeFiles/custom_msgs__rosidl_generator_c.dir/rosidl_generator_c/custom_msgs/msg/detail/string_array__functions.c.o[0m
[ 20%] [32m[1mLinking C shared library libcustom_msgs__rosidl_generator_c.so[0m
[ 20%] Built target custom_msgs__rosidl_generator_c
[ 23%] [34m[1mGenerating C type support dispatch for ROS interfaces[0m
[35m[1mScanning dependencies of target custom_msgs__rosidl_typesupport_cpp[0m
[ 25%] [32mBuilding CXX object CMakeFiles/custom_msgs__rosidl_typesupport_cpp.dir/rosidl_typesupport_cpp/custom_msgs/msg/detections__type_support.cpp.o[0m
[35m[1mScanning dependencies of target custom_msgs__rosidl_typesupport_introspection_cpp[0m
[35m[1mScanning dependencies of target custom_msgs__rosidl_typesupport_fastrtps_cpp[0m
[ 28%] [32mBuilding CXX object CMakeFiles/custom_msgs__rosidl_typesupport_introspection_cpp.dir/rosidl_typesupport_introspection_cpp/custom_msgs/msg/detail/detections__type_support.cpp.o[0m
[ 30%] [32mBuilding CXX object CMakeFiles/custom_msgs__rosidl_typesupport_fastrtps_cpp.dir/rosidl_typesupport_fastrtps_cpp/custom_msgs/msg/detail/dds_fastrtps/detections__type_support.cpp.o[0m
[35m[1mScanning dependencies of target custom_msgs__rosidl_typesupport_c[0m
[ 33%] [32mBuilding CXX object CMakeFiles/custom_msgs__rosidl_typesupport_c.dir/rosidl_typesupport_c/custom_msgs/msg/detections__type_support.cpp.o[0m
[ 35%] [32mBuilding CXX object CMakeFiles/custom_msgs__rosidl_typesupport_c.dir/rosidl_typesupport_c/custom_msgs/msg/string_array__type_support.cpp.o[0m
[ 38%] [32mBuilding CXX object CMakeFiles/custom_msgs__rosidl_typesupport_cpp.dir/rosidl_typesupport_cpp/custom_msgs/msg/string_array__type_support.cpp.o[0m
[ 41%] [32m[1mLinking CXX shared library libcustom_msgs__rosidl_typesupport_c.so[0m
[ 41%] Built target custom_msgs__rosidl_typesupport_c
[ 43%] [32mBuilding CXX object CMakeFiles/custom_msgs__rosidl_typesupport_introspection_cpp.dir/rosidl_typesupport_introspection_cpp/custom_msgs/msg/detail/string_array__type_support.cpp.o[0m
[ 46%] [32mBuilding CXX object CMakeFiles/custom_msgs__rosidl_typesupport_fastrtps_cpp.dir/rosidl_typesupport_fastrtps_cpp/custom_msgs/msg/detail/dds_fastrtps/string_array__type_support.cpp.o[0m
[ 48%] [34m[1mGenerating C introspection for ROS interfaces[0m
[ 51%] [32m[1mLinking CXX shared library libcustom_msgs__rosidl_typesupport_cpp.so[0m
[ 51%] Built target custom_msgs__rosidl_typesupport_cpp
[ 53%] [32m[1mLinking CXX shared library libcustom_msgs__rosidl_typesupport_introspection_cpp.so[0m
[ 53%] Built target custom_msgs__rosidl_typesupport_introspection_cpp
[ 56%] [32m[1mLinking CXX shared library libcustom_msgs__rosidl_typesupport_fastrtps_cpp.so[0m
[35m[1mScanning dependencies of target custom_msgs__rosidl_typesupport_introspection_c[0m
[ 56%] Built target custom_msgs__rosidl_typesupport_fastrtps_cpp
[ 58%] [32mBuilding C object CMakeFiles/custom_msgs__rosidl_typesupport_introspection_c.dir/rosidl_typesupport_introspection_c/custom_msgs/msg/detail/detections__type_support.c.o[0m
[ 61%] [32mBuilding C object CMakeFiles/custom_msgs__rosidl_typesupport_introspection_c.dir/rosidl_typesupport_introspection_c/custom_msgs/msg/detail/string_array__type_support.c.o[0m
[ 64%] [34m[1mGenerating C type support for eProsima Fast-RTPS[0m
[ 66%] [32m[1mLinking C shared library libcustom_msgs__rosidl_typesupport_introspection_c.so[0m
[ 66%] Built target custom_msgs__rosidl_typesupport_introspection_c
[35m[1mScanning dependencies of target custom_msgs__rosidl_typesupport_fastrtps_c[0m
[ 71%] [32mBuilding CXX object CMakeFiles/custom_msgs__rosidl_typesupport_fastrtps_c.dir/rosidl_typesupport_fastrtps_c/custom_msgs/msg/detail/detections__type_support_c.cpp.o[0m
[ 71%] [32mBuilding CXX object CMakeFiles/custom_msgs__rosidl_typesupport_fastrtps_c.dir/rosidl_typesupport_fastrtps_c/custom_msgs/msg/detail/string_array__type_support_c.cpp.o[0m
[ 74%] [32m[1mLinking CXX shared library libcustom_msgs__rosidl_typesupport_fastrtps_c.so[0m
[ 74%] Built target custom_msgs__rosidl_typesupport_fastrtps_c
[35m[1mScanning dependencies of target custom_msgs[0m
[ 74%] Built target custom_msgs
[35m[1mScanning dependencies of target custom_msgs__py[0m
[ 76%] [34m[1mGenerating Python code for ROS interfaces[0m
[ 76%] Built target custom_msgs__py
[35m[1mScanning dependencies of target custom_msgs__python[0m
[ 82%] [32mBuilding C object CMakeFiles/custom_msgs__python.dir/rosidl_generator_py/custom_msgs/msg/_detections_s.c.o[0m
[ 82%] [32mBuilding C object CMakeFiles/custom_msgs__python.dir/rosidl_generator_py/custom_msgs/msg/_string_array_s.c.o[0m
[ 84%] [32m[1mLinking C shared library rosidl_generator_py/custom_msgs/libcustom_msgs__python.so[0m
[ 84%] Built target custom_msgs__python
[35m[1mScanning dependencies of target custom_msgs__rosidl_typesupport_introspection_c__pyext[0m
[35m[1mScanning dependencies of target custom_msgs__rosidl_typesupport_c__pyext[0m
[35m[1mScanning dependencies of target custom_msgs__rosidl_typesupport_fastrtps_c__pyext[0m
[ 87%] [32mBuilding C object CMakeFiles/custom_msgs__rosidl_typesupport_c__pyext.dir/rosidl_generator_py/custom_msgs/_custom_msgs_s.ep.rosidl_typesupport_c.c.o[0m
[ 89%] [32mBuilding C object CMakeFiles/custom_msgs__rosidl_typesupport_introspection_c__pyext.dir/rosidl_generator_py/custom_msgs/_custom_msgs_s.ep.rosidl_typesupport_introspection_c.c.o[0m
[ 92%] [32mBuilding C object CMakeFiles/custom_msgs__rosidl_typesupport_fastrtps_c__pyext.dir/rosidl_generator_py/custom_msgs/_custom_msgs_s.ep.rosidl_typesupport_fastrtps_c.c.o[0m
[ 94%] [32m[1mLinking C shared library rosidl_generator_py/custom_msgs/custom_msgs_s__rosidl_typesupport_c.cpython-38-aarch64-linux-gnu.so[0m
[ 97%] [32m[1mLinking C shared library rosidl_generator_py/custom_msgs/custom_msgs_s__rosidl_typesupport_introspection_c.cpython-38-aarch64-linux-gnu.so[0m
[100%] [32m[1mLinking CXX shared library rosidl_generator_py/custom_msgs/custom_msgs_s__rosidl_typesupport_fastrtps_c.cpython-38-aarch64-linux-gnu.so[0m
[100%] Built target custom_msgs__rosidl_typesupport_c__pyext
[100%] Built target custom_msgs__rosidl_typesupport_introspection_c__pyext
[100%] Built target custom_msgs__rosidl_typesupport_fastrtps_c__pyext
-- Install configuration: ""
-- Installing: /home/jetson/PycharmProjects/boat_litter_collection/jetson_ws/install/custom_msgs/share/ament_index/resource_index/rosidl_interfaces/custom_msgs
-- Installing: /home/jetson/PycharmProjects/boat_litter_collection/jetson_ws/install/custom_msgs/include/custom_msgs
-- Installing: /home/jetson/PycharmProjects/boat_litter_collection/jetson_ws/install/custom_msgs/include/custom_msgs/msg
-- Installing: /home/jetson/PycharmProjects/boat_litter_collection/jetson_ws/install/custom_msgs/include/custom_msgs/msg/detail
-- Installing: /home/jetson/PycharmProjects/boat_litter_collection/jetson_ws/install/custom_msgs/include/custom_msgs/msg/detail/string_array__functions.c
-- Installing: /home/jetson/PycharmProjects/boat_litter_collection/jetson_ws/install/custom_msgs/include/custom_msgs/msg/detail/detections__functions.h
-- Installing: /home/jetson/PycharmProjects/boat_litter_collection/jetson_ws/install/custom_msgs/include/custom_msgs/msg/detail/detections__type_support.h
-- Installing: /home/jetson/PycharmProjects/boat_litter_collection/jetson_ws/install/custom_msgs/include/custom_msgs/msg/detail/string_array__functions.h
-- Installing: /home/jetson/PycharmProjects/boat_litter_collection/jetson_ws/install/custom_msgs/include/custom_msgs/msg/detail/string_array__type_support.h
-- Installing: /home/jetson/PycharmProjects/boat_litter_collection/jetson_ws/install/custom_msgs/include/custom_msgs/msg/detail/detections__struct.h
-- Installing: /home/jetson/PycharmProjects/boat_litter_collection/jetson_ws/install/custom_msgs/include/custom_msgs/msg/detail/string_array__struct.h
-- Installing: /home/jetson/PycharmProjects/boat_litter_collection/jetson_ws/install/custom_msgs/include/custom_msgs/msg/detail/detections__functions.c
-- Installing: /home/jetson/PycharmProjects/boat_litter_collection/jetson_ws/install/custom_msgs/include/custom_msgs/msg/detections.h
-- Installing: /home/jetson/PycharmProjects/boat_litter_collection/jetson_ws/install/custom_msgs/include/custom_msgs/msg/string_array.h
-- Installing: /home/jetson/PycharmProjects/boat_litter_collection/jetson_ws/install/custom_msgs/include/custom_msgs/msg/rosidl_generator_c__visibility_control.h
-- Installing: /home/jetson/PycharmProjects/boat_litter_collection/jetson_ws/install/custom_msgs/share/custom_msgs/environment/library_path.sh
-- Installing: /home/jetson/PycharmProjects/boat_litter_collection/jetson_ws/install/custom_msgs/share/custom_msgs/environment/library_path.dsv
-- Installing: /home/jetson/PycharmProjects/boat_litter_collection/jetson_ws/install/custom_msgs/lib/libcustom_msgs__rosidl_generator_c.so
-- Set runtime path of "/home/jetson/PycharmProjects/boat_litter_collection/jetson_ws/install/custom_msgs/lib/libcustom_msgs__rosidl_generator_c.so" to ""
-- Up-to-date: /home/jetson/PycharmProjects/boat_litter_collection/jetson_ws/install/custom_msgs/include/custom_msgs
-- Up-to-date: /home/jetson/PycharmProjects/boat_litter_collection/jetson_ws/install/custom_msgs/include/custom_msgs/msg
-- Up-to-date: /home/jetson/PycharmProjects/boat_litter_collection/jetson_ws/install/custom_msgs/include/custom_msgs/msg/detail
-- Installing: /home/jetson/PycharmProjects/boat_litter_collection/jetson_ws/install/custom_msgs/include/custom_msgs/msg/detail/detections__rosidl_typesupport_fastrtps_c.h
-- Installing: /home/jetson/PycharmProjects/boat_litter_collection/jetson_ws/install/custom_msgs/include/custom_msgs/msg/detail/string_array__rosidl_typesupport_fastrtps_c.h
-- Installing: /home/jetson/PycharmProjects/boat_litter_collection/jetson_ws/install/custom_msgs/include/custom_msgs/msg/rosidl_typesupport_fastrtps_c__visibility_control.h
-- Installing: /home/jetson/PycharmProjects/boat_litter_collection/jetson_ws/install/custom_msgs/lib/libcustom_msgs__rosidl_typesupport_fastrtps_c.so
-- Set runtime path of "/home/jetson/PycharmProjects/boat_litter_collection/jetson_ws/install/custom_msgs/lib/libcustom_msgs__rosidl_typesupport_fastrtps_c.so" to ""
-- Up-to-date: /home/jetson/PycharmProjects/boat_litter_collection/jetson_ws/install/custom_msgs/include/custom_msgs
-- Up-to-date: /home/jetson/PycharmProjects/boat_litter_collection/jetson_ws/install/custom_msgs/include/custom_msgs/msg
-- Up-to-date: /home/jetson/PycharmProjects/boat_litter_collection/jetson_ws/install/custom_msgs/include/custom_msgs/msg/detail
-- Installing: /home/jetson/PycharmProjects/boat_litter_collection/jetson_ws/install/custom_msgs/include/custom_msgs/msg/detail/string_array__rosidl_typesupport_fastrtps_cpp.hpp
-- Installing: /home/jetson/PycharmProjects/boat_litter_collection/jetson_ws/install/custom_msgs/include/custom_msgs/msg/detail/detections__rosidl_typesupport_fastrtps_cpp.hpp
-- Installing: /home/jetson/PycharmProjects/boat_litter_collection/jetson_ws/install/custom_msgs/include/custom_msgs/msg/detail/dds_fastrtps
-- Installing: /home/jetson/PycharmProjects/boat_litter_collection/jetson_ws/install/custom_msgs/include/custom_msgs/msg/rosidl_typesupport_fastrtps_cpp__visibility_control.h
-- Installing: /home/jetson/PycharmProjects/boat_litter_collection/jetson_ws/install/custom_msgs/lib/libcustom_msgs__rosidl_typesupport_fastrtps_cpp.so
-- Set runtime path of "/home/jetson/PycharmProjects/boat_litter_collection/jetson_ws/install/custom_msgs/lib/libcustom_msgs__rosidl_typesupport_fastrtps_cpp.so" to ""
-- Up-to-date: /home/jetson/PycharmProjects/boat_litter_collection/jetson_ws/install/custom_msgs/include/custom_msgs
-- Up-to-date: /home/jetson/PycharmProjects/boat_litter_collection/jetson_ws/install/custom_msgs/include/custom_msgs/msg
-- Up-to-date: /home/jetson/PycharmProjects/boat_litter_collection/jetson_ws/install/custom_msgs/include/custom_msgs/msg/detail
-- Installing: /home/jetson/PycharmProjects/boat_litter_collection/jetson_ws/install/custom_msgs/include/custom_msgs/msg/detail/string_array__rosidl_typesupport_introspection_c.h
-- Installing: /home/jetson/PycharmProjects/boat_litter_collection/jetson_ws/install/custom_msgs/include/custom_msgs/msg/detail/detections__type_support.c
-- Installing: /home/jetson/PycharmProjects/boat_litter_collection/jetson_ws/install/custom_msgs/include/custom_msgs/msg/detail/detections__rosidl_typesupport_introspection_c.h
-- Installing: /home/jetson/PycharmProjects/boat_litter_collection/jetson_ws/install/custom_msgs/include/custom_msgs/msg/detail/string_array__type_support.c
-- Installing: /home/jetson/PycharmProjects/boat_litter_collection/jetson_ws/install/custom_msgs/include/custom_msgs/msg/rosidl_typesupport_introspection_c__visibility_control.h
-- Installing: /home/jetson/PycharmProjects/boat_litter_collection/jetson_ws/install/custom_msgs/lib/libcustom_msgs__rosidl_typesupport_introspection_c.so
-- Set runtime path of "/home/jetson/PycharmProjects/boat_litter_collection/jetson_ws/install/custom_msgs/lib/libcustom_msgs__rosidl_typesupport_introspection_c.so" to ""
-- Installing: /home/jetson/PycharmProjects/boat_litter_collection/jetson_ws/install/custom_msgs/lib/libcustom_msgs__rosidl_typesupport_c.so
-- Set runtime path of "/home/jetson/PycharmProjects/boat_litter_collection/jetson_ws/install/custom_msgs/lib/libcustom_msgs__rosidl_typesupport_c.so" to ""
-- Up-to-date: /home/jetson/PycharmProjects/boat_litter_collection/jetson_ws/install/custom_msgs/include/custom_msgs
-- Up-to-date: /home/jetson/PycharmProjects/boat_litter_collection/jetson_ws/install/custom_msgs/include/custom_msgs/msg
-- Up-to-date: /home/jetson/PycharmProjects/boat_litter_collection/jetson_ws/install/custom_msgs/include/custom_msgs/msg/detail
-- Installing: /home/jetson/PycharmProjects/boat_litter_collection/jetson_ws/install/custom_msgs/include/custom_msgs/msg/detail/detections__builder.hpp
-- Installing: /home/jetson/PycharmProjects/boat_litter_collection/jetson_ws/install/custom_msgs/include/custom_msgs/msg/detail/detections__struct.hpp
-- Installing: /home/jetson/PycharmProjects/boat_litter_collection/jetson_ws/install/custom_msgs/include/custom_msgs/msg/detail/detections__type_support.hpp
-- Installing: /home/jetson/PycharmProjects/boat_litter_collection/jetson_ws/install/custom_msgs/include/custom_msgs/msg/detail/detections__traits.hpp
-- Installing: /home/jetson/PycharmProjects/boat_litter_collection/jetson_ws/install/custom_msgs/include/custom_msgs/msg/detail/string_array__struct.hpp
-- Installing: /home/jetson/PycharmProjects/boat_litter_collection/jetson_ws/install/custom_msgs/include/custom_msgs/msg/detail/string_array__type_support.hpp
-- Installing: /home/jetson/PycharmProjects/boat_litter_collection/jetson_ws/install/custom_msgs/include/custom_msgs/msg/detail/string_array__traits.hpp
-- Installing: /home/jetson/PycharmProjects/boat_litter_collection/jetson_ws/install/custom_msgs/include/custom_msgs/msg/detail/string_array__builder.hpp
-- Installing: /home/jetson/PycharmProjects/boat_litter_collection/jetson_ws/install/custom_msgs/include/custom_msgs/msg/string_array.hpp
-- Installing: /home/jetson/PycharmProjects/boat_litter_collection/jetson_ws/install/custom_msgs/include/custom_msgs/msg/detections.hpp
-- Installing: /home/jetson/PycharmProjects/boat_litter_collection/jetson_ws/install/custom_msgs/include/custom_msgs/msg/rosidl_generator_cpp__visibility_control.hpp
-- Up-to-date: /home/jetson/PycharmProjects/boat_litter_collection/jetson_ws/install/custom_msgs/include/custom_msgs
-- Up-to-date: /home/jetson/PycharmProjects/boat_litter_collection/jetson_ws/install/custom_msgs/include/custom_msgs/msg
-- Up-to-date: /home/jetson/PycharmProjects/boat_litter_collection/jetson_ws/install/custom_msgs/include/custom_msgs/msg/detail
-- Installing: /home/jetson/PycharmProjects/boat_litter_collection/jetson_ws/install/custom_msgs/include/custom_msgs/msg/detail/string_array__rosidl_typesupport_introspection_cpp.hpp
-- Installing: /home/jetson/PycharmProjects/boat_litter_collection/jetson_ws/install/custom_msgs/include/custom_msgs/msg/detail/detections__rosidl_typesupport_introspection_cpp.hpp
-- Installing: /home/jetson/PycharmProjects/boat_litter_collection/jetson_ws/install/custom_msgs/include/custom_msgs/msg/detail/detections__type_support.cpp
-- Installing: /home/jetson/PycharmProjects/boat_litter_collection/jetson_ws/install/custom_msgs/include/custom_msgs/msg/detail/string_array__type_support.cpp
-- Installing: /home/jetson/PycharmProjects/boat_litter_collection/jetson_ws/install/custom_msgs/lib/libcustom_msgs__rosidl_typesupport_introspection_cpp.so
-- Set runtime path of "/home/jetson/PycharmProjects/boat_litter_collection/jetson_ws/install/custom_msgs/lib/libcustom_msgs__rosidl_typesupport_introspection_cpp.so" to ""
-- Installing: /home/jetson/PycharmProjects/boat_litter_collection/jetson_ws/install/custom_msgs/lib/libcustom_msgs__rosidl_typesupport_cpp.so
-- Set runtime path of "/home/jetson/PycharmProjects/boat_litter_collection/jetson_ws/install/custom_msgs/lib/libcustom_msgs__rosidl_typesupport_cpp.so" to ""
-- Installing: /home/jetson/PycharmProjects/boat_litter_collection/jetson_ws/install/custom_msgs/share/custom_msgs/environment/pythonpath.sh
-- Installing: /home/jetson/PycharmProjects/boat_litter_collection/jetson_ws/install/custom_msgs/share/custom_msgs/environment/pythonpath.dsv
-- Installing: /home/jetson/PycharmProjects/boat_litter_collection/jetson_ws/install/custom_msgs/lib/python3.8/site-packages/custom_msgs/__init__.py
Compiling '/home/jetson/PycharmProjects/boat_litter_collection/jetson_ws/install/custom_msgs/lib/python3.8/site-packages/custom_msgs/__init__.py'...
-- Installing: /home/jetson/PycharmProjects/boat_litter_collection/jetson_ws/install/custom_msgs/lib/python3.8/site-packages/custom_msgs/msg
-- Installing: /home/jetson/PycharmProjects/boat_litter_collection/jetson_ws/install/custom_msgs/lib/python3.8/site-packages/custom_msgs/msg/_detections_s.c
-- Installing: /home/jetson/PycharmProjects/boat_litter_collection/jetson_ws/install/custom_msgs/lib/python3.8/site-packages/custom_msgs/msg/_string_array.py
-- Installing: /home/jetson/PycharmProjects/boat_litter_collection/jetson_ws/install/custom_msgs/lib/python3.8/site-packages/custom_msgs/msg/_string_array_s.c
-- Installing: /home/jetson/PycharmProjects/boat_litter_collection/jetson_ws/install/custom_msgs/lib/python3.8/site-packages/custom_msgs/msg/__init__.py
-- Installing: /home/jetson/PycharmProjects/boat_litter_collection/jetson_ws/install/custom_msgs/lib/python3.8/site-packages/custom_msgs/msg/_detections.py
-- Installing: /home/jetson/PycharmProjects/boat_litter_collection/jetson_ws/install/custom_msgs/lib/python3.8/site-packages/custom_msgs/custom_msgs_s__rosidl_typesupport_fastrtps_c.cpython-38-aarch64-linux-gnu.so
-- Set runtime path of "/home/jetson/PycharmProjects/boat_litter_collection/jetson_ws/install/custom_msgs/lib/python3.8/site-packages/custom_msgs/custom_msgs_s__rosidl_typesupport_fastrtps_c.cpython-38-aarch64-linux-gnu.so" to ""
-- Installing: /home/jetson/PycharmProjects/boat_litter_collection/jetson_ws/install/custom_msgs/lib/python3.8/site-packages/custom_msgs/custom_msgs_s__rosidl_typesupport_introspection_c.cpython-38-aarch64-linux-gnu.so
-- Set runtime path of "/home/jetson/PycharmProjects/boat_litter_collection/jetson_ws/install/custom_msgs/lib/python3.8/site-packages/custom_msgs/custom_msgs_s__rosidl_typesupport_introspection_c.cpython-38-aarch64-linux-gnu.so" to ""
-- Installing: /home/jetson/PycharmProjects/boat_litter_collection/jetson_ws/install/custom_msgs/lib/python3.8/site-packages/custom_msgs/custom_msgs_s__rosidl_typesupport_c.cpython-38-aarch64-linux-gnu.so
-- Set runtime path of "/home/jetson/PycharmProjects/boat_litter_collection/jetson_ws/install/custom_msgs/lib/python3.8/site-packages/custom_msgs/custom_msgs_s__rosidl_typesupport_c.cpython-38-aarch64-linux-gnu.so" to ""
-- Installing: /home/jetson/PycharmProjects/boat_litter_collection/jetson_ws/install/custom_msgs/lib/libcustom_msgs__python.so
-- Set runtime path of "/home/jetson/PycharmProjects/boat_litter_collection/jetson_ws/install/custom_msgs/lib/libcustom_msgs__python.so" to ""
-- Installing: /home/jetson/PycharmProjects/boat_litter_collection/jetson_ws/install/custom_msgs/share/custom_msgs/msg/Detections.idl
-- Installing: /home/jetson/PycharmProjects/boat_litter_collection/jetson_ws/install/custom_msgs/share/custom_msgs/msg/StringArray.idl
-- Installing: /home/jetson/PycharmProjects/boat_litter_collection/jetson_ws/install/custom_msgs/share/custom_msgs/msg/Detections.msg
-- Installing: /home/jetson/PycharmProjects/boat_litter_collection/jetson_ws/install/custom_msgs/share/custom_msgs/msg/StringArray.msg
-- Installing: /home/jetson/PycharmProjects/boat_litter_collection/jetson_ws/install/custom_msgs/share/ament_index/resource_index/package_run_dependencies/custom_msgs
-- Installing: /home/jetson/PycharmProjects/boat_litter_collection/jetson_ws/install/custom_msgs/share/ament_index/resource_index/parent_prefix_path/custom_msgs
-- Installing: /home/jetson/PycharmProjects/boat_litter_collection/jetson_ws/install/custom_msgs/share/custom_msgs/environment/ament_prefix_path.sh
-- Installing: /home/jetson/PycharmProjects/boat_litter_collection/jetson_ws/install/custom_msgs/share/custom_msgs/environment/ament_prefix_path.dsv
-- Installing: /home/jetson/PycharmProjects/boat_litter_collection/jetson_ws/install/custom_msgs/share/custom_msgs/environment/path.sh
-- Installing: /home/jetson/PycharmProjects/boat_litter_collection/jetson_ws/install/custom_msgs/share/custom_msgs/environment/path.dsv
-- Installing: /home/jetson/PycharmProjects/boat_litter_collection/jetson_ws/install/custom_msgs/share/custom_msgs/local_setup.bash
-- Installing: /home/jetson/PycharmProjects/boat_litter_collection/jetson_ws/install/custom_msgs/share/custom_msgs/local_setup.sh
-- Installing: /home/jetson/PycharmProjects/boat_litter_collection/jetson_ws/install/custom_msgs/share/custom_msgs/local_setup.zsh
-- Installing: /home/jetson/PycharmProjects/boat_litter_collection/jetson_ws/install/custom_msgs/share/custom_msgs/local_setup.dsv
-- Installing: /home/jetson/PycharmProjects/boat_litter_collection/jetson_ws/install/custom_msgs/share/custom_msgs/package.dsv
-- Installing: /home/jetson/PycharmProjects/boat_litter_collection/jetson_ws/install/custom_msgs/share/ament_index/resource_index/packages/custom_msgs
-- Installing: /home/jetson/PycharmProjects/boat_litter_collection/jetson_ws/install/custom_msgs/share/custom_msgs/cmake/custom_msgs__rosidl_generator_cExport.cmake
-- Installing: /home/jetson/PycharmProjects/boat_litter_collection/jetson_ws/install/custom_msgs/share/custom_msgs/cmake/custom_msgs__rosidl_generator_cExport-noconfig.cmake
-- Installing: /home/jetson/PycharmProjects/boat_litter_collection/jetson_ws/install/custom_msgs/share/custom_msgs/cmake/custom_msgs__rosidl_typesupport_introspection_cExport.cmake
-- Installing: /home/jetson/PycharmProjects/boat_litter_collection/jetson_ws/install/custom_msgs/share/custom_msgs/cmake/custom_msgs__rosidl_typesupport_introspection_cExport-noconfig.cmake
-- Installing: /home/jetson/PycharmProjects/boat_litter_collection/jetson_ws/install/custom_msgs/share/custom_msgs/cmake/custom_msgs__rosidl_typesupport_cExport.cmake
-- Installing: /home/jetson/PycharmProjects/boat_litter_collection/jetson_ws/install/custom_msgs/share/custom_msgs/cmake/custom_msgs__rosidl_typesupport_cExport-noconfig.cmake
-- Installing: /home/jetson/PycharmProjects/boat_litter_collection/jetson_ws/install/custom_msgs/share/custom_msgs/cmake/custom_msgs__rosidl_generator_cppExport.cmake
-- Installing: /home/jetson/PycharmProjects/boat_litter_collection/jetson_ws/install/custom_msgs/share/custom_msgs/cmake/custom_msgs__rosidl_typesupport_introspection_cppExport.cmake
-- Installing: /home/jetson/PycharmProjects/boat_litter_collection/jetson_ws/install/custom_msgs/share/custom_msgs/cmake/custom_msgs__rosidl_typesupport_introspection_cppExport-noconfig.cmake
-- Installing: /home/jetson/PycharmProjects/boat_litter_collection/jetson_ws/install/custom_msgs/share/custom_msgs/cmake/custom_msgs__rosidl_typesupport_cppExport.cmake
-- Installing: /home/jetson/PycharmProjects/boat_litter_collection/jetson_ws/install/custom_msgs/share/custom_msgs/cmake/custom_msgs__rosidl_typesupport_cppExport-noconfig.cmake
-- Installing: /home/jetson/PycharmProjects/boat_litter_collection/jetson_ws/install/custom_msgs/share/custom_msgs/cmake/rosidl_cmake-extras.cmake
-- Installing: /home/jetson/PycharmProjects/boat_litter_collection/jetson_ws/install/custom_msgs/share/custom_msgs/cmake/ament_cmake_export_dependencies-extras.cmake
-- Installing: /home/jetson/PycharmProjects/boat_litter_collection/jetson_ws/install/custom_msgs/share/custom_msgs/cmake/ament_cmake_export_libraries-extras.cmake
-- Installing: /home/jetson/PycharmProjects/boat_litter_collection/jetson_ws/install/custom_msgs/share/custom_msgs/cmake/ament_cmake_export_targets-extras.cmake
-- Installing: /home/jetson/PycharmProjects/boat_litter_collection/jetson_ws/install/custom_msgs/share/custom_msgs/cmake/ament_cmake_export_include_directories-extras.cmake
-- Installing: /home/jetson/PycharmProjects/boat_litter_collection/jetson_ws/install/custom_msgs/share/custom_msgs/cmake/rosidl_cmake_export_typesupport_libraries-extras.cmake
-- Installing: /home/jetson/PycharmProjects/boat_litter_collection/jetson_ws/install/custom_msgs/share/custom_msgs/cmake/rosidl_cmake_export_typesupport_targets-extras.cmake
-- Installing: /home/jetson/PycharmProjects/boat_litter_collection/jetson_ws/install/custom_msgs/share/custom_msgs/cmake/custom_msgsConfig.cmake
-- Installing: /home/jetson/PycharmProjects/boat_litter_collection/jetson_ws/install/custom_msgs/share/custom_msgs/cmake/custom_msgsConfig-version.cmake
-- Installing: /home/jetson/PycharmProjects/boat_litter_collection/jetson_ws/install/custom_msgs/share/custom_msgs/package.xml
