[5.505s] [34mcolcon[0m [1;30mDEBUG[0m [32mCommand line arguments: ['/usr/bin/colcon', 'build', '--symlink-install'][0m
[5.505s] [34mcolcon[0m [1;30mDEBUG[0m [32mParsed command line arguments: Namespace(log_base=None, log_level=None, verb_name='build', build_base='build', install_base='install', merge_install=False, symlink_install=True, test_result_base=None, continue_on_error=False, executor='parallel', parallel_workers=4, event_handlers=None, ignore_user_meta=False, metas=['./colcon.meta'], base_paths=['.'], packages_ignore=None, packages_ignore_regex=None, paths=None, packages_up_to=None, packages_up_to_regex=None, packages_above=None, packages_above_and_dependencies=None, packages_above_depth=None, packages_select_by_dep=None, packages_skip_by_dep=None, packages_skip_up_to=None, packages_select_build_failed=False, packages_skip_build_finished=False, packages_select_test_failures=False, packages_skip_test_passed=False, packages_select=None, packages_skip=None, packages_select_regex=None, packages_skip_regex=None, packages_start=None, packages_end=None, allow_overriding=[], cmake_args=None, cmake_target=None, cmake_target_skip_unavailable=False, cmake_clean_cache=False, cmake_clean_first=False, cmake_force_configure=False, ament_cmake_args=None, catkin_cmake_args=None, catkin_skip_building_tests=False, verb_parser=<colcon_defaults.argument_parser.defaults.DefaultArgumentsDecorator object at 0xffff9ae7f9d0>, verb_extension=<colcon_core.verb.build.BuildVerb object at 0xffff9b34cd00>, main=<bound method BuildVerb.main of <colcon_core.verb.build.BuildVerb object at 0xffff9b34cd00>>)[0m
[5.757s] [34mcolcon.colcon_core.package_discovery[0m [1;30mLevel 1[0m discover_packages(colcon_meta) check parameters
[5.757s] [34mcolcon.colcon_core.package_discovery[0m [1;30mLevel 1[0m discover_packages(recursive) check parameters
[5.758s] [34mcolcon.colcon_core.package_discovery[0m [1;30mLevel 1[0m discover_packages(ignore) check parameters
[5.758s] [34mcolcon.colcon_core.package_discovery[0m [1;30mLevel 1[0m discover_packages(path) check parameters
[5.758s] [34mcolcon.colcon_core.package_discovery[0m [1;30mLevel 1[0m discover_packages(colcon_meta) discover
[5.759s] [34mcolcon.colcon_core.package_discovery[0m [1;30mLevel 1[0m discover_packages(recursive) discover
[5.759s] [34mcolcon.colcon_core.package_discovery[0m [1;30mINFO[0m Crawling recursively for packages in '/home/kaloyan/PycharmProjects/boat_litter_collection/raspberry_ws'
[5.760s] [34mcolcon.colcon_core.package_identification[0m [1;30mLevel 1[0m _identify(.) by extensions ['ignore', 'ignore_ament_install']
[5.760s] [34mcolcon.colcon_core.package_identification[0m [1;30mLevel 1[0m _identify(.) by extension 'ignore'
[5.761s] [34mcolcon.colcon_core.package_identification[0m [1;30mLevel 1[0m _identify(.) by extension 'ignore_ament_install'
[5.761s] [34mcolcon.colcon_core.package_identification[0m [1;30mLevel 1[0m _identify(.) by extensions ['colcon_pkg']
[5.762s] [34mcolcon.colcon_core.package_identification[0m [1;30mLevel 1[0m _identify(.) by extension 'colcon_pkg'
[5.762s] [34mcolcon.colcon_core.package_identification[0m [1;30mLevel 1[0m _identify(.) by extensions ['colcon_meta']
[5.762s] [34mcolcon.colcon_core.package_identification[0m [1;30mLevel 1[0m _identify(.) by extension 'colcon_meta'
[5.763s] [34mcolcon.colcon_core.package_identification[0m [1;30mLevel 1[0m _identify(.) by extensions ['ros']
[5.763s] [34mcolcon.colcon_core.package_identification[0m [1;30mLevel 1[0m _identify(.) by extension 'ros'
[5.830s] [34mcolcon.colcon_core.package_identification[0m [1;30mLevel 1[0m _identify(.) by extensions ['cmake', 'python']
[5.830s] [34mcolcon.colcon_core.package_identification[0m [1;30mLevel 1[0m _identify(.) by extension 'cmake'
[5.830s] [34mcolcon.colcon_core.package_identification[0m [1;30mLevel 1[0m _identify(.) by extension 'python'
[5.831s] [34mcolcon.colcon_core.package_identification[0m [1;30mLevel 1[0m _identify(.) by extensions ['python_setup_py']
[5.831s] [34mcolcon.colcon_core.package_identification[0m [1;30mLevel 1[0m _identify(.) by extension 'python_setup_py'
[5.832s] [34mcolcon.colcon_core.package_identification[0m [1;30mLevel 1[0m _identify(build) by extensions ['ignore', 'ignore_ament_install']
[5.833s] [34mcolcon.colcon_core.package_identification[0m [1;30mLevel 1[0m _identify(build) by extension 'ignore'
[5.833s] [34mcolcon.colcon_core.package_identification[0m [1;30mLevel 1[0m _identify(build) ignored
[5.834s] [34mcolcon.colcon_core.package_identification[0m [1;30mLevel 1[0m _identify(install) by extensions ['ignore', 'ignore_ament_install']
[5.835s] [34mcolcon.colcon_core.package_identification[0m [1;30mLevel 1[0m _identify(install) by extension 'ignore'
[5.835s] [34mcolcon.colcon_core.package_identification[0m [1;30mLevel 1[0m _identify(install) ignored
[5.836s] [34mcolcon.colcon_core.package_identification[0m [1;30mLevel 1[0m _identify(log) by extensions ['ignore', 'ignore_ament_install']
[5.837s] [34mcolcon.colcon_core.package_identification[0m [1;30mLevel 1[0m _identify(log) by extension 'ignore'
[5.837s] [34mcolcon.colcon_core.package_identification[0m [1;30mLevel 1[0m _identify(log) ignored
[5.838s] [34mcolcon.colcon_core.package_identification[0m [1;30mLevel 1[0m _identify(src) by extensions ['ignore', 'ignore_ament_install']
[5.839s] [34mcolcon.colcon_core.package_identification[0m [1;30mLevel 1[0m _identify(src) by extension 'ignore'
[5.839s] [34mcolcon.colcon_core.package_identification[0m [1;30mLevel 1[0m _identify(src) by extension 'ignore_ament_install'
[5.840s] [34mcolcon.colcon_core.package_identification[0m [1;30mLevel 1[0m _identify(src) by extensions ['colcon_pkg']
[5.840s] [34mcolcon.colcon_core.package_identification[0m [1;30mLevel 1[0m _identify(src) by extension 'colcon_pkg'
[5.840s] [34mcolcon.colcon_core.package_identification[0m [1;30mLevel 1[0m _identify(src) by extensions ['colcon_meta']
[5.841s] [34mcolcon.colcon_core.package_identification[0m [1;30mLevel 1[0m _identify(src) by extension 'colcon_meta'
[5.841s] [34mcolcon.colcon_core.package_identification[0m [1;30mLevel 1[0m _identify(src) by extensions ['ros']
[5.842s] [34mcolcon.colcon_core.package_identification[0m [1;30mLevel 1[0m _identify(src) by extension 'ros'
[5.842s] [34mcolcon.colcon_core.package_identification[0m [1;30mLevel 1[0m _identify(src) by extensions ['cmake', 'python']
[5.843s] [34mcolcon.colcon_core.package_identification[0m [1;30mLevel 1[0m _identify(src) by extension 'cmake'
[5.843s] [34mcolcon.colcon_core.package_identification[0m [1;30mLevel 1[0m _identify(src) by extension 'python'
[5.844s] [34mcolcon.colcon_core.package_identification[0m [1;30mLevel 1[0m _identify(src) by extensions ['python_setup_py']
[5.844s] [34mcolcon.colcon_core.package_identification[0m [1;30mLevel 1[0m _identify(src) by extension 'python_setup_py'
[5.845s] [34mcolcon.colcon_core.package_identification[0m [1;30mLevel 1[0m _identify(src/central) by extensions ['ignore', 'ignore_ament_install']
[5.847s] [34mcolcon.colcon_core.package_identification[0m [1;30mLevel 1[0m _identify(src/central) by extension 'ignore'
[5.847s] [34mcolcon.colcon_core.package_identification[0m [1;30mLevel 1[0m _identify(src/central) by extension 'ignore_ament_install'
[5.848s] [34mcolcon.colcon_core.package_identification[0m [1;30mLevel 1[0m _identify(src/central) by extensions ['colcon_pkg']
[5.849s] [34mcolcon.colcon_core.package_identification[0m [1;30mLevel 1[0m _identify(src/central) by extension 'colcon_pkg'
[5.849s] [34mcolcon.colcon_core.package_identification[0m [1;30mLevel 1[0m _identify(src/central) by extensions ['colcon_meta']
[5.850s] [34mcolcon.colcon_core.package_identification[0m [1;30mLevel 1[0m _identify(src/central) by extension 'colcon_meta'
[5.851s] [34mcolcon.colcon_core.package_identification[0m [1;30mLevel 1[0m _identify(src/central) by extensions ['ros']
[5.851s] [34mcolcon.colcon_core.package_identification[0m [1;30mLevel 1[0m _identify(src/central) by extension 'ros'
[5.869s] [34mcolcon.colcon_core.package_identification[0m [1;30mDEBUG[0m [32mPackage 'src/central' with type 'ros.ament_python' and name 'central'[0m
[5.870s] [34mcolcon.colcon_core.package_discovery[0m [1;30mLevel 1[0m discover_packages(recursive) using defaults
[5.871s] [34mcolcon.colcon_core.package_discovery[0m [1;30mLevel 1[0m discover_packages(ignore) discover
[5.871s] [34mcolcon.colcon_core.package_discovery[0m [1;30mLevel 1[0m discover_packages(ignore) using defaults
[5.871s] [34mcolcon.colcon_core.package_discovery[0m [1;30mLevel 1[0m discover_packages(path) discover
[5.871s] [34mcolcon.colcon_core.package_discovery[0m [1;30mLevel 1[0m discover_packages(path) using defaults
[6.404s] [34mcolcon.colcon_core.package_discovery[0m [1;30mLevel 1[0m discover_packages(prefix_path) check parameters
[6.404s] [34mcolcon.colcon_core.package_discovery[0m [1;30mLevel 1[0m discover_packages(prefix_path) discover
[6.582s] [34mcolcon.colcon_installed_package_information.package_discovery[0m [1;30mDEBUG[0m [32mFound 281 installed packages in /opt/ros/iron[0m
[6.588s] [34mcolcon.colcon_core.package_discovery[0m [1;30mLevel 1[0m discover_packages(prefix_path) using defaults
[7.034s] [34mcolcon.colcon_core.verb[0m [1;30mLevel 5[0m set package 'central' build argument 'cmake_args' from command line to 'None'
[7.035s] [34mcolcon.colcon_core.verb[0m [1;30mLevel 5[0m set package 'central' build argument 'cmake_target' from command line to 'None'
[7.035s] [34mcolcon.colcon_core.verb[0m [1;30mLevel 5[0m set package 'central' build argument 'cmake_target_skip_unavailable' from command line to 'False'
[7.035s] [34mcolcon.colcon_core.verb[0m [1;30mLevel 5[0m set package 'central' build argument 'cmake_clean_cache' from command line to 'False'
[7.035s] [34mcolcon.colcon_core.verb[0m [1;30mLevel 5[0m set package 'central' build argument 'cmake_clean_first' from command line to 'False'
[7.035s] [34mcolcon.colcon_core.verb[0m [1;30mLevel 5[0m set package 'central' build argument 'cmake_force_configure' from command line to 'False'
[7.035s] [34mcolcon.colcon_core.verb[0m [1;30mLevel 5[0m set package 'central' build argument 'ament_cmake_args' from command line to 'None'
[7.035s] [34mcolcon.colcon_core.verb[0m [1;30mLevel 5[0m set package 'central' build argument 'catkin_cmake_args' from command line to 'None'
[7.036s] [34mcolcon.colcon_core.verb[0m [1;30mLevel 5[0m set package 'central' build argument 'catkin_skip_building_tests' from command line to 'False'
[7.036s] [34mcolcon.colcon_core.verb[0m [1;30mDEBUG[0m [32mBuilding package 'central' with the following arguments: {'ament_cmake_args': None, 'build_base': '/home/kaloyan/PycharmProjects/boat_litter_collection/raspberry_ws/build/central', 'catkin_cmake_args': None, 'catkin_skip_building_tests': False, 'cmake_args': None, 'cmake_clean_cache': False, 'cmake_clean_first': False, 'cmake_force_configure': False, 'cmake_target': None, 'cmake_target_skip_unavailable': False, 'install_base': '/home/kaloyan/PycharmProjects/boat_litter_collection/raspberry_ws/install/central', 'merge_install': False, 'path': '/home/kaloyan/PycharmProjects/boat_litter_collection/raspberry_ws/src/central', 'symlink_install': True, 'test_result_base': None}[0m
[7.118s] [34mcolcon.colcon_core.executor[0m [1;30mINFO[0m Executing jobs using 'parallel' executor
[7.207s] [34mcolcon.colcon_parallel_executor.executor.parallel[0m [1;30mDEBUG[0m [32mrun_until_complete[0m
[7.208s] [34mcolcon.colcon_ros.task.ament_python.build[0m [1;30mINFO[0m Building ROS package in '/home/kaloyan/PycharmProjects/boat_litter_collection/raspberry_ws/src/central' with build type 'ament_python'
[7.209s] [34mcolcon.colcon_core.shell[0m [1;30mLevel 1[0m create_environment_hook('central', 'ament_prefix_path')
[7.305s] [34mcolcon.colcon_core.plugin_system[0m [1;30mINFO[0m Skipping extension 'colcon_core.shell.bat': Not used on non-Windows systems
[7.306s] [34mcolcon.colcon_core.shell[0m [1;30mINFO[0m Creating environment hook '/home/kaloyan/PycharmProjects/boat_litter_collection/raspberry_ws/install/central/share/central/hook/ament_prefix_path.ps1'
[7.309s] [34mcolcon.colcon_core.shell[0m [1;30mINFO[0m Creating environment descriptor '/home/kaloyan/PycharmProjects/boat_litter_collection/raspberry_ws/install/central/share/central/hook/ament_prefix_path.dsv'
[7.311s] [34mcolcon.colcon_core.shell[0m [1;30mINFO[0m Creating environment hook '/home/kaloyan/PycharmProjects/boat_litter_collection/raspberry_ws/install/central/share/central/hook/ament_prefix_path.sh'
[7.457s] [34mcolcon.colcon_core.shell[0m [1;30mINFO[0m Skip shell extension 'powershell' for command environment: Not usable outside of PowerShell
[7.458s] [34mcolcon.colcon_core.shell[0m [1;30mDEBUG[0m [32mSkip shell extension 'dsv' for command environment[0m
[9.196s] [34mcolcon.colcon_core.task.python.build[0m [1;30mINFO[0m Building Python package in '/home/kaloyan/PycharmProjects/boat_litter_collection/raspberry_ws/src/central'
[9.293s] [34mcolcon.colcon_core.shell[0m [1;30mINFO[0m Skip shell extension 'powershell' for command environment: Not usable outside of PowerShell
[9.294s] [34mcolcon.colcon_core.shell[0m [1;30mDEBUG[0m [32mSkip shell extension 'dsv' for command environment[0m
[11.678s] [34mcolcon.colcon_core.event_handler.log_command[0m [1;30mDEBUG[0m [32mInvoking command in '/home/kaloyan/PycharmProjects/boat_litter_collection/raspberry_ws/build/central': PYTHONPATH=/home/kaloyan/PycharmProjects/boat_litter_collection/raspberry_ws/build/central/prefix_override:/home/kaloyan/PycharmProjects/boat_litter_collection/raspberry_ws/install/central/lib/python3.10/site-packages:${PYTHONPATH} /usr/bin/python3 setup.py develop --editable --build-directory /home/kaloyan/PycharmProjects/boat_litter_collection/raspberry_ws/build/central/build --no-deps install_data[0m
[14.651s] [34mcolcon.colcon_core.shell[0m [1;30mLevel 1[0m create_environment_hook('central', 'pythonpath_develop')
[14.663s] [34mcolcon.colcon_core.event_handler.log_command[0m [1;30mDEBUG[0m [32mInvoked command in '/home/kaloyan/PycharmProjects/boat_litter_collection/raspberry_ws/build/central' returned '0': PYTHONPATH=/home/kaloyan/PycharmProjects/boat_litter_collection/raspberry_ws/build/central/prefix_override:/home/kaloyan/PycharmProjects/boat_litter_collection/raspberry_ws/install/central/lib/python3.10/site-packages:${PYTHONPATH} /usr/bin/python3 setup.py develop --editable --build-directory /home/kaloyan/PycharmProjects/boat_litter_collection/raspberry_ws/build/central/build --no-deps install_data[0m
[14.761s] [34mcolcon.colcon_core.shell[0m [1;30mINFO[0m Creating environment hook '/home/kaloyan/PycharmProjects/boat_litter_collection/raspberry_ws/build/central/share/central/hook/pythonpath_develop.ps1'
[14.764s] [34mcolcon.colcon_core.shell[0m [1;30mINFO[0m Creating environment descriptor '/home/kaloyan/PycharmProjects/boat_litter_collection/raspberry_ws/build/central/share/central/hook/pythonpath_develop.dsv'
[14.766s] [34mcolcon.colcon_core.shell[0m [1;30mINFO[0m Creating environment hook '/home/kaloyan/PycharmProjects/boat_litter_collection/raspberry_ws/build/central/share/central/hook/pythonpath_develop.sh'
[14.889s] [34mcolcon.colcon_core.environment[0m [1;30mLevel 1[0m checking '/home/kaloyan/PycharmProjects/boat_litter_collection/raspberry_ws/install/central' for CMake module files
[14.891s] [34mcolcon.colcon_core.environment[0m [1;30mLevel 1[0m checking '/home/kaloyan/PycharmProjects/boat_litter_collection/raspberry_ws/install/central' for CMake config files
[14.895s] [34mcolcon.colcon_core.environment[0m [1;30mLevel 1[0m checking '/home/kaloyan/PycharmProjects/boat_litter_collection/raspberry_ws/install/central/lib'
[14.896s] [34mcolcon.colcon_core.environment[0m [1;30mLevel 1[0m checking '/home/kaloyan/PycharmProjects/boat_litter_collection/raspberry_ws/install/central/bin'
[14.896s] [34mcolcon.colcon_core.environment[0m [1;30mLevel 1[0m checking '/home/kaloyan/PycharmProjects/boat_litter_collection/raspberry_ws/install/central/lib/pkgconfig/central.pc'
[14.897s] [34mcolcon.colcon_core.environment[0m [1;30mLevel 1[0m checking '/home/kaloyan/PycharmProjects/boat_litter_collection/raspberry_ws/install/central/lib/python3.10/site-packages'
[14.897s] [34mcolcon.colcon_core.shell[0m [1;30mLevel 1[0m create_environment_hook('central', 'pythonpath')
[14.986s] [34mcolcon.colcon_core.shell[0m [1;30mINFO[0m Creating environment hook '/home/kaloyan/PycharmProjects/boat_litter_collection/raspberry_ws/install/central/share/central/hook/pythonpath.ps1'
[14.988s] [34mcolcon.colcon_core.shell[0m [1;30mINFO[0m Creating environment descriptor '/home/kaloyan/PycharmProjects/boat_litter_collection/raspberry_ws/install/central/share/central/hook/pythonpath.dsv'
[14.990s] [34mcolcon.colcon_core.shell[0m [1;30mINFO[0m Creating environment hook '/home/kaloyan/PycharmProjects/boat_litter_collection/raspberry_ws/install/central/share/central/hook/pythonpath.sh'
[14.993s] [34mcolcon.colcon_core.environment[0m [1;30mLevel 1[0m checking '/home/kaloyan/PycharmProjects/boat_litter_collection/raspberry_ws/install/central/bin'
[14.993s] [34mcolcon.colcon_core.environment[0m [1;30mLevel 1[0m create_environment_scripts_only(central)
[15.083s] [34mcolcon.colcon_core.shell[0m [1;30mINFO[0m Creating package script '/home/kaloyan/PycharmProjects/boat_litter_collection/raspberry_ws/install/central/share/central/package.ps1'
[15.088s] [34mcolcon.colcon_core.shell[0m [1;30mINFO[0m Creating package descriptor '/home/kaloyan/PycharmProjects/boat_litter_collection/raspberry_ws/install/central/share/central/package.dsv'
[15.091s] [34mcolcon.colcon_core.shell[0m [1;30mINFO[0m Creating package script '/home/kaloyan/PycharmProjects/boat_litter_collection/raspberry_ws/install/central/share/central/package.sh'
[15.095s] [34mcolcon.colcon_core.shell[0m [1;30mINFO[0m Creating package script '/home/kaloyan/PycharmProjects/boat_litter_collection/raspberry_ws/install/central/share/central/package.bash'
[15.098s] [34mcolcon.colcon_core.shell[0m [1;30mINFO[0m Creating package script '/home/kaloyan/PycharmProjects/boat_litter_collection/raspberry_ws/install/central/share/central/package.zsh'
[15.102s] [34mcolcon.colcon_core.environment[0m [1;30mLevel 1[0m create_file_with_runtime_dependencies(/home/kaloyan/PycharmProjects/boat_litter_collection/raspberry_ws/install/central/share/colcon-core/packages/central)
[15.103s] [34mcolcon.colcon_parallel_executor.executor.parallel[0m [1;30mDEBUG[0m [32mclosing loop[0m
[15.104s] [34mcolcon.colcon_parallel_executor.executor.parallel[0m [1;30mDEBUG[0m [32mloop closed[0m
[15.104s] [34mcolcon.colcon_parallel_executor.executor.parallel[0m [1;30mDEBUG[0m [32mrun_until_complete finished with '0'[0m
[15.105s] [34mcolcon.colcon_core.event_reactor[0m [1;30mDEBUG[0m [32mjoining thread[0m
[15.255s] [34mcolcon.colcon_core.plugin_system[0m [1;30mINFO[0m Skipping extension 'colcon_notification.desktop_notification.terminal_notifier': Not used on non-Darwin systems
[15.255s] [34mcolcon.colcon_core.plugin_system[0m [1;30mINFO[0m Skipping extension 'colcon_notification.desktop_notification.win32': Not used on non-Windows systems
[15.255s] [34mcolcon.colcon_notification.desktop_notification[0m [1;30mINFO[0m Sending desktop notification using 'notify2'
[15.782s] [34mcolcon.colcon_core.event_reactor[0m [1;30mDEBUG[0m [32mjoined thread[0m
[15.880s] [34mcolcon.colcon_core.shell[0m [1;30mINFO[0m Creating prefix script '/home/kaloyan/PycharmProjects/boat_litter_collection/raspberry_ws/install/local_setup.ps1'
[15.883s] [34mcolcon.colcon_core.shell[0m [1;30mINFO[0m Creating prefix util module '/home/kaloyan/PycharmProjects/boat_litter_collection/raspberry_ws/install/_local_setup_util_ps1.py'
[15.889s] [34mcolcon.colcon_core.shell[0m [1;30mINFO[0m Creating prefix chain script '/home/kaloyan/PycharmProjects/boat_litter_collection/raspberry_ws/install/setup.ps1'
[16.145s] [34mcolcon.colcon_core.shell[0m [1;30mINFO[0m Creating prefix script '/home/kaloyan/PycharmProjects/boat_litter_collection/raspberry_ws/install/local_setup.sh'
[16.154s] [34mcolcon.colcon_core.shell[0m [1;30mINFO[0m Creating prefix util module '/home/kaloyan/PycharmProjects/boat_litter_collection/raspberry_ws/install/_local_setup_util_sh.py'
[16.160s] [34mcolcon.colcon_core.shell[0m [1;30mINFO[0m Creating prefix chain script '/home/kaloyan/PycharmProjects/boat_litter_collection/raspberry_ws/install/setup.sh'
[16.431s] [34mcolcon.colcon_core.shell[0m [1;30mINFO[0m Creating prefix script '/home/kaloyan/PycharmProjects/boat_litter_collection/raspberry_ws/install/local_setup.bash'
[16.437s] [34mcolcon.colcon_core.shell[0m [1;30mINFO[0m Creating prefix chain script '/home/kaloyan/PycharmProjects/boat_litter_collection/raspberry_ws/install/setup.bash'
[16.578s] [34mcolcon.colcon_core.shell[0m [1;30mINFO[0m Creating prefix script '/home/kaloyan/PycharmProjects/boat_litter_collection/raspberry_ws/install/local_setup.zsh'
[16.581s] [34mcolcon.colcon_core.shell[0m [1;30mINFO[0m Creating prefix chain script '/home/kaloyan/PycharmProjects/boat_litter_collection/raspberry_ws/install/setup.zsh'
