[3.604s] Invoking command in '/home/jetson/PycharmProjects/boat_litter_collection/jetson_ws/build/custom_msgs': CMAKE_PREFIX_PATH=/opt/ros/foxy /usr/bin/cmake --build /home/jetson/PycharmProjects/boat_litter_collection/jetson_ws/build/custom_msgs -- -j4 -l4
[4.039s] -- Found ament_cmake: 0.9.12 (/opt/ros/foxy/share/ament_cmake/cmake)
[4.212s] -- Found PythonInterp: /usr/bin/python3 (found suitable version "3.8.10", minimum required is "3") 
[4.213s] -- Using PYTHON_EXECUTABLE: /usr/bin/python3
[5.322s] -- Override CMake install command with custom implementation using symlinks instead of copying resources
[5.400s] -- Found ament_lint_auto: 0.9.8 (/opt/ros/foxy/share/ament_lint_auto/cmake)
[5.708s] -- Found geometry_msgs: 2.0.5 (/opt/ros/foxy/share/geometry_msgs/cmake)
[5.851s] -- Using all available rosidl_typesupport_c: rosidl_typesupport_fastrtps_c;rosidl_typesupport_introspection_c
[5.885s] -- Found rosidl_adapter: 1.3.1 (/opt/ros/foxy/share/rosidl_adapter/cmake)
[6.553s] -- Using all available rosidl_typesupport_cpp: rosidl_typesupport_fastrtps_cpp;rosidl_typesupport_introspection_cpp
[6.996s] -- Found rosidl_default_generators: 1.0.1 (/opt/ros/foxy/share/rosidl_default_generators/cmake)
[7.168s] -- Found PythonInterp: /usr/bin/python3 (found version "3.8.10") 
[7.742s] -- Found ament_cmake_ros: 0.9.2 (/opt/ros/foxy/share/ament_cmake_ros/cmake)
[8.730s] -- Using all available rosidl_typesupport_c: rosidl_typesupport_fastrtps_c;rosidl_typesupport_introspection_c
[9.084s] -- Using all available rosidl_typesupport_cpp: rosidl_typesupport_fastrtps_cpp;rosidl_typesupport_introspection_cpp
[9.206s] -- Found PythonInterp: /usr/bin/python3 (found suitable version "3.8.10", minimum required is "3.5") 
[9.213s] -- Found python_cmake_module: 0.8.1 (/opt/ros/foxy/share/python_cmake_module/cmake)
[9.338s] -- Using PYTHON_EXECUTABLE: /usr/bin/python3
[9.338s] -- Using PYTHON_INCLUDE_DIRS: /usr/include/python3.8
[9.339s] -- Using PYTHON_LIBRARIES: /usr/lib/aarch64-linux-gnu/libpython3.8.so
[9.579s] -- Added test 'copyright' to check source files copyright and LICENSE
[9.595s] -- Added test 'lint_cmake' to check CMake code style
[9.603s] -- Added test 'xmllint' to check XML markup files
[9.669s] -- Configuring done
[10.033s] -- Generating done
[10.049s] -- Build files have been written to: /home/jetson/PycharmProjects/boat_litter_collection/jetson_ws/build/custom_msgs
[10.249s] [35m[1mScanning dependencies of target custom_msgs__cpp[0m
[10.280s] [  2%] [34m[1mGenerating C code for ROS interfaces[0m
[10.335s] [  5%] [34m[1mGenerating C++ code for ROS interfaces[0m
[11.996s] [  5%] Built target custom_msgs__cpp
[12.105s] [  7%] [34m[1mGenerating C++ type support dispatch for ROS interfaces[0m
[12.122s] [35m[1mScanning dependencies of target custom_msgs__rosidl_generator_c[0m
[12.146s] [ 10%] [34m[1mGenerating C++ type support for eProsima Fast-RTPS[0m
[12.149s] [ 12%] [34m[1mGenerating C++ introspection for ROS interfaces[0m
[12.231s] [ 15%] [32mBuilding C object CMakeFiles/custom_msgs__rosidl_generator_c.dir/rosidl_generator_c/custom_msgs/msg/detail/detection__functions.c.o[0m
[12.986s] [ 17%] [32mBuilding C object CMakeFiles/custom_msgs__rosidl_generator_c.dir/rosidl_generator_c/custom_msgs/msg/detail/detections_array__functions.c.o[0m
[13.263s] [ 20%] [32m[1mLinking C shared library libcustom_msgs__rosidl_generator_c.so[0m
[13.572s] [ 20%] Built target custom_msgs__rosidl_generator_c
[13.636s] [35m[1mScanning dependencies of target custom_msgs__rosidl_typesupport_cpp[0m
[13.666s] [ 23%] [34m[1mGenerating C type support dispatch for ROS interfaces[0m
[13.703s] [ 25%] [32mBuilding CXX object CMakeFiles/custom_msgs__rosidl_typesupport_cpp.dir/rosidl_typesupport_cpp/custom_msgs/msg/detection__type_support.cpp.o[0m
[13.854s] [35m[1mScanning dependencies of target custom_msgs__rosidl_typesupport_introspection_cpp[0m
[13.949s] [ 28%] [32mBuilding CXX object CMakeFiles/custom_msgs__rosidl_typesupport_introspection_cpp.dir/rosidl_typesupport_introspection_cpp/custom_msgs/msg/detail/detection__type_support.cpp.o[0m
[14.210s] [35m[1mScanning dependencies of target custom_msgs__rosidl_typesupport_fastrtps_cpp[0m
[14.331s] [ 30%] [32mBuilding CXX object CMakeFiles/custom_msgs__rosidl_typesupport_fastrtps_cpp.dir/rosidl_typesupport_fastrtps_cpp/custom_msgs/msg/detail/dds_fastrtps/detection__type_support.cpp.o[0m
[15.313s] [35m[1mScanning dependencies of target custom_msgs__rosidl_typesupport_c[0m
[15.327s] [ 33%] [32mBuilding CXX object CMakeFiles/custom_msgs__rosidl_typesupport_cpp.dir/rosidl_typesupport_cpp/custom_msgs/msg/detections_array__type_support.cpp.o[0m
[15.377s] [ 35%] [32mBuilding CXX object CMakeFiles/custom_msgs__rosidl_typesupport_c.dir/rosidl_typesupport_c/custom_msgs/msg/detection__type_support.cpp.o[0m
[15.528s] [ 38%] [32mBuilding CXX object CMakeFiles/custom_msgs__rosidl_typesupport_c.dir/rosidl_typesupport_c/custom_msgs/msg/detections_array__type_support.cpp.o[0m
[15.537s] [ 41%] [32mBuilding CXX object CMakeFiles/custom_msgs__rosidl_typesupport_introspection_cpp.dir/rosidl_typesupport_introspection_cpp/custom_msgs/msg/detail/detections_array__type_support.cpp.o[0m
[15.657s] [ 43%] [32m[1mLinking CXX shared library libcustom_msgs__rosidl_typesupport_c.so[0m
[15.851s] [ 43%] Built target custom_msgs__rosidl_typesupport_c
[15.895s] [ 46%] [32mBuilding CXX object CMakeFiles/custom_msgs__rosidl_typesupport_fastrtps_cpp.dir/rosidl_typesupport_fastrtps_cpp/custom_msgs/msg/detail/dds_fastrtps/detections_array__type_support.cpp.o[0m
[16.260s] [ 48%] [34m[1mGenerating C introspection for ROS interfaces[0m
[16.610s] [ 51%] [32m[1mLinking CXX shared library libcustom_msgs__rosidl_typesupport_cpp.so[0m
[16.880s] [ 51%] Built target custom_msgs__rosidl_typesupport_cpp
[16.907s] [ 53%] [32m[1mLinking CXX shared library libcustom_msgs__rosidl_typesupport_introspection_cpp.so[0m
[17.203s] [ 53%] Built target custom_msgs__rosidl_typesupport_introspection_cpp
[17.817s] [ 56%] [32m[1mLinking CXX shared library libcustom_msgs__rosidl_typesupport_fastrtps_cpp.so[0m
[17.950s] [35m[1mScanning dependencies of target custom_msgs__rosidl_typesupport_introspection_c[0m
[18.016s] [ 61%] [32mBuilding C object CMakeFiles/custom_msgs__rosidl_typesupport_introspection_c.dir/rosidl_typesupport_introspection_c/custom_msgs/msg/detail/detection__type_support.c.o[0m
[18.017s] [ 61%] [32mBuilding C object CMakeFiles/custom_msgs__rosidl_typesupport_introspection_c.dir/rosidl_typesupport_introspection_c/custom_msgs/msg/detail/detections_array__type_support.c.o[0m
[18.184s] [ 64%] [32m[1mLinking C shared library libcustom_msgs__rosidl_typesupport_introspection_c.so[0m
[18.257s] [ 64%] Built target custom_msgs__rosidl_typesupport_fastrtps_cpp
[18.300s] [ 66%] [34m[1mGenerating C type support for eProsima Fast-RTPS[0m
[18.301s] [ 66%] Built target custom_msgs__rosidl_typesupport_introspection_c
[19.551s] [35m[1mScanning dependencies of target custom_msgs__rosidl_typesupport_fastrtps_c[0m
[19.610s] [ 71%] [32mBuilding CXX object CMakeFiles/custom_msgs__rosidl_typesupport_fastrtps_c.dir/rosidl_typesupport_fastrtps_c/custom_msgs/msg/detail/detection__type_support_c.cpp.o[0m
[19.610s] [ 71%] [32mBuilding CXX object CMakeFiles/custom_msgs__rosidl_typesupport_fastrtps_c.dir/rosidl_typesupport_fastrtps_c/custom_msgs/msg/detail/detections_array__type_support_c.cpp.o[0m
[20.923s] [ 74%] [32m[1mLinking CXX shared library libcustom_msgs__rosidl_typesupport_fastrtps_c.so[0m
[21.255s] [ 74%] Built target custom_msgs__rosidl_typesupport_fastrtps_c
[21.334s] [ 74%] Built target custom_msgs
[21.378s] [35m[1mScanning dependencies of target custom_msgs__py[0m
[21.420s] [ 76%] [34m[1mGenerating Python code for ROS interfaces[0m
[23.942s] [ 76%] Built target custom_msgs__py
[24.000s] [35m[1mScanning dependencies of target custom_msgs__python[0m
[24.069s] [ 82%] [32mBuilding C object CMakeFiles/custom_msgs__python.dir/rosidl_generator_py/custom_msgs/msg/_detection_s.c.o[0m
[24.070s] [ 82%] [32mBuilding C object CMakeFiles/custom_msgs__python.dir/rosidl_generator_py/custom_msgs/msg/_detections_array_s.c.o[0m
[24.541s] [ 84%] [32m[1mLinking C shared library rosidl_generator_py/custom_msgs/libcustom_msgs__python.so[0m
[24.712s] [ 84%] Built target custom_msgs__python
[24.762s] [35m[1mScanning dependencies of target custom_msgs__rosidl_typesupport_c__pyext[0m
[24.762s] [35m[1mScanning dependencies of target custom_msgs__rosidl_typesupport_introspection_c__pyext[0m
[24.762s] [35m[1mScanning dependencies of target custom_msgs__rosidl_typesupport_fastrtps_c__pyext[0m
[24.841s] [ 87%] [32mBuilding C object CMakeFiles/custom_msgs__rosidl_typesupport_c__pyext.dir/rosidl_generator_py/custom_msgs/_custom_msgs_s.ep.rosidl_typesupport_c.c.o[0m
[24.866s] [ 89%] [32mBuilding C object CMakeFiles/custom_msgs__rosidl_typesupport_fastrtps_c__pyext.dir/rosidl_generator_py/custom_msgs/_custom_msgs_s.ep.rosidl_typesupport_fastrtps_c.c.o[0m
[24.870s] [ 92%] [32mBuilding C object CMakeFiles/custom_msgs__rosidl_typesupport_introspection_c__pyext.dir/rosidl_generator_py/custom_msgs/_custom_msgs_s.ep.rosidl_typesupport_introspection_c.c.o[0m
[25.176s] [ 94%] [32m[1mLinking C shared library rosidl_generator_py/custom_msgs/custom_msgs_s__rosidl_typesupport_c.cpython-38-aarch64-linux-gnu.so[0m
[25.197s] [100%] [32m[1mLinking C shared library rosidl_generator_py/custom_msgs/custom_msgs_s__rosidl_typesupport_introspection_c.cpython-38-aarch64-linux-gnu.so[0m
[25.198s] [100%] [32m[1mLinking CXX shared library rosidl_generator_py/custom_msgs/custom_msgs_s__rosidl_typesupport_fastrtps_c.cpython-38-aarch64-linux-gnu.so[0m
[25.367s] [100%] Built target custom_msgs__rosidl_typesupport_c__pyext
[25.393s] [100%] Built target custom_msgs__rosidl_typesupport_introspection_c__pyext
[25.499s] [100%] Built target custom_msgs__rosidl_typesupport_fastrtps_c__pyext
[25.542s] Invoked command in '/home/jetson/PycharmProjects/boat_litter_collection/jetson_ws/build/custom_msgs' returned '0': CMAKE_PREFIX_PATH=/opt/ros/foxy /usr/bin/cmake --build /home/jetson/PycharmProjects/boat_litter_collection/jetson_ws/build/custom_msgs -- -j4 -l4
[25.825s] Invoking command in '/home/jetson/PycharmProjects/boat_litter_collection/jetson_ws/build/custom_msgs': CMAKE_PREFIX_PATH=/opt/ros/foxy /usr/bin/cmake --install /home/jetson/PycharmProjects/boat_litter_collection/jetson_ws/build/custom_msgs
[25.860s] -- Install configuration: ""
[25.861s] -- Execute custom install script
[25.864s] -- Up-to-date symlink: /home/jetson/PycharmProjects/boat_litter_collection/jetson_ws/install/custom_msgs/share/ament_index/resource_index/rosidl_interfaces/custom_msgs
[25.868s] -- Symlinking: /home/jetson/PycharmProjects/boat_litter_collection/jetson_ws/install/custom_msgs/include/custom_msgs/msg/detail/detection__functions.h
[25.901s] -- Symlinking: /home/jetson/PycharmProjects/boat_litter_collection/jetson_ws/install/custom_msgs/include/custom_msgs/msg/detail/detection__struct.h
[25.934s] -- Symlinking: /home/jetson/PycharmProjects/boat_litter_collection/jetson_ws/install/custom_msgs/include/custom_msgs/msg/detail/detection__type_support.h
[25.971s] -- Up-to-date symlink: /home/jetson/PycharmProjects/boat_litter_collection/jetson_ws/install/custom_msgs/include/custom_msgs/msg/detail/detections__functions.h
[25.972s] -- Up-to-date symlink: /home/jetson/PycharmProjects/boat_litter_collection/jetson_ws/install/custom_msgs/include/custom_msgs/msg/detail/detections__struct.h
[25.973s] -- Up-to-date symlink: /home/jetson/PycharmProjects/boat_litter_collection/jetson_ws/install/custom_msgs/include/custom_msgs/msg/detail/detections__type_support.h
[25.974s] -- Symlinking: /home/jetson/PycharmProjects/boat_litter_collection/jetson_ws/install/custom_msgs/include/custom_msgs/msg/detail/detections_array__functions.h
[26.008s] -- Symlinking: /home/jetson/PycharmProjects/boat_litter_collection/jetson_ws/install/custom_msgs/include/custom_msgs/msg/detail/detections_array__struct.h
[26.041s] -- Symlinking: /home/jetson/PycharmProjects/boat_litter_collection/jetson_ws/install/custom_msgs/include/custom_msgs/msg/detail/detections_array__type_support.h
[26.077s] -- Up-to-date symlink: /home/jetson/PycharmProjects/boat_litter_collection/jetson_ws/install/custom_msgs/include/custom_msgs/msg/detail/string_array__functions.h
[26.078s] -- Up-to-date symlink: /home/jetson/PycharmProjects/boat_litter_collection/jetson_ws/install/custom_msgs/include/custom_msgs/msg/detail/string_array__struct.h
[26.079s] -- Up-to-date symlink: /home/jetson/PycharmProjects/boat_litter_collection/jetson_ws/install/custom_msgs/include/custom_msgs/msg/detail/string_array__type_support.h
[26.080s] -- Symlinking: /home/jetson/PycharmProjects/boat_litter_collection/jetson_ws/install/custom_msgs/include/custom_msgs/msg/detection.h
[26.116s] -- Up-to-date symlink: /home/jetson/PycharmProjects/boat_litter_collection/jetson_ws/install/custom_msgs/include/custom_msgs/msg/detections.h
[26.117s] -- Symlinking: /home/jetson/PycharmProjects/boat_litter_collection/jetson_ws/install/custom_msgs/include/custom_msgs/msg/detections_array.h
[26.151s] -- Up-to-date symlink: /home/jetson/PycharmProjects/boat_litter_collection/jetson_ws/install/custom_msgs/include/custom_msgs/msg/rosidl_generator_c__visibility_control.h
[26.153s] -- Up-to-date symlink: /home/jetson/PycharmProjects/boat_litter_collection/jetson_ws/install/custom_msgs/include/custom_msgs/msg/string_array.h
[26.155s] -- Up-to-date symlink: /home/jetson/PycharmProjects/boat_litter_collection/jetson_ws/install/custom_msgs/share/custom_msgs/environment/library_path.sh
[26.157s] -- Up-to-date symlink: /home/jetson/PycharmProjects/boat_litter_collection/jetson_ws/install/custom_msgs/share/custom_msgs/environment/library_path.dsv
[26.160s] -- Symlinking: /home/jetson/PycharmProjects/boat_litter_collection/jetson_ws/install/custom_msgs/include/custom_msgs/msg/detail/detection__rosidl_typesupport_fastrtps_c.h
[26.197s] -- Up-to-date symlink: /home/jetson/PycharmProjects/boat_litter_collection/jetson_ws/install/custom_msgs/include/custom_msgs/msg/detail/detections__rosidl_typesupport_fastrtps_c.h
[26.198s] -- Symlinking: /home/jetson/PycharmProjects/boat_litter_collection/jetson_ws/install/custom_msgs/include/custom_msgs/msg/detail/detections_array__rosidl_typesupport_fastrtps_c.h
[26.233s] -- Up-to-date symlink: /home/jetson/PycharmProjects/boat_litter_collection/jetson_ws/install/custom_msgs/include/custom_msgs/msg/detail/string_array__rosidl_typesupport_fastrtps_c.h
[26.235s] -- Up-to-date symlink: /home/jetson/PycharmProjects/boat_litter_collection/jetson_ws/install/custom_msgs/include/custom_msgs/msg/rosidl_typesupport_fastrtps_c__visibility_control.h
[26.237s] -- Up-to-date symlink: /home/jetson/PycharmProjects/boat_litter_collection/jetson_ws/install/custom_msgs/lib/libcustom_msgs__rosidl_typesupport_fastrtps_c.so
[26.240s] -- Symlinking: /home/jetson/PycharmProjects/boat_litter_collection/jetson_ws/install/custom_msgs/include/custom_msgs/msg/detail/detection__rosidl_typesupport_fastrtps_cpp.hpp
[26.276s] -- Up-to-date symlink: /home/jetson/PycharmProjects/boat_litter_collection/jetson_ws/install/custom_msgs/include/custom_msgs/msg/detail/detections__rosidl_typesupport_fastrtps_cpp.hpp
[26.276s] -- Symlinking: /home/jetson/PycharmProjects/boat_litter_collection/jetson_ws/install/custom_msgs/include/custom_msgs/msg/detail/detections_array__rosidl_typesupport_fastrtps_cpp.hpp
[26.313s] -- Up-to-date symlink: /home/jetson/PycharmProjects/boat_litter_collection/jetson_ws/install/custom_msgs/include/custom_msgs/msg/detail/string_array__rosidl_typesupport_fastrtps_cpp.hpp
[26.314s] -- Up-to-date symlink: /home/jetson/PycharmProjects/boat_litter_collection/jetson_ws/install/custom_msgs/include/custom_msgs/msg/rosidl_typesupport_fastrtps_cpp__visibility_control.h
[26.316s] -- Up-to-date symlink: /home/jetson/PycharmProjects/boat_litter_collection/jetson_ws/install/custom_msgs/lib/libcustom_msgs__rosidl_typesupport_fastrtps_cpp.so
[26.319s] -- Symlinking: /home/jetson/PycharmProjects/boat_litter_collection/jetson_ws/install/custom_msgs/include/custom_msgs/msg/detail/detection__rosidl_typesupport_introspection_c.h
[26.354s] -- Up-to-date symlink: /home/jetson/PycharmProjects/boat_litter_collection/jetson_ws/install/custom_msgs/include/custom_msgs/msg/detail/detections__rosidl_typesupport_introspection_c.h
[26.355s] -- Symlinking: /home/jetson/PycharmProjects/boat_litter_collection/jetson_ws/install/custom_msgs/include/custom_msgs/msg/detail/detections_array__rosidl_typesupport_introspection_c.h
[26.391s] -- Up-to-date symlink: /home/jetson/PycharmProjects/boat_litter_collection/jetson_ws/install/custom_msgs/include/custom_msgs/msg/detail/string_array__rosidl_typesupport_introspection_c.h
[26.392s] -- Up-to-date symlink: /home/jetson/PycharmProjects/boat_litter_collection/jetson_ws/install/custom_msgs/include/custom_msgs/msg/rosidl_typesupport_introspection_c__visibility_control.h
[26.395s] -- Symlinking: /home/jetson/PycharmProjects/boat_litter_collection/jetson_ws/install/custom_msgs/include/custom_msgs/msg/detail/detection__builder.hpp
[26.428s] -- Symlinking: /home/jetson/PycharmProjects/boat_litter_collection/jetson_ws/install/custom_msgs/include/custom_msgs/msg/detail/detection__struct.hpp
[26.460s] -- Symlinking: /home/jetson/PycharmProjects/boat_litter_collection/jetson_ws/install/custom_msgs/include/custom_msgs/msg/detail/detection__traits.hpp
[26.493s] -- Symlinking: /home/jetson/PycharmProjects/boat_litter_collection/jetson_ws/install/custom_msgs/include/custom_msgs/msg/detail/detection__type_support.hpp
[26.529s] -- Up-to-date symlink: /home/jetson/PycharmProjects/boat_litter_collection/jetson_ws/install/custom_msgs/include/custom_msgs/msg/detail/detections__builder.hpp
[26.530s] -- Up-to-date symlink: /home/jetson/PycharmProjects/boat_litter_collection/jetson_ws/install/custom_msgs/include/custom_msgs/msg/detail/detections__struct.hpp
[26.531s] -- Up-to-date symlink: /home/jetson/PycharmProjects/boat_litter_collection/jetson_ws/install/custom_msgs/include/custom_msgs/msg/detail/detections__traits.hpp
[26.532s] -- Up-to-date symlink: /home/jetson/PycharmProjects/boat_litter_collection/jetson_ws/install/custom_msgs/include/custom_msgs/msg/detail/detections__type_support.hpp
[26.533s] -- Symlinking: /home/jetson/PycharmProjects/boat_litter_collection/jetson_ws/install/custom_msgs/include/custom_msgs/msg/detail/detections_array__builder.hpp
[26.565s] -- Symlinking: /home/jetson/PycharmProjects/boat_litter_collection/jetson_ws/install/custom_msgs/include/custom_msgs/msg/detail/detections_array__struct.hpp
[26.598s] -- Symlinking: /home/jetson/PycharmProjects/boat_litter_collection/jetson_ws/install/custom_msgs/include/custom_msgs/msg/detail/detections_array__traits.hpp
[26.630s] -- Symlinking: /home/jetson/PycharmProjects/boat_litter_collection/jetson_ws/install/custom_msgs/include/custom_msgs/msg/detail/detections_array__type_support.hpp
[26.666s] -- Up-to-date symlink: /home/jetson/PycharmProjects/boat_litter_collection/jetson_ws/install/custom_msgs/include/custom_msgs/msg/detail/string_array__builder.hpp
[26.667s] -- Up-to-date symlink: /home/jetson/PycharmProjects/boat_litter_collection/jetson_ws/install/custom_msgs/include/custom_msgs/msg/detail/string_array__struct.hpp
[26.669s] -- Up-to-date symlink: /home/jetson/PycharmProjects/boat_litter_collection/jetson_ws/install/custom_msgs/include/custom_msgs/msg/detail/string_array__traits.hpp
[26.670s] -- Up-to-date symlink: /home/jetson/PycharmProjects/boat_litter_collection/jetson_ws/install/custom_msgs/include/custom_msgs/msg/detail/string_array__type_support.hpp
[26.670s] -- Symlinking: /home/jetson/PycharmProjects/boat_litter_collection/jetson_ws/install/custom_msgs/include/custom_msgs/msg/detection.hpp
[26.706s] -- Up-to-date symlink: /home/jetson/PycharmProjects/boat_litter_collection/jetson_ws/install/custom_msgs/include/custom_msgs/msg/detections.hpp
[26.707s] -- Symlinking: /home/jetson/PycharmProjects/boat_litter_collection/jetson_ws/install/custom_msgs/include/custom_msgs/msg/detections_array.hpp
[26.742s] -- Up-to-date symlink: /home/jetson/PycharmProjects/boat_litter_collection/jetson_ws/install/custom_msgs/include/custom_msgs/msg/rosidl_generator_cpp__visibility_control.hpp
[26.743s] -- Up-to-date symlink: /home/jetson/PycharmProjects/boat_litter_collection/jetson_ws/install/custom_msgs/include/custom_msgs/msg/string_array.hpp
[26.745s] -- Symlinking: /home/jetson/PycharmProjects/boat_litter_collection/jetson_ws/install/custom_msgs/include/custom_msgs/msg/detail/detection__rosidl_typesupport_introspection_cpp.hpp
[26.782s] -- Up-to-date symlink: /home/jetson/PycharmProjects/boat_litter_collection/jetson_ws/install/custom_msgs/include/custom_msgs/msg/detail/detections__rosidl_typesupport_introspection_cpp.hpp
[26.783s] -- Symlinking: /home/jetson/PycharmProjects/boat_litter_collection/jetson_ws/install/custom_msgs/include/custom_msgs/msg/detail/detections_array__rosidl_typesupport_introspection_cpp.hpp
[26.819s] -- Up-to-date symlink: /home/jetson/PycharmProjects/boat_litter_collection/jetson_ws/install/custom_msgs/include/custom_msgs/msg/detail/string_array__rosidl_typesupport_introspection_cpp.hpp
[26.821s] -- Up-to-date symlink: /home/jetson/PycharmProjects/boat_litter_collection/jetson_ws/install/custom_msgs/share/custom_msgs/environment/pythonpath.sh
[26.822s] -- Up-to-date symlink: /home/jetson/PycharmProjects/boat_litter_collection/jetson_ws/install/custom_msgs/share/custom_msgs/environment/pythonpath.dsv
[26.825s] -- Up-to-date symlink: /home/jetson/PycharmProjects/boat_litter_collection/jetson_ws/install/custom_msgs/lib/python3.8/site-packages/custom_msgs/__init__.py
[26.828s] -- Up-to-date symlink: /home/jetson/PycharmProjects/boat_litter_collection/jetson_ws/install/custom_msgs/lib/python3.8/site-packages/custom_msgs/msg/__init__.py
[26.829s] -- Symlinking: /home/jetson/PycharmProjects/boat_litter_collection/jetson_ws/install/custom_msgs/lib/python3.8/site-packages/custom_msgs/msg/_detection.py
[26.865s] -- Up-to-date symlink: /home/jetson/PycharmProjects/boat_litter_collection/jetson_ws/install/custom_msgs/lib/python3.8/site-packages/custom_msgs/msg/_detections.py
[26.866s] -- Symlinking: /home/jetson/PycharmProjects/boat_litter_collection/jetson_ws/install/custom_msgs/lib/python3.8/site-packages/custom_msgs/msg/_detections_array.py
[26.903s] -- Up-to-date symlink: /home/jetson/PycharmProjects/boat_litter_collection/jetson_ws/install/custom_msgs/lib/python3.8/site-packages/custom_msgs/msg/_string_array.py
[26.906s] -- Up-to-date symlink: /home/jetson/PycharmProjects/boat_litter_collection/jetson_ws/install/custom_msgs/lib/python3.8/site-packages/custom_msgs/custom_msgs_s__rosidl_typesupport_fastrtps_c.cpython-38-aarch64-linux-gnu.so
[26.908s] -- Up-to-date symlink: /home/jetson/PycharmProjects/boat_litter_collection/jetson_ws/install/custom_msgs/lib/python3.8/site-packages/custom_msgs/custom_msgs_s__rosidl_typesupport_introspection_c.cpython-38-aarch64-linux-gnu.so
[26.911s] -- Up-to-date symlink: /home/jetson/PycharmProjects/boat_litter_collection/jetson_ws/install/custom_msgs/lib/python3.8/site-packages/custom_msgs/custom_msgs_s__rosidl_typesupport_c.cpython-38-aarch64-linux-gnu.so
[26.913s] -- Up-to-date symlink: /home/jetson/PycharmProjects/boat_litter_collection/jetson_ws/install/custom_msgs/lib/libcustom_msgs__python.so
[26.915s] -- Symlinking: /home/jetson/PycharmProjects/boat_litter_collection/jetson_ws/install/custom_msgs/share/custom_msgs/msg/Detection.idl
[26.948s] -- Symlinking: /home/jetson/PycharmProjects/boat_litter_collection/jetson_ws/install/custom_msgs/share/custom_msgs/msg/DetectionsArray.idl
[26.982s] -- Symlinking: /home/jetson/PycharmProjects/boat_litter_collection/jetson_ws/install/custom_msgs/share/custom_msgs/msg/Detection.msg
[27.016s] -- Symlinking: /home/jetson/PycharmProjects/boat_litter_collection/jetson_ws/install/custom_msgs/share/custom_msgs/msg/DetectionsArray.msg
[27.053s] -- Up-to-date symlink: /home/jetson/PycharmProjects/boat_litter_collection/jetson_ws/install/custom_msgs/share/ament_index/resource_index/package_run_dependencies/custom_msgs
[27.055s] -- Up-to-date symlink: /home/jetson/PycharmProjects/boat_litter_collection/jetson_ws/install/custom_msgs/share/ament_index/resource_index/parent_prefix_path/custom_msgs
[27.057s] -- Up-to-date symlink: /home/jetson/PycharmProjects/boat_litter_collection/jetson_ws/install/custom_msgs/share/custom_msgs/environment/ament_prefix_path.sh
[27.059s] -- Up-to-date symlink: /home/jetson/PycharmProjects/boat_litter_collection/jetson_ws/install/custom_msgs/share/custom_msgs/environment/ament_prefix_path.dsv
[27.060s] -- Up-to-date symlink: /home/jetson/PycharmProjects/boat_litter_collection/jetson_ws/install/custom_msgs/share/custom_msgs/environment/path.sh
[27.062s] -- Up-to-date symlink: /home/jetson/PycharmProjects/boat_litter_collection/jetson_ws/install/custom_msgs/share/custom_msgs/environment/path.dsv
[27.064s] -- Up-to-date symlink: /home/jetson/PycharmProjects/boat_litter_collection/jetson_ws/install/custom_msgs/share/custom_msgs/local_setup.bash
[27.065s] -- Up-to-date symlink: /home/jetson/PycharmProjects/boat_litter_collection/jetson_ws/install/custom_msgs/share/custom_msgs/local_setup.sh
[27.067s] -- Up-to-date symlink: /home/jetson/PycharmProjects/boat_litter_collection/jetson_ws/install/custom_msgs/share/custom_msgs/local_setup.zsh
[27.068s] -- Up-to-date symlink: /home/jetson/PycharmProjects/boat_litter_collection/jetson_ws/install/custom_msgs/share/custom_msgs/local_setup.dsv
[27.069s] -- Symlinking: /home/jetson/PycharmProjects/boat_litter_collection/jetson_ws/install/custom_msgs/share/custom_msgs/package.dsv
[27.107s] -- Up-to-date symlink: /home/jetson/PycharmProjects/boat_litter_collection/jetson_ws/install/custom_msgs/share/ament_index/resource_index/packages/custom_msgs
[27.108s] -- Up-to-date symlink: /home/jetson/PycharmProjects/boat_litter_collection/jetson_ws/install/custom_msgs/share/custom_msgs/cmake/rosidl_cmake-extras.cmake
[27.110s] -- Up-to-date symlink: /home/jetson/PycharmProjects/boat_litter_collection/jetson_ws/install/custom_msgs/share/custom_msgs/cmake/ament_cmake_export_dependencies-extras.cmake
[27.112s] -- Up-to-date symlink: /home/jetson/PycharmProjects/boat_litter_collection/jetson_ws/install/custom_msgs/share/custom_msgs/cmake/ament_cmake_export_libraries-extras.cmake
[27.113s] -- Up-to-date symlink: /home/jetson/PycharmProjects/boat_litter_collection/jetson_ws/install/custom_msgs/share/custom_msgs/cmake/ament_cmake_export_targets-extras.cmake
[27.115s] -- Up-to-date symlink: /home/jetson/PycharmProjects/boat_litter_collection/jetson_ws/install/custom_msgs/share/custom_msgs/cmake/ament_cmake_export_include_directories-extras.cmake
[27.116s] -- Up-to-date symlink: /home/jetson/PycharmProjects/boat_litter_collection/jetson_ws/install/custom_msgs/share/custom_msgs/cmake/rosidl_cmake_export_typesupport_libraries-extras.cmake
[27.118s] -- Up-to-date symlink: /home/jetson/PycharmProjects/boat_litter_collection/jetson_ws/install/custom_msgs/share/custom_msgs/cmake/rosidl_cmake_export_typesupport_targets-extras.cmake
[27.119s] -- Up-to-date symlink: /home/jetson/PycharmProjects/boat_litter_collection/jetson_ws/install/custom_msgs/share/custom_msgs/cmake/custom_msgsConfig.cmake
[27.121s] -- Up-to-date symlink: /home/jetson/PycharmProjects/boat_litter_collection/jetson_ws/install/custom_msgs/share/custom_msgs/cmake/custom_msgsConfig-version.cmake
[27.122s] -- Up-to-date symlink: /home/jetson/PycharmProjects/boat_litter_collection/jetson_ws/install/custom_msgs/share/custom_msgs/package.xml
[27.124s] -- Installing: /home/jetson/PycharmProjects/boat_litter_collection/jetson_ws/install/custom_msgs/lib/libcustom_msgs__rosidl_generator_c.so
[27.126s] -- Set runtime path of "/home/jetson/PycharmProjects/boat_litter_collection/jetson_ws/install/custom_msgs/lib/libcustom_msgs__rosidl_generator_c.so" to ""
[27.127s] -- Installing: /home/jetson/PycharmProjects/boat_litter_collection/jetson_ws/install/custom_msgs/lib/libcustom_msgs__rosidl_typesupport_introspection_c.so
[27.129s] -- Set runtime path of "/home/jetson/PycharmProjects/boat_litter_collection/jetson_ws/install/custom_msgs/lib/libcustom_msgs__rosidl_typesupport_introspection_c.so" to ""
[27.130s] -- Installing: /home/jetson/PycharmProjects/boat_litter_collection/jetson_ws/install/custom_msgs/lib/libcustom_msgs__rosidl_typesupport_c.so
[27.131s] -- Set runtime path of "/home/jetson/PycharmProjects/boat_litter_collection/jetson_ws/install/custom_msgs/lib/libcustom_msgs__rosidl_typesupport_c.so" to ""
[27.134s] -- Installing: /home/jetson/PycharmProjects/boat_litter_collection/jetson_ws/install/custom_msgs/lib/libcustom_msgs__rosidl_typesupport_introspection_cpp.so
[27.136s] -- Set runtime path of "/home/jetson/PycharmProjects/boat_litter_collection/jetson_ws/install/custom_msgs/lib/libcustom_msgs__rosidl_typesupport_introspection_cpp.so" to ""
[27.137s] -- Installing: /home/jetson/PycharmProjects/boat_litter_collection/jetson_ws/install/custom_msgs/lib/libcustom_msgs__rosidl_typesupport_cpp.so
[27.139s] -- Set runtime path of "/home/jetson/PycharmProjects/boat_litter_collection/jetson_ws/install/custom_msgs/lib/libcustom_msgs__rosidl_typesupport_cpp.so" to ""
[27.272s] Compiling '/home/jetson/PycharmProjects/boat_litter_collection/jetson_ws/install/custom_msgs/lib/python3.8/site-packages/custom_msgs/__init__.py'...
[27.299s] -- Up-to-date: /home/jetson/PycharmProjects/boat_litter_collection/jetson_ws/install/custom_msgs/share/custom_msgs/cmake/custom_msgs__rosidl_generator_cExport.cmake
[27.299s] -- Installing: /home/jetson/PycharmProjects/boat_litter_collection/jetson_ws/install/custom_msgs/share/custom_msgs/cmake/custom_msgs__rosidl_generator_cExport-noconfig.cmake
[27.301s] -- Up-to-date: /home/jetson/PycharmProjects/boat_litter_collection/jetson_ws/install/custom_msgs/share/custom_msgs/cmake/custom_msgs__rosidl_typesupport_introspection_cExport.cmake
[27.302s] -- Installing: /home/jetson/PycharmProjects/boat_litter_collection/jetson_ws/install/custom_msgs/share/custom_msgs/cmake/custom_msgs__rosidl_typesupport_introspection_cExport-noconfig.cmake
[27.304s] -- Up-to-date: /home/jetson/PycharmProjects/boat_litter_collection/jetson_ws/install/custom_msgs/share/custom_msgs/cmake/custom_msgs__rosidl_typesupport_cExport.cmake
[27.305s] -- Installing: /home/jetson/PycharmProjects/boat_litter_collection/jetson_ws/install/custom_msgs/share/custom_msgs/cmake/custom_msgs__rosidl_typesupport_cExport-noconfig.cmake
[27.306s] -- Up-to-date: /home/jetson/PycharmProjects/boat_litter_collection/jetson_ws/install/custom_msgs/share/custom_msgs/cmake/custom_msgs__rosidl_generator_cppExport.cmake
[27.308s] -- Up-to-date: /home/jetson/PycharmProjects/boat_litter_collection/jetson_ws/install/custom_msgs/share/custom_msgs/cmake/custom_msgs__rosidl_typesupport_introspection_cppExport.cmake
[27.308s] -- Installing: /home/jetson/PycharmProjects/boat_litter_collection/jetson_ws/install/custom_msgs/share/custom_msgs/cmake/custom_msgs__rosidl_typesupport_introspection_cppExport-noconfig.cmake
[27.310s] -- Up-to-date: /home/jetson/PycharmProjects/boat_litter_collection/jetson_ws/install/custom_msgs/share/custom_msgs/cmake/custom_msgs__rosidl_typesupport_cppExport.cmake
[27.311s] -- Installing: /home/jetson/PycharmProjects/boat_litter_collection/jetson_ws/install/custom_msgs/share/custom_msgs/cmake/custom_msgs__rosidl_typesupport_cppExport-noconfig.cmake
[27.319s] Invoked command in '/home/jetson/PycharmProjects/boat_litter_collection/jetson_ws/build/custom_msgs' returned '0': CMAKE_PREFIX_PATH=/opt/ros/foxy /usr/bin/cmake --install /home/jetson/PycharmProjects/boat_litter_collection/jetson_ws/build/custom_msgs
