[5.139s] Invoking command in '/home/jetson/PycharmProjects/boat_litter_collection/robot_ws/build/central': PYTHONPATH=/home/jetson/PycharmProjects/boat_litter_collection/robot_ws/build/central/prefix_override:/home/jetson/PycharmProjects/boat_litter_collection/robot_ws/install/central/lib/python3.8/site-packages:${PYTHONPATH} /usr/bin/python3 setup.py develop --editable --build-directory /home/jetson/PycharmProjects/boat_litter_collection/robot_ws/build/central/build --no-deps install_data
[6.354s] /usr/local/lib/python3.8/dist-packages/setuptools/dist.py:717: UserWarning: Usage of dash-separated 'script-dir' will not be supported in future versions. Please use the underscore name 'script_dir' instead
[6.355s]   warnings.warn(
[6.570s] running develop
[7.394s] running egg_info
[7.395s] creating central.egg-info
[7.396s] writing central.egg-info/PKG-INFO
[7.397s] writing dependency_links to central.egg-info/dependency_links.txt
[7.399s] writing entry points to central.egg-info/entry_points.txt
[7.399s] writing requirements to central.egg-info/requires.txt
[7.400s] writing top-level names to central.egg-info/top_level.txt
[7.411s] writing manifest file 'central.egg-info/SOURCES.txt'
[7.420s] reading manifest file 'central.egg-info/SOURCES.txt'
[7.423s] writing manifest file 'central.egg-info/SOURCES.txt'
[7.596s] running build_ext
[7.597s] Creating /home/jetson/PycharmProjects/boat_litter_collection/robot_ws/install/central/lib/python3.8/site-packages/central.egg-link (link to .)
[7.602s] 
[7.603s] Installed /home/jetson/PycharmProjects/boat_litter_collection/robot_ws/build/central
[7.603s] running install_data
[7.604s] creating /home/jetson/PycharmProjects/boat_litter_collection/robot_ws/install/central/share/ament_index
[7.605s] creating /home/jetson/PycharmProjects/boat_litter_collection/robot_ws/install/central/share/ament_index/resource_index
[7.607s] creating /home/jetson/PycharmProjects/boat_litter_collection/robot_ws/install/central/share/ament_index/resource_index/packages
[7.608s] copying resource/central -> /home/jetson/PycharmProjects/boat_litter_collection/robot_ws/install/central/share/ament_index/resource_index/packages
[7.611s] copying package.xml -> /home/jetson/PycharmProjects/boat_litter_collection/robot_ws/install/central/share/central
[7.756s] Invoked command in '/home/jetson/PycharmProjects/boat_litter_collection/robot_ws/build/central' returned '0': PYTHONPATH=/home/jetson/PycharmProjects/boat_litter_collection/robot_ws/build/central/prefix_override:/home/jetson/PycharmProjects/boat_litter_collection/robot_ws/install/central/lib/python3.8/site-packages:${PYTHONPATH} /usr/bin/python3 setup.py develop --editable --build-directory /home/jetson/PycharmProjects/boat_litter_collection/robot_ws/build/central/build --no-deps install_data
