[13.017s] DEBUG:colcon:Command line arguments: ['/usr/bin/colcon', 'build', '--symlink-install']
[13.018s] DEBUG:colcon:Parsed command line arguments: Namespace(allow_overriding=[], ament_cmake_args=None, base_paths=['.'], build_base='build', catkin_cmake_args=None, catkin_skip_building_tests=False, cmake_args=None, cmake_clean_cache=False, cmake_clean_first=False, cmake_force_configure=False, cmake_target=None, cmake_target_skip_unavailable=False, continue_on_error=False, event_handlers=None, executor='parallel', ignore_user_meta=False, install_base='install', log_base=None, log_level=None, main=<bound method BuildVerb.main of <colcon_core.verb.build.BuildVerb object at 0x7f91397670>>, merge_install=False, metas=['./colcon.meta'], packages_above=None, packages_above_and_dependencies=None, packages_above_depth=None, packages_end=None, packages_ignore=None, packages_ignore_regex=None, packages_select=None, packages_select_build_failed=False, packages_select_by_dep=None, packages_select_regex=None, packages_select_test_failures=False, packages_skip=None, packages_skip_build_finished=False, packages_skip_by_dep=None, packages_skip_regex=None, packages_skip_test_passed=False, packages_skip_up_to=None, packages_start=None, packages_up_to=None, packages_up_to_regex=None, parallel_workers=4, paths=None, symlink_install=True, test_result_base=None, verb_extension=<colcon_core.verb.build.BuildVerb object at 0x7f91397670>, verb_name='build', verb_parser=<colcon_defaults.argument_parser.defaults.DefaultArgumentsDecorator object at 0x7f913f68e0>)
[13.586s] Level 1:colcon.colcon_core.package_discovery:discover_packages(colcon_meta) check parameters
[13.586s] Level 1:colcon.colcon_core.package_discovery:discover_packages(recursive) check parameters
[13.586s] Level 1:colcon.colcon_core.package_discovery:discover_packages(ignore) check parameters
[13.586s] Level 1:colcon.colcon_core.package_discovery:discover_packages(path) check parameters
[13.587s] Level 1:colcon.colcon_core.package_discovery:discover_packages(colcon_meta) discover
[13.587s] Level 1:colcon.colcon_core.package_discovery:discover_packages(recursive) discover
[13.587s] INFO:colcon.colcon_core.package_discovery:Crawling recursively for packages in '/home/jetson/PycharmProjects/boat_litter_collection/raspberry_ws'
[13.587s] Level 1:colcon.colcon_core.package_identification:_identify(.) by extensions ['ignore', 'ignore_ament_install']
[13.588s] Level 1:colcon.colcon_core.package_identification:_identify(.) by extension 'ignore'
[13.588s] Level 1:colcon.colcon_core.package_identification:_identify(.) by extension 'ignore_ament_install'
[13.588s] Level 1:colcon.colcon_core.package_identification:_identify(.) by extensions ['colcon_pkg']
[13.588s] Level 1:colcon.colcon_core.package_identification:_identify(.) by extension 'colcon_pkg'
[13.589s] Level 1:colcon.colcon_core.package_identification:_identify(.) by extensions ['colcon_meta']
[13.589s] Level 1:colcon.colcon_core.package_identification:_identify(.) by extension 'colcon_meta'
[13.589s] Level 1:colcon.colcon_core.package_identification:_identify(.) by extensions ['ros']
[13.589s] Level 1:colcon.colcon_core.package_identification:_identify(.) by extension 'ros'
[13.655s] Level 1:colcon.colcon_core.package_identification:_identify(.) by extensions ['cmake', 'python']
[13.655s] Level 1:colcon.colcon_core.package_identification:_identify(.) by extension 'cmake'
[13.656s] Level 1:colcon.colcon_core.package_identification:_identify(.) by extension 'python'
[13.656s] Level 1:colcon.colcon_core.package_identification:_identify(.) by extensions ['python_setup_py']
[13.656s] Level 1:colcon.colcon_core.package_identification:_identify(.) by extension 'python_setup_py'
[13.657s] Level 1:colcon.colcon_core.package_identification:_identify(build) by extensions ['ignore', 'ignore_ament_install']
[13.657s] Level 1:colcon.colcon_core.package_identification:_identify(build) by extension 'ignore'
[13.657s] Level 1:colcon.colcon_core.package_identification:_identify(build) ignored
[13.658s] Level 1:colcon.colcon_core.package_identification:_identify(install) by extensions ['ignore', 'ignore_ament_install']
[13.658s] Level 1:colcon.colcon_core.package_identification:_identify(install) by extension 'ignore'
[13.658s] Level 1:colcon.colcon_core.package_identification:_identify(install) ignored
[13.659s] Level 1:colcon.colcon_core.package_identification:_identify(log) by extensions ['ignore', 'ignore_ament_install']
[13.659s] Level 1:colcon.colcon_core.package_identification:_identify(log) by extension 'ignore'
[13.659s] Level 1:colcon.colcon_core.package_identification:_identify(log) ignored
[13.659s] Level 1:colcon.colcon_core.package_identification:_identify(src) by extensions ['ignore', 'ignore_ament_install']
[13.660s] Level 1:colcon.colcon_core.package_identification:_identify(src) by extension 'ignore'
[13.660s] Level 1:colcon.colcon_core.package_identification:_identify(src) by extension 'ignore_ament_install'
[13.660s] Level 1:colcon.colcon_core.package_identification:_identify(src) by extensions ['colcon_pkg']
[13.660s] Level 1:colcon.colcon_core.package_identification:_identify(src) by extension 'colcon_pkg'
[13.661s] Level 1:colcon.colcon_core.package_identification:_identify(src) by extensions ['colcon_meta']
[13.661s] Level 1:colcon.colcon_core.package_identification:_identify(src) by extension 'colcon_meta'
[13.661s] Level 1:colcon.colcon_core.package_identification:_identify(src) by extensions ['ros']
[13.661s] Level 1:colcon.colcon_core.package_identification:_identify(src) by extension 'ros'
[13.661s] Level 1:colcon.colcon_core.package_identification:_identify(src) by extensions ['cmake', 'python']
[13.662s] Level 1:colcon.colcon_core.package_identification:_identify(src) by extension 'cmake'
[13.662s] Level 1:colcon.colcon_core.package_identification:_identify(src) by extension 'python'
[13.662s] Level 1:colcon.colcon_core.package_identification:_identify(src) by extensions ['python_setup_py']
[13.662s] Level 1:colcon.colcon_core.package_identification:_identify(src) by extension 'python_setup_py'
[13.663s] Level 1:colcon.colcon_core.package_identification:_identify(src/central) by extensions ['ignore', 'ignore_ament_install']
[13.663s] Level 1:colcon.colcon_core.package_identification:_identify(src/central) by extension 'ignore'
[13.663s] Level 1:colcon.colcon_core.package_identification:_identify(src/central) by extension 'ignore_ament_install'
[13.663s] Level 1:colcon.colcon_core.package_identification:_identify(src/central) by extensions ['colcon_pkg']
[13.663s] Level 1:colcon.colcon_core.package_identification:_identify(src/central) by extension 'colcon_pkg'
[13.664s] Level 1:colcon.colcon_core.package_identification:_identify(src/central) by extensions ['colcon_meta']
[13.664s] Level 1:colcon.colcon_core.package_identification:_identify(src/central) by extension 'colcon_meta'
[13.664s] Level 1:colcon.colcon_core.package_identification:_identify(src/central) by extensions ['ros']
[13.664s] Level 1:colcon.colcon_core.package_identification:_identify(src/central) by extension 'ros'
[13.677s] DEBUG:colcon.colcon_core.package_identification:Package 'src/central' with type 'ros.ament_python' and name 'central'
[13.678s] Level 1:colcon.colcon_core.package_identification:_identify(src/control) by extensions ['ignore', 'ignore_ament_install']
[13.679s] Level 1:colcon.colcon_core.package_identification:_identify(src/control) by extension 'ignore'
[13.679s] Level 1:colcon.colcon_core.package_identification:_identify(src/control) by extension 'ignore_ament_install'
[13.680s] Level 1:colcon.colcon_core.package_identification:_identify(src/control) by extensions ['colcon_pkg']
[13.680s] Level 1:colcon.colcon_core.package_identification:_identify(src/control) by extension 'colcon_pkg'
[13.680s] Level 1:colcon.colcon_core.package_identification:_identify(src/control) by extensions ['colcon_meta']
[13.680s] Level 1:colcon.colcon_core.package_identification:_identify(src/control) by extension 'colcon_meta'
[13.680s] Level 1:colcon.colcon_core.package_identification:_identify(src/control) by extensions ['ros']
[13.680s] Level 1:colcon.colcon_core.package_identification:_identify(src/control) by extension 'ros'
[13.683s] DEBUG:colcon.colcon_core.package_identification:Package 'src/control' with type 'ros.ament_python' and name 'control'
[13.684s] Level 1:colcon.colcon_core.package_identification:_identify(src/custom_msgs) by extensions ['ignore', 'ignore_ament_install']
[13.684s] Level 1:colcon.colcon_core.package_identification:_identify(src/custom_msgs) by extension 'ignore'
[13.684s] Level 1:colcon.colcon_core.package_identification:_identify(src/custom_msgs) by extension 'ignore_ament_install'
[13.685s] Level 1:colcon.colcon_core.package_identification:_identify(src/custom_msgs) by extensions ['colcon_pkg']
[13.685s] Level 1:colcon.colcon_core.package_identification:_identify(src/custom_msgs) by extension 'colcon_pkg'
[13.685s] Level 1:colcon.colcon_core.package_identification:_identify(src/custom_msgs) by extensions ['colcon_meta']
[13.685s] Level 1:colcon.colcon_core.package_identification:_identify(src/custom_msgs) by extension 'colcon_meta'
[13.685s] Level 1:colcon.colcon_core.package_identification:_identify(src/custom_msgs) by extensions ['ros']
[13.685s] Level 1:colcon.colcon_core.package_identification:_identify(src/custom_msgs) by extension 'ros'
[13.690s] DEBUG:colcon.colcon_core.package_identification:Package 'src/custom_msgs' with type 'ros.ament_cmake' and name 'custom_msgs'
[13.690s] Level 1:colcon.colcon_core.package_discovery:discover_packages(recursive) using defaults
[13.690s] Level 1:colcon.colcon_core.package_discovery:discover_packages(ignore) discover
[13.691s] Level 1:colcon.colcon_core.package_discovery:discover_packages(ignore) using defaults
[13.691s] Level 1:colcon.colcon_core.package_discovery:discover_packages(path) discover
[13.691s] Level 1:colcon.colcon_core.package_discovery:discover_packages(path) using defaults
[14.915s] Level 1:colcon.colcon_core.package_discovery:discover_packages(prefix_path) check parameters
[14.915s] Level 1:colcon.colcon_core.package_discovery:discover_packages(prefix_path) discover
[15.350s] DEBUG:colcon.colcon_installed_package_information.package_discovery:Found 3 installed packages in /home/jetson/PycharmProjects/boat_litter_collection/raspberry_ws/install
[15.569s] DEBUG:colcon.colcon_installed_package_information.package_discovery:Found 259 installed packages in /opt/ros/foxy
[15.578s] Level 1:colcon.colcon_core.package_discovery:discover_packages(prefix_path) using defaults
[16.472s] Level 5:colcon.colcon_core.verb:set package 'central' build argument 'cmake_args' from command line to 'None'
[16.472s] Level 5:colcon.colcon_core.verb:set package 'central' build argument 'cmake_target' from command line to 'None'
[16.472s] Level 5:colcon.colcon_core.verb:set package 'central' build argument 'cmake_target_skip_unavailable' from command line to 'False'
[16.473s] Level 5:colcon.colcon_core.verb:set package 'central' build argument 'cmake_clean_cache' from command line to 'False'
[16.473s] Level 5:colcon.colcon_core.verb:set package 'central' build argument 'cmake_clean_first' from command line to 'False'
[16.473s] Level 5:colcon.colcon_core.verb:set package 'central' build argument 'cmake_force_configure' from command line to 'False'
[16.473s] Level 5:colcon.colcon_core.verb:set package 'central' build argument 'ament_cmake_args' from command line to 'None'
[16.473s] Level 5:colcon.colcon_core.verb:set package 'central' build argument 'catkin_cmake_args' from command line to 'None'
[16.473s] Level 5:colcon.colcon_core.verb:set package 'central' build argument 'catkin_skip_building_tests' from command line to 'False'
[16.473s] DEBUG:colcon.colcon_core.verb:Building package 'central' with the following arguments: {'ament_cmake_args': None, 'build_base': '/home/jetson/PycharmProjects/boat_litter_collection/raspberry_ws/build/central', 'catkin_cmake_args': None, 'catkin_skip_building_tests': False, 'cmake_args': None, 'cmake_clean_cache': False, 'cmake_clean_first': False, 'cmake_force_configure': False, 'cmake_target': None, 'cmake_target_skip_unavailable': False, 'install_base': '/home/jetson/PycharmProjects/boat_litter_collection/raspberry_ws/install/central', 'merge_install': False, 'path': '/home/jetson/PycharmProjects/boat_litter_collection/raspberry_ws/src/central', 'symlink_install': True, 'test_result_base': None}
[16.685s] Level 5:colcon.colcon_core.verb:set package 'control' build argument 'cmake_args' from command line to 'None'
[16.685s] Level 5:colcon.colcon_core.verb:set package 'control' build argument 'cmake_target' from command line to 'None'
[16.685s] Level 5:colcon.colcon_core.verb:set package 'control' build argument 'cmake_target_skip_unavailable' from command line to 'False'
[16.686s] Level 5:colcon.colcon_core.verb:set package 'control' build argument 'cmake_clean_cache' from command line to 'False'
[16.686s] Level 5:colcon.colcon_core.verb:set package 'control' build argument 'cmake_clean_first' from command line to 'False'
[16.686s] Level 5:colcon.colcon_core.verb:set package 'control' build argument 'cmake_force_configure' from command line to 'False'
[16.686s] Level 5:colcon.colcon_core.verb:set package 'control' build argument 'ament_cmake_args' from command line to 'None'
[16.686s] Level 5:colcon.colcon_core.verb:set package 'control' build argument 'catkin_cmake_args' from command line to 'None'
[16.686s] Level 5:colcon.colcon_core.verb:set package 'control' build argument 'catkin_skip_building_tests' from command line to 'False'
[16.686s] DEBUG:colcon.colcon_core.verb:Building package 'control' with the following arguments: {'ament_cmake_args': None, 'build_base': '/home/jetson/PycharmProjects/boat_litter_collection/raspberry_ws/build/control', 'catkin_cmake_args': None, 'catkin_skip_building_tests': False, 'cmake_args': None, 'cmake_clean_cache': False, 'cmake_clean_first': False, 'cmake_force_configure': False, 'cmake_target': None, 'cmake_target_skip_unavailable': False, 'install_base': '/home/jetson/PycharmProjects/boat_litter_collection/raspberry_ws/install/control', 'merge_install': False, 'path': '/home/jetson/PycharmProjects/boat_litter_collection/raspberry_ws/src/control', 'symlink_install': True, 'test_result_base': None}
[16.899s] Level 5:colcon.colcon_core.verb:set package 'custom_msgs' build argument 'cmake_args' from command line to 'None'
[16.899s] Level 5:colcon.colcon_core.verb:set package 'custom_msgs' build argument 'cmake_target' from command line to 'None'
[16.899s] Level 5:colcon.colcon_core.verb:set package 'custom_msgs' build argument 'cmake_target_skip_unavailable' from command line to 'False'
[16.899s] Level 5:colcon.colcon_core.verb:set package 'custom_msgs' build argument 'cmake_clean_cache' from command line to 'False'
[16.899s] Level 5:colcon.colcon_core.verb:set package 'custom_msgs' build argument 'cmake_clean_first' from command line to 'False'
[16.900s] Level 5:colcon.colcon_core.verb:set package 'custom_msgs' build argument 'cmake_force_configure' from command line to 'False'
[16.900s] Level 5:colcon.colcon_core.verb:set package 'custom_msgs' build argument 'ament_cmake_args' from command line to 'None'
[16.900s] Level 5:colcon.colcon_core.verb:set package 'custom_msgs' build argument 'catkin_cmake_args' from command line to 'None'
[16.900s] Level 5:colcon.colcon_core.verb:set package 'custom_msgs' build argument 'catkin_skip_building_tests' from command line to 'False'
[16.900s] DEBUG:colcon.colcon_core.verb:Building package 'custom_msgs' with the following arguments: {'ament_cmake_args': None, 'build_base': '/home/jetson/PycharmProjects/boat_litter_collection/raspberry_ws/build/custom_msgs', 'catkin_cmake_args': None, 'catkin_skip_building_tests': False, 'cmake_args': None, 'cmake_clean_cache': False, 'cmake_clean_first': False, 'cmake_force_configure': False, 'cmake_target': None, 'cmake_target_skip_unavailable': False, 'install_base': '/home/jetson/PycharmProjects/boat_litter_collection/raspberry_ws/install/custom_msgs', 'merge_install': False, 'path': '/home/jetson/PycharmProjects/boat_litter_collection/raspberry_ws/src/custom_msgs', 'symlink_install': True, 'test_result_base': None}
[17.111s] INFO:colcon.colcon_core.executor:Executing jobs using 'parallel' executor
[17.323s] DEBUG:colcon.colcon_parallel_executor.executor.parallel:run_until_complete
[17.325s] INFO:colcon.colcon_ros.task.ament_python.build:Building ROS package in '/home/jetson/PycharmProjects/boat_litter_collection/raspberry_ws/src/central' with build type 'ament_python'
[17.325s] Level 1:colcon.colcon_core.shell:create_environment_hook('central', 'ament_prefix_path')
[17.585s] INFO:colcon.colcon_core.plugin_system:Skipping extension 'colcon_core.shell.bat': Not used on non-Windows systems
[17.586s] INFO:colcon.colcon_core.shell:Creating environment hook '/home/jetson/PycharmProjects/boat_litter_collection/raspberry_ws/install/central/share/central/hook/ament_prefix_path.ps1'
[17.590s] INFO:colcon.colcon_core.shell:Creating environment descriptor '/home/jetson/PycharmProjects/boat_litter_collection/raspberry_ws/install/central/share/central/hook/ament_prefix_path.dsv'
[17.596s] INFO:colcon.colcon_core.shell:Creating environment hook '/home/jetson/PycharmProjects/boat_litter_collection/raspberry_ws/install/central/share/central/hook/ament_prefix_path.sh'
[17.825s] INFO:colcon.colcon_core.shell:Skip shell extension 'powershell' for command environment: Not usable outside of PowerShell
[17.825s] DEBUG:colcon.colcon_core.shell:Skip shell extension 'dsv' for command environment
[18.531s] INFO:colcon.colcon_ros.task.ament_python.build:Building ROS package in '/home/jetson/PycharmProjects/boat_litter_collection/raspberry_ws/src/control' with build type 'ament_python'
[18.533s] Level 1:colcon.colcon_core.shell:create_environment_hook('control', 'ament_prefix_path')
[18.773s] INFO:colcon.colcon_core.shell:Creating environment hook '/home/jetson/PycharmProjects/boat_litter_collection/raspberry_ws/install/control/share/control/hook/ament_prefix_path.ps1'
[18.775s] INFO:colcon.colcon_core.shell:Creating environment descriptor '/home/jetson/PycharmProjects/boat_litter_collection/raspberry_ws/install/control/share/control/hook/ament_prefix_path.dsv'
[18.776s] INFO:colcon.colcon_core.shell:Creating environment hook '/home/jetson/PycharmProjects/boat_litter_collection/raspberry_ws/install/control/share/control/hook/ament_prefix_path.sh'
[19.000s] INFO:colcon.colcon_core.shell:Skip shell extension 'powershell' for command environment: Not usable outside of PowerShell
[19.001s] DEBUG:colcon.colcon_core.shell:Skip shell extension 'dsv' for command environment
[19.704s] INFO:colcon.colcon_ros.task.ament_cmake.build:Building ROS package in '/home/jetson/PycharmProjects/boat_litter_collection/raspberry_ws/src/custom_msgs' with build type 'ament_cmake'
[19.705s] INFO:colcon.colcon_cmake.task.cmake.build:Building CMake package in '/home/jetson/PycharmProjects/boat_litter_collection/raspberry_ws/src/custom_msgs'
[19.941s] INFO:colcon.colcon_core.shell:Skip shell extension 'powershell' for command environment: Not usable outside of PowerShell
[19.941s] DEBUG:colcon.colcon_core.shell:Skip shell extension 'dsv' for command environment
[22.061s] INFO:colcon.colcon_core.task.python.build:Building Python package in '/home/jetson/PycharmProjects/boat_litter_collection/raspberry_ws/src/central'
[22.299s] INFO:colcon.colcon_core.shell:Skip shell extension 'powershell' for command environment: Not usable outside of PowerShell
[22.300s] DEBUG:colcon.colcon_core.shell:Skip shell extension 'dsv' for command environment
[24.375s] INFO:colcon.colcon_core.task.python.build:Building Python package in '/home/jetson/PycharmProjects/boat_litter_collection/raspberry_ws/src/control'
[24.614s] INFO:colcon.colcon_core.shell:Skip shell extension 'powershell' for command environment: Not usable outside of PowerShell
[24.614s] DEBUG:colcon.colcon_core.shell:Skip shell extension 'dsv' for command environment
[25.380s] DEBUG:colcon.colcon_core.event_handler.log_command:Invoking command in '/home/jetson/PycharmProjects/boat_litter_collection/raspberry_ws/build/custom_msgs': CMAKE_PREFIX_PATH=${CMAKE_PREFIX_PATH}:/home/jetson/PycharmProjects/boat_litter_collection/raspberry_ws/install/control:/home/jetson/PycharmProjects/boat_litter_collection/raspberry_ws/install/central:/opt/ros/foxy /usr/bin/cmake --build /home/jetson/PycharmProjects/boat_litter_collection/raspberry_ws/build/custom_msgs -- -j4 -l4
[27.088s] DEBUG:colcon.colcon_core.event_handler.log_command:Invoked command in '/home/jetson/PycharmProjects/boat_litter_collection/raspberry_ws/build/custom_msgs' returned '0': CMAKE_PREFIX_PATH=${CMAKE_PREFIX_PATH}:/home/jetson/PycharmProjects/boat_litter_collection/raspberry_ws/install/control:/home/jetson/PycharmProjects/boat_litter_collection/raspberry_ws/install/central:/opt/ros/foxy /usr/bin/cmake --build /home/jetson/PycharmProjects/boat_litter_collection/raspberry_ws/build/custom_msgs -- -j4 -l4
[27.450s] DEBUG:colcon.colcon_core.event_handler.log_command:Invoking command in '/home/jetson/PycharmProjects/boat_litter_collection/raspberry_ws/build/custom_msgs': CMAKE_PREFIX_PATH=${CMAKE_PREFIX_PATH}:/home/jetson/PycharmProjects/boat_litter_collection/raspberry_ws/install/control:/home/jetson/PycharmProjects/boat_litter_collection/raspberry_ws/install/central:/opt/ros/foxy /usr/bin/cmake --install /home/jetson/PycharmProjects/boat_litter_collection/raspberry_ws/build/custom_msgs
[27.885s] DEBUG:colcon.colcon_core.event_handler.log_command:Invoking command in '/home/jetson/PycharmProjects/boat_litter_collection/raspberry_ws/build/central': PYTHONPATH=/home/jetson/PycharmProjects/boat_litter_collection/raspberry_ws/build/central/prefix_override:/home/jetson/PycharmProjects/boat_litter_collection/raspberry_ws/install/central/lib/python3.8/site-packages:${PYTHONPATH} /usr/bin/python3 setup.py develop --editable --build-directory /home/jetson/PycharmProjects/boat_litter_collection/raspberry_ws/build/central/build --no-deps install_data
[27.907s] DEBUG:colcon.colcon_core.event_handler.log_command:Invoking command in '/home/jetson/PycharmProjects/boat_litter_collection/raspberry_ws/build/control': PYTHONPATH=/home/jetson/PycharmProjects/boat_litter_collection/raspberry_ws/build/control/prefix_override:/home/jetson/PycharmProjects/boat_litter_collection/raspberry_ws/install/control/lib/python3.8/site-packages:${PYTHONPATH} /usr/bin/python3 setup.py develop --editable --build-directory /home/jetson/PycharmProjects/boat_litter_collection/raspberry_ws/build/control/build --no-deps install_data
[27.955s] Level 1:colcon.colcon_core.environment:create_environment_scripts_only(custom_msgs)
[27.958s] DEBUG:colcon.colcon_core.event_handler.log_command:Invoked command in '/home/jetson/PycharmProjects/boat_litter_collection/raspberry_ws/build/custom_msgs' returned '0': CMAKE_PREFIX_PATH=${CMAKE_PREFIX_PATH}:/home/jetson/PycharmProjects/boat_litter_collection/raspberry_ws/install/control:/home/jetson/PycharmProjects/boat_litter_collection/raspberry_ws/install/central:/opt/ros/foxy /usr/bin/cmake --install /home/jetson/PycharmProjects/boat_litter_collection/raspberry_ws/build/custom_msgs
[28.267s] Level 1:colcon.colcon_core.environment:checking '/home/jetson/PycharmProjects/boat_litter_collection/raspberry_ws/install/custom_msgs' for CMake module files
[28.271s] Level 1:colcon.colcon_core.environment:checking '/home/jetson/PycharmProjects/boat_litter_collection/raspberry_ws/install/custom_msgs' for CMake config files
[28.275s] Level 1:colcon.colcon_core.shell:create_environment_hook('custom_msgs', 'cmake_prefix_path')
[28.540s] INFO:colcon.colcon_core.shell:Creating environment hook '/home/jetson/PycharmProjects/boat_litter_collection/raspberry_ws/install/custom_msgs/share/custom_msgs/hook/cmake_prefix_path.ps1'
[28.543s] INFO:colcon.colcon_core.shell:Creating environment descriptor '/home/jetson/PycharmProjects/boat_litter_collection/raspberry_ws/install/custom_msgs/share/custom_msgs/hook/cmake_prefix_path.dsv'
[28.545s] INFO:colcon.colcon_core.shell:Creating environment hook '/home/jetson/PycharmProjects/boat_litter_collection/raspberry_ws/install/custom_msgs/share/custom_msgs/hook/cmake_prefix_path.sh'
[28.548s] Level 1:colcon.colcon_core.environment:checking '/home/jetson/PycharmProjects/boat_litter_collection/raspberry_ws/install/custom_msgs/lib'
[28.549s] Level 1:colcon.colcon_core.shell:create_environment_hook('custom_msgs', 'ld_library_path_lib')
[28.796s] INFO:colcon.colcon_core.shell:Creating environment hook '/home/jetson/PycharmProjects/boat_litter_collection/raspberry_ws/install/custom_msgs/share/custom_msgs/hook/ld_library_path_lib.ps1'
[28.797s] INFO:colcon.colcon_core.shell:Creating environment descriptor '/home/jetson/PycharmProjects/boat_litter_collection/raspberry_ws/install/custom_msgs/share/custom_msgs/hook/ld_library_path_lib.dsv'
[28.799s] INFO:colcon.colcon_core.shell:Creating environment hook '/home/jetson/PycharmProjects/boat_litter_collection/raspberry_ws/install/custom_msgs/share/custom_msgs/hook/ld_library_path_lib.sh'
[28.800s] Level 1:colcon.colcon_core.environment:checking '/home/jetson/PycharmProjects/boat_litter_collection/raspberry_ws/install/custom_msgs/bin'
[28.801s] Level 1:colcon.colcon_core.environment:checking '/home/jetson/PycharmProjects/boat_litter_collection/raspberry_ws/install/custom_msgs/lib/pkgconfig/custom_msgs.pc'
[28.802s] Level 1:colcon.colcon_core.environment:checking '/home/jetson/PycharmProjects/boat_litter_collection/raspberry_ws/install/custom_msgs/lib/python3.8/site-packages'
[28.802s] Level 1:colcon.colcon_core.shell:create_environment_hook('custom_msgs', 'pythonpath')
[29.071s] INFO:colcon.colcon_core.shell:Creating environment hook '/home/jetson/PycharmProjects/boat_litter_collection/raspberry_ws/install/custom_msgs/share/custom_msgs/hook/pythonpath.ps1'
[29.072s] INFO:colcon.colcon_core.shell:Creating environment descriptor '/home/jetson/PycharmProjects/boat_litter_collection/raspberry_ws/install/custom_msgs/share/custom_msgs/hook/pythonpath.dsv'
[29.074s] INFO:colcon.colcon_core.shell:Creating environment hook '/home/jetson/PycharmProjects/boat_litter_collection/raspberry_ws/install/custom_msgs/share/custom_msgs/hook/pythonpath.sh'
[29.076s] Level 1:colcon.colcon_core.environment:checking '/home/jetson/PycharmProjects/boat_litter_collection/raspberry_ws/install/custom_msgs/bin'
[29.346s] INFO:colcon.colcon_core.shell:Creating package script '/home/jetson/PycharmProjects/boat_litter_collection/raspberry_ws/install/custom_msgs/share/custom_msgs/package.ps1'
[29.355s] INFO:colcon.colcon_core.shell:Creating package descriptor '/home/jetson/PycharmProjects/boat_litter_collection/raspberry_ws/install/custom_msgs/share/custom_msgs/package.dsv'
[29.359s] INFO:colcon.colcon_core.shell:Creating package script '/home/jetson/PycharmProjects/boat_litter_collection/raspberry_ws/install/custom_msgs/share/custom_msgs/package.sh'
[29.363s] INFO:colcon.colcon_core.shell:Creating package script '/home/jetson/PycharmProjects/boat_litter_collection/raspberry_ws/install/custom_msgs/share/custom_msgs/package.bash'
[29.369s] INFO:colcon.colcon_core.shell:Creating package script '/home/jetson/PycharmProjects/boat_litter_collection/raspberry_ws/install/custom_msgs/share/custom_msgs/package.zsh'
[29.374s] Level 1:colcon.colcon_core.environment:create_file_with_runtime_dependencies(/home/jetson/PycharmProjects/boat_litter_collection/raspberry_ws/install/custom_msgs/share/colcon-core/packages/custom_msgs)
[29.923s] Level 1:colcon.colcon_core.environment:create_environment_scripts_only(custom_msgs)
[30.169s] Level 1:colcon.colcon_core.environment:checking '/home/jetson/PycharmProjects/boat_litter_collection/raspberry_ws/install/custom_msgs' for CMake module files
[30.173s] Level 1:colcon.colcon_core.environment:checking '/home/jetson/PycharmProjects/boat_litter_collection/raspberry_ws/install/custom_msgs' for CMake config files
[30.177s] Level 1:colcon.colcon_core.shell:create_environment_hook('custom_msgs', 'cmake_prefix_path')
[30.450s] INFO:colcon.colcon_core.shell:Creating environment hook '/home/jetson/PycharmProjects/boat_litter_collection/raspberry_ws/install/custom_msgs/share/custom_msgs/hook/cmake_prefix_path.ps1'
[30.452s] INFO:colcon.colcon_core.shell:Creating environment descriptor '/home/jetson/PycharmProjects/boat_litter_collection/raspberry_ws/install/custom_msgs/share/custom_msgs/hook/cmake_prefix_path.dsv'
[30.454s] INFO:colcon.colcon_core.shell:Creating environment hook '/home/jetson/PycharmProjects/boat_litter_collection/raspberry_ws/install/custom_msgs/share/custom_msgs/hook/cmake_prefix_path.sh'
[30.456s] Level 1:colcon.colcon_core.environment:checking '/home/jetson/PycharmProjects/boat_litter_collection/raspberry_ws/install/custom_msgs/lib'
[30.457s] Level 1:colcon.colcon_core.shell:create_environment_hook('custom_msgs', 'ld_library_path_lib')
[30.766s] INFO:colcon.colcon_core.shell:Creating environment hook '/home/jetson/PycharmProjects/boat_litter_collection/raspberry_ws/install/custom_msgs/share/custom_msgs/hook/ld_library_path_lib.ps1'
[30.767s] INFO:colcon.colcon_core.shell:Creating environment descriptor '/home/jetson/PycharmProjects/boat_litter_collection/raspberry_ws/install/custom_msgs/share/custom_msgs/hook/ld_library_path_lib.dsv'
[30.768s] INFO:colcon.colcon_core.shell:Creating environment hook '/home/jetson/PycharmProjects/boat_litter_collection/raspberry_ws/install/custom_msgs/share/custom_msgs/hook/ld_library_path_lib.sh'
[30.770s] Level 1:colcon.colcon_core.environment:checking '/home/jetson/PycharmProjects/boat_litter_collection/raspberry_ws/install/custom_msgs/bin'
[30.770s] Level 1:colcon.colcon_core.environment:checking '/home/jetson/PycharmProjects/boat_litter_collection/raspberry_ws/install/custom_msgs/lib/pkgconfig/custom_msgs.pc'
[30.771s] Level 1:colcon.colcon_core.environment:checking '/home/jetson/PycharmProjects/boat_litter_collection/raspberry_ws/install/custom_msgs/lib/python3.8/site-packages'
[30.771s] Level 1:colcon.colcon_core.shell:create_environment_hook('custom_msgs', 'pythonpath')
[30.995s] INFO:colcon.colcon_core.shell:Creating environment hook '/home/jetson/PycharmProjects/boat_litter_collection/raspberry_ws/install/custom_msgs/share/custom_msgs/hook/pythonpath.ps1'
[30.996s] INFO:colcon.colcon_core.shell:Creating environment descriptor '/home/jetson/PycharmProjects/boat_litter_collection/raspberry_ws/install/custom_msgs/share/custom_msgs/hook/pythonpath.dsv'
[30.998s] INFO:colcon.colcon_core.shell:Creating environment hook '/home/jetson/PycharmProjects/boat_litter_collection/raspberry_ws/install/custom_msgs/share/custom_msgs/hook/pythonpath.sh'
[31.000s] Level 1:colcon.colcon_core.environment:checking '/home/jetson/PycharmProjects/boat_litter_collection/raspberry_ws/install/custom_msgs/bin'
[31.221s] INFO:colcon.colcon_core.shell:Creating package script '/home/jetson/PycharmProjects/boat_litter_collection/raspberry_ws/install/custom_msgs/share/custom_msgs/package.ps1'
[31.225s] INFO:colcon.colcon_core.shell:Creating package descriptor '/home/jetson/PycharmProjects/boat_litter_collection/raspberry_ws/install/custom_msgs/share/custom_msgs/package.dsv'
[31.227s] INFO:colcon.colcon_core.shell:Creating package script '/home/jetson/PycharmProjects/boat_litter_collection/raspberry_ws/install/custom_msgs/share/custom_msgs/package.sh'
[31.229s] INFO:colcon.colcon_core.shell:Creating package script '/home/jetson/PycharmProjects/boat_litter_collection/raspberry_ws/install/custom_msgs/share/custom_msgs/package.bash'
[31.231s] INFO:colcon.colcon_core.shell:Creating package script '/home/jetson/PycharmProjects/boat_litter_collection/raspberry_ws/install/custom_msgs/share/custom_msgs/package.zsh'
[31.233s] Level 1:colcon.colcon_core.environment:create_file_with_runtime_dependencies(/home/jetson/PycharmProjects/boat_litter_collection/raspberry_ws/install/custom_msgs/share/colcon-core/packages/custom_msgs)
[31.238s] Level 1:colcon.colcon_core.shell:create_environment_hook('central', 'pythonpath_develop')
[31.241s] DEBUG:colcon.colcon_core.event_handler.log_command:Invoked command in '/home/jetson/PycharmProjects/boat_litter_collection/raspberry_ws/build/central' returned '0': PYTHONPATH=/home/jetson/PycharmProjects/boat_litter_collection/raspberry_ws/build/central/prefix_override:/home/jetson/PycharmProjects/boat_litter_collection/raspberry_ws/install/central/lib/python3.8/site-packages:${PYTHONPATH} /usr/bin/python3 setup.py develop --editable --build-directory /home/jetson/PycharmProjects/boat_litter_collection/raspberry_ws/build/central/build --no-deps install_data
[31.468s] INFO:colcon.colcon_core.shell:Creating environment hook '/home/jetson/PycharmProjects/boat_litter_collection/raspberry_ws/build/central/share/central/hook/pythonpath_develop.ps1'
[31.470s] INFO:colcon.colcon_core.shell:Creating environment descriptor '/home/jetson/PycharmProjects/boat_litter_collection/raspberry_ws/build/central/share/central/hook/pythonpath_develop.dsv'
[31.471s] INFO:colcon.colcon_core.shell:Creating environment hook '/home/jetson/PycharmProjects/boat_litter_collection/raspberry_ws/build/central/share/central/hook/pythonpath_develop.sh'
[31.698s] Level 1:colcon.colcon_core.environment:checking '/home/jetson/PycharmProjects/boat_litter_collection/raspberry_ws/install/central' for CMake module files
[31.700s] Level 1:colcon.colcon_core.environment:checking '/home/jetson/PycharmProjects/boat_litter_collection/raspberry_ws/install/central' for CMake config files
[31.702s] Level 1:colcon.colcon_core.environment:checking '/home/jetson/PycharmProjects/boat_litter_collection/raspberry_ws/install/central/lib'
[31.703s] Level 1:colcon.colcon_core.environment:checking '/home/jetson/PycharmProjects/boat_litter_collection/raspberry_ws/install/central/bin'
[31.703s] Level 1:colcon.colcon_core.environment:checking '/home/jetson/PycharmProjects/boat_litter_collection/raspberry_ws/install/central/lib/pkgconfig/central.pc'
[31.704s] Level 1:colcon.colcon_core.environment:checking '/home/jetson/PycharmProjects/boat_litter_collection/raspberry_ws/install/central/lib/python3.8/site-packages'
[31.704s] Level 1:colcon.colcon_core.shell:create_environment_hook('central', 'pythonpath')
[31.928s] INFO:colcon.colcon_core.shell:Creating environment hook '/home/jetson/PycharmProjects/boat_litter_collection/raspberry_ws/install/central/share/central/hook/pythonpath.ps1'
[31.930s] INFO:colcon.colcon_core.shell:Creating environment descriptor '/home/jetson/PycharmProjects/boat_litter_collection/raspberry_ws/install/central/share/central/hook/pythonpath.dsv'
[31.932s] INFO:colcon.colcon_core.shell:Creating environment hook '/home/jetson/PycharmProjects/boat_litter_collection/raspberry_ws/install/central/share/central/hook/pythonpath.sh'
[31.934s] Level 1:colcon.colcon_core.environment:checking '/home/jetson/PycharmProjects/boat_litter_collection/raspberry_ws/install/central/bin'
[31.934s] Level 1:colcon.colcon_core.environment:create_environment_scripts_only(central)
[32.160s] INFO:colcon.colcon_core.shell:Creating package script '/home/jetson/PycharmProjects/boat_litter_collection/raspberry_ws/install/central/share/central/package.ps1'
[32.163s] INFO:colcon.colcon_core.shell:Creating package descriptor '/home/jetson/PycharmProjects/boat_litter_collection/raspberry_ws/install/central/share/central/package.dsv'
[32.165s] INFO:colcon.colcon_core.shell:Creating package script '/home/jetson/PycharmProjects/boat_litter_collection/raspberry_ws/install/central/share/central/package.sh'
[32.166s] INFO:colcon.colcon_core.shell:Creating package script '/home/jetson/PycharmProjects/boat_litter_collection/raspberry_ws/install/central/share/central/package.bash'
[32.168s] INFO:colcon.colcon_core.shell:Creating package script '/home/jetson/PycharmProjects/boat_litter_collection/raspberry_ws/install/central/share/central/package.zsh'
[32.169s] Level 1:colcon.colcon_core.environment:create_file_with_runtime_dependencies(/home/jetson/PycharmProjects/boat_litter_collection/raspberry_ws/install/central/share/colcon-core/packages/central)
[32.170s] Level 1:colcon.colcon_core.shell:create_environment_hook('control', 'pythonpath_develop')
[32.174s] DEBUG:colcon.colcon_core.event_handler.log_command:Invoked command in '/home/jetson/PycharmProjects/boat_litter_collection/raspberry_ws/build/control' returned '0': PYTHONPATH=/home/jetson/PycharmProjects/boat_litter_collection/raspberry_ws/build/control/prefix_override:/home/jetson/PycharmProjects/boat_litter_collection/raspberry_ws/install/control/lib/python3.8/site-packages:${PYTHONPATH} /usr/bin/python3 setup.py develop --editable --build-directory /home/jetson/PycharmProjects/boat_litter_collection/raspberry_ws/build/control/build --no-deps install_data
[32.404s] INFO:colcon.colcon_core.shell:Creating environment hook '/home/jetson/PycharmProjects/boat_litter_collection/raspberry_ws/build/control/share/control/hook/pythonpath_develop.ps1'
[32.406s] INFO:colcon.colcon_core.shell:Creating environment descriptor '/home/jetson/PycharmProjects/boat_litter_collection/raspberry_ws/build/control/share/control/hook/pythonpath_develop.dsv'
[32.407s] INFO:colcon.colcon_core.shell:Creating environment hook '/home/jetson/PycharmProjects/boat_litter_collection/raspberry_ws/build/control/share/control/hook/pythonpath_develop.sh'
[32.684s] Level 1:colcon.colcon_core.environment:checking '/home/jetson/PycharmProjects/boat_litter_collection/raspberry_ws/install/control' for CMake module files
[32.686s] Level 1:colcon.colcon_core.environment:checking '/home/jetson/PycharmProjects/boat_litter_collection/raspberry_ws/install/control' for CMake config files
[32.688s] Level 1:colcon.colcon_core.environment:checking '/home/jetson/PycharmProjects/boat_litter_collection/raspberry_ws/install/control/lib'
[32.689s] Level 1:colcon.colcon_core.environment:checking '/home/jetson/PycharmProjects/boat_litter_collection/raspberry_ws/install/control/bin'
[32.689s] Level 1:colcon.colcon_core.environment:checking '/home/jetson/PycharmProjects/boat_litter_collection/raspberry_ws/install/control/lib/pkgconfig/control.pc'
[32.690s] Level 1:colcon.colcon_core.environment:checking '/home/jetson/PycharmProjects/boat_litter_collection/raspberry_ws/install/control/lib/python3.8/site-packages'
[32.690s] Level 1:colcon.colcon_core.shell:create_environment_hook('control', 'pythonpath')
[32.911s] INFO:colcon.colcon_core.shell:Creating environment hook '/home/jetson/PycharmProjects/boat_litter_collection/raspberry_ws/install/control/share/control/hook/pythonpath.ps1'
[32.913s] INFO:colcon.colcon_core.shell:Creating environment descriptor '/home/jetson/PycharmProjects/boat_litter_collection/raspberry_ws/install/control/share/control/hook/pythonpath.dsv'
[32.914s] INFO:colcon.colcon_core.shell:Creating environment hook '/home/jetson/PycharmProjects/boat_litter_collection/raspberry_ws/install/control/share/control/hook/pythonpath.sh'
[32.917s] Level 1:colcon.colcon_core.environment:checking '/home/jetson/PycharmProjects/boat_litter_collection/raspberry_ws/install/control/bin'
[32.917s] Level 1:colcon.colcon_core.environment:create_environment_scripts_only(control)
[33.144s] INFO:colcon.colcon_core.shell:Creating package script '/home/jetson/PycharmProjects/boat_litter_collection/raspberry_ws/install/control/share/control/package.ps1'
[33.146s] INFO:colcon.colcon_core.shell:Creating package descriptor '/home/jetson/PycharmProjects/boat_litter_collection/raspberry_ws/install/control/share/control/package.dsv'
[33.148s] INFO:colcon.colcon_core.shell:Creating package script '/home/jetson/PycharmProjects/boat_litter_collection/raspberry_ws/install/control/share/control/package.sh'
[33.151s] INFO:colcon.colcon_core.shell:Creating package script '/home/jetson/PycharmProjects/boat_litter_collection/raspberry_ws/install/control/share/control/package.bash'
[33.153s] INFO:colcon.colcon_core.shell:Creating package script '/home/jetson/PycharmProjects/boat_litter_collection/raspberry_ws/install/control/share/control/package.zsh'
[33.154s] Level 1:colcon.colcon_core.environment:create_file_with_runtime_dependencies(/home/jetson/PycharmProjects/boat_litter_collection/raspberry_ws/install/control/share/colcon-core/packages/control)
[33.155s] DEBUG:colcon.colcon_parallel_executor.executor.parallel:closing loop
[33.156s] DEBUG:colcon.colcon_parallel_executor.executor.parallel:loop closed
[33.156s] DEBUG:colcon.colcon_parallel_executor.executor.parallel:run_until_complete finished with '0'
[33.157s] DEBUG:colcon.colcon_core.event_reactor:joining thread
[33.416s] INFO:colcon.colcon_core.plugin_system:Skipping extension 'colcon_notification.desktop_notification.terminal_notifier': Not used on non-Darwin systems
[33.416s] INFO:colcon.colcon_core.plugin_system:Skipping extension 'colcon_notification.desktop_notification.win32': Not used on non-Windows systems
[33.417s] INFO:colcon.colcon_notification.desktop_notification:Sending desktop notification using 'notify2'
[33.691s] DEBUG:colcon.colcon_core.event_reactor:joined thread
[33.944s] INFO:colcon.colcon_core.shell:Creating prefix script '/home/jetson/PycharmProjects/boat_litter_collection/raspberry_ws/install/local_setup.ps1'
[33.952s] INFO:colcon.colcon_core.shell:Creating prefix util module '/home/jetson/PycharmProjects/boat_litter_collection/raspberry_ws/install/_local_setup_util_ps1.py'
[33.965s] INFO:colcon.colcon_core.shell:Creating prefix chain script '/home/jetson/PycharmProjects/boat_litter_collection/raspberry_ws/install/setup.ps1'
[34.190s] INFO:colcon.colcon_core.shell:Creating prefix script '/home/jetson/PycharmProjects/boat_litter_collection/raspberry_ws/install/local_setup.sh'
[34.194s] INFO:colcon.colcon_core.shell:Creating prefix util module '/home/jetson/PycharmProjects/boat_litter_collection/raspberry_ws/install/_local_setup_util_sh.py'
[34.196s] INFO:colcon.colcon_core.shell:Creating prefix chain script '/home/jetson/PycharmProjects/boat_litter_collection/raspberry_ws/install/setup.sh'
[34.419s] INFO:colcon.colcon_core.shell:Creating prefix script '/home/jetson/PycharmProjects/boat_litter_collection/raspberry_ws/install/local_setup.bash'
[34.423s] INFO:colcon.colcon_core.shell:Creating prefix chain script '/home/jetson/PycharmProjects/boat_litter_collection/raspberry_ws/install/setup.bash'
[34.648s] INFO:colcon.colcon_core.shell:Creating prefix script '/home/jetson/PycharmProjects/boat_litter_collection/raspberry_ws/install/local_setup.zsh'
[34.652s] INFO:colcon.colcon_core.shell:Creating prefix chain script '/home/jetson/PycharmProjects/boat_litter_collection/raspberry_ws/install/setup.zsh'
