[2.164s] DEBUG:colcon:Command line arguments: ['/usr/bin/colcon', 'build', '--symlink-install']
[2.165s] DEBUG:colcon:Parsed command line arguments: Namespace(allow_overriding=[], ament_cmake_args=None, base_paths=['.'], build_base='build', catkin_cmake_args=None, catkin_skip_building_tests=False, cmake_args=None, cmake_clean_cache=False, cmake_clean_first=False, cmake_force_configure=False, cmake_target=None, cmake_target_skip_unavailable=False, continue_on_error=False, event_handlers=None, executor='parallel', ignore_user_meta=False, install_base='install', log_base=None, log_level=None, main=<bound method BuildVerb.main of <colcon_core.verb.build.BuildVerb object at 0x7f89030fd0>>, merge_install=False, metas=['./colcon.meta'], packages_above=None, packages_above_and_dependencies=None, packages_above_depth=None, packages_end=None, packages_ignore=None, packages_ignore_regex=None, packages_select=None, packages_select_build_failed=False, packages_select_by_dep=None, packages_select_regex=None, packages_select_test_failures=False, packages_skip=None, packages_skip_build_finished=False, packages_skip_by_dep=None, packages_skip_regex=None, packages_skip_test_passed=False, packages_skip_up_to=None, packages_start=None, packages_up_to=None, packages_up_to_regex=None, parallel_workers=4, paths=None, symlink_install=True, test_result_base=None, verb_extension=<colcon_core.verb.build.BuildVerb object at 0x7f89030fd0>, verb_name='build', verb_parser=<colcon_defaults.argument_parser.defaults.DefaultArgumentsDecorator object at 0x7f88fa2520>)
[2.363s] Level 1:colcon.colcon_core.package_discovery:discover_packages(colcon_meta) check parameters
[2.363s] Level 1:colcon.colcon_core.package_discovery:discover_packages(recursive) check parameters
[2.364s] Level 1:colcon.colcon_core.package_discovery:discover_packages(ignore) check parameters
[2.364s] Level 1:colcon.colcon_core.package_discovery:discover_packages(path) check parameters
[2.364s] Level 1:colcon.colcon_core.package_discovery:discover_packages(colcon_meta) discover
[2.364s] Level 1:colcon.colcon_core.package_discovery:discover_packages(recursive) discover
[2.364s] INFO:colcon.colcon_core.package_discovery:Crawling recursively for packages in '/home/jetson/projects/robot_ws'
[2.365s] Level 1:colcon.colcon_core.package_identification:_identify(.) by extensions ['ignore', 'ignore_ament_install']
[2.365s] Level 1:colcon.colcon_core.package_identification:_identify(.) by extension 'ignore'
[2.365s] Level 1:colcon.colcon_core.package_identification:_identify(.) by extension 'ignore_ament_install'
[2.366s] Level 1:colcon.colcon_core.package_identification:_identify(.) by extensions ['colcon_pkg']
[2.366s] Level 1:colcon.colcon_core.package_identification:_identify(.) by extension 'colcon_pkg'
[2.366s] Level 1:colcon.colcon_core.package_identification:_identify(.) by extensions ['colcon_meta']
[2.366s] Level 1:colcon.colcon_core.package_identification:_identify(.) by extension 'colcon_meta'
[2.366s] Level 1:colcon.colcon_core.package_identification:_identify(.) by extensions ['ros']
[2.366s] Level 1:colcon.colcon_core.package_identification:_identify(.) by extension 'ros'
[2.429s] Level 1:colcon.colcon_core.package_identification:_identify(.) by extensions ['cmake', 'python']
[2.430s] Level 1:colcon.colcon_core.package_identification:_identify(.) by extension 'cmake'
[2.430s] Level 1:colcon.colcon_core.package_identification:_identify(.) by extension 'python'
[2.430s] Level 1:colcon.colcon_core.package_identification:_identify(.) by extensions ['python_setup_py']
[2.430s] Level 1:colcon.colcon_core.package_identification:_identify(.) by extension 'python_setup_py'
[2.431s] Level 1:colcon.colcon_core.package_identification:_identify(build) by extensions ['ignore', 'ignore_ament_install']
[2.431s] Level 1:colcon.colcon_core.package_identification:_identify(build) by extension 'ignore'
[2.431s] Level 1:colcon.colcon_core.package_identification:_identify(build) ignored
[2.432s] Level 1:colcon.colcon_core.package_identification:_identify(install) by extensions ['ignore', 'ignore_ament_install']
[2.432s] Level 1:colcon.colcon_core.package_identification:_identify(install) by extension 'ignore'
[2.432s] Level 1:colcon.colcon_core.package_identification:_identify(install) ignored
[2.433s] Level 1:colcon.colcon_core.package_identification:_identify(log) by extensions ['ignore', 'ignore_ament_install']
[2.433s] Level 1:colcon.colcon_core.package_identification:_identify(log) by extension 'ignore'
[2.433s] Level 1:colcon.colcon_core.package_identification:_identify(log) ignored
[2.433s] Level 1:colcon.colcon_core.package_identification:_identify(src) by extensions ['ignore', 'ignore_ament_install']
[2.434s] Level 1:colcon.colcon_core.package_identification:_identify(src) by extension 'ignore'
[2.434s] Level 1:colcon.colcon_core.package_identification:_identify(src) by extension 'ignore_ament_install'
[2.434s] Level 1:colcon.colcon_core.package_identification:_identify(src) by extensions ['colcon_pkg']
[2.434s] Level 1:colcon.colcon_core.package_identification:_identify(src) by extension 'colcon_pkg'
[2.434s] Level 1:colcon.colcon_core.package_identification:_identify(src) by extensions ['colcon_meta']
[2.435s] Level 1:colcon.colcon_core.package_identification:_identify(src) by extension 'colcon_meta'
[2.435s] Level 1:colcon.colcon_core.package_identification:_identify(src) by extensions ['ros']
[2.435s] Level 1:colcon.colcon_core.package_identification:_identify(src) by extension 'ros'
[2.435s] Level 1:colcon.colcon_core.package_identification:_identify(src) by extensions ['cmake', 'python']
[2.435s] Level 1:colcon.colcon_core.package_identification:_identify(src) by extension 'cmake'
[2.436s] Level 1:colcon.colcon_core.package_identification:_identify(src) by extension 'python'
[2.436s] Level 1:colcon.colcon_core.package_identification:_identify(src) by extensions ['python_setup_py']
[2.436s] Level 1:colcon.colcon_core.package_identification:_identify(src) by extension 'python_setup_py'
[2.436s] Level 1:colcon.colcon_core.package_identification:_identify(src/vision) by extensions ['ignore', 'ignore_ament_install']
[2.437s] Level 1:colcon.colcon_core.package_identification:_identify(src/vision) by extension 'ignore'
[2.437s] Level 1:colcon.colcon_core.package_identification:_identify(src/vision) by extension 'ignore_ament_install'
[2.437s] Level 1:colcon.colcon_core.package_identification:_identify(src/vision) by extensions ['colcon_pkg']
[2.437s] Level 1:colcon.colcon_core.package_identification:_identify(src/vision) by extension 'colcon_pkg'
[2.437s] Level 1:colcon.colcon_core.package_identification:_identify(src/vision) by extensions ['colcon_meta']
[2.438s] Level 1:colcon.colcon_core.package_identification:_identify(src/vision) by extension 'colcon_meta'
[2.438s] Level 1:colcon.colcon_core.package_identification:_identify(src/vision) by extensions ['ros']
[2.438s] Level 1:colcon.colcon_core.package_identification:_identify(src/vision) by extension 'ros'
[2.454s] DEBUG:colcon.colcon_core.package_identification:Package 'src/vision' with type 'ros.ament_python' and name 'vision'
[2.455s] Level 1:colcon.colcon_core.package_discovery:discover_packages(recursive) using defaults
[2.455s] Level 1:colcon.colcon_core.package_discovery:discover_packages(ignore) discover
[2.455s] Level 1:colcon.colcon_core.package_discovery:discover_packages(ignore) using defaults
[2.455s] Level 1:colcon.colcon_core.package_discovery:discover_packages(path) discover
[2.455s] Level 1:colcon.colcon_core.package_discovery:discover_packages(path) using defaults
[2.590s] Level 1:colcon.colcon_core.package_discovery:discover_packages(prefix_path) check parameters
[2.590s] Level 1:colcon.colcon_core.package_discovery:discover_packages(prefix_path) discover
[2.611s] DEBUG:colcon.colcon_installed_package_information.package_discovery:Found 259 installed packages in /opt/ros/foxy
[2.619s] Level 1:colcon.colcon_core.package_discovery:discover_packages(prefix_path) using defaults
[2.985s] Level 5:colcon.colcon_core.verb:set package 'vision' build argument 'cmake_args' from command line to 'None'
[2.985s] Level 5:colcon.colcon_core.verb:set package 'vision' build argument 'cmake_target' from command line to 'None'
[2.985s] Level 5:colcon.colcon_core.verb:set package 'vision' build argument 'cmake_target_skip_unavailable' from command line to 'False'
[2.986s] Level 5:colcon.colcon_core.verb:set package 'vision' build argument 'cmake_clean_cache' from command line to 'False'
[2.986s] Level 5:colcon.colcon_core.verb:set package 'vision' build argument 'cmake_clean_first' from command line to 'False'
[2.986s] Level 5:colcon.colcon_core.verb:set package 'vision' build argument 'cmake_force_configure' from command line to 'False'
[2.986s] Level 5:colcon.colcon_core.verb:set package 'vision' build argument 'ament_cmake_args' from command line to 'None'
[2.986s] Level 5:colcon.colcon_core.verb:set package 'vision' build argument 'catkin_cmake_args' from command line to 'None'
[2.986s] Level 5:colcon.colcon_core.verb:set package 'vision' build argument 'catkin_skip_building_tests' from command line to 'False'
[2.986s] DEBUG:colcon.colcon_core.verb:Building package 'vision' with the following arguments: {'ament_cmake_args': None, 'build_base': '/home/jetson/projects/robot_ws/build/vision', 'catkin_cmake_args': None, 'catkin_skip_building_tests': False, 'cmake_args': None, 'cmake_clean_cache': False, 'cmake_clean_first': False, 'cmake_force_configure': False, 'cmake_target': None, 'cmake_target_skip_unavailable': False, 'install_base': '/home/jetson/projects/robot_ws/install/vision', 'merge_install': False, 'path': '/home/jetson/projects/robot_ws/src/vision', 'symlink_install': True, 'test_result_base': None}
[2.991s] INFO:colcon.colcon_core.executor:Executing jobs using 'parallel' executor
[3.014s] DEBUG:colcon.colcon_parallel_executor.executor.parallel:run_until_complete
[3.015s] INFO:colcon.colcon_ros.task.ament_python.build:Building ROS package in '/home/jetson/projects/robot_ws/src/vision' with build type 'ament_python'
[3.016s] Level 1:colcon.colcon_core.shell:create_environment_hook('vision', 'ament_prefix_path')
[3.046s] INFO:colcon.colcon_core.plugin_system:Skipping extension 'colcon_core.shell.bat': Not used on non-Windows systems
[3.047s] INFO:colcon.colcon_core.shell:Creating environment hook '/home/jetson/projects/robot_ws/install/vision/share/vision/hook/ament_prefix_path.ps1'
[3.050s] INFO:colcon.colcon_core.shell:Creating environment descriptor '/home/jetson/projects/robot_ws/install/vision/share/vision/hook/ament_prefix_path.dsv'
[3.052s] INFO:colcon.colcon_core.shell:Creating environment hook '/home/jetson/projects/robot_ws/install/vision/share/vision/hook/ament_prefix_path.sh'
[3.062s] INFO:colcon.colcon_core.shell:Skip shell extension 'powershell' for command environment: Not usable outside of PowerShell
[3.062s] DEBUG:colcon.colcon_core.shell:Skip shell extension 'dsv' for command environment
[4.413s] INFO:colcon.colcon_core.task.python.build:Building Python package in '/home/jetson/projects/robot_ws/src/vision'
[4.422s] INFO:colcon.colcon_core.shell:Skip shell extension 'powershell' for command environment: Not usable outside of PowerShell
[4.423s] DEBUG:colcon.colcon_core.shell:Skip shell extension 'dsv' for command environment
[6.439s] DEBUG:colcon.colcon_core.event_handler.log_command:Invoking command in '/home/jetson/projects/robot_ws/build/vision': PYTHONPATH=/home/jetson/projects/robot_ws/build/vision/prefix_override:/home/jetson/projects/robot_ws/install/vision/lib/python3.8/site-packages:${PYTHONPATH} /usr/bin/python3 setup.py develop --editable --build-directory /home/jetson/projects/robot_ws/build/vision/build --no-deps install_data
[8.889s] Level 1:colcon.colcon_core.shell:create_environment_hook('vision', 'pythonpath_develop')
[8.899s] INFO:colcon.colcon_core.shell:Creating environment hook '/home/jetson/projects/robot_ws/build/vision/share/vision/hook/pythonpath_develop.ps1'
[8.901s] DEBUG:colcon.colcon_core.event_handler.log_command:Invoked command in '/home/jetson/projects/robot_ws/build/vision' returned '0': PYTHONPATH=/home/jetson/projects/robot_ws/build/vision/prefix_override:/home/jetson/projects/robot_ws/install/vision/lib/python3.8/site-packages:${PYTHONPATH} /usr/bin/python3 setup.py develop --editable --build-directory /home/jetson/projects/robot_ws/build/vision/build --no-deps install_data
[8.906s] INFO:colcon.colcon_core.shell:Creating environment descriptor '/home/jetson/projects/robot_ws/build/vision/share/vision/hook/pythonpath_develop.dsv'
[8.907s] INFO:colcon.colcon_core.shell:Creating environment hook '/home/jetson/projects/robot_ws/build/vision/share/vision/hook/pythonpath_develop.sh'
[8.942s] Level 1:colcon.colcon_core.environment:checking '/home/jetson/projects/robot_ws/install/vision' for CMake module files
[8.944s] Level 1:colcon.colcon_core.environment:checking '/home/jetson/projects/robot_ws/install/vision' for CMake config files
[8.947s] Level 1:colcon.colcon_core.environment:checking '/home/jetson/projects/robot_ws/install/vision/lib'
[8.947s] Level 1:colcon.colcon_core.environment:checking '/home/jetson/projects/robot_ws/install/vision/bin'
[8.948s] Level 1:colcon.colcon_core.environment:checking '/home/jetson/projects/robot_ws/install/vision/lib/pkgconfig/vision.pc'
[8.949s] Level 1:colcon.colcon_core.environment:checking '/home/jetson/projects/robot_ws/install/vision/lib/python3.8/site-packages'
[8.949s] Level 1:colcon.colcon_core.shell:create_environment_hook('vision', 'pythonpath')
[8.957s] INFO:colcon.colcon_core.shell:Creating environment hook '/home/jetson/projects/robot_ws/install/vision/share/vision/hook/pythonpath.ps1'
[8.959s] INFO:colcon.colcon_core.shell:Creating environment descriptor '/home/jetson/projects/robot_ws/install/vision/share/vision/hook/pythonpath.dsv'
[8.960s] INFO:colcon.colcon_core.shell:Creating environment hook '/home/jetson/projects/robot_ws/install/vision/share/vision/hook/pythonpath.sh'
[8.962s] Level 1:colcon.colcon_core.environment:checking '/home/jetson/projects/robot_ws/install/vision/bin'
[8.962s] Level 1:colcon.colcon_core.environment:create_environment_scripts_only(vision)
[8.970s] INFO:colcon.colcon_core.shell:Creating package script '/home/jetson/projects/robot_ws/install/vision/share/vision/package.ps1'
[8.977s] INFO:colcon.colcon_core.shell:Creating package descriptor '/home/jetson/projects/robot_ws/install/vision/share/vision/package.dsv'
[8.980s] INFO:colcon.colcon_core.shell:Creating package script '/home/jetson/projects/robot_ws/install/vision/share/vision/package.sh'
[8.983s] INFO:colcon.colcon_core.shell:Creating package script '/home/jetson/projects/robot_ws/install/vision/share/vision/package.bash'
[8.987s] INFO:colcon.colcon_core.shell:Creating package script '/home/jetson/projects/robot_ws/install/vision/share/vision/package.zsh'
[8.990s] Level 1:colcon.colcon_core.environment:create_file_with_runtime_dependencies(/home/jetson/projects/robot_ws/install/vision/share/colcon-core/packages/vision)
[8.992s] DEBUG:colcon.colcon_parallel_executor.executor.parallel:closing loop
[8.993s] DEBUG:colcon.colcon_parallel_executor.executor.parallel:loop closed
[8.993s] DEBUG:colcon.colcon_parallel_executor.executor.parallel:run_until_complete finished with '0'
[8.993s] DEBUG:colcon.colcon_core.event_reactor:joining thread
[9.025s] INFO:colcon.colcon_core.plugin_system:Skipping extension 'colcon_notification.desktop_notification.terminal_notifier': Not used on non-Darwin systems
[9.025s] INFO:colcon.colcon_core.plugin_system:Skipping extension 'colcon_notification.desktop_notification.win32': Not used on non-Windows systems
[9.025s] INFO:colcon.colcon_notification.desktop_notification:Sending desktop notification using 'notify2'
[9.125s] DEBUG:colcon.colcon_core.event_reactor:joined thread
[9.135s] INFO:colcon.colcon_core.shell:Creating prefix script '/home/jetson/projects/robot_ws/install/local_setup.ps1'
[9.142s] INFO:colcon.colcon_core.shell:Creating prefix util module '/home/jetson/projects/robot_ws/install/_local_setup_util_ps1.py'
[9.149s] INFO:colcon.colcon_core.shell:Creating prefix chain script '/home/jetson/projects/robot_ws/install/setup.ps1'
[9.159s] INFO:colcon.colcon_core.shell:Creating prefix script '/home/jetson/projects/robot_ws/install/local_setup.sh'
[9.162s] INFO:colcon.colcon_core.shell:Creating prefix util module '/home/jetson/projects/robot_ws/install/_local_setup_util_sh.py'
[9.165s] INFO:colcon.colcon_core.shell:Creating prefix chain script '/home/jetson/projects/robot_ws/install/setup.sh'
[9.174s] INFO:colcon.colcon_core.shell:Creating prefix script '/home/jetson/projects/robot_ws/install/local_setup.bash'
[9.177s] INFO:colcon.colcon_core.shell:Creating prefix chain script '/home/jetson/projects/robot_ws/install/setup.bash'
[9.183s] INFO:colcon.colcon_core.shell:Creating prefix script '/home/jetson/projects/robot_ws/install/local_setup.zsh'
[9.186s] INFO:colcon.colcon_core.shell:Creating prefix chain script '/home/jetson/projects/robot_ws/install/setup.zsh'
