In file included from [01m[K/home/jetson/PycharmProjects/boat_litter_collection/jetson_ws/build/custom_msgs/rosidl_generator_c/custom_msgs/msg/detail/string_array__functions.h:19[m[K,
                 from [01m[K/home/jetson/PycharmProjects/boat_litter_collection/jetson_ws/build/custom_msgs/rosidl_generator_c/custom_msgs/msg/detail/string_array__functions.c:4[m[K:
[01m[K/home/jetson/PycharmProjects/boat_litter_collection/jetson_ws/build/custom_msgs/rosidl_generator_c/custom_msgs/msg/detail/string_array__struct.h:22:10:[m[K [01;31m[Kfatal error: [m[Kcustom_msgs/msg/detail/detection__struct.h: No such file or directory
 #include [01;31m[K"custom_msgs/msg/detail/detection__struct.h"[m[K
          [01;31m[K^~~~~~~~~~~~~~~~~~~~~~~~~~~~~~~~~~~~~~~~~~~~[m[K
compilation terminated.
make[2]: *** [CMakeFiles/custom_msgs__rosidl_generator_c.dir/build.make:153: CMakeFiles/custom_msgs__rosidl_generator_c.dir/rosidl_generator_c/custom_msgs/msg/detail/string_array__functions.c.o] Error 1
make[1]: *** [CMakeFiles/Makefile2:353: CMakeFiles/custom_msgs__rosidl_generator_c.dir/all] Error 2
make[1]: *** Waiting for unfinished jobs....
In file included from [01m[K/home/jetson/PycharmProjects/boat_litter_collection/jetson_ws/build/custom_msgs/rosidl_typesupport_cpp/custom_msgs/msg/string_array__type_support.cpp:7[m[K:
[01m[K/home/jetson/PycharmProjects/boat_litter_collection/jetson_ws/build/custom_msgs/rosidl_generator_cpp/custom_msgs/msg/detail/string_array__struct.hpp:19:10:[m[K [01;31m[Kfatal error: [m[Kcustom_msgs/msg/detail/detection__struct.hpp: No such file or directory
 #include [01;31m[K"custom_msgs/msg/detail/detection__struct.hpp"[m[K
          [01;31m[K^~~~~~~~~~~~~~~~~~~~~~~~~~~~~~~~~~~~~~~~~~~~~~[m[K
compilation terminated.
make[2]: *** [CMakeFiles/custom_msgs__rosidl_typesupport_cpp.dir/build.make:122: CMakeFiles/custom_msgs__rosidl_typesupport_cpp.dir/rosidl_typesupport_cpp/custom_msgs/msg/string_array__type_support.cpp.o] Error 1
make[2]: *** Waiting for unfinished jobs....
In file included from [01m[K/home/jetson/PycharmProjects/boat_litter_collection/jetson_ws/build/custom_msgs/rosidl_typesupport_introspection_cpp/custom_msgs/msg/detail/string_array__type_support.cpp:12[m[K:
[01m[K/home/jetson/PycharmProjects/boat_litter_collection/jetson_ws/build/custom_msgs/rosidl_generator_cpp/custom_msgs/msg/detail/string_array__struct.hpp:19:10:[m[K [01;31m[Kfatal error: [m[Kcustom_msgs/msg/detail/detection__struct.hpp: No such file or directory
 #include [01;31m[K"custom_msgs/msg/detail/detection__struct.hpp"[m[K
          [01;31m[K^~~~~~~~~~~~~~~~~~~~~~~~~~~~~~~~~~~~~~~~~~~~~~[m[K
compilation terminated.
make[2]: *** [CMakeFiles/custom_msgs__rosidl_typesupport_introspection_cpp.dir/build.make:130: CMakeFiles/custom_msgs__rosidl_typesupport_introspection_cpp.dir/rosidl_typesupport_introspection_cpp/custom_msgs/msg/detail/string_array__type_support.cpp.o] Error 1
make[2]: *** Waiting for unfinished jobs....
In file included from [01m[K/home/jetson/PycharmProjects/boat_litter_collection/jetson_ws/build/custom_msgs/rosidl_typesupport_fastrtps_cpp/custom_msgs/msg/detail/string_array__rosidl_typesupport_fastrtps_cpp.hpp:11[m[K,
                 from [01m[K/home/jetson/PycharmProjects/boat_litter_collection/jetson_ws/build/custom_msgs/rosidl_typesupport_fastrtps_cpp/custom_msgs/msg/detail/dds_fastrtps/string_array__type_support.cpp:4[m[K:
[01m[K/home/jetson/PycharmProjects/boat_litter_collection/jetson_ws/build/custom_msgs/rosidl_generator_cpp/custom_msgs/msg/detail/string_array__struct.hpp:19:10:[m[K [01;31m[Kfatal error: [m[Kcustom_msgs/msg/detail/detection__struct.hpp: No such file or directory
 #include [01;31m[K"custom_msgs/msg/detail/detection__struct.hpp"[m[K
          [01;31m[K^~~~~~~~~~~~~~~~~~~~~~~~~~~~~~~~~~~~~~~~~~~~~~[m[K
compilation terminated.
make[2]: *** [CMakeFiles/custom_msgs__rosidl_typesupport_fastrtps_cpp.dir/build.make:130: CMakeFiles/custom_msgs__rosidl_typesupport_fastrtps_cpp.dir/rosidl_typesupport_fastrtps_cpp/custom_msgs/msg/detail/dds_fastrtps/string_array__type_support.cpp.o] Error 1
make[2]: *** Waiting for unfinished jobs....
make[1]: *** [CMakeFiles/Makefile2:526: CMakeFiles/custom_msgs__rosidl_typesupport_cpp.dir/all] Error 2
make[1]: *** [CMakeFiles/Makefile2:499: CMakeFiles/custom_msgs__rosidl_typesupport_introspection_cpp.dir/all] Error 2
make[1]: *** [CMakeFiles/Makefile2:272: CMakeFiles/custom_msgs__rosidl_typesupport_fastrtps_cpp.dir/all] Error 2
make: *** [Makefile:141: all] Error 2
