-- The C compiler identification is GNU 8.4.0
-- The CXX compiler identification is GNU 8.4.0
-- Check for working C compiler: /usr/bin/cc
-- Check for working C compiler: /usr/bin/cc -- works
-- Detecting C compiler ABI info
-- Detecting C compiler ABI info - done
-- Detecting C compile features
-- Detecting C compile features - done
-- Check for working CXX compiler: /usr/bin/c++
-- Check for working CXX compiler: /usr/bin/c++ -- works
-- Detecting CXX compiler ABI info
-- Detecting CXX compiler ABI info - done
-- Detecting CXX compile features
-- Detecting CXX compile features - done
-- Found ament_cmake: 0.9.12 (/opt/ros/foxy/share/ament_cmake/cmake)
-- Found PythonInterp: /usr/bin/python3 (found suitable version "3.8.10", minimum required is "3") 
-- Using PYTHON_EXECUTABLE: /usr/bin/python3
-- Found ament_lint_auto: 0.9.8 (/opt/ros/foxy/share/ament_lint_auto/cmake)
-- Found geometry_msgs: 2.0.5 (/opt/ros/foxy/share/geometry_msgs/cmake)
-- Using all available rosidl_typesupport_c: rosidl_typesupport_fastrtps_c;rosidl_typesupport_introspection_c
-- Found rosidl_adapter: 1.3.1 (/opt/ros/foxy/share/rosidl_adapter/cmake)
-- Found OpenSSL: /usr/lib/aarch64-linux-gnu/libcrypto.so (found version "1.1.1f")  
-- Found FastRTPS: /opt/ros/foxy/include  
-- Using all available rosidl_typesupport_cpp: rosidl_typesupport_fastrtps_cpp;rosidl_typesupport_introspection_cpp
-- Found rosidl_default_generators: 1.0.1 (/opt/ros/foxy/share/rosidl_default_generators/cmake)
-- Found PythonInterp: /usr/bin/python3 (found version "3.8.10") 
-- Found ament_cmake_ros: 0.9.2 (/opt/ros/foxy/share/ament_cmake_ros/cmake)
-- Using all available rosidl_typesupport_c: rosidl_typesupport_fastrtps_c;rosidl_typesupport_introspection_c
-- Using all available rosidl_typesupport_cpp: rosidl_typesupport_fastrtps_cpp;rosidl_typesupport_introspection_cpp
-- Found PythonInterp: /usr/bin/python3 (found suitable version "3.8.10", minimum required is "3.5") 
-- Found python_cmake_module: 0.8.1 (/opt/ros/foxy/share/python_cmake_module/cmake)
-- Found PythonLibs: /usr/lib/aarch64-linux-gnu/libpython3.8.so (found suitable version "3.8.10", minimum required is "3.5") 
-- Using PYTHON_EXECUTABLE: /usr/bin/python3
-- Using PYTHON_INCLUDE_DIRS: /usr/include/python3.8
-- Using PYTHON_LIBRARIES: /usr/lib/aarch64-linux-gnu/libpython3.8.so
-- Found PythonExtra: .so  
-- Added test 'copyright' to check source files copyright and LICENSE
-- Added test 'lint_cmake' to check CMake code style
-- Added test 'xmllint' to check XML markup files
-- Configuring done
-- Generating done
-- Build files have been written to: /home/jetson/PycharmProjects/boat_litter_collection/jetson_ws/build/custom_msgs
[  2%] [34m[1mGenerating C code for ROS interfaces[0m
[35m[1mScanning dependencies of target custom_msgs__cpp[0m
[  5%] [34m[1mGenerating C++ code for ROS interfaces[0m
[  5%] Built target custom_msgs__cpp
[  7%] [34m[1mGenerating C++ type support for eProsima Fast-RTPS[0m
[ 10%] [34m[1mGenerating C++ type support dispatch for ROS interfaces[0m
[ 12%] [34m[1mGenerating C++ introspection for ROS interfaces[0m
[35m[1mScanning dependencies of target custom_msgs__rosidl_generator_c[0m
[ 15%] [32mBuilding C object CMakeFiles/custom_msgs__rosidl_generator_c.dir/rosidl_generator_c/custom_msgs/msg/detail/detections__functions.c.o[0m
[ 17%] [32mBuilding C object CMakeFiles/custom_msgs__rosidl_generator_c.dir/rosidl_generator_c/custom_msgs/msg/detail/string_array__functions.c.o[0m
In file included from [01m[K/home/jetson/PycharmProjects/boat_litter_collection/jetson_ws/build/custom_msgs/rosidl_generator_c/custom_msgs/msg/detail/string_array__functions.h:19[m[K,
                 from [01m[K/home/jetson/PycharmProjects/boat_litter_collection/jetson_ws/build/custom_msgs/rosidl_generator_c/custom_msgs/msg/detail/string_array__functions.c:4[m[K:
[01m[K/home/jetson/PycharmProjects/boat_litter_collection/jetson_ws/build/custom_msgs/rosidl_generator_c/custom_msgs/msg/detail/string_array__struct.h:22:10:[m[K [01;31m[Kfatal error: [m[Kcustom_msgs/msg/detail/detection__struct.h: No such file or directory
 #include [01;31m[K"custom_msgs/msg/detail/detection__struct.h"[m[K
          [01;31m[K^~~~~~~~~~~~~~~~~~~~~~~~~~~~~~~~~~~~~~~~~~~~[m[K
compilation terminated.
make[2]: *** [CMakeFiles/custom_msgs__rosidl_generator_c.dir/build.make:153: CMakeFiles/custom_msgs__rosidl_generator_c.dir/rosidl_generator_c/custom_msgs/msg/detail/string_array__functions.c.o] Error 1
make[1]: *** [CMakeFiles/Makefile2:353: CMakeFiles/custom_msgs__rosidl_generator_c.dir/all] Error 2
make[1]: *** Waiting for unfinished jobs....
[35m[1mScanning dependencies of target custom_msgs__rosidl_typesupport_cpp[0m
[ 20%] [32mBuilding CXX object CMakeFiles/custom_msgs__rosidl_typesupport_cpp.dir/rosidl_typesupport_cpp/custom_msgs/msg/string_array__type_support.cpp.o[0m
[ 23%] [32mBuilding CXX object CMakeFiles/custom_msgs__rosidl_typesupport_cpp.dir/rosidl_typesupport_cpp/custom_msgs/msg/detections__type_support.cpp.o[0m
[35m[1mScanning dependencies of target custom_msgs__rosidl_typesupport_introspection_cpp[0m
In file included from [01m[K/home/jetson/PycharmProjects/boat_litter_collection/jetson_ws/build/custom_msgs/rosidl_typesupport_cpp/custom_msgs/msg/string_array__type_support.cpp:7[m[K:
[01m[K/home/jetson/PycharmProjects/boat_litter_collection/jetson_ws/build/custom_msgs/rosidl_generator_cpp/custom_msgs/msg/detail/string_array__struct.hpp:19:10:[m[K [01;31m[Kfatal error: [m[Kcustom_msgs/msg/detail/detection__struct.hpp: No such file or directory
 #include [01;31m[K"custom_msgs/msg/detail/detection__struct.hpp"[m[K
          [01;31m[K^~~~~~~~~~~~~~~~~~~~~~~~~~~~~~~~~~~~~~~~~~~~~~[m[K
compilation terminated.
make[2]: *** [CMakeFiles/custom_msgs__rosidl_typesupport_cpp.dir/build.make:122: CMakeFiles/custom_msgs__rosidl_typesupport_cpp.dir/rosidl_typesupport_cpp/custom_msgs/msg/string_array__type_support.cpp.o] Error 1
make[2]: *** Waiting for unfinished jobs....
[ 25%] [32mBuilding CXX object CMakeFiles/custom_msgs__rosidl_typesupport_introspection_cpp.dir/rosidl_typesupport_introspection_cpp/custom_msgs/msg/detail/detections__type_support.cpp.o[0m
[35m[1mScanning dependencies of target custom_msgs__rosidl_typesupport_fastrtps_cpp[0m
[ 28%] [32mBuilding CXX object CMakeFiles/custom_msgs__rosidl_typesupport_introspection_cpp.dir/rosidl_typesupport_introspection_cpp/custom_msgs/msg/detail/string_array__type_support.cpp.o[0m
[ 30%] [32mBuilding CXX object CMakeFiles/custom_msgs__rosidl_typesupport_fastrtps_cpp.dir/rosidl_typesupport_fastrtps_cpp/custom_msgs/msg/detail/dds_fastrtps/detections__type_support.cpp.o[0m
In file included from [01m[K/home/jetson/PycharmProjects/boat_litter_collection/jetson_ws/build/custom_msgs/rosidl_typesupport_introspection_cpp/custom_msgs/msg/detail/string_array__type_support.cpp:12[m[K:
[01m[K/home/jetson/PycharmProjects/boat_litter_collection/jetson_ws/build/custom_msgs/rosidl_generator_cpp/custom_msgs/msg/detail/string_array__struct.hpp:19:10:[m[K [01;31m[Kfatal error: [m[Kcustom_msgs/msg/detail/detection__struct.hpp: No such file or directory
 #include [01;31m[K"custom_msgs/msg/detail/detection__struct.hpp"[m[K
          [01;31m[K^~~~~~~~~~~~~~~~~~~~~~~~~~~~~~~~~~~~~~~~~~~~~~[m[K
compilation terminated.
make[2]: *** [CMakeFiles/custom_msgs__rosidl_typesupport_introspection_cpp.dir/build.make:130: CMakeFiles/custom_msgs__rosidl_typesupport_introspection_cpp.dir/rosidl_typesupport_introspection_cpp/custom_msgs/msg/detail/string_array__type_support.cpp.o] Error 1
make[2]: *** Waiting for unfinished jobs....
[ 33%] [32mBuilding CXX object CMakeFiles/custom_msgs__rosidl_typesupport_fastrtps_cpp.dir/rosidl_typesupport_fastrtps_cpp/custom_msgs/msg/detail/dds_fastrtps/string_array__type_support.cpp.o[0m
In file included from [01m[K/home/jetson/PycharmProjects/boat_litter_collection/jetson_ws/build/custom_msgs/rosidl_typesupport_fastrtps_cpp/custom_msgs/msg/detail/string_array__rosidl_typesupport_fastrtps_cpp.hpp:11[m[K,
                 from [01m[K/home/jetson/PycharmProjects/boat_litter_collection/jetson_ws/build/custom_msgs/rosidl_typesupport_fastrtps_cpp/custom_msgs/msg/detail/dds_fastrtps/string_array__type_support.cpp:4[m[K:
[01m[K/home/jetson/PycharmProjects/boat_litter_collection/jetson_ws/build/custom_msgs/rosidl_generator_cpp/custom_msgs/msg/detail/string_array__struct.hpp:19:10:[m[K [01;31m[Kfatal error: [m[Kcustom_msgs/msg/detail/detection__struct.hpp: No such file or directory
 #include [01;31m[K"custom_msgs/msg/detail/detection__struct.hpp"[m[K
          [01;31m[K^~~~~~~~~~~~~~~~~~~~~~~~~~~~~~~~~~~~~~~~~~~~~~[m[K
compilation terminated.
make[2]: *** [CMakeFiles/custom_msgs__rosidl_typesupport_fastrtps_cpp.dir/build.make:130: CMakeFiles/custom_msgs__rosidl_typesupport_fastrtps_cpp.dir/rosidl_typesupport_fastrtps_cpp/custom_msgs/msg/detail/dds_fastrtps/string_array__type_support.cpp.o] Error 1
make[2]: *** Waiting for unfinished jobs....
make[1]: *** [CMakeFiles/Makefile2:526: CMakeFiles/custom_msgs__rosidl_typesupport_cpp.dir/all] Error 2
make[1]: *** [CMakeFiles/Makefile2:499: CMakeFiles/custom_msgs__rosidl_typesupport_introspection_cpp.dir/all] Error 2
make[1]: *** [CMakeFiles/Makefile2:272: CMakeFiles/custom_msgs__rosidl_typesupport_fastrtps_cpp.dir/all] Error 2
make: *** [Makefile:141: all] Error 2
