[0.957s] Invoking command in '/home/jetson/PycharmProjects/boat_litter_collection/jetson_ws/build/custom_msgs': CMAKE_PREFIX_PATH=${CMAKE_PREFIX_PATH}:/home/jetson/PycharmProjects/boat_litter_collection/jetson_ws/install/vision:/home/jetson/PycharmProjects/boat_litter_collection/jetson_ws/install/central:/home/jetson/PycharmProjects/boat_litter_collection/jetson_ws/src/install/vision:/home/jetson/PycharmProjects/boat_litter_collection/jetson_ws/src/install/central:/opt/ros/foxy /usr/bin/cmake /home/jetson/PycharmProjects/boat_litter_collection/jetson_ws/src/custom_msgs -DCMAKE_INSTALL_PREFIX=/home/jetson/PycharmProjects/boat_litter_collection/jetson_ws/install/custom_msgs
[1.179s] -- The C compiler identification is GNU 8.4.0
[1.382s] -- The CXX compiler identification is GNU 8.4.0
[1.400s] -- Check for working C compiler: /usr/bin/cc
[1.656s] -- Check for working C compiler: /usr/bin/cc -- works
[1.659s] -- Detecting C compiler ABI info
[1.916s] -- Detecting C compiler ABI info - done
[1.964s] -- Detecting C compile features
[1.965s] -- Detecting C compile features - done
[1.975s] -- Check for working CXX compiler: /usr/bin/c++
[2.269s] -- Check for working CXX compiler: /usr/bin/c++ -- works
[2.273s] -- Detecting CXX compiler ABI info
[2.566s] -- Detecting CXX compiler ABI info - done
[2.616s] -- Detecting CXX compile features
[2.618s] -- Detecting CXX compile features - done
[2.631s] -- Found ament_cmake: 0.9.12 (/opt/ros/foxy/share/ament_cmake/cmake)
[2.746s] -- Found PythonInterp: /usr/bin/python3 (found suitable version "3.8.10", minimum required is "3") 
[2.746s] -- Using PYTHON_EXECUTABLE: /usr/bin/python3
[3.862s] -- Found ament_lint_auto: 0.9.8 (/opt/ros/foxy/share/ament_lint_auto/cmake)
[4.204s] -- Found geometry_msgs: 2.0.5 (/opt/ros/foxy/share/geometry_msgs/cmake)
[4.369s] -- Using all available rosidl_typesupport_c: rosidl_typesupport_fastrtps_c;rosidl_typesupport_introspection_c
[4.405s] -- Found rosidl_adapter: 1.3.1 (/opt/ros/foxy/share/rosidl_adapter/cmake)
[4.795s] -- Found OpenSSL: /usr/lib/aarch64-linux-gnu/libcrypto.so (found version "1.1.1f")  
[4.913s] -- Found FastRTPS: /opt/ros/foxy/include  
[5.284s] -- Using all available rosidl_typesupport_cpp: rosidl_typesupport_fastrtps_cpp;rosidl_typesupport_introspection_cpp
[5.688s] -- Found rosidl_default_generators: 1.0.1 (/opt/ros/foxy/share/rosidl_default_generators/cmake)
[5.840s] -- Found PythonInterp: /usr/bin/python3 (found version "3.8.10") 
[6.310s] -- Found ament_cmake_ros: 0.9.2 (/opt/ros/foxy/share/ament_cmake_ros/cmake)
[7.188s] -- Using all available rosidl_typesupport_c: rosidl_typesupport_fastrtps_c;rosidl_typesupport_introspection_c
[7.508s] -- Using all available rosidl_typesupport_cpp: rosidl_typesupport_fastrtps_cpp;rosidl_typesupport_introspection_cpp
[7.622s] -- Found PythonInterp: /usr/bin/python3 (found suitable version "3.8.10", minimum required is "3.5") 
[7.630s] -- Found python_cmake_module: 0.8.1 (/opt/ros/foxy/share/python_cmake_module/cmake)
[7.751s] -- Found PythonLibs: /usr/lib/aarch64-linux-gnu/libpython3.8.so (found suitable version "3.8.10", minimum required is "3.5") 
[7.752s] -- Using PYTHON_EXECUTABLE: /usr/bin/python3
[7.752s] -- Using PYTHON_INCLUDE_DIRS: /usr/include/python3.8
[7.753s] -- Using PYTHON_LIBRARIES: /usr/lib/aarch64-linux-gnu/libpython3.8.so
[7.850s] -- Found PythonExtra: .so  
[8.152s] -- Added test 'copyright' to check source files copyright and LICENSE
[8.164s] -- Added test 'lint_cmake' to check CMake code style
[8.171s] -- Added test 'xmllint' to check XML markup files
[8.205s] -- Configuring done
[8.397s] -- Generating done
[8.410s] -- Build files have been written to: /home/jetson/PycharmProjects/boat_litter_collection/jetson_ws/build/custom_msgs
[8.448s] Invoked command in '/home/jetson/PycharmProjects/boat_litter_collection/jetson_ws/build/custom_msgs' returned '0': CMAKE_PREFIX_PATH=${CMAKE_PREFIX_PATH}:/home/jetson/PycharmProjects/boat_litter_collection/jetson_ws/install/vision:/home/jetson/PycharmProjects/boat_litter_collection/jetson_ws/install/central:/home/jetson/PycharmProjects/boat_litter_collection/jetson_ws/src/install/vision:/home/jetson/PycharmProjects/boat_litter_collection/jetson_ws/src/install/central:/opt/ros/foxy /usr/bin/cmake /home/jetson/PycharmProjects/boat_litter_collection/jetson_ws/src/custom_msgs -DCMAKE_INSTALL_PREFIX=/home/jetson/PycharmProjects/boat_litter_collection/jetson_ws/install/custom_msgs
[8.459s] Invoking command in '/home/jetson/PycharmProjects/boat_litter_collection/jetson_ws/build/custom_msgs': CMAKE_PREFIX_PATH=${CMAKE_PREFIX_PATH}:/home/jetson/PycharmProjects/boat_litter_collection/jetson_ws/install/vision:/home/jetson/PycharmProjects/boat_litter_collection/jetson_ws/install/central:/home/jetson/PycharmProjects/boat_litter_collection/jetson_ws/src/install/vision:/home/jetson/PycharmProjects/boat_litter_collection/jetson_ws/src/install/central:/opt/ros/foxy /usr/bin/cmake --build /home/jetson/PycharmProjects/boat_litter_collection/jetson_ws/build/custom_msgs -- -j4 -l4
[8.623s] [  2%] [34m[1mGenerating C code for ROS interfaces[0m
[8.624s] [35m[1mScanning dependencies of target custom_msgs__cpp[0m
[8.667s] [  5%] [34m[1mGenerating C++ code for ROS interfaces[0m
[10.110s] [  5%] Built target custom_msgs__cpp
[10.155s] [  7%] [34m[1mGenerating C++ type support for eProsima Fast-RTPS[0m
[10.161s] [ 10%] [34m[1mGenerating C++ type support dispatch for ROS interfaces[0m
[10.174s] [ 12%] [34m[1mGenerating C++ introspection for ROS interfaces[0m
[10.184s] [35m[1mScanning dependencies of target custom_msgs__rosidl_generator_c[0m
[10.261s] [ 15%] [32mBuilding C object CMakeFiles/custom_msgs__rosidl_generator_c.dir/rosidl_generator_c/custom_msgs/msg/detail/detections__functions.c.o[0m
[10.505s] [ 17%] [32mBuilding C object CMakeFiles/custom_msgs__rosidl_generator_c.dir/rosidl_generator_c/custom_msgs/msg/detail/string_array__functions.c.o[0m
[10.561s] In file included from [01m[K/home/jetson/PycharmProjects/boat_litter_collection/jetson_ws/build/custom_msgs/rosidl_generator_c/custom_msgs/msg/detail/string_array__functions.h:19[m[K,
[10.561s]                  from [01m[K/home/jetson/PycharmProjects/boat_litter_collection/jetson_ws/build/custom_msgs/rosidl_generator_c/custom_msgs/msg/detail/string_array__functions.c:4[m[K:
[10.562s] [01m[K/home/jetson/PycharmProjects/boat_litter_collection/jetson_ws/build/custom_msgs/rosidl_generator_c/custom_msgs/msg/detail/string_array__struct.h:22:10:[m[K [01;31m[Kfatal error: [m[Kcustom_msgs/msg/detail/detection__struct.h: No such file or directory
[10.562s]  #include [01;31m[K"custom_msgs/msg/detail/detection__struct.h"[m[K
[10.563s]           [01;31m[K^~~~~~~~~~~~~~~~~~~~~~~~~~~~~~~~~~~~~~~~~~~~[m[K
[10.563s] compilation terminated.
[10.569s] make[2]: *** [CMakeFiles/custom_msgs__rosidl_generator_c.dir/build.make:153: CMakeFiles/custom_msgs__rosidl_generator_c.dir/rosidl_generator_c/custom_msgs/msg/detail/string_array__functions.c.o] Error 1
[10.569s] make[1]: *** [CMakeFiles/Makefile2:353: CMakeFiles/custom_msgs__rosidl_generator_c.dir/all] Error 2
[10.570s] make[1]: *** Waiting for unfinished jobs....
[11.358s] [35m[1mScanning dependencies of target custom_msgs__rosidl_typesupport_cpp[0m
[11.420s] [ 20%] [32mBuilding CXX object CMakeFiles/custom_msgs__rosidl_typesupport_cpp.dir/rosidl_typesupport_cpp/custom_msgs/msg/string_array__type_support.cpp.o[0m
[11.431s] [ 23%] [32mBuilding CXX object CMakeFiles/custom_msgs__rosidl_typesupport_cpp.dir/rosidl_typesupport_cpp/custom_msgs/msg/detections__type_support.cpp.o[0m
[11.581s] [35m[1mScanning dependencies of target custom_msgs__rosidl_typesupport_introspection_cpp[0m
[11.585s] In file included from [01m[K/home/jetson/PycharmProjects/boat_litter_collection/jetson_ws/build/custom_msgs/rosidl_typesupport_cpp/custom_msgs/msg/string_array__type_support.cpp:7[m[K:
[11.586s] [01m[K/home/jetson/PycharmProjects/boat_litter_collection/jetson_ws/build/custom_msgs/rosidl_generator_cpp/custom_msgs/msg/detail/string_array__struct.hpp:19:10:[m[K [01;31m[Kfatal error: [m[Kcustom_msgs/msg/detail/detection__struct.hpp: No such file or directory
[11.588s]  #include [01;31m[K"custom_msgs/msg/detail/detection__struct.hpp"[m[K
[11.588s]           [01;31m[K^~~~~~~~~~~~~~~~~~~~~~~~~~~~~~~~~~~~~~~~~~~~~~[m[K
[11.589s] compilation terminated.
[11.599s] make[2]: *** [CMakeFiles/custom_msgs__rosidl_typesupport_cpp.dir/build.make:122: CMakeFiles/custom_msgs__rosidl_typesupport_cpp.dir/rosidl_typesupport_cpp/custom_msgs/msg/string_array__type_support.cpp.o] Error 1
[11.601s] make[2]: *** Waiting for unfinished jobs....
[11.642s] [ 25%] [32mBuilding CXX object CMakeFiles/custom_msgs__rosidl_typesupport_introspection_cpp.dir/rosidl_typesupport_introspection_cpp/custom_msgs/msg/detail/detections__type_support.cpp.o[0m
[11.644s] [35m[1mScanning dependencies of target custom_msgs__rosidl_typesupport_fastrtps_cpp[0m
[11.652s] [ 28%] [32mBuilding CXX object CMakeFiles/custom_msgs__rosidl_typesupport_introspection_cpp.dir/rosidl_typesupport_introspection_cpp/custom_msgs/msg/detail/string_array__type_support.cpp.o[0m
[11.722s] [ 30%] [32mBuilding CXX object CMakeFiles/custom_msgs__rosidl_typesupport_fastrtps_cpp.dir/rosidl_typesupport_fastrtps_cpp/custom_msgs/msg/detail/dds_fastrtps/detections__type_support.cpp.o[0m
[11.819s] In file included from [01m[K/home/jetson/PycharmProjects/boat_litter_collection/jetson_ws/build/custom_msgs/rosidl_typesupport_introspection_cpp/custom_msgs/msg/detail/string_array__type_support.cpp:12[m[K:
[11.819s] [01m[K/home/jetson/PycharmProjects/boat_litter_collection/jetson_ws/build/custom_msgs/rosidl_generator_cpp/custom_msgs/msg/detail/string_array__struct.hpp:19:10:[m[K [01;31m[Kfatal error: [m[Kcustom_msgs/msg/detail/detection__struct.hpp: No such file or directory
[11.820s]  #include [01;31m[K"custom_msgs/msg/detail/detection__struct.hpp"[m[K
[11.821s]           [01;31m[K^~~~~~~~~~~~~~~~~~~~~~~~~~~~~~~~~~~~~~~~~~~~~~[m[K
[11.821s] compilation terminated.
[11.827s] make[2]: *** [CMakeFiles/custom_msgs__rosidl_typesupport_introspection_cpp.dir/build.make:130: CMakeFiles/custom_msgs__rosidl_typesupport_introspection_cpp.dir/rosidl_typesupport_introspection_cpp/custom_msgs/msg/detail/string_array__type_support.cpp.o] Error 1
[11.830s] make[2]: *** Waiting for unfinished jobs....
[11.910s] [ 33%] [32mBuilding CXX object CMakeFiles/custom_msgs__rosidl_typesupport_fastrtps_cpp.dir/rosidl_typesupport_fastrtps_cpp/custom_msgs/msg/detail/dds_fastrtps/string_array__type_support.cpp.o[0m
[12.126s] In file included from [01m[K/home/jetson/PycharmProjects/boat_litter_collection/jetson_ws/build/custom_msgs/rosidl_typesupport_fastrtps_cpp/custom_msgs/msg/detail/string_array__rosidl_typesupport_fastrtps_cpp.hpp:11[m[K,
[12.127s]                  from [01m[K/home/jetson/PycharmProjects/boat_litter_collection/jetson_ws/build/custom_msgs/rosidl_typesupport_fastrtps_cpp/custom_msgs/msg/detail/dds_fastrtps/string_array__type_support.cpp:4[m[K:
[12.128s] [01m[K/home/jetson/PycharmProjects/boat_litter_collection/jetson_ws/build/custom_msgs/rosidl_generator_cpp/custom_msgs/msg/detail/string_array__struct.hpp:19:10:[m[K [01;31m[Kfatal error: [m[Kcustom_msgs/msg/detail/detection__struct.hpp: No such file or directory
[12.129s]  #include [01;31m[K"custom_msgs/msg/detail/detection__struct.hpp"[m[K
[12.130s]           [01;31m[K^~~~~~~~~~~~~~~~~~~~~~~~~~~~~~~~~~~~~~~~~~~~~~[m[K
[12.131s] compilation terminated.
[12.142s] make[2]: *** [CMakeFiles/custom_msgs__rosidl_typesupport_fastrtps_cpp.dir/build.make:130: CMakeFiles/custom_msgs__rosidl_typesupport_fastrtps_cpp.dir/rosidl_typesupport_fastrtps_cpp/custom_msgs/msg/detail/dds_fastrtps/string_array__type_support.cpp.o] Error 1
[12.142s] make[2]: *** Waiting for unfinished jobs....
[12.466s] make[1]: *** [CMakeFiles/Makefile2:526: CMakeFiles/custom_msgs__rosidl_typesupport_cpp.dir/all] Error 2
[12.712s] make[1]: *** [CMakeFiles/Makefile2:499: CMakeFiles/custom_msgs__rosidl_typesupport_introspection_cpp.dir/all] Error 2
[13.200s] make[1]: *** [CMakeFiles/Makefile2:272: CMakeFiles/custom_msgs__rosidl_typesupport_fastrtps_cpp.dir/all] Error 2
[13.200s] make: *** [Makefile:141: all] Error 2
[13.207s] Invoked command in '/home/jetson/PycharmProjects/boat_litter_collection/jetson_ws/build/custom_msgs' returned '2': CMAKE_PREFIX_PATH=${CMAKE_PREFIX_PATH}:/home/jetson/PycharmProjects/boat_litter_collection/jetson_ws/install/vision:/home/jetson/PycharmProjects/boat_litter_collection/jetson_ws/install/central:/home/jetson/PycharmProjects/boat_litter_collection/jetson_ws/src/install/vision:/home/jetson/PycharmProjects/boat_litter_collection/jetson_ws/src/install/central:/opt/ros/foxy /usr/bin/cmake --build /home/jetson/PycharmProjects/boat_litter_collection/jetson_ws/build/custom_msgs -- -j4 -l4
