[8.693s] Invoking command in '/home/jetson/PycharmProjects/boat_litter_collection/raspberry_ws/build/control': PYTHONPATH=/home/jetson/PycharmProjects/boat_litter_collection/raspberry_ws/build/control/prefix_override:/home/jetson/PycharmProjects/boat_litter_collection/raspberry_ws/install/control/lib/python3.8/site-packages:${PYTHONPATH} /usr/bin/python3 setup.py develop --editable --build-directory /home/jetson/PycharmProjects/boat_litter_collection/raspberry_ws/build/control/build --no-deps install_data
[10.161s] running develop
[11.000s] running egg_info
[11.001s] creating control.egg-info
[11.001s] writing control.egg-info/PKG-INFO
[11.002s] writing dependency_links to control.egg-info/dependency_links.txt
[11.002s] writing entry points to control.egg-info/entry_points.txt
[11.003s] writing requirements to control.egg-info/requires.txt
[11.003s] writing top-level names to control.egg-info/top_level.txt
[11.010s] writing manifest file 'control.egg-info/SOURCES.txt'
[11.016s] reading manifest file 'control.egg-info/SOURCES.txt'
[11.018s] writing manifest file 'control.egg-info/SOURCES.txt'
[11.204s] running build_ext
[11.205s] Creating /home/jetson/PycharmProjects/boat_litter_collection/raspberry_ws/install/control/lib/python3.8/site-packages/control.egg-link (link to .)
[11.210s] Installing arduino_control script to /home/jetson/PycharmProjects/boat_litter_collection/raspberry_ws/install/control/lib/control
[11.211s] Installing select_target script to /home/jetson/PycharmProjects/boat_litter_collection/raspberry_ws/install/control/lib/control
[11.212s] 
[11.212s] Installed /home/jetson/PycharmProjects/boat_litter_collection/raspberry_ws/build/control
[11.213s] running install_data
[11.213s] creating /home/jetson/PycharmProjects/boat_litter_collection/raspberry_ws/install/control/share/ament_index
[11.214s] creating /home/jetson/PycharmProjects/boat_litter_collection/raspberry_ws/install/control/share/ament_index/resource_index
[11.215s] creating /home/jetson/PycharmProjects/boat_litter_collection/raspberry_ws/install/control/share/ament_index/resource_index/packages
[11.215s] copying resource/control -> /home/jetson/PycharmProjects/boat_litter_collection/raspberry_ws/install/control/share/ament_index/resource_index/packages
[11.216s] copying package.xml -> /home/jetson/PycharmProjects/boat_litter_collection/raspberry_ws/install/control/share/control
[11.355s] Invoked command in '/home/jetson/PycharmProjects/boat_litter_collection/raspberry_ws/build/control' returned '0': PYTHONPATH=/home/jetson/PycharmProjects/boat_litter_collection/raspberry_ws/build/control/prefix_override:/home/jetson/PycharmProjects/boat_litter_collection/raspberry_ws/install/control/lib/python3.8/site-packages:${PYTHONPATH} /usr/bin/python3 setup.py develop --editable --build-directory /home/jetson/PycharmProjects/boat_litter_collection/raspberry_ws/build/control/build --no-deps install_data
