[0.931s] Invoking command in '/home/jetson/PycharmProjects/boat_litter_collection/jetson_ws/build/custom_msgs': CMAKE_PREFIX_PATH=${CMAKE_PREFIX_PATH}:/home/jetson/PycharmProjects/boat_litter_collection/jetson_ws/install/vision:/home/jetson/PycharmProjects/boat_litter_collection/jetson_ws/install/central:/opt/ros/foxy /usr/bin/cmake --build /home/jetson/PycharmProjects/boat_litter_collection/jetson_ws/build/custom_msgs -- -j4 -l4
[1.525s] -- Found ament_cmake: 0.9.12 (/opt/ros/foxy/share/ament_cmake/cmake)
[1.642s] -- Found PythonInterp: /usr/bin/python3 (found suitable version "3.8.10", minimum required is "3") 
[1.643s] -- Using PYTHON_EXECUTABLE: /usr/bin/python3
[2.662s] -- Override CMake install command with custom implementation using symlinks instead of copying resources
[2.718s] -- Found ament_lint_auto: 0.9.8 (/opt/ros/foxy/share/ament_lint_auto/cmake)
[3.012s] -- Found geometry_msgs: 2.0.5 (/opt/ros/foxy/share/geometry_msgs/cmake)
[3.151s] -- Using all available rosidl_typesupport_c: rosidl_typesupport_fastrtps_c;rosidl_typesupport_introspection_c
[3.173s] -- Found rosidl_adapter: 1.3.1 (/opt/ros/foxy/share/rosidl_adapter/cmake)
[3.793s] -- Using all available rosidl_typesupport_cpp: rosidl_typesupport_fastrtps_cpp;rosidl_typesupport_introspection_cpp
[4.203s] -- Found rosidl_default_generators: 1.0.1 (/opt/ros/foxy/share/rosidl_default_generators/cmake)
[4.356s] -- Found PythonInterp: /usr/bin/python3 (found version "3.8.10") 
[4.869s] -- Found ament_cmake_ros: 0.9.2 (/opt/ros/foxy/share/ament_cmake_ros/cmake)
[5.734s] -- Using all available rosidl_typesupport_c: rosidl_typesupport_fastrtps_c;rosidl_typesupport_introspection_c
[6.052s] -- Using all available rosidl_typesupport_cpp: rosidl_typesupport_fastrtps_cpp;rosidl_typesupport_introspection_cpp
[6.175s] -- Found PythonInterp: /usr/bin/python3 (found suitable version "3.8.10", minimum required is "3.5") 
[6.180s] -- Found python_cmake_module: 0.8.1 (/opt/ros/foxy/share/python_cmake_module/cmake)
[6.292s] -- Using PYTHON_EXECUTABLE: /usr/bin/python3
[6.293s] -- Using PYTHON_INCLUDE_DIRS: /usr/include/python3.8
[6.293s] -- Using PYTHON_LIBRARIES: /usr/lib/aarch64-linux-gnu/libpython3.8.so
[6.499s] -- Added test 'copyright' to check source files copyright and LICENSE
[6.513s] -- Added test 'lint_cmake' to check CMake code style
[6.520s] -- Added test 'xmllint' to check XML markup files
[6.564s] -- Configuring done
[6.853s] -- Generating done
[6.867s] -- Build files have been written to: /home/jetson/PycharmProjects/boat_litter_collection/jetson_ws/build/custom_msgs
[6.969s] [  2%] [34m[1mGenerating C code for ROS interfaces[0m
[7.011s] [  5%] [34m[1mGenerating C++ code for ROS interfaces[0m
[8.505s] [  5%] Built target custom_msgs__cpp
[8.554s] [  7%] [34m[1mGenerating C++ type support dispatch for ROS interfaces[0m
[8.583s] [ 10%] [34m[1mGenerating C++ type support for eProsima Fast-RTPS[0m
[8.605s] [ 12%] [34m[1mGenerating C++ introspection for ROS interfaces[0m
[8.619s] [35m[1mScanning dependencies of target custom_msgs__rosidl_generator_c[0m
[8.695s] [ 15%] [32mBuilding C object CMakeFiles/custom_msgs__rosidl_generator_c.dir/rosidl_generator_c/custom_msgs/msg/detail/detection__functions.c.o[0m
[9.364s] [ 17%] [32mBuilding C object CMakeFiles/custom_msgs__rosidl_generator_c.dir/rosidl_generator_c/custom_msgs/msg/detail/detections_array__functions.c.o[0m
[9.565s] [ 20%] [32m[1mLinking C shared library libcustom_msgs__rosidl_generator_c.so[0m
[9.819s] [ 20%] Built target custom_msgs__rosidl_generator_c
[9.865s] [ 23%] [34m[1mGenerating C type support dispatch for ROS interfaces[0m
[9.868s] [35m[1mScanning dependencies of target custom_msgs__rosidl_typesupport_cpp[0m
[9.938s] [ 25%] [32mBuilding CXX object CMakeFiles/custom_msgs__rosidl_typesupport_cpp.dir/rosidl_typesupport_cpp/custom_msgs/msg/detection__type_support.cpp.o[0m
[10.007s] [35m[1mScanning dependencies of target custom_msgs__rosidl_typesupport_introspection_cpp[0m
[10.074s] [ 28%] [32mBuilding CXX object CMakeFiles/custom_msgs__rosidl_typesupport_introspection_cpp.dir/rosidl_typesupport_introspection_cpp/custom_msgs/msg/detail/detection__type_support.cpp.o[0m
[10.101s] [35m[1mScanning dependencies of target custom_msgs__rosidl_typesupport_fastrtps_cpp[0m
[10.181s] [ 30%] [32mBuilding CXX object CMakeFiles/custom_msgs__rosidl_typesupport_fastrtps_cpp.dir/rosidl_typesupport_fastrtps_cpp/custom_msgs/msg/detail/dds_fastrtps/detection__type_support.cpp.o[0m
[11.198s] [35m[1mScanning dependencies of target custom_msgs__rosidl_typesupport_c[0m
[11.259s] [ 33%] [32mBuilding CXX object CMakeFiles/custom_msgs__rosidl_typesupport_c.dir/rosidl_typesupport_c/custom_msgs/msg/detection__type_support.cpp.o[0m
[11.321s] [ 35%] [32mBuilding CXX object CMakeFiles/custom_msgs__rosidl_typesupport_cpp.dir/rosidl_typesupport_cpp/custom_msgs/msg/detections_array__type_support.cpp.o[0m
[11.414s] [ 41%] [32mBuilding CXX object CMakeFiles/custom_msgs__rosidl_typesupport_c.dir/rosidl_typesupport_c/custom_msgs/msg/detections_array__type_support.cpp.o[0m
[11.415s] [ 41%] [32mBuilding CXX object CMakeFiles/custom_msgs__rosidl_typesupport_introspection_cpp.dir/rosidl_typesupport_introspection_cpp/custom_msgs/msg/detail/detections_array__type_support.cpp.o[0m
[11.558s] [ 43%] [32m[1mLinking CXX shared library libcustom_msgs__rosidl_typesupport_c.so[0m
[11.762s] [ 43%] Built target custom_msgs__rosidl_typesupport_c
[11.813s] [ 46%] [34m[1mGenerating C introspection for ROS interfaces[0m
[11.908s] [ 48%] [32mBuilding CXX object CMakeFiles/custom_msgs__rosidl_typesupport_fastrtps_cpp.dir/rosidl_typesupport_fastrtps_cpp/custom_msgs/msg/detail/dds_fastrtps/detections_array__type_support.cpp.o[0m
[12.409s] [ 51%] [32m[1mLinking CXX shared library libcustom_msgs__rosidl_typesupport_cpp.so[0m
[12.589s] [ 51%] Built target custom_msgs__rosidl_typesupport_cpp
[12.700s] [ 53%] [32m[1mLinking CXX shared library libcustom_msgs__rosidl_typesupport_introspection_cpp.so[0m
[12.981s] [ 53%] Built target custom_msgs__rosidl_typesupport_introspection_cpp
[13.310s] [35m[1mScanning dependencies of target custom_msgs__rosidl_typesupport_introspection_c[0m
[13.367s] [ 58%] [32mBuilding C object CMakeFiles/custom_msgs__rosidl_typesupport_introspection_c.dir/rosidl_typesupport_introspection_c/custom_msgs/msg/detail/detection__type_support.c.o[0m
[13.368s] [ 58%] [32mBuilding C object CMakeFiles/custom_msgs__rosidl_typesupport_introspection_c.dir/rosidl_typesupport_introspection_c/custom_msgs/msg/detail/detections_array__type_support.c.o[0m
[13.509s] [ 61%] [32m[1mLinking C shared library libcustom_msgs__rosidl_typesupport_introspection_c.so[0m
[13.630s] [ 61%] Built target custom_msgs__rosidl_typesupport_introspection_c
[13.672s] [ 64%] [32m[1mLinking CXX shared library libcustom_msgs__rosidl_typesupport_fastrtps_cpp.so[0m
[14.001s] [ 64%] Built target custom_msgs__rosidl_typesupport_fastrtps_cpp
[14.044s] [ 66%] [34m[1mGenerating C type support for eProsima Fast-RTPS[0m
[15.318s] [35m[1mScanning dependencies of target custom_msgs__rosidl_typesupport_fastrtps_c[0m
[15.378s] [ 71%] [32mBuilding CXX object CMakeFiles/custom_msgs__rosidl_typesupport_fastrtps_c.dir/rosidl_typesupport_fastrtps_c/custom_msgs/msg/detail/detection__type_support_c.cpp.o[0m
[15.379s] [ 71%] [32mBuilding CXX object CMakeFiles/custom_msgs__rosidl_typesupport_fastrtps_c.dir/rosidl_typesupport_fastrtps_c/custom_msgs/msg/detail/detections_array__type_support_c.cpp.o[0m
[16.610s] [ 74%] [32m[1mLinking CXX shared library libcustom_msgs__rosidl_typesupport_fastrtps_c.so[0m
[16.941s] [ 74%] Built target custom_msgs__rosidl_typesupport_fastrtps_c
[17.024s] [ 74%] Built target custom_msgs
[17.108s] [ 76%] [34m[1mGenerating Python code for ROS interfaces[0m
[19.410s] [ 76%] Built target custom_msgs__py
[19.461s] [35m[1mScanning dependencies of target custom_msgs__python[0m
[19.531s] [ 82%] [32mBuilding C object CMakeFiles/custom_msgs__python.dir/rosidl_generator_py/custom_msgs/msg/_detection_s.c.o[0m
[19.532s] [ 82%] [32mBuilding C object CMakeFiles/custom_msgs__python.dir/rosidl_generator_py/custom_msgs/msg/_detections_array_s.c.o[0m
[19.979s] [ 84%] [32m[1mLinking C shared library rosidl_generator_py/custom_msgs/libcustom_msgs__python.so[0m
[20.150s] [ 84%] Built target custom_msgs__python
[20.198s] [35m[1mScanning dependencies of target custom_msgs__rosidl_typesupport_c__pyext[0m
[20.198s] [35m[1mScanning dependencies of target custom_msgs__rosidl_typesupport_introspection_c__pyext[0m
[20.207s] [35m[1mScanning dependencies of target custom_msgs__rosidl_typesupport_fastrtps_c__pyext[0m
[20.278s] [ 87%] [32mBuilding C object CMakeFiles/custom_msgs__rosidl_typesupport_fastrtps_c__pyext.dir/rosidl_generator_py/custom_msgs/_custom_msgs_s.ep.rosidl_typesupport_fastrtps_c.c.o[0m
[20.292s] [ 92%] [32mBuilding C object CMakeFiles/custom_msgs__rosidl_typesupport_introspection_c__pyext.dir/rosidl_generator_py/custom_msgs/_custom_msgs_s.ep.rosidl_typesupport_introspection_c.c.o[0m
[20.292s] [ 92%] [32mBuilding C object CMakeFiles/custom_msgs__rosidl_typesupport_c__pyext.dir/rosidl_generator_py/custom_msgs/_custom_msgs_s.ep.rosidl_typesupport_c.c.o[0m
[20.615s] [ 94%] [32m[1mLinking C shared library rosidl_generator_py/custom_msgs/custom_msgs_s__rosidl_typesupport_c.cpython-38-aarch64-linux-gnu.so[0m
[20.620s] [ 97%] [32m[1mLinking CXX shared library rosidl_generator_py/custom_msgs/custom_msgs_s__rosidl_typesupport_fastrtps_c.cpython-38-aarch64-linux-gnu.so[0m
[20.625s] [100%] [32m[1mLinking C shared library rosidl_generator_py/custom_msgs/custom_msgs_s__rosidl_typesupport_introspection_c.cpython-38-aarch64-linux-gnu.so[0m
[20.787s] [100%] Built target custom_msgs__rosidl_typesupport_c__pyext
[20.809s] [100%] Built target custom_msgs__rosidl_typesupport_introspection_c__pyext
[20.899s] [100%] Built target custom_msgs__rosidl_typesupport_fastrtps_c__pyext
[20.942s] Invoked command in '/home/jetson/PycharmProjects/boat_litter_collection/jetson_ws/build/custom_msgs' returned '0': CMAKE_PREFIX_PATH=${CMAKE_PREFIX_PATH}:/home/jetson/PycharmProjects/boat_litter_collection/jetson_ws/install/vision:/home/jetson/PycharmProjects/boat_litter_collection/jetson_ws/install/central:/opt/ros/foxy /usr/bin/cmake --build /home/jetson/PycharmProjects/boat_litter_collection/jetson_ws/build/custom_msgs -- -j4 -l4
[21.239s] Invoking command in '/home/jetson/PycharmProjects/boat_litter_collection/jetson_ws/build/custom_msgs': CMAKE_PREFIX_PATH=${CMAKE_PREFIX_PATH}:/home/jetson/PycharmProjects/boat_litter_collection/jetson_ws/install/vision:/home/jetson/PycharmProjects/boat_litter_collection/jetson_ws/install/central:/opt/ros/foxy /usr/bin/cmake --install /home/jetson/PycharmProjects/boat_litter_collection/jetson_ws/build/custom_msgs
[21.270s] -- Install configuration: ""
[21.272s] -- Execute custom install script
[21.277s] -- Up-to-date symlink: /home/jetson/PycharmProjects/boat_litter_collection/jetson_ws/install/custom_msgs/share/ament_index/resource_index/rosidl_interfaces/custom_msgs
[21.281s] -- Up-to-date symlink: /home/jetson/PycharmProjects/boat_litter_collection/jetson_ws/install/custom_msgs/include/custom_msgs/msg/detail/detection__functions.h
[21.282s] -- Up-to-date symlink: /home/jetson/PycharmProjects/boat_litter_collection/jetson_ws/install/custom_msgs/include/custom_msgs/msg/detail/detection__struct.h
[21.283s] -- Up-to-date symlink: /home/jetson/PycharmProjects/boat_litter_collection/jetson_ws/install/custom_msgs/include/custom_msgs/msg/detail/detection__type_support.h
[21.285s] -- Up-to-date symlink: /home/jetson/PycharmProjects/boat_litter_collection/jetson_ws/install/custom_msgs/include/custom_msgs/msg/detail/detections__functions.h
[21.285s] -- Up-to-date symlink: /home/jetson/PycharmProjects/boat_litter_collection/jetson_ws/install/custom_msgs/include/custom_msgs/msg/detail/detections__struct.h
[21.287s] -- Up-to-date symlink: /home/jetson/PycharmProjects/boat_litter_collection/jetson_ws/install/custom_msgs/include/custom_msgs/msg/detail/detections__type_support.h
[21.288s] -- Up-to-date symlink: /home/jetson/PycharmProjects/boat_litter_collection/jetson_ws/install/custom_msgs/include/custom_msgs/msg/detail/detections_array__functions.h
[21.289s] -- Up-to-date symlink: /home/jetson/PycharmProjects/boat_litter_collection/jetson_ws/install/custom_msgs/include/custom_msgs/msg/detail/detections_array__struct.h
[21.290s] -- Up-to-date symlink: /home/jetson/PycharmProjects/boat_litter_collection/jetson_ws/install/custom_msgs/include/custom_msgs/msg/detail/detections_array__type_support.h
[21.292s] -- Up-to-date symlink: /home/jetson/PycharmProjects/boat_litter_collection/jetson_ws/install/custom_msgs/include/custom_msgs/msg/detail/string_array__functions.h
[21.293s] -- Up-to-date symlink: /home/jetson/PycharmProjects/boat_litter_collection/jetson_ws/install/custom_msgs/include/custom_msgs/msg/detail/string_array__struct.h
[21.294s] -- Up-to-date symlink: /home/jetson/PycharmProjects/boat_litter_collection/jetson_ws/install/custom_msgs/include/custom_msgs/msg/detail/string_array__type_support.h
[21.295s] -- Up-to-date symlink: /home/jetson/PycharmProjects/boat_litter_collection/jetson_ws/install/custom_msgs/include/custom_msgs/msg/detection.h
[21.296s] -- Up-to-date symlink: /home/jetson/PycharmProjects/boat_litter_collection/jetson_ws/install/custom_msgs/include/custom_msgs/msg/detections.h
[21.297s] -- Up-to-date symlink: /home/jetson/PycharmProjects/boat_litter_collection/jetson_ws/install/custom_msgs/include/custom_msgs/msg/detections_array.h
[21.298s] -- Up-to-date symlink: /home/jetson/PycharmProjects/boat_litter_collection/jetson_ws/install/custom_msgs/include/custom_msgs/msg/rosidl_generator_c__visibility_control.h
[21.299s] -- Up-to-date symlink: /home/jetson/PycharmProjects/boat_litter_collection/jetson_ws/install/custom_msgs/include/custom_msgs/msg/string_array.h
[21.301s] -- Up-to-date symlink: /home/jetson/PycharmProjects/boat_litter_collection/jetson_ws/install/custom_msgs/share/custom_msgs/environment/library_path.sh
[21.302s] -- Up-to-date symlink: /home/jetson/PycharmProjects/boat_litter_collection/jetson_ws/install/custom_msgs/share/custom_msgs/environment/library_path.dsv
[21.306s] -- Up-to-date symlink: /home/jetson/PycharmProjects/boat_litter_collection/jetson_ws/install/custom_msgs/include/custom_msgs/msg/detail/detection__rosidl_typesupport_fastrtps_c.h
[21.307s] -- Up-to-date symlink: /home/jetson/PycharmProjects/boat_litter_collection/jetson_ws/install/custom_msgs/include/custom_msgs/msg/detail/detections__rosidl_typesupport_fastrtps_c.h
[21.308s] -- Up-to-date symlink: /home/jetson/PycharmProjects/boat_litter_collection/jetson_ws/install/custom_msgs/include/custom_msgs/msg/detail/detections_array__rosidl_typesupport_fastrtps_c.h
[21.309s] -- Up-to-date symlink: /home/jetson/PycharmProjects/boat_litter_collection/jetson_ws/install/custom_msgs/include/custom_msgs/msg/detail/string_array__rosidl_typesupport_fastrtps_c.h
[21.311s] -- Up-to-date symlink: /home/jetson/PycharmProjects/boat_litter_collection/jetson_ws/install/custom_msgs/include/custom_msgs/msg/rosidl_typesupport_fastrtps_c__visibility_control.h
[21.313s] -- Up-to-date symlink: /home/jetson/PycharmProjects/boat_litter_collection/jetson_ws/install/custom_msgs/lib/libcustom_msgs__rosidl_typesupport_fastrtps_c.so
[21.317s] -- Up-to-date symlink: /home/jetson/PycharmProjects/boat_litter_collection/jetson_ws/install/custom_msgs/include/custom_msgs/msg/detail/detection__rosidl_typesupport_fastrtps_cpp.hpp
[21.318s] -- Up-to-date symlink: /home/jetson/PycharmProjects/boat_litter_collection/jetson_ws/install/custom_msgs/include/custom_msgs/msg/detail/detections__rosidl_typesupport_fastrtps_cpp.hpp
[21.319s] -- Up-to-date symlink: /home/jetson/PycharmProjects/boat_litter_collection/jetson_ws/install/custom_msgs/include/custom_msgs/msg/detail/detections_array__rosidl_typesupport_fastrtps_cpp.hpp
[21.320s] -- Up-to-date symlink: /home/jetson/PycharmProjects/boat_litter_collection/jetson_ws/install/custom_msgs/include/custom_msgs/msg/detail/string_array__rosidl_typesupport_fastrtps_cpp.hpp
[21.321s] -- Up-to-date symlink: /home/jetson/PycharmProjects/boat_litter_collection/jetson_ws/install/custom_msgs/include/custom_msgs/msg/rosidl_typesupport_fastrtps_cpp__visibility_control.h
[21.323s] -- Up-to-date symlink: /home/jetson/PycharmProjects/boat_litter_collection/jetson_ws/install/custom_msgs/lib/libcustom_msgs__rosidl_typesupport_fastrtps_cpp.so
[21.326s] -- Up-to-date symlink: /home/jetson/PycharmProjects/boat_litter_collection/jetson_ws/install/custom_msgs/include/custom_msgs/msg/detail/detection__rosidl_typesupport_introspection_c.h
[21.328s] -- Up-to-date symlink: /home/jetson/PycharmProjects/boat_litter_collection/jetson_ws/install/custom_msgs/include/custom_msgs/msg/detail/detections__rosidl_typesupport_introspection_c.h
[21.329s] -- Up-to-date symlink: /home/jetson/PycharmProjects/boat_litter_collection/jetson_ws/install/custom_msgs/include/custom_msgs/msg/detail/detections_array__rosidl_typesupport_introspection_c.h
[21.330s] -- Up-to-date symlink: /home/jetson/PycharmProjects/boat_litter_collection/jetson_ws/install/custom_msgs/include/custom_msgs/msg/detail/string_array__rosidl_typesupport_introspection_c.h
[21.331s] -- Up-to-date symlink: /home/jetson/PycharmProjects/boat_litter_collection/jetson_ws/install/custom_msgs/include/custom_msgs/msg/rosidl_typesupport_introspection_c__visibility_control.h
[21.335s] -- Up-to-date symlink: /home/jetson/PycharmProjects/boat_litter_collection/jetson_ws/install/custom_msgs/include/custom_msgs/msg/detail/detection__builder.hpp
[21.336s] -- Up-to-date symlink: /home/jetson/PycharmProjects/boat_litter_collection/jetson_ws/install/custom_msgs/include/custom_msgs/msg/detail/detection__struct.hpp
[21.337s] -- Up-to-date symlink: /home/jetson/PycharmProjects/boat_litter_collection/jetson_ws/install/custom_msgs/include/custom_msgs/msg/detail/detection__traits.hpp
[21.338s] -- Up-to-date symlink: /home/jetson/PycharmProjects/boat_litter_collection/jetson_ws/install/custom_msgs/include/custom_msgs/msg/detail/detection__type_support.hpp
[21.339s] -- Up-to-date symlink: /home/jetson/PycharmProjects/boat_litter_collection/jetson_ws/install/custom_msgs/include/custom_msgs/msg/detail/detections__builder.hpp
[21.340s] -- Up-to-date symlink: /home/jetson/PycharmProjects/boat_litter_collection/jetson_ws/install/custom_msgs/include/custom_msgs/msg/detail/detections__struct.hpp
[21.341s] -- Up-to-date symlink: /home/jetson/PycharmProjects/boat_litter_collection/jetson_ws/install/custom_msgs/include/custom_msgs/msg/detail/detections__traits.hpp
[21.343s] -- Up-to-date symlink: /home/jetson/PycharmProjects/boat_litter_collection/jetson_ws/install/custom_msgs/include/custom_msgs/msg/detail/detections__type_support.hpp
[21.344s] -- Up-to-date symlink: /home/jetson/PycharmProjects/boat_litter_collection/jetson_ws/install/custom_msgs/include/custom_msgs/msg/detail/detections_array__builder.hpp
[21.345s] -- Up-to-date symlink: /home/jetson/PycharmProjects/boat_litter_collection/jetson_ws/install/custom_msgs/include/custom_msgs/msg/detail/detections_array__struct.hpp
[21.346s] -- Up-to-date symlink: /home/jetson/PycharmProjects/boat_litter_collection/jetson_ws/install/custom_msgs/include/custom_msgs/msg/detail/detections_array__traits.hpp
[21.347s] -- Up-to-date symlink: /home/jetson/PycharmProjects/boat_litter_collection/jetson_ws/install/custom_msgs/include/custom_msgs/msg/detail/detections_array__type_support.hpp
[21.349s] -- Up-to-date symlink: /home/jetson/PycharmProjects/boat_litter_collection/jetson_ws/install/custom_msgs/include/custom_msgs/msg/detail/string_array__builder.hpp
[21.350s] -- Up-to-date symlink: /home/jetson/PycharmProjects/boat_litter_collection/jetson_ws/install/custom_msgs/include/custom_msgs/msg/detail/string_array__struct.hpp
[21.351s] -- Up-to-date symlink: /home/jetson/PycharmProjects/boat_litter_collection/jetson_ws/install/custom_msgs/include/custom_msgs/msg/detail/string_array__traits.hpp
[21.352s] -- Up-to-date symlink: /home/jetson/PycharmProjects/boat_litter_collection/jetson_ws/install/custom_msgs/include/custom_msgs/msg/detail/string_array__type_support.hpp
[21.353s] -- Up-to-date symlink: /home/jetson/PycharmProjects/boat_litter_collection/jetson_ws/install/custom_msgs/include/custom_msgs/msg/detection.hpp
[21.355s] -- Up-to-date symlink: /home/jetson/PycharmProjects/boat_litter_collection/jetson_ws/install/custom_msgs/include/custom_msgs/msg/detections.hpp
[21.356s] -- Up-to-date symlink: /home/jetson/PycharmProjects/boat_litter_collection/jetson_ws/install/custom_msgs/include/custom_msgs/msg/detections_array.hpp
[21.357s] -- Up-to-date symlink: /home/jetson/PycharmProjects/boat_litter_collection/jetson_ws/install/custom_msgs/include/custom_msgs/msg/rosidl_generator_cpp__visibility_control.hpp
[21.358s] -- Up-to-date symlink: /home/jetson/PycharmProjects/boat_litter_collection/jetson_ws/install/custom_msgs/include/custom_msgs/msg/string_array.hpp
[21.361s] -- Up-to-date symlink: /home/jetson/PycharmProjects/boat_litter_collection/jetson_ws/install/custom_msgs/include/custom_msgs/msg/detail/detection__rosidl_typesupport_introspection_cpp.hpp
[21.362s] -- Up-to-date symlink: /home/jetson/PycharmProjects/boat_litter_collection/jetson_ws/install/custom_msgs/include/custom_msgs/msg/detail/detections__rosidl_typesupport_introspection_cpp.hpp
[21.363s] -- Up-to-date symlink: /home/jetson/PycharmProjects/boat_litter_collection/jetson_ws/install/custom_msgs/include/custom_msgs/msg/detail/detections_array__rosidl_typesupport_introspection_cpp.hpp
[21.364s] -- Up-to-date symlink: /home/jetson/PycharmProjects/boat_litter_collection/jetson_ws/install/custom_msgs/include/custom_msgs/msg/detail/string_array__rosidl_typesupport_introspection_cpp.hpp
[21.366s] -- Up-to-date symlink: /home/jetson/PycharmProjects/boat_litter_collection/jetson_ws/install/custom_msgs/share/custom_msgs/environment/pythonpath.sh
[21.367s] -- Up-to-date symlink: /home/jetson/PycharmProjects/boat_litter_collection/jetson_ws/install/custom_msgs/share/custom_msgs/environment/pythonpath.dsv
[21.369s] -- Up-to-date symlink: /home/jetson/PycharmProjects/boat_litter_collection/jetson_ws/install/custom_msgs/lib/python3.8/site-packages/custom_msgs/__init__.py
[21.372s] -- Up-to-date symlink: /home/jetson/PycharmProjects/boat_litter_collection/jetson_ws/install/custom_msgs/lib/python3.8/site-packages/custom_msgs/msg/__init__.py
[21.372s] -- Up-to-date symlink: /home/jetson/PycharmProjects/boat_litter_collection/jetson_ws/install/custom_msgs/lib/python3.8/site-packages/custom_msgs/msg/_detection.py
[21.374s] -- Up-to-date symlink: /home/jetson/PycharmProjects/boat_litter_collection/jetson_ws/install/custom_msgs/lib/python3.8/site-packages/custom_msgs/msg/_detections.py
[21.375s] -- Up-to-date symlink: /home/jetson/PycharmProjects/boat_litter_collection/jetson_ws/install/custom_msgs/lib/python3.8/site-packages/custom_msgs/msg/_detections_array.py
[21.376s] -- Up-to-date symlink: /home/jetson/PycharmProjects/boat_litter_collection/jetson_ws/install/custom_msgs/lib/python3.8/site-packages/custom_msgs/msg/_string_array.py
[21.378s] -- Up-to-date symlink: /home/jetson/PycharmProjects/boat_litter_collection/jetson_ws/install/custom_msgs/lib/python3.8/site-packages/custom_msgs/custom_msgs_s__rosidl_typesupport_fastrtps_c.cpython-38-aarch64-linux-gnu.so
[21.381s] -- Up-to-date symlink: /home/jetson/PycharmProjects/boat_litter_collection/jetson_ws/install/custom_msgs/lib/python3.8/site-packages/custom_msgs/custom_msgs_s__rosidl_typesupport_introspection_c.cpython-38-aarch64-linux-gnu.so
[21.383s] -- Up-to-date symlink: /home/jetson/PycharmProjects/boat_litter_collection/jetson_ws/install/custom_msgs/lib/python3.8/site-packages/custom_msgs/custom_msgs_s__rosidl_typesupport_c.cpython-38-aarch64-linux-gnu.so
[21.385s] -- Up-to-date symlink: /home/jetson/PycharmProjects/boat_litter_collection/jetson_ws/install/custom_msgs/lib/libcustom_msgs__python.so
[21.387s] -- Up-to-date symlink: /home/jetson/PycharmProjects/boat_litter_collection/jetson_ws/install/custom_msgs/share/custom_msgs/msg/Detection.idl
[21.389s] -- Up-to-date symlink: /home/jetson/PycharmProjects/boat_litter_collection/jetson_ws/install/custom_msgs/share/custom_msgs/msg/DetectionsArray.idl
[21.390s] -- Up-to-date symlink: /home/jetson/PycharmProjects/boat_litter_collection/jetson_ws/install/custom_msgs/share/custom_msgs/msg/Detection.msg
[21.392s] -- Up-to-date symlink: /home/jetson/PycharmProjects/boat_litter_collection/jetson_ws/install/custom_msgs/share/custom_msgs/msg/DetectionsArray.msg
[21.393s] -- Up-to-date symlink: /home/jetson/PycharmProjects/boat_litter_collection/jetson_ws/install/custom_msgs/share/ament_index/resource_index/package_run_dependencies/custom_msgs
[21.395s] -- Up-to-date symlink: /home/jetson/PycharmProjects/boat_litter_collection/jetson_ws/install/custom_msgs/share/ament_index/resource_index/parent_prefix_path/custom_msgs
[21.397s] -- Up-to-date symlink: /home/jetson/PycharmProjects/boat_litter_collection/jetson_ws/install/custom_msgs/share/custom_msgs/environment/ament_prefix_path.sh
[21.398s] -- Up-to-date symlink: /home/jetson/PycharmProjects/boat_litter_collection/jetson_ws/install/custom_msgs/share/custom_msgs/environment/ament_prefix_path.dsv
[21.400s] -- Up-to-date symlink: /home/jetson/PycharmProjects/boat_litter_collection/jetson_ws/install/custom_msgs/share/custom_msgs/environment/path.sh
[21.401s] -- Up-to-date symlink: /home/jetson/PycharmProjects/boat_litter_collection/jetson_ws/install/custom_msgs/share/custom_msgs/environment/path.dsv
[21.403s] -- Up-to-date symlink: /home/jetson/PycharmProjects/boat_litter_collection/jetson_ws/install/custom_msgs/share/custom_msgs/local_setup.bash
[21.404s] -- Up-to-date symlink: /home/jetson/PycharmProjects/boat_litter_collection/jetson_ws/install/custom_msgs/share/custom_msgs/local_setup.sh
[21.405s] -- Up-to-date symlink: /home/jetson/PycharmProjects/boat_litter_collection/jetson_ws/install/custom_msgs/share/custom_msgs/local_setup.zsh
[21.407s] -- Up-to-date symlink: /home/jetson/PycharmProjects/boat_litter_collection/jetson_ws/install/custom_msgs/share/custom_msgs/local_setup.dsv
[21.408s] -- Symlinking: /home/jetson/PycharmProjects/boat_litter_collection/jetson_ws/install/custom_msgs/share/custom_msgs/package.dsv
[21.452s] -- Up-to-date symlink: /home/jetson/PycharmProjects/boat_litter_collection/jetson_ws/install/custom_msgs/share/ament_index/resource_index/packages/custom_msgs
[21.453s] -- Up-to-date symlink: /home/jetson/PycharmProjects/boat_litter_collection/jetson_ws/install/custom_msgs/share/custom_msgs/cmake/rosidl_cmake-extras.cmake
[21.455s] -- Up-to-date symlink: /home/jetson/PycharmProjects/boat_litter_collection/jetson_ws/install/custom_msgs/share/custom_msgs/cmake/ament_cmake_export_dependencies-extras.cmake
[21.457s] -- Up-to-date symlink: /home/jetson/PycharmProjects/boat_litter_collection/jetson_ws/install/custom_msgs/share/custom_msgs/cmake/ament_cmake_export_libraries-extras.cmake
[21.458s] -- Up-to-date symlink: /home/jetson/PycharmProjects/boat_litter_collection/jetson_ws/install/custom_msgs/share/custom_msgs/cmake/ament_cmake_export_targets-extras.cmake
[21.460s] -- Up-to-date symlink: /home/jetson/PycharmProjects/boat_litter_collection/jetson_ws/install/custom_msgs/share/custom_msgs/cmake/ament_cmake_export_include_directories-extras.cmake
[21.461s] -- Up-to-date symlink: /home/jetson/PycharmProjects/boat_litter_collection/jetson_ws/install/custom_msgs/share/custom_msgs/cmake/rosidl_cmake_export_typesupport_libraries-extras.cmake
[21.463s] -- Up-to-date symlink: /home/jetson/PycharmProjects/boat_litter_collection/jetson_ws/install/custom_msgs/share/custom_msgs/cmake/rosidl_cmake_export_typesupport_targets-extras.cmake
[21.464s] -- Up-to-date symlink: /home/jetson/PycharmProjects/boat_litter_collection/jetson_ws/install/custom_msgs/share/custom_msgs/cmake/custom_msgsConfig.cmake
[21.466s] -- Up-to-date symlink: /home/jetson/PycharmProjects/boat_litter_collection/jetson_ws/install/custom_msgs/share/custom_msgs/cmake/custom_msgsConfig-version.cmake
[21.467s] -- Up-to-date symlink: /home/jetson/PycharmProjects/boat_litter_collection/jetson_ws/install/custom_msgs/share/custom_msgs/package.xml
[21.468s] -- Installing: /home/jetson/PycharmProjects/boat_litter_collection/jetson_ws/install/custom_msgs/lib/libcustom_msgs__rosidl_generator_c.so
[21.470s] -- Set runtime path of "/home/jetson/PycharmProjects/boat_litter_collection/jetson_ws/install/custom_msgs/lib/libcustom_msgs__rosidl_generator_c.so" to ""
[21.471s] -- Installing: /home/jetson/PycharmProjects/boat_litter_collection/jetson_ws/install/custom_msgs/lib/libcustom_msgs__rosidl_typesupport_introspection_c.so
[21.473s] -- Set runtime path of "/home/jetson/PycharmProjects/boat_litter_collection/jetson_ws/install/custom_msgs/lib/libcustom_msgs__rosidl_typesupport_introspection_c.so" to ""
[21.474s] -- Installing: /home/jetson/PycharmProjects/boat_litter_collection/jetson_ws/install/custom_msgs/lib/libcustom_msgs__rosidl_typesupport_c.so
[21.475s] -- Set runtime path of "/home/jetson/PycharmProjects/boat_litter_collection/jetson_ws/install/custom_msgs/lib/libcustom_msgs__rosidl_typesupport_c.so" to ""
[21.477s] -- Installing: /home/jetson/PycharmProjects/boat_litter_collection/jetson_ws/install/custom_msgs/lib/libcustom_msgs__rosidl_typesupport_introspection_cpp.so
[21.479s] -- Set runtime path of "/home/jetson/PycharmProjects/boat_litter_collection/jetson_ws/install/custom_msgs/lib/libcustom_msgs__rosidl_typesupport_introspection_cpp.so" to ""
[21.481s] -- Installing: /home/jetson/PycharmProjects/boat_litter_collection/jetson_ws/install/custom_msgs/lib/libcustom_msgs__rosidl_typesupport_cpp.so
[21.482s] -- Set runtime path of "/home/jetson/PycharmProjects/boat_litter_collection/jetson_ws/install/custom_msgs/lib/libcustom_msgs__rosidl_typesupport_cpp.so" to ""
[21.627s] Compiling '/home/jetson/PycharmProjects/boat_litter_collection/jetson_ws/install/custom_msgs/lib/python3.8/site-packages/custom_msgs/__init__.py'...
[21.652s] -- Up-to-date: /home/jetson/PycharmProjects/boat_litter_collection/jetson_ws/install/custom_msgs/share/custom_msgs/cmake/custom_msgs__rosidl_generator_cExport.cmake
[21.652s] -- Installing: /home/jetson/PycharmProjects/boat_litter_collection/jetson_ws/install/custom_msgs/share/custom_msgs/cmake/custom_msgs__rosidl_generator_cExport-noconfig.cmake
[21.654s] -- Up-to-date: /home/jetson/PycharmProjects/boat_litter_collection/jetson_ws/install/custom_msgs/share/custom_msgs/cmake/custom_msgs__rosidl_typesupport_introspection_cExport.cmake
[21.654s] -- Installing: /home/jetson/PycharmProjects/boat_litter_collection/jetson_ws/install/custom_msgs/share/custom_msgs/cmake/custom_msgs__rosidl_typesupport_introspection_cExport-noconfig.cmake
[21.655s] -- Up-to-date: /home/jetson/PycharmProjects/boat_litter_collection/jetson_ws/install/custom_msgs/share/custom_msgs/cmake/custom_msgs__rosidl_typesupport_cExport.cmake
[21.656s] -- Installing: /home/jetson/PycharmProjects/boat_litter_collection/jetson_ws/install/custom_msgs/share/custom_msgs/cmake/custom_msgs__rosidl_typesupport_cExport-noconfig.cmake
[21.657s] -- Up-to-date: /home/jetson/PycharmProjects/boat_litter_collection/jetson_ws/install/custom_msgs/share/custom_msgs/cmake/custom_msgs__rosidl_generator_cppExport.cmake
[21.658s] -- Up-to-date: /home/jetson/PycharmProjects/boat_litter_collection/jetson_ws/install/custom_msgs/share/custom_msgs/cmake/custom_msgs__rosidl_typesupport_introspection_cppExport.cmake
[21.659s] -- Installing: /home/jetson/PycharmProjects/boat_litter_collection/jetson_ws/install/custom_msgs/share/custom_msgs/cmake/custom_msgs__rosidl_typesupport_introspection_cppExport-noconfig.cmake
[21.660s] -- Up-to-date: /home/jetson/PycharmProjects/boat_litter_collection/jetson_ws/install/custom_msgs/share/custom_msgs/cmake/custom_msgs__rosidl_typesupport_cppExport.cmake
[21.661s] -- Installing: /home/jetson/PycharmProjects/boat_litter_collection/jetson_ws/install/custom_msgs/share/custom_msgs/cmake/custom_msgs__rosidl_typesupport_cppExport-noconfig.cmake
[21.669s] Invoked command in '/home/jetson/PycharmProjects/boat_litter_collection/jetson_ws/build/custom_msgs' returned '0': CMAKE_PREFIX_PATH=${CMAKE_PREFIX_PATH}:/home/jetson/PycharmProjects/boat_litter_collection/jetson_ws/install/vision:/home/jetson/PycharmProjects/boat_litter_collection/jetson_ws/install/central:/opt/ros/foxy /usr/bin/cmake --install /home/jetson/PycharmProjects/boat_litter_collection/jetson_ws/build/custom_msgs
