[3.423s] Invoking command in '/home/jetson/projects/robot_ws/build/vision': PYTHONPATH=/home/jetson/projects/robot_ws/build/vision/prefix_override:/home/jetson/projects/robot_ws/install/vision/lib/python3.8/site-packages:${PYTHONPATH} /usr/bin/python3 setup.py develop --editable --build-directory /home/jetson/projects/robot_ws/build/vision/build --no-deps install_data
[4.533s] /usr/local/lib/python3.8/dist-packages/setuptools/dist.py:717: UserWarning: Usage of dash-separated 'script-dir' will not be supported in future versions. Please use the underscore name 'script_dir' instead
[4.534s]   warnings.warn(
[4.736s] running develop
[5.548s] running egg_info
[5.549s] creating vision.egg-info
[5.551s] writing vision.egg-info/PKG-INFO
[5.552s] writing dependency_links to vision.egg-info/dependency_links.txt
[5.553s] writing entry points to vision.egg-info/entry_points.txt
[5.553s] writing requirements to vision.egg-info/requires.txt
[5.553s] writing top-level names to vision.egg-info/top_level.txt
[5.562s] writing manifest file 'vision.egg-info/SOURCES.txt'
[5.569s] reading manifest file 'vision.egg-info/SOURCES.txt'
[5.571s] writing manifest file 'vision.egg-info/SOURCES.txt'
[5.735s] running build_ext
[5.736s] Creating /home/jetson/projects/robot_ws/install/vision/lib/python3.8/site-packages/vision.egg-link (link to .)
[5.739s] Installing vision script to /home/jetson/projects/robot_ws/install/vision/lib/vision
[5.740s] 
[5.741s] Installed /home/jetson/projects/robot_ws/build/vision
[5.742s] running install_data
[5.742s] creating /home/jetson/projects/robot_ws/install/vision/share/ament_index
[5.742s] creating /home/jetson/projects/robot_ws/install/vision/share/ament_index/resource_index
[5.743s] creating /home/jetson/projects/robot_ws/install/vision/share/ament_index/resource_index/packages
[5.743s] copying resource/vision -> /home/jetson/projects/robot_ws/install/vision/share/ament_index/resource_index/packages
[5.744s] copying package.xml -> /home/jetson/projects/robot_ws/install/vision/share/vision
[5.884s] Invoked command in '/home/jetson/projects/robot_ws/build/vision' returned '0': PYTHONPATH=/home/jetson/projects/robot_ws/build/vision/prefix_override:/home/jetson/projects/robot_ws/install/vision/lib/python3.8/site-packages:${PYTHONPATH} /usr/bin/python3 setup.py develop --editable --build-directory /home/jetson/projects/robot_ws/build/vision/build --no-deps install_data
