[  2%] Built target custom_msgs__cpp
[ 12%] Built target custom_msgs__rosidl_generator_c
[ 25%] Built target custom_msgs__rosidl_typesupport_cpp
[ 33%] Built target custom_msgs__rosidl_typesupport_introspection_cpp
[ 43%] Built target custom_msgs__rosidl_typesupport_c
[ 53%] Built target custom_msgs__rosidl_typesupport_fastrtps_cpp
[ 64%] Built target custom_msgs__rosidl_typesupport_introspection_c
[ 74%] Built target custom_msgs__rosidl_typesupport_fastrtps_c
[ 74%] Built target custom_msgs
[ 76%] Built target custom_msgs__py
[ 84%] Built target custom_msgs__python
[ 89%] Built target custom_msgs__rosidl_typesupport_fastrtps_c__pyext
[ 94%] Built target custom_msgs__rosidl_typesupport_introspection_c__pyext
[100%] Built target custom_msgs__rosidl_typesupport_c__pyext
-- Install configuration: ""
-- Execute custom install script
-- Up-to-date symlink: /home/jetson/PycharmProjects/boat_litter_collection/raspberry_ws/install/custom_msgs/share/ament_index/resource_index/rosidl_interfaces/custom_msgs
-- Up-to-date symlink: /home/jetson/PycharmProjects/boat_litter_collection/raspberry_ws/install/custom_msgs/include/custom_msgs/msg/detail/detection__functions.h
-- Up-to-date symlink: /home/jetson/PycharmProjects/boat_litter_collection/raspberry_ws/install/custom_msgs/include/custom_msgs/msg/detail/detection__struct.h
-- Up-to-date symlink: /home/jetson/PycharmProjects/boat_litter_collection/raspberry_ws/install/custom_msgs/include/custom_msgs/msg/detail/detection__type_support.h
-- Up-to-date symlink: /home/jetson/PycharmProjects/boat_litter_collection/raspberry_ws/install/custom_msgs/include/custom_msgs/msg/detail/detections_array__functions.h
-- Up-to-date symlink: /home/jetson/PycharmProjects/boat_litter_collection/raspberry_ws/install/custom_msgs/include/custom_msgs/msg/detail/detections_array__struct.h
-- Up-to-date symlink: /home/jetson/PycharmProjects/boat_litter_collection/raspberry_ws/install/custom_msgs/include/custom_msgs/msg/detail/detections_array__type_support.h
-- Up-to-date symlink: /home/jetson/PycharmProjects/boat_litter_collection/raspberry_ws/install/custom_msgs/include/custom_msgs/msg/detection.h
-- Up-to-date symlink: /home/jetson/PycharmProjects/boat_litter_collection/raspberry_ws/install/custom_msgs/include/custom_msgs/msg/detections_array.h
-- Up-to-date symlink: /home/jetson/PycharmProjects/boat_litter_collection/raspberry_ws/install/custom_msgs/include/custom_msgs/msg/rosidl_generator_c__visibility_control.h
-- Up-to-date symlink: /home/jetson/PycharmProjects/boat_litter_collection/raspberry_ws/install/custom_msgs/share/custom_msgs/environment/library_path.sh
-- Up-to-date symlink: /home/jetson/PycharmProjects/boat_litter_collection/raspberry_ws/install/custom_msgs/share/custom_msgs/environment/library_path.dsv
-- Up-to-date symlink: /home/jetson/PycharmProjects/boat_litter_collection/raspberry_ws/install/custom_msgs/include/custom_msgs/msg/detail/detection__rosidl_typesupport_fastrtps_c.h
-- Up-to-date symlink: /home/jetson/PycharmProjects/boat_litter_collection/raspberry_ws/install/custom_msgs/include/custom_msgs/msg/detail/detections_array__rosidl_typesupport_fastrtps_c.h
-- Up-to-date symlink: /home/jetson/PycharmProjects/boat_litter_collection/raspberry_ws/install/custom_msgs/include/custom_msgs/msg/rosidl_typesupport_fastrtps_c__visibility_control.h
-- Up-to-date symlink: /home/jetson/PycharmProjects/boat_litter_collection/raspberry_ws/install/custom_msgs/lib/libcustom_msgs__rosidl_typesupport_fastrtps_c.so
-- Up-to-date symlink: /home/jetson/PycharmProjects/boat_litter_collection/raspberry_ws/install/custom_msgs/include/custom_msgs/msg/detail/detection__rosidl_typesupport_fastrtps_cpp.hpp
-- Up-to-date symlink: /home/jetson/PycharmProjects/boat_litter_collection/raspberry_ws/install/custom_msgs/include/custom_msgs/msg/detail/detections_array__rosidl_typesupport_fastrtps_cpp.hpp
-- Up-to-date symlink: /home/jetson/PycharmProjects/boat_litter_collection/raspberry_ws/install/custom_msgs/include/custom_msgs/msg/rosidl_typesupport_fastrtps_cpp__visibility_control.h
-- Up-to-date symlink: /home/jetson/PycharmProjects/boat_litter_collection/raspberry_ws/install/custom_msgs/lib/libcustom_msgs__rosidl_typesupport_fastrtps_cpp.so
-- Up-to-date symlink: /home/jetson/PycharmProjects/boat_litter_collection/raspberry_ws/install/custom_msgs/include/custom_msgs/msg/detail/detection__rosidl_typesupport_introspection_c.h
-- Up-to-date symlink: /home/jetson/PycharmProjects/boat_litter_collection/raspberry_ws/install/custom_msgs/include/custom_msgs/msg/detail/detections_array__rosidl_typesupport_introspection_c.h
-- Up-to-date symlink: /home/jetson/PycharmProjects/boat_litter_collection/raspberry_ws/install/custom_msgs/include/custom_msgs/msg/rosidl_typesupport_introspection_c__visibility_control.h
-- Up-to-date symlink: /home/jetson/PycharmProjects/boat_litter_collection/raspberry_ws/install/custom_msgs/include/custom_msgs/msg/detail/detection__builder.hpp
-- Up-to-date symlink: /home/jetson/PycharmProjects/boat_litter_collection/raspberry_ws/install/custom_msgs/include/custom_msgs/msg/detail/detection__struct.hpp
-- Up-to-date symlink: /home/jetson/PycharmProjects/boat_litter_collection/raspberry_ws/install/custom_msgs/include/custom_msgs/msg/detail/detection__traits.hpp
-- Up-to-date symlink: /home/jetson/PycharmProjects/boat_litter_collection/raspberry_ws/install/custom_msgs/include/custom_msgs/msg/detail/detection__type_support.hpp
-- Up-to-date symlink: /home/jetson/PycharmProjects/boat_litter_collection/raspberry_ws/install/custom_msgs/include/custom_msgs/msg/detail/detections_array__builder.hpp
-- Up-to-date symlink: /home/jetson/PycharmProjects/boat_litter_collection/raspberry_ws/install/custom_msgs/include/custom_msgs/msg/detail/detections_array__struct.hpp
-- Up-to-date symlink: /home/jetson/PycharmProjects/boat_litter_collection/raspberry_ws/install/custom_msgs/include/custom_msgs/msg/detail/detections_array__traits.hpp
-- Up-to-date symlink: /home/jetson/PycharmProjects/boat_litter_collection/raspberry_ws/install/custom_msgs/include/custom_msgs/msg/detail/detections_array__type_support.hpp
-- Up-to-date symlink: /home/jetson/PycharmProjects/boat_litter_collection/raspberry_ws/install/custom_msgs/include/custom_msgs/msg/detection.hpp
-- Up-to-date symlink: /home/jetson/PycharmProjects/boat_litter_collection/raspberry_ws/install/custom_msgs/include/custom_msgs/msg/detections_array.hpp
-- Up-to-date symlink: /home/jetson/PycharmProjects/boat_litter_collection/raspberry_ws/install/custom_msgs/include/custom_msgs/msg/rosidl_generator_cpp__visibility_control.hpp
-- Up-to-date symlink: /home/jetson/PycharmProjects/boat_litter_collection/raspberry_ws/install/custom_msgs/include/custom_msgs/msg/detail/detection__rosidl_typesupport_introspection_cpp.hpp
-- Up-to-date symlink: /home/jetson/PycharmProjects/boat_litter_collection/raspberry_ws/install/custom_msgs/include/custom_msgs/msg/detail/detections_array__rosidl_typesupport_introspection_cpp.hpp
-- Up-to-date symlink: /home/jetson/PycharmProjects/boat_litter_collection/raspberry_ws/install/custom_msgs/share/custom_msgs/environment/pythonpath.sh
-- Up-to-date symlink: /home/jetson/PycharmProjects/boat_litter_collection/raspberry_ws/install/custom_msgs/share/custom_msgs/environment/pythonpath.dsv
-- Up-to-date symlink: /home/jetson/PycharmProjects/boat_litter_collection/raspberry_ws/install/custom_msgs/lib/python3.8/site-packages/custom_msgs/__init__.py
-- Up-to-date symlink: /home/jetson/PycharmProjects/boat_litter_collection/raspberry_ws/install/custom_msgs/lib/python3.8/site-packages/custom_msgs/msg/__init__.py
-- Up-to-date symlink: /home/jetson/PycharmProjects/boat_litter_collection/raspberry_ws/install/custom_msgs/lib/python3.8/site-packages/custom_msgs/msg/_detection.py
-- Up-to-date symlink: /home/jetson/PycharmProjects/boat_litter_collection/raspberry_ws/install/custom_msgs/lib/python3.8/site-packages/custom_msgs/msg/_detections_array.py
-- Up-to-date symlink: /home/jetson/PycharmProjects/boat_litter_collection/raspberry_ws/install/custom_msgs/lib/python3.8/site-packages/custom_msgs/custom_msgs_s__rosidl_typesupport_fastrtps_c.cpython-38-aarch64-linux-gnu.so
-- Up-to-date symlink: /home/jetson/PycharmProjects/boat_litter_collection/raspberry_ws/install/custom_msgs/lib/python3.8/site-packages/custom_msgs/custom_msgs_s__rosidl_typesupport_introspection_c.cpython-38-aarch64-linux-gnu.so
-- Up-to-date symlink: /home/jetson/PycharmProjects/boat_litter_collection/raspberry_ws/install/custom_msgs/lib/python3.8/site-packages/custom_msgs/custom_msgs_s__rosidl_typesupport_c.cpython-38-aarch64-linux-gnu.so
-- Up-to-date symlink: /home/jetson/PycharmProjects/boat_litter_collection/raspberry_ws/install/custom_msgs/lib/libcustom_msgs__python.so
-- Up-to-date symlink: /home/jetson/PycharmProjects/boat_litter_collection/raspberry_ws/install/custom_msgs/share/custom_msgs/msg/Detection.idl
-- Up-to-date symlink: /home/jetson/PycharmProjects/boat_litter_collection/raspberry_ws/install/custom_msgs/share/custom_msgs/msg/DetectionsArray.idl
-- Up-to-date symlink: /home/jetson/PycharmProjects/boat_litter_collection/raspberry_ws/install/custom_msgs/share/custom_msgs/msg/Detection.msg
-- Up-to-date symlink: /home/jetson/PycharmProjects/boat_litter_collection/raspberry_ws/install/custom_msgs/share/custom_msgs/msg/DetectionsArray.msg
-- Up-to-date symlink: /home/jetson/PycharmProjects/boat_litter_collection/raspberry_ws/install/custom_msgs/share/ament_index/resource_index/package_run_dependencies/custom_msgs
-- Up-to-date symlink: /home/jetson/PycharmProjects/boat_litter_collection/raspberry_ws/install/custom_msgs/share/ament_index/resource_index/parent_prefix_path/custom_msgs
-- Up-to-date symlink: /home/jetson/PycharmProjects/boat_litter_collection/raspberry_ws/install/custom_msgs/share/custom_msgs/environment/ament_prefix_path.sh
-- Up-to-date symlink: /home/jetson/PycharmProjects/boat_litter_collection/raspberry_ws/install/custom_msgs/share/custom_msgs/environment/ament_prefix_path.dsv
-- Up-to-date symlink: /home/jetson/PycharmProjects/boat_litter_collection/raspberry_ws/install/custom_msgs/share/custom_msgs/environment/path.sh
-- Up-to-date symlink: /home/jetson/PycharmProjects/boat_litter_collection/raspberry_ws/install/custom_msgs/share/custom_msgs/environment/path.dsv
-- Up-to-date symlink: /home/jetson/PycharmProjects/boat_litter_collection/raspberry_ws/install/custom_msgs/share/custom_msgs/local_setup.bash
-- Up-to-date symlink: /home/jetson/PycharmProjects/boat_litter_collection/raspberry_ws/install/custom_msgs/share/custom_msgs/local_setup.sh
-- Up-to-date symlink: /home/jetson/PycharmProjects/boat_litter_collection/raspberry_ws/install/custom_msgs/share/custom_msgs/local_setup.zsh
-- Up-to-date symlink: /home/jetson/PycharmProjects/boat_litter_collection/raspberry_ws/install/custom_msgs/share/custom_msgs/local_setup.dsv
-- Symlinking: /home/jetson/PycharmProjects/boat_litter_collection/raspberry_ws/install/custom_msgs/share/custom_msgs/package.dsv
-- Up-to-date symlink: /home/jetson/PycharmProjects/boat_litter_collection/raspberry_ws/install/custom_msgs/share/ament_index/resource_index/packages/custom_msgs
-- Up-to-date symlink: /home/jetson/PycharmProjects/boat_litter_collection/raspberry_ws/install/custom_msgs/share/custom_msgs/cmake/rosidl_cmake-extras.cmake
-- Up-to-date symlink: /home/jetson/PycharmProjects/boat_litter_collection/raspberry_ws/install/custom_msgs/share/custom_msgs/cmake/ament_cmake_export_dependencies-extras.cmake
-- Up-to-date symlink: /home/jetson/PycharmProjects/boat_litter_collection/raspberry_ws/install/custom_msgs/share/custom_msgs/cmake/ament_cmake_export_libraries-extras.cmake
-- Up-to-date symlink: /home/jetson/PycharmProjects/boat_litter_collection/raspberry_ws/install/custom_msgs/share/custom_msgs/cmake/ament_cmake_export_targets-extras.cmake
-- Up-to-date symlink: /home/jetson/PycharmProjects/boat_litter_collection/raspberry_ws/install/custom_msgs/share/custom_msgs/cmake/ament_cmake_export_include_directories-extras.cmake
-- Up-to-date symlink: /home/jetson/PycharmProjects/boat_litter_collection/raspberry_ws/install/custom_msgs/share/custom_msgs/cmake/rosidl_cmake_export_typesupport_libraries-extras.cmake
-- Up-to-date symlink: /home/jetson/PycharmProjects/boat_litter_collection/raspberry_ws/install/custom_msgs/share/custom_msgs/cmake/rosidl_cmake_export_typesupport_targets-extras.cmake
-- Up-to-date symlink: /home/jetson/PycharmProjects/boat_litter_collection/raspberry_ws/install/custom_msgs/share/custom_msgs/cmake/custom_msgsConfig.cmake
-- Up-to-date symlink: /home/jetson/PycharmProjects/boat_litter_collection/raspberry_ws/install/custom_msgs/share/custom_msgs/cmake/custom_msgsConfig-version.cmake
-- Up-to-date symlink: /home/jetson/PycharmProjects/boat_litter_collection/raspberry_ws/install/custom_msgs/share/custom_msgs/package.xml
-- Up-to-date: /home/jetson/PycharmProjects/boat_litter_collection/raspberry_ws/install/custom_msgs/lib/libcustom_msgs__rosidl_generator_c.so
-- Up-to-date: /home/jetson/PycharmProjects/boat_litter_collection/raspberry_ws/install/custom_msgs/lib/libcustom_msgs__rosidl_typesupport_introspection_c.so
-- Up-to-date: /home/jetson/PycharmProjects/boat_litter_collection/raspberry_ws/install/custom_msgs/lib/libcustom_msgs__rosidl_typesupport_c.so
-- Up-to-date: /home/jetson/PycharmProjects/boat_litter_collection/raspberry_ws/install/custom_msgs/lib/libcustom_msgs__rosidl_typesupport_introspection_cpp.so
-- Up-to-date: /home/jetson/PycharmProjects/boat_litter_collection/raspberry_ws/install/custom_msgs/lib/libcustom_msgs__rosidl_typesupport_cpp.so
-- Up-to-date: /home/jetson/PycharmProjects/boat_litter_collection/raspberry_ws/install/custom_msgs/share/custom_msgs/cmake/custom_msgs__rosidl_generator_cExport.cmake
-- Up-to-date: /home/jetson/PycharmProjects/boat_litter_collection/raspberry_ws/install/custom_msgs/share/custom_msgs/cmake/custom_msgs__rosidl_generator_cExport-noconfig.cmake
-- Up-to-date: /home/jetson/PycharmProjects/boat_litter_collection/raspberry_ws/install/custom_msgs/share/custom_msgs/cmake/custom_msgs__rosidl_typesupport_introspection_cExport.cmake
-- Up-to-date: /home/jetson/PycharmProjects/boat_litter_collection/raspberry_ws/install/custom_msgs/share/custom_msgs/cmake/custom_msgs__rosidl_typesupport_introspection_cExport-noconfig.cmake
-- Up-to-date: /home/jetson/PycharmProjects/boat_litter_collection/raspberry_ws/install/custom_msgs/share/custom_msgs/cmake/custom_msgs__rosidl_typesupport_cExport.cmake
-- Up-to-date: /home/jetson/PycharmProjects/boat_litter_collection/raspberry_ws/install/custom_msgs/share/custom_msgs/cmake/custom_msgs__rosidl_typesupport_cExport-noconfig.cmake
-- Up-to-date: /home/jetson/PycharmProjects/boat_litter_collection/raspberry_ws/install/custom_msgs/share/custom_msgs/cmake/custom_msgs__rosidl_generator_cppExport.cmake
-- Up-to-date: /home/jetson/PycharmProjects/boat_litter_collection/raspberry_ws/install/custom_msgs/share/custom_msgs/cmake/custom_msgs__rosidl_typesupport_introspection_cppExport.cmake
-- Up-to-date: /home/jetson/PycharmProjects/boat_litter_collection/raspberry_ws/install/custom_msgs/share/custom_msgs/cmake/custom_msgs__rosidl_typesupport_introspection_cppExport-noconfig.cmake
-- Up-to-date: /home/jetson/PycharmProjects/boat_litter_collection/raspberry_ws/install/custom_msgs/share/custom_msgs/cmake/custom_msgs__rosidl_typesupport_cppExport.cmake
-- Up-to-date: /home/jetson/PycharmProjects/boat_litter_collection/raspberry_ws/install/custom_msgs/share/custom_msgs/cmake/custom_msgs__rosidl_typesupport_cppExport-noconfig.cmake
