[5.552s] Invoking command in '/home/jetson/PycharmProjects/boat_litter_collection/raspberry_ws/build/custom_msgs': CMAKE_PREFIX_PATH=${CMAKE_PREFIX_PATH}:/home/jetson/PycharmProjects/boat_litter_collection/raspberry_ws/install/control:/home/jetson/PycharmProjects/boat_litter_collection/raspberry_ws/install/central:/opt/ros/foxy /usr/bin/cmake --build /home/jetson/PycharmProjects/boat_litter_collection/raspberry_ws/build/custom_msgs -- -j4 -l4
[6.149s] [  2%] Built target custom_msgs__cpp
[6.179s] [ 12%] Built target custom_msgs__rosidl_generator_c
[6.438s] [ 25%] Built target custom_msgs__rosidl_typesupport_cpp
[6.447s] [ 33%] Built target custom_msgs__rosidl_typesupport_introspection_cpp
[6.470s] [ 43%] Built target custom_msgs__rosidl_typesupport_c
[6.493s] [ 53%] Built target custom_msgs__rosidl_typesupport_fastrtps_cpp
[6.577s] [ 64%] Built target custom_msgs__rosidl_typesupport_introspection_c
[6.634s] [ 74%] Built target custom_msgs__rosidl_typesupport_fastrtps_c
[6.725s] [ 74%] Built target custom_msgs
[6.845s] [ 76%] Built target custom_msgs__py
[6.984s] [ 84%] Built target custom_msgs__python
[7.160s] [ 89%] Built target custom_msgs__rosidl_typesupport_fastrtps_c__pyext
[7.190s] [ 94%] Built target custom_msgs__rosidl_typesupport_introspection_c__pyext
[7.195s] [100%] Built target custom_msgs__rosidl_typesupport_c__pyext
[7.247s] Invoked command in '/home/jetson/PycharmProjects/boat_litter_collection/raspberry_ws/build/custom_msgs' returned '0': CMAKE_PREFIX_PATH=${CMAKE_PREFIX_PATH}:/home/jetson/PycharmProjects/boat_litter_collection/raspberry_ws/install/control:/home/jetson/PycharmProjects/boat_litter_collection/raspberry_ws/install/central:/opt/ros/foxy /usr/bin/cmake --build /home/jetson/PycharmProjects/boat_litter_collection/raspberry_ws/build/custom_msgs -- -j4 -l4
[7.692s] Invoking command in '/home/jetson/PycharmProjects/boat_litter_collection/raspberry_ws/build/custom_msgs': CMAKE_PREFIX_PATH=${CMAKE_PREFIX_PATH}:/home/jetson/PycharmProjects/boat_litter_collection/raspberry_ws/install/control:/home/jetson/PycharmProjects/boat_litter_collection/raspberry_ws/install/central:/opt/ros/foxy /usr/bin/cmake --install /home/jetson/PycharmProjects/boat_litter_collection/raspberry_ws/build/custom_msgs
[7.741s] -- Install configuration: ""
[7.753s] -- Execute custom install script
[7.759s] -- Up-to-date symlink: /home/jetson/PycharmProjects/boat_litter_collection/raspberry_ws/install/custom_msgs/share/ament_index/resource_index/rosidl_interfaces/custom_msgs
[7.760s] -- Up-to-date symlink: /home/jetson/PycharmProjects/boat_litter_collection/raspberry_ws/install/custom_msgs/include/custom_msgs/msg/detail/detection__functions.h
[7.765s] -- Up-to-date symlink: /home/jetson/PycharmProjects/boat_litter_collection/raspberry_ws/install/custom_msgs/include/custom_msgs/msg/detail/detection__struct.h
[7.766s] -- Up-to-date symlink: /home/jetson/PycharmProjects/boat_litter_collection/raspberry_ws/install/custom_msgs/include/custom_msgs/msg/detail/detection__type_support.h
[7.766s] -- Up-to-date symlink: /home/jetson/PycharmProjects/boat_litter_collection/raspberry_ws/install/custom_msgs/include/custom_msgs/msg/detail/detections_array__functions.h
[7.767s] -- Up-to-date symlink: /home/jetson/PycharmProjects/boat_litter_collection/raspberry_ws/install/custom_msgs/include/custom_msgs/msg/detail/detections_array__struct.h
[7.768s] -- Up-to-date symlink: /home/jetson/PycharmProjects/boat_litter_collection/raspberry_ws/install/custom_msgs/include/custom_msgs/msg/detail/detections_array__type_support.h
[7.769s] -- Up-to-date symlink: /home/jetson/PycharmProjects/boat_litter_collection/raspberry_ws/install/custom_msgs/include/custom_msgs/msg/detection.h
[7.769s] -- Up-to-date symlink: /home/jetson/PycharmProjects/boat_litter_collection/raspberry_ws/install/custom_msgs/include/custom_msgs/msg/detections_array.h
[7.770s] -- Up-to-date symlink: /home/jetson/PycharmProjects/boat_litter_collection/raspberry_ws/install/custom_msgs/include/custom_msgs/msg/rosidl_generator_c__visibility_control.h
[7.770s] -- Up-to-date symlink: /home/jetson/PycharmProjects/boat_litter_collection/raspberry_ws/install/custom_msgs/share/custom_msgs/environment/library_path.sh
[7.771s] -- Up-to-date symlink: /home/jetson/PycharmProjects/boat_litter_collection/raspberry_ws/install/custom_msgs/share/custom_msgs/environment/library_path.dsv
[7.773s] -- Up-to-date symlink: /home/jetson/PycharmProjects/boat_litter_collection/raspberry_ws/install/custom_msgs/include/custom_msgs/msg/detail/detection__rosidl_typesupport_fastrtps_c.h
[7.775s] -- Up-to-date symlink: /home/jetson/PycharmProjects/boat_litter_collection/raspberry_ws/install/custom_msgs/include/custom_msgs/msg/detail/detections_array__rosidl_typesupport_fastrtps_c.h
[7.776s] -- Up-to-date symlink: /home/jetson/PycharmProjects/boat_litter_collection/raspberry_ws/install/custom_msgs/include/custom_msgs/msg/rosidl_typesupport_fastrtps_c__visibility_control.h
[7.779s] -- Up-to-date symlink: /home/jetson/PycharmProjects/boat_litter_collection/raspberry_ws/install/custom_msgs/lib/libcustom_msgs__rosidl_typesupport_fastrtps_c.so
[7.784s] -- Up-to-date symlink: /home/jetson/PycharmProjects/boat_litter_collection/raspberry_ws/install/custom_msgs/include/custom_msgs/msg/detail/detection__rosidl_typesupport_fastrtps_cpp.hpp
[7.785s] -- Up-to-date symlink: /home/jetson/PycharmProjects/boat_litter_collection/raspberry_ws/install/custom_msgs/include/custom_msgs/msg/detail/detections_array__rosidl_typesupport_fastrtps_cpp.hpp
[7.787s] -- Up-to-date symlink: /home/jetson/PycharmProjects/boat_litter_collection/raspberry_ws/install/custom_msgs/include/custom_msgs/msg/rosidl_typesupport_fastrtps_cpp__visibility_control.h
[7.793s] -- Up-to-date symlink: /home/jetson/PycharmProjects/boat_litter_collection/raspberry_ws/install/custom_msgs/lib/libcustom_msgs__rosidl_typesupport_fastrtps_cpp.so
[7.793s] -- Up-to-date symlink: /home/jetson/PycharmProjects/boat_litter_collection/raspberry_ws/install/custom_msgs/include/custom_msgs/msg/detail/detection__rosidl_typesupport_introspection_c.h
[7.794s] -- Up-to-date symlink: /home/jetson/PycharmProjects/boat_litter_collection/raspberry_ws/install/custom_msgs/include/custom_msgs/msg/detail/detections_array__rosidl_typesupport_introspection_c.h
[7.796s] -- Up-to-date symlink: /home/jetson/PycharmProjects/boat_litter_collection/raspberry_ws/install/custom_msgs/include/custom_msgs/msg/rosidl_typesupport_introspection_c__visibility_control.h
[7.799s] -- Up-to-date symlink: /home/jetson/PycharmProjects/boat_litter_collection/raspberry_ws/install/custom_msgs/include/custom_msgs/msg/detail/detection__builder.hpp
[7.800s] -- Up-to-date symlink: /home/jetson/PycharmProjects/boat_litter_collection/raspberry_ws/install/custom_msgs/include/custom_msgs/msg/detail/detection__struct.hpp
[7.802s] -- Up-to-date symlink: /home/jetson/PycharmProjects/boat_litter_collection/raspberry_ws/install/custom_msgs/include/custom_msgs/msg/detail/detection__traits.hpp
[7.803s] -- Up-to-date symlink: /home/jetson/PycharmProjects/boat_litter_collection/raspberry_ws/install/custom_msgs/include/custom_msgs/msg/detail/detection__type_support.hpp
[7.806s] -- Up-to-date symlink: /home/jetson/PycharmProjects/boat_litter_collection/raspberry_ws/install/custom_msgs/include/custom_msgs/msg/detail/detections_array__builder.hpp
[7.807s] -- Up-to-date symlink: /home/jetson/PycharmProjects/boat_litter_collection/raspberry_ws/install/custom_msgs/include/custom_msgs/msg/detail/detections_array__struct.hpp
[7.808s] -- Up-to-date symlink: /home/jetson/PycharmProjects/boat_litter_collection/raspberry_ws/install/custom_msgs/include/custom_msgs/msg/detail/detections_array__traits.hpp
[7.808s] -- Up-to-date symlink: /home/jetson/PycharmProjects/boat_litter_collection/raspberry_ws/install/custom_msgs/include/custom_msgs/msg/detail/detections_array__type_support.hpp
[7.809s] -- Up-to-date symlink: /home/jetson/PycharmProjects/boat_litter_collection/raspberry_ws/install/custom_msgs/include/custom_msgs/msg/detection.hpp
[7.810s] -- Up-to-date symlink: /home/jetson/PycharmProjects/boat_litter_collection/raspberry_ws/install/custom_msgs/include/custom_msgs/msg/detections_array.hpp
[7.812s] -- Up-to-date symlink: /home/jetson/PycharmProjects/boat_litter_collection/raspberry_ws/install/custom_msgs/include/custom_msgs/msg/rosidl_generator_cpp__visibility_control.hpp
[7.815s] -- Up-to-date symlink: /home/jetson/PycharmProjects/boat_litter_collection/raspberry_ws/install/custom_msgs/include/custom_msgs/msg/detail/detection__rosidl_typesupport_introspection_cpp.hpp
[7.817s] -- Up-to-date symlink: /home/jetson/PycharmProjects/boat_litter_collection/raspberry_ws/install/custom_msgs/include/custom_msgs/msg/detail/detections_array__rosidl_typesupport_introspection_cpp.hpp
[7.820s] -- Up-to-date symlink: /home/jetson/PycharmProjects/boat_litter_collection/raspberry_ws/install/custom_msgs/share/custom_msgs/environment/pythonpath.sh
[7.822s] -- Up-to-date symlink: /home/jetson/PycharmProjects/boat_litter_collection/raspberry_ws/install/custom_msgs/share/custom_msgs/environment/pythonpath.dsv
[7.824s] -- Up-to-date symlink: /home/jetson/PycharmProjects/boat_litter_collection/raspberry_ws/install/custom_msgs/lib/python3.8/site-packages/custom_msgs/__init__.py
[7.827s] -- Up-to-date symlink: /home/jetson/PycharmProjects/boat_litter_collection/raspberry_ws/install/custom_msgs/lib/python3.8/site-packages/custom_msgs/msg/__init__.py
[7.828s] -- Up-to-date symlink: /home/jetson/PycharmProjects/boat_litter_collection/raspberry_ws/install/custom_msgs/lib/python3.8/site-packages/custom_msgs/msg/_detection.py
[7.830s] -- Up-to-date symlink: /home/jetson/PycharmProjects/boat_litter_collection/raspberry_ws/install/custom_msgs/lib/python3.8/site-packages/custom_msgs/msg/_detections_array.py
[7.835s] -- Up-to-date symlink: /home/jetson/PycharmProjects/boat_litter_collection/raspberry_ws/install/custom_msgs/lib/python3.8/site-packages/custom_msgs/custom_msgs_s__rosidl_typesupport_fastrtps_c.cpython-38-aarch64-linux-gnu.so
[7.838s] -- Up-to-date symlink: /home/jetson/PycharmProjects/boat_litter_collection/raspberry_ws/install/custom_msgs/lib/python3.8/site-packages/custom_msgs/custom_msgs_s__rosidl_typesupport_introspection_c.cpython-38-aarch64-linux-gnu.so
[7.841s] -- Up-to-date symlink: /home/jetson/PycharmProjects/boat_litter_collection/raspberry_ws/install/custom_msgs/lib/python3.8/site-packages/custom_msgs/custom_msgs_s__rosidl_typesupport_c.cpython-38-aarch64-linux-gnu.so
[7.844s] -- Up-to-date symlink: /home/jetson/PycharmProjects/boat_litter_collection/raspberry_ws/install/custom_msgs/lib/libcustom_msgs__python.so
[7.846s] -- Up-to-date symlink: /home/jetson/PycharmProjects/boat_litter_collection/raspberry_ws/install/custom_msgs/share/custom_msgs/msg/Detection.idl
[7.849s] -- Up-to-date symlink: /home/jetson/PycharmProjects/boat_litter_collection/raspberry_ws/install/custom_msgs/share/custom_msgs/msg/DetectionsArray.idl
[7.850s] -- Up-to-date symlink: /home/jetson/PycharmProjects/boat_litter_collection/raspberry_ws/install/custom_msgs/share/custom_msgs/msg/Detection.msg
[7.852s] -- Up-to-date symlink: /home/jetson/PycharmProjects/boat_litter_collection/raspberry_ws/install/custom_msgs/share/custom_msgs/msg/DetectionsArray.msg
[7.855s] -- Up-to-date symlink: /home/jetson/PycharmProjects/boat_litter_collection/raspberry_ws/install/custom_msgs/share/ament_index/resource_index/package_run_dependencies/custom_msgs
[7.857s] -- Up-to-date symlink: /home/jetson/PycharmProjects/boat_litter_collection/raspberry_ws/install/custom_msgs/share/ament_index/resource_index/parent_prefix_path/custom_msgs
[7.859s] -- Up-to-date symlink: /home/jetson/PycharmProjects/boat_litter_collection/raspberry_ws/install/custom_msgs/share/custom_msgs/environment/ament_prefix_path.sh
[7.861s] -- Up-to-date symlink: /home/jetson/PycharmProjects/boat_litter_collection/raspberry_ws/install/custom_msgs/share/custom_msgs/environment/ament_prefix_path.dsv
[7.862s] -- Up-to-date symlink: /home/jetson/PycharmProjects/boat_litter_collection/raspberry_ws/install/custom_msgs/share/custom_msgs/environment/path.sh
[7.864s] -- Up-to-date symlink: /home/jetson/PycharmProjects/boat_litter_collection/raspberry_ws/install/custom_msgs/share/custom_msgs/environment/path.dsv
[7.866s] -- Up-to-date symlink: /home/jetson/PycharmProjects/boat_litter_collection/raspberry_ws/install/custom_msgs/share/custom_msgs/local_setup.bash
[7.868s] -- Up-to-date symlink: /home/jetson/PycharmProjects/boat_litter_collection/raspberry_ws/install/custom_msgs/share/custom_msgs/local_setup.sh
[7.870s] -- Up-to-date symlink: /home/jetson/PycharmProjects/boat_litter_collection/raspberry_ws/install/custom_msgs/share/custom_msgs/local_setup.zsh
[7.871s] -- Up-to-date symlink: /home/jetson/PycharmProjects/boat_litter_collection/raspberry_ws/install/custom_msgs/share/custom_msgs/local_setup.dsv
[7.873s] -- Symlinking: /home/jetson/PycharmProjects/boat_litter_collection/raspberry_ws/install/custom_msgs/share/custom_msgs/package.dsv
[7.920s] -- Up-to-date symlink: /home/jetson/PycharmProjects/boat_litter_collection/raspberry_ws/install/custom_msgs/share/ament_index/resource_index/packages/custom_msgs
[7.922s] -- Up-to-date symlink: /home/jetson/PycharmProjects/boat_litter_collection/raspberry_ws/install/custom_msgs/share/custom_msgs/cmake/rosidl_cmake-extras.cmake
[7.925s] -- Up-to-date symlink: /home/jetson/PycharmProjects/boat_litter_collection/raspberry_ws/install/custom_msgs/share/custom_msgs/cmake/ament_cmake_export_dependencies-extras.cmake
[7.926s] -- Up-to-date symlink: /home/jetson/PycharmProjects/boat_litter_collection/raspberry_ws/install/custom_msgs/share/custom_msgs/cmake/ament_cmake_export_libraries-extras.cmake
[7.928s] -- Up-to-date symlink: /home/jetson/PycharmProjects/boat_litter_collection/raspberry_ws/install/custom_msgs/share/custom_msgs/cmake/ament_cmake_export_targets-extras.cmake
[7.929s] -- Up-to-date symlink: /home/jetson/PycharmProjects/boat_litter_collection/raspberry_ws/install/custom_msgs/share/custom_msgs/cmake/ament_cmake_export_include_directories-extras.cmake
[7.932s] -- Up-to-date symlink: /home/jetson/PycharmProjects/boat_litter_collection/raspberry_ws/install/custom_msgs/share/custom_msgs/cmake/rosidl_cmake_export_typesupport_libraries-extras.cmake
[7.934s] -- Up-to-date symlink: /home/jetson/PycharmProjects/boat_litter_collection/raspberry_ws/install/custom_msgs/share/custom_msgs/cmake/rosidl_cmake_export_typesupport_targets-extras.cmake
[7.935s] -- Up-to-date symlink: /home/jetson/PycharmProjects/boat_litter_collection/raspberry_ws/install/custom_msgs/share/custom_msgs/cmake/custom_msgsConfig.cmake
[7.937s] -- Up-to-date symlink: /home/jetson/PycharmProjects/boat_litter_collection/raspberry_ws/install/custom_msgs/share/custom_msgs/cmake/custom_msgsConfig-version.cmake
[7.938s] -- Up-to-date symlink: /home/jetson/PycharmProjects/boat_litter_collection/raspberry_ws/install/custom_msgs/share/custom_msgs/package.xml
[7.938s] -- Up-to-date: /home/jetson/PycharmProjects/boat_litter_collection/raspberry_ws/install/custom_msgs/lib/libcustom_msgs__rosidl_generator_c.so
[7.945s] -- Up-to-date: /home/jetson/PycharmProjects/boat_litter_collection/raspberry_ws/install/custom_msgs/lib/libcustom_msgs__rosidl_typesupport_introspection_c.so
[7.945s] -- Up-to-date: /home/jetson/PycharmProjects/boat_litter_collection/raspberry_ws/install/custom_msgs/lib/libcustom_msgs__rosidl_typesupport_c.so
[7.949s] -- Up-to-date: /home/jetson/PycharmProjects/boat_litter_collection/raspberry_ws/install/custom_msgs/lib/libcustom_msgs__rosidl_typesupport_introspection_cpp.so
[7.952s] -- Up-to-date: /home/jetson/PycharmProjects/boat_litter_collection/raspberry_ws/install/custom_msgs/lib/libcustom_msgs__rosidl_typesupport_cpp.so
[8.139s] -- Up-to-date: /home/jetson/PycharmProjects/boat_litter_collection/raspberry_ws/install/custom_msgs/share/custom_msgs/cmake/custom_msgs__rosidl_generator_cExport.cmake
[8.142s] -- Up-to-date: /home/jetson/PycharmProjects/boat_litter_collection/raspberry_ws/install/custom_msgs/share/custom_msgs/cmake/custom_msgs__rosidl_generator_cExport-noconfig.cmake
[8.142s] -- Up-to-date: /home/jetson/PycharmProjects/boat_litter_collection/raspberry_ws/install/custom_msgs/share/custom_msgs/cmake/custom_msgs__rosidl_typesupport_introspection_cExport.cmake
[8.143s] -- Up-to-date: /home/jetson/PycharmProjects/boat_litter_collection/raspberry_ws/install/custom_msgs/share/custom_msgs/cmake/custom_msgs__rosidl_typesupport_introspection_cExport-noconfig.cmake
[8.149s] -- Up-to-date: /home/jetson/PycharmProjects/boat_litter_collection/raspberry_ws/install/custom_msgs/share/custom_msgs/cmake/custom_msgs__rosidl_typesupport_cExport.cmake
[8.150s] -- Up-to-date: /home/jetson/PycharmProjects/boat_litter_collection/raspberry_ws/install/custom_msgs/share/custom_msgs/cmake/custom_msgs__rosidl_typesupport_cExport-noconfig.cmake
[8.151s] -- Up-to-date: /home/jetson/PycharmProjects/boat_litter_collection/raspberry_ws/install/custom_msgs/share/custom_msgs/cmake/custom_msgs__rosidl_generator_cppExport.cmake
[8.153s] -- Up-to-date: /home/jetson/PycharmProjects/boat_litter_collection/raspberry_ws/install/custom_msgs/share/custom_msgs/cmake/custom_msgs__rosidl_typesupport_introspection_cppExport.cmake
[8.153s] -- Up-to-date: /home/jetson/PycharmProjects/boat_litter_collection/raspberry_ws/install/custom_msgs/share/custom_msgs/cmake/custom_msgs__rosidl_typesupport_introspection_cppExport-noconfig.cmake
[8.155s] -- Up-to-date: /home/jetson/PycharmProjects/boat_litter_collection/raspberry_ws/install/custom_msgs/share/custom_msgs/cmake/custom_msgs__rosidl_typesupport_cppExport.cmake
[8.156s] -- Up-to-date: /home/jetson/PycharmProjects/boat_litter_collection/raspberry_ws/install/custom_msgs/share/custom_msgs/cmake/custom_msgs__rosidl_typesupport_cppExport-noconfig.cmake
[8.164s] Invoked command in '/home/jetson/PycharmProjects/boat_litter_collection/raspberry_ws/build/custom_msgs' returned '0': CMAKE_PREFIX_PATH=${CMAKE_PREFIX_PATH}:/home/jetson/PycharmProjects/boat_litter_collection/raspberry_ws/install/control:/home/jetson/PycharmProjects/boat_litter_collection/raspberry_ws/install/central:/opt/ros/foxy /usr/bin/cmake --install /home/jetson/PycharmProjects/boat_litter_collection/raspberry_ws/build/custom_msgs
