-- Found ament_cmake: 0.9.12 (/opt/ros/foxy/share/ament_cmake/cmake)
-- Found PythonInterp: /usr/bin/python3 (found suitable version "3.8.10", minimum required is "3") 
-- Using PYTHON_EXECUTABLE: /usr/bin/python3
-- Override CMake install command with custom implementation using symlinks instead of copying resources
-- Found ament_lint_auto: 0.9.8 (/opt/ros/foxy/share/ament_lint_auto/cmake)
-- Found geometry_msgs: 2.0.5 (/opt/ros/foxy/share/geometry_msgs/cmake)
-- Using all available rosidl_typesupport_c: rosidl_typesupport_fastrtps_c;rosidl_typesupport_introspection_c
-- Found rosidl_adapter: 1.3.1 (/opt/ros/foxy/share/rosidl_adapter/cmake)
-- Using all available rosidl_typesupport_cpp: rosidl_typesupport_fastrtps_cpp;rosidl_typesupport_introspection_cpp
-- Found rosidl_default_generators: 1.0.1 (/opt/ros/foxy/share/rosidl_default_generators/cmake)
-- Found PythonInterp: /usr/bin/python3 (found version "3.8.10") 
-- Found ament_cmake_ros: 0.9.2 (/opt/ros/foxy/share/ament_cmake_ros/cmake)
-- Using all available rosidl_typesupport_c: rosidl_typesupport_fastrtps_c;rosidl_typesupport_introspection_c
-- Using all available rosidl_typesupport_cpp: rosidl_typesupport_fastrtps_cpp;rosidl_typesupport_introspection_cpp
-- Found PythonInterp: /usr/bin/python3 (found suitable version "3.8.10", minimum required is "3.5") 
-- Found python_cmake_module: 0.8.1 (/opt/ros/foxy/share/python_cmake_module/cmake)
-- Using PYTHON_EXECUTABLE: /usr/bin/python3
-- Using PYTHON_INCLUDE_DIRS: /usr/include/python3.8
-- Using PYTHON_LIBRARIES: /usr/lib/aarch64-linux-gnu/libpython3.8.so
-- Added test 'copyright' to check source files copyright and LICENSE
-- Added test 'lint_cmake' to check CMake code style
-- Added test 'xmllint' to check XML markup files
-- Configuring done
-- Generating done
-- Build files have been written to: /home/jetson/PycharmProjects/boat_litter_collection/jetson_ws/build/custom_msgs
[  2%] Built target custom_msgs__cpp
[ 12%] Built target custom_msgs__rosidl_generator_c
[ 15%] [32m[1mLinking CXX shared library libcustom_msgs__rosidl_typesupport_fastrtps_cpp.so[0m
[ 25%] Built target custom_msgs__rosidl_typesupport_introspection_cpp
[ 35%] Built target custom_msgs__rosidl_typesupport_cpp
[ 46%] Built target custom_msgs__rosidl_typesupport_c
[ 56%] Built target custom_msgs__rosidl_typesupport_introspection_c
[ 64%] Built target custom_msgs__rosidl_typesupport_fastrtps_cpp
[ 66%] [32m[1mLinking CXX shared library libcustom_msgs__rosidl_typesupport_fastrtps_c.so[0m
[ 74%] Built target custom_msgs__rosidl_typesupport_fastrtps_c
[ 74%] Built target custom_msgs
[ 76%] Built target custom_msgs__py
[ 79%] [32m[1mLinking C shared library rosidl_generator_py/custom_msgs/libcustom_msgs__python.so[0m
[ 84%] Built target custom_msgs__python
[ 87%] [32m[1mLinking C shared library rosidl_generator_py/custom_msgs/custom_msgs_s__rosidl_typesupport_introspection_c.cpython-38-aarch64-linux-gnu.so[0m
[ 89%] [32m[1mLinking CXX shared library rosidl_generator_py/custom_msgs/custom_msgs_s__rosidl_typesupport_fastrtps_c.cpython-38-aarch64-linux-gnu.so[0m
[ 92%] [32m[1mLinking C shared library rosidl_generator_py/custom_msgs/custom_msgs_s__rosidl_typesupport_c.cpython-38-aarch64-linux-gnu.so[0m
[ 94%] Built target custom_msgs__rosidl_typesupport_fastrtps_c__pyext
[ 97%] Built target custom_msgs__rosidl_typesupport_introspection_c__pyext
[100%] Built target custom_msgs__rosidl_typesupport_c__pyext
-- Install configuration: ""
-- Execute custom install script
-- Symlinking: /home/jetson/PycharmProjects/boat_litter_collection/jetson_ws/install/custom_msgs/share/ament_index/resource_index/rosidl_interfaces/custom_msgs
-- Symlinking: /home/jetson/PycharmProjects/boat_litter_collection/jetson_ws/install/custom_msgs/include/custom_msgs/msg/detail/detections__functions.h
-- Symlinking: /home/jetson/PycharmProjects/boat_litter_collection/jetson_ws/install/custom_msgs/include/custom_msgs/msg/detail/detections__struct.h
-- Symlinking: /home/jetson/PycharmProjects/boat_litter_collection/jetson_ws/install/custom_msgs/include/custom_msgs/msg/detail/detections__type_support.h
-- Symlinking: /home/jetson/PycharmProjects/boat_litter_collection/jetson_ws/install/custom_msgs/include/custom_msgs/msg/detail/string_array__functions.h
-- Symlinking: /home/jetson/PycharmProjects/boat_litter_collection/jetson_ws/install/custom_msgs/include/custom_msgs/msg/detail/string_array__struct.h
-- Symlinking: /home/jetson/PycharmProjects/boat_litter_collection/jetson_ws/install/custom_msgs/include/custom_msgs/msg/detail/string_array__type_support.h
-- Symlinking: /home/jetson/PycharmProjects/boat_litter_collection/jetson_ws/install/custom_msgs/include/custom_msgs/msg/detections.h
-- Symlinking: /home/jetson/PycharmProjects/boat_litter_collection/jetson_ws/install/custom_msgs/include/custom_msgs/msg/rosidl_generator_c__visibility_control.h
-- Symlinking: /home/jetson/PycharmProjects/boat_litter_collection/jetson_ws/install/custom_msgs/include/custom_msgs/msg/string_array.h
-- Symlinking: /home/jetson/PycharmProjects/boat_litter_collection/jetson_ws/install/custom_msgs/share/custom_msgs/environment/library_path.sh
-- Symlinking: /home/jetson/PycharmProjects/boat_litter_collection/jetson_ws/install/custom_msgs/share/custom_msgs/environment/library_path.dsv
-- Symlinking: /home/jetson/PycharmProjects/boat_litter_collection/jetson_ws/install/custom_msgs/include/custom_msgs/msg/detail/detections__rosidl_typesupport_fastrtps_c.h
-- Symlinking: /home/jetson/PycharmProjects/boat_litter_collection/jetson_ws/install/custom_msgs/include/custom_msgs/msg/detail/string_array__rosidl_typesupport_fastrtps_c.h
-- Symlinking: /home/jetson/PycharmProjects/boat_litter_collection/jetson_ws/install/custom_msgs/include/custom_msgs/msg/rosidl_typesupport_fastrtps_c__visibility_control.h
-- Symlinking: /home/jetson/PycharmProjects/boat_litter_collection/jetson_ws/install/custom_msgs/lib/libcustom_msgs__rosidl_typesupport_fastrtps_c.so
-- Symlinking: /home/jetson/PycharmProjects/boat_litter_collection/jetson_ws/install/custom_msgs/include/custom_msgs/msg/detail/detections__rosidl_typesupport_fastrtps_cpp.hpp
-- Symlinking: /home/jetson/PycharmProjects/boat_litter_collection/jetson_ws/install/custom_msgs/include/custom_msgs/msg/detail/string_array__rosidl_typesupport_fastrtps_cpp.hpp
-- Symlinking: /home/jetson/PycharmProjects/boat_litter_collection/jetson_ws/install/custom_msgs/include/custom_msgs/msg/rosidl_typesupport_fastrtps_cpp__visibility_control.h
-- Symlinking: /home/jetson/PycharmProjects/boat_litter_collection/jetson_ws/install/custom_msgs/lib/libcustom_msgs__rosidl_typesupport_fastrtps_cpp.so
-- Symlinking: /home/jetson/PycharmProjects/boat_litter_collection/jetson_ws/install/custom_msgs/include/custom_msgs/msg/detail/detections__rosidl_typesupport_introspection_c.h
-- Symlinking: /home/jetson/PycharmProjects/boat_litter_collection/jetson_ws/install/custom_msgs/include/custom_msgs/msg/detail/string_array__rosidl_typesupport_introspection_c.h
-- Symlinking: /home/jetson/PycharmProjects/boat_litter_collection/jetson_ws/install/custom_msgs/include/custom_msgs/msg/rosidl_typesupport_introspection_c__visibility_control.h
-- Symlinking: /home/jetson/PycharmProjects/boat_litter_collection/jetson_ws/install/custom_msgs/include/custom_msgs/msg/detail/detections__builder.hpp
-- Symlinking: /home/jetson/PycharmProjects/boat_litter_collection/jetson_ws/install/custom_msgs/include/custom_msgs/msg/detail/detections__struct.hpp
-- Symlinking: /home/jetson/PycharmProjects/boat_litter_collection/jetson_ws/install/custom_msgs/include/custom_msgs/msg/detail/detections__traits.hpp
-- Symlinking: /home/jetson/PycharmProjects/boat_litter_collection/jetson_ws/install/custom_msgs/include/custom_msgs/msg/detail/detections__type_support.hpp
-- Symlinking: /home/jetson/PycharmProjects/boat_litter_collection/jetson_ws/install/custom_msgs/include/custom_msgs/msg/detail/string_array__builder.hpp
-- Symlinking: /home/jetson/PycharmProjects/boat_litter_collection/jetson_ws/install/custom_msgs/include/custom_msgs/msg/detail/string_array__struct.hpp
-- Symlinking: /home/jetson/PycharmProjects/boat_litter_collection/jetson_ws/install/custom_msgs/include/custom_msgs/msg/detail/string_array__traits.hpp
-- Symlinking: /home/jetson/PycharmProjects/boat_litter_collection/jetson_ws/install/custom_msgs/include/custom_msgs/msg/detail/string_array__type_support.hpp
-- Symlinking: /home/jetson/PycharmProjects/boat_litter_collection/jetson_ws/install/custom_msgs/include/custom_msgs/msg/detections.hpp
-- Symlinking: /home/jetson/PycharmProjects/boat_litter_collection/jetson_ws/install/custom_msgs/include/custom_msgs/msg/rosidl_generator_cpp__visibility_control.hpp
-- Symlinking: /home/jetson/PycharmProjects/boat_litter_collection/jetson_ws/install/custom_msgs/include/custom_msgs/msg/string_array.hpp
-- Symlinking: /home/jetson/PycharmProjects/boat_litter_collection/jetson_ws/install/custom_msgs/include/custom_msgs/msg/detail/detections__rosidl_typesupport_introspection_cpp.hpp
-- Symlinking: /home/jetson/PycharmProjects/boat_litter_collection/jetson_ws/install/custom_msgs/include/custom_msgs/msg/detail/string_array__rosidl_typesupport_introspection_cpp.hpp
-- Symlinking: /home/jetson/PycharmProjects/boat_litter_collection/jetson_ws/install/custom_msgs/share/custom_msgs/environment/pythonpath.sh
-- Symlinking: /home/jetson/PycharmProjects/boat_litter_collection/jetson_ws/install/custom_msgs/share/custom_msgs/environment/pythonpath.dsv
-- Symlinking: /home/jetson/PycharmProjects/boat_litter_collection/jetson_ws/install/custom_msgs/lib/python3.8/site-packages/custom_msgs/__init__.py
-- Symlinking: /home/jetson/PycharmProjects/boat_litter_collection/jetson_ws/install/custom_msgs/lib/python3.8/site-packages/custom_msgs/msg/__init__.py
-- Symlinking: /home/jetson/PycharmProjects/boat_litter_collection/jetson_ws/install/custom_msgs/lib/python3.8/site-packages/custom_msgs/msg/_detections.py
-- Symlinking: /home/jetson/PycharmProjects/boat_litter_collection/jetson_ws/install/custom_msgs/lib/python3.8/site-packages/custom_msgs/msg/_string_array.py
-- Symlinking: /home/jetson/PycharmProjects/boat_litter_collection/jetson_ws/install/custom_msgs/lib/python3.8/site-packages/custom_msgs/custom_msgs_s__rosidl_typesupport_fastrtps_c.cpython-38-aarch64-linux-gnu.so
-- Symlinking: /home/jetson/PycharmProjects/boat_litter_collection/jetson_ws/install/custom_msgs/lib/python3.8/site-packages/custom_msgs/custom_msgs_s__rosidl_typesupport_introspection_c.cpython-38-aarch64-linux-gnu.so
-- Symlinking: /home/jetson/PycharmProjects/boat_litter_collection/jetson_ws/install/custom_msgs/lib/python3.8/site-packages/custom_msgs/custom_msgs_s__rosidl_typesupport_c.cpython-38-aarch64-linux-gnu.so
-- Symlinking: /home/jetson/PycharmProjects/boat_litter_collection/jetson_ws/install/custom_msgs/lib/libcustom_msgs__python.so
-- Symlinking: /home/jetson/PycharmProjects/boat_litter_collection/jetson_ws/install/custom_msgs/share/custom_msgs/msg/Detections.idl
-- Symlinking: /home/jetson/PycharmProjects/boat_litter_collection/jetson_ws/install/custom_msgs/share/custom_msgs/msg/StringArray.idl
-- Symlinking: /home/jetson/PycharmProjects/boat_litter_collection/jetson_ws/install/custom_msgs/share/custom_msgs/msg/Detections.msg
-- Symlinking: /home/jetson/PycharmProjects/boat_litter_collection/jetson_ws/install/custom_msgs/share/custom_msgs/msg/StringArray.msg
-- Symlinking: /home/jetson/PycharmProjects/boat_litter_collection/jetson_ws/install/custom_msgs/share/ament_index/resource_index/package_run_dependencies/custom_msgs
-- Symlinking: /home/jetson/PycharmProjects/boat_litter_collection/jetson_ws/install/custom_msgs/share/ament_index/resource_index/parent_prefix_path/custom_msgs
-- Symlinking: /home/jetson/PycharmProjects/boat_litter_collection/jetson_ws/install/custom_msgs/share/custom_msgs/environment/ament_prefix_path.sh
-- Symlinking: /home/jetson/PycharmProjects/boat_litter_collection/jetson_ws/install/custom_msgs/share/custom_msgs/environment/ament_prefix_path.dsv
-- Symlinking: /home/jetson/PycharmProjects/boat_litter_collection/jetson_ws/install/custom_msgs/share/custom_msgs/environment/path.sh
-- Symlinking: /home/jetson/PycharmProjects/boat_litter_collection/jetson_ws/install/custom_msgs/share/custom_msgs/environment/path.dsv
-- Symlinking: /home/jetson/PycharmProjects/boat_litter_collection/jetson_ws/install/custom_msgs/share/custom_msgs/local_setup.bash
-- Symlinking: /home/jetson/PycharmProjects/boat_litter_collection/jetson_ws/install/custom_msgs/share/custom_msgs/local_setup.sh
-- Symlinking: /home/jetson/PycharmProjects/boat_litter_collection/jetson_ws/install/custom_msgs/share/custom_msgs/local_setup.zsh
-- Symlinking: /home/jetson/PycharmProjects/boat_litter_collection/jetson_ws/install/custom_msgs/share/custom_msgs/local_setup.dsv
-- Symlinking: /home/jetson/PycharmProjects/boat_litter_collection/jetson_ws/install/custom_msgs/share/custom_msgs/package.dsv
-- Symlinking: /home/jetson/PycharmProjects/boat_litter_collection/jetson_ws/install/custom_msgs/share/ament_index/resource_index/packages/custom_msgs
-- Symlinking: /home/jetson/PycharmProjects/boat_litter_collection/jetson_ws/install/custom_msgs/share/custom_msgs/cmake/rosidl_cmake-extras.cmake
-- Symlinking: /home/jetson/PycharmProjects/boat_litter_collection/jetson_ws/install/custom_msgs/share/custom_msgs/cmake/ament_cmake_export_dependencies-extras.cmake
-- Symlinking: /home/jetson/PycharmProjects/boat_litter_collection/jetson_ws/install/custom_msgs/share/custom_msgs/cmake/ament_cmake_export_libraries-extras.cmake
-- Symlinking: /home/jetson/PycharmProjects/boat_litter_collection/jetson_ws/install/custom_msgs/share/custom_msgs/cmake/ament_cmake_export_targets-extras.cmake
-- Symlinking: /home/jetson/PycharmProjects/boat_litter_collection/jetson_ws/install/custom_msgs/share/custom_msgs/cmake/ament_cmake_export_include_directories-extras.cmake
-- Symlinking: /home/jetson/PycharmProjects/boat_litter_collection/jetson_ws/install/custom_msgs/share/custom_msgs/cmake/rosidl_cmake_export_typesupport_libraries-extras.cmake
-- Symlinking: /home/jetson/PycharmProjects/boat_litter_collection/jetson_ws/install/custom_msgs/share/custom_msgs/cmake/rosidl_cmake_export_typesupport_targets-extras.cmake
-- Symlinking: /home/jetson/PycharmProjects/boat_litter_collection/jetson_ws/install/custom_msgs/share/custom_msgs/cmake/custom_msgsConfig.cmake
-- Symlinking: /home/jetson/PycharmProjects/boat_litter_collection/jetson_ws/install/custom_msgs/share/custom_msgs/cmake/custom_msgsConfig-version.cmake
-- Symlinking: /home/jetson/PycharmProjects/boat_litter_collection/jetson_ws/install/custom_msgs/share/custom_msgs/package.xml
-- Up-to-date: /home/jetson/PycharmProjects/boat_litter_collection/jetson_ws/install/custom_msgs/lib/libcustom_msgs__rosidl_generator_c.so
-- Up-to-date: /home/jetson/PycharmProjects/boat_litter_collection/jetson_ws/install/custom_msgs/lib/libcustom_msgs__rosidl_typesupport_introspection_c.so
-- Up-to-date: /home/jetson/PycharmProjects/boat_litter_collection/jetson_ws/install/custom_msgs/lib/libcustom_msgs__rosidl_typesupport_c.so
-- Up-to-date: /home/jetson/PycharmProjects/boat_litter_collection/jetson_ws/install/custom_msgs/lib/libcustom_msgs__rosidl_typesupport_introspection_cpp.so
-- Up-to-date: /home/jetson/PycharmProjects/boat_litter_collection/jetson_ws/install/custom_msgs/lib/libcustom_msgs__rosidl_typesupport_cpp.so
Compiling '/home/jetson/PycharmProjects/boat_litter_collection/jetson_ws/install/custom_msgs/lib/python3.8/site-packages/custom_msgs/__init__.py'...
-- Up-to-date: /home/jetson/PycharmProjects/boat_litter_collection/jetson_ws/install/custom_msgs/share/custom_msgs/cmake/custom_msgs__rosidl_generator_cExport.cmake
-- Installing: /home/jetson/PycharmProjects/boat_litter_collection/jetson_ws/install/custom_msgs/share/custom_msgs/cmake/custom_msgs__rosidl_generator_cExport-noconfig.cmake
-- Up-to-date: /home/jetson/PycharmProjects/boat_litter_collection/jetson_ws/install/custom_msgs/share/custom_msgs/cmake/custom_msgs__rosidl_typesupport_introspection_cExport.cmake
-- Installing: /home/jetson/PycharmProjects/boat_litter_collection/jetson_ws/install/custom_msgs/share/custom_msgs/cmake/custom_msgs__rosidl_typesupport_introspection_cExport-noconfig.cmake
-- Up-to-date: /home/jetson/PycharmProjects/boat_litter_collection/jetson_ws/install/custom_msgs/share/custom_msgs/cmake/custom_msgs__rosidl_typesupport_cExport.cmake
-- Installing: /home/jetson/PycharmProjects/boat_litter_collection/jetson_ws/install/custom_msgs/share/custom_msgs/cmake/custom_msgs__rosidl_typesupport_cExport-noconfig.cmake
-- Up-to-date: /home/jetson/PycharmProjects/boat_litter_collection/jetson_ws/install/custom_msgs/share/custom_msgs/cmake/custom_msgs__rosidl_generator_cppExport.cmake
-- Up-to-date: /home/jetson/PycharmProjects/boat_litter_collection/jetson_ws/install/custom_msgs/share/custom_msgs/cmake/custom_msgs__rosidl_typesupport_introspection_cppExport.cmake
-- Installing: /home/jetson/PycharmProjects/boat_litter_collection/jetson_ws/install/custom_msgs/share/custom_msgs/cmake/custom_msgs__rosidl_typesupport_introspection_cppExport-noconfig.cmake
-- Up-to-date: /home/jetson/PycharmProjects/boat_litter_collection/jetson_ws/install/custom_msgs/share/custom_msgs/cmake/custom_msgs__rosidl_typesupport_cppExport.cmake
-- Installing: /home/jetson/PycharmProjects/boat_litter_collection/jetson_ws/install/custom_msgs/share/custom_msgs/cmake/custom_msgs__rosidl_typesupport_cppExport-noconfig.cmake
