[4.232s] Invoking command in '/home/jetson/PycharmProjects/boat_litter_collection/jetson_ws/build/custom_msgs': CMAKE_PREFIX_PATH=${CMAKE_PREFIX_PATH}:/home/jetson/PycharmProjects/boat_litter_collection/jetson_ws/install/vision:/home/jetson/PycharmProjects/boat_litter_collection/jetson_ws/install/central:/home/jetson/PycharmProjects/boat_litter_collection/jetson_ws/src/install/vision:/home/jetson/PycharmProjects/boat_litter_collection/jetson_ws/src/install/central:/opt/ros/foxy /usr/bin/cmake /home/jetson/PycharmProjects/boat_litter_collection/jetson_ws/src/custom_msgs -DAMENT_CMAKE_SYMLINK_INSTALL=1 -DCMAKE_INSTALL_PREFIX=/home/jetson/PycharmProjects/boat_litter_collection/jetson_ws/install/custom_msgs
[4.298s] -- Found ament_cmake: 0.9.12 (/opt/ros/foxy/share/ament_cmake/cmake)
[4.403s] -- Found PythonInterp: /usr/bin/python3 (found suitable version "3.8.10", minimum required is "3") 
[4.404s] -- Using PYTHON_EXECUTABLE: /usr/bin/python3
[5.440s] -- Override CMake install command with custom implementation using symlinks instead of copying resources
[5.470s] -- Found ament_lint_auto: 0.9.8 (/opt/ros/foxy/share/ament_lint_auto/cmake)
[5.766s] -- Found geometry_msgs: 2.0.5 (/opt/ros/foxy/share/geometry_msgs/cmake)
[5.877s] -- Using all available rosidl_typesupport_c: rosidl_typesupport_fastrtps_c;rosidl_typesupport_introspection_c
[5.893s] -- Found rosidl_adapter: 1.3.1 (/opt/ros/foxy/share/rosidl_adapter/cmake)
[6.469s] -- Using all available rosidl_typesupport_cpp: rosidl_typesupport_fastrtps_cpp;rosidl_typesupport_introspection_cpp
[6.828s] -- Found rosidl_default_generators: 1.0.1 (/opt/ros/foxy/share/rosidl_default_generators/cmake)
[6.992s] -- Found PythonInterp: /usr/bin/python3 (found version "3.8.10") 
[7.501s] -- Found ament_cmake_ros: 0.9.2 (/opt/ros/foxy/share/ament_cmake_ros/cmake)
[8.407s] -- Using all available rosidl_typesupport_c: rosidl_typesupport_fastrtps_c;rosidl_typesupport_introspection_c
[8.776s] -- Using all available rosidl_typesupport_cpp: rosidl_typesupport_fastrtps_cpp;rosidl_typesupport_introspection_cpp
[8.925s] -- Found PythonInterp: /usr/bin/python3 (found suitable version "3.8.10", minimum required is "3.5") 
[8.926s] -- Found python_cmake_module: 0.8.1 (/opt/ros/foxy/share/python_cmake_module/cmake)
[9.046s] -- Using PYTHON_EXECUTABLE: /usr/bin/python3
[9.047s] -- Using PYTHON_INCLUDE_DIRS: /usr/include/python3.8
[9.047s] -- Using PYTHON_LIBRARIES: /usr/lib/aarch64-linux-gnu/libpython3.8.so
[9.272s] -- Added test 'copyright' to check source files copyright and LICENSE
[9.283s] -- Added test 'lint_cmake' to check CMake code style
[9.289s] -- Added test 'xmllint' to check XML markup files
[9.325s] -- Configuring done
[9.532s] -- Generating done
[9.546s] -- Build files have been written to: /home/jetson/PycharmProjects/boat_litter_collection/jetson_ws/build/custom_msgs
[9.578s] Invoked command in '/home/jetson/PycharmProjects/boat_litter_collection/jetson_ws/build/custom_msgs' returned '0': CMAKE_PREFIX_PATH=${CMAKE_PREFIX_PATH}:/home/jetson/PycharmProjects/boat_litter_collection/jetson_ws/install/vision:/home/jetson/PycharmProjects/boat_litter_collection/jetson_ws/install/central:/home/jetson/PycharmProjects/boat_litter_collection/jetson_ws/src/install/vision:/home/jetson/PycharmProjects/boat_litter_collection/jetson_ws/src/install/central:/opt/ros/foxy /usr/bin/cmake /home/jetson/PycharmProjects/boat_litter_collection/jetson_ws/src/custom_msgs -DAMENT_CMAKE_SYMLINK_INSTALL=1 -DCMAKE_INSTALL_PREFIX=/home/jetson/PycharmProjects/boat_litter_collection/jetson_ws/install/custom_msgs
[9.591s] Invoking command in '/home/jetson/PycharmProjects/boat_litter_collection/jetson_ws/build/custom_msgs': CMAKE_PREFIX_PATH=${CMAKE_PREFIX_PATH}:/home/jetson/PycharmProjects/boat_litter_collection/jetson_ws/install/vision:/home/jetson/PycharmProjects/boat_litter_collection/jetson_ws/install/central:/home/jetson/PycharmProjects/boat_litter_collection/jetson_ws/src/install/vision:/home/jetson/PycharmProjects/boat_litter_collection/jetson_ws/src/install/central:/opt/ros/foxy /usr/bin/cmake --build /home/jetson/PycharmProjects/boat_litter_collection/jetson_ws/build/custom_msgs -- -j4 -l4
[9.805s] [  2%] Built target custom_msgs__cpp
[9.826s] [ 12%] Built target custom_msgs__rosidl_generator_c
[9.994s] [ 15%] [32m[1mLinking CXX shared library libcustom_msgs__rosidl_typesupport_fastrtps_cpp.so[0m
[10.021s] [ 25%] Built target custom_msgs__rosidl_typesupport_introspection_cpp
[10.054s] [ 35%] Built target custom_msgs__rosidl_typesupport_cpp
[10.085s] [ 46%] Built target custom_msgs__rosidl_typesupport_c
[10.138s] [ 56%] Built target custom_msgs__rosidl_typesupport_introspection_c
[10.404s] [ 64%] Built target custom_msgs__rosidl_typesupport_fastrtps_cpp
[10.531s] [ 66%] [32m[1mLinking CXX shared library libcustom_msgs__rosidl_typesupport_fastrtps_c.so[0m
[10.894s] [ 74%] Built target custom_msgs__rosidl_typesupport_fastrtps_c
[10.977s] [ 74%] Built target custom_msgs
[11.064s] [ 76%] Built target custom_msgs__py
[11.190s] [ 79%] [32m[1mLinking C shared library rosidl_generator_py/custom_msgs/libcustom_msgs__python.so[0m
[11.379s] [ 84%] Built target custom_msgs__python
[11.577s] [ 87%] [32m[1mLinking C shared library rosidl_generator_py/custom_msgs/custom_msgs_s__rosidl_typesupport_introspection_c.cpython-38-aarch64-linux-gnu.so[0m
[11.586s] [ 89%] [32m[1mLinking CXX shared library rosidl_generator_py/custom_msgs/custom_msgs_s__rosidl_typesupport_fastrtps_c.cpython-38-aarch64-linux-gnu.so[0m
[11.611s] [ 92%] [32m[1mLinking C shared library rosidl_generator_py/custom_msgs/custom_msgs_s__rosidl_typesupport_c.cpython-38-aarch64-linux-gnu.so[0m
[11.897s] [ 94%] Built target custom_msgs__rosidl_typesupport_fastrtps_c__pyext
[11.924s] [ 97%] Built target custom_msgs__rosidl_typesupport_introspection_c__pyext
[11.933s] [100%] Built target custom_msgs__rosidl_typesupport_c__pyext
[13.687s] Invoked command in '/home/jetson/PycharmProjects/boat_litter_collection/jetson_ws/build/custom_msgs' returned '0': CMAKE_PREFIX_PATH=${CMAKE_PREFIX_PATH}:/home/jetson/PycharmProjects/boat_litter_collection/jetson_ws/install/vision:/home/jetson/PycharmProjects/boat_litter_collection/jetson_ws/install/central:/home/jetson/PycharmProjects/boat_litter_collection/jetson_ws/src/install/vision:/home/jetson/PycharmProjects/boat_litter_collection/jetson_ws/src/install/central:/opt/ros/foxy /usr/bin/cmake --build /home/jetson/PycharmProjects/boat_litter_collection/jetson_ws/build/custom_msgs -- -j4 -l4
[13.998s] Invoking command in '/home/jetson/PycharmProjects/boat_litter_collection/jetson_ws/build/custom_msgs': CMAKE_PREFIX_PATH=${CMAKE_PREFIX_PATH}:/home/jetson/PycharmProjects/boat_litter_collection/jetson_ws/install/vision:/home/jetson/PycharmProjects/boat_litter_collection/jetson_ws/install/central:/home/jetson/PycharmProjects/boat_litter_collection/jetson_ws/src/install/vision:/home/jetson/PycharmProjects/boat_litter_collection/jetson_ws/src/install/central:/opt/ros/foxy /usr/bin/cmake --install /home/jetson/PycharmProjects/boat_litter_collection/jetson_ws/build/custom_msgs
[14.031s] -- Install configuration: ""
[14.033s] -- Execute custom install script
[14.036s] -- Symlinking: /home/jetson/PycharmProjects/boat_litter_collection/jetson_ws/install/custom_msgs/share/ament_index/resource_index/rosidl_interfaces/custom_msgs
[14.071s] -- Symlinking: /home/jetson/PycharmProjects/boat_litter_collection/jetson_ws/install/custom_msgs/include/custom_msgs/msg/detail/detections__functions.h
[14.104s] -- Symlinking: /home/jetson/PycharmProjects/boat_litter_collection/jetson_ws/install/custom_msgs/include/custom_msgs/msg/detail/detections__struct.h
[14.138s] -- Symlinking: /home/jetson/PycharmProjects/boat_litter_collection/jetson_ws/install/custom_msgs/include/custom_msgs/msg/detail/detections__type_support.h
[14.172s] -- Symlinking: /home/jetson/PycharmProjects/boat_litter_collection/jetson_ws/install/custom_msgs/include/custom_msgs/msg/detail/string_array__functions.h
[14.206s] -- Symlinking: /home/jetson/PycharmProjects/boat_litter_collection/jetson_ws/install/custom_msgs/include/custom_msgs/msg/detail/string_array__struct.h
[14.240s] -- Symlinking: /home/jetson/PycharmProjects/boat_litter_collection/jetson_ws/install/custom_msgs/include/custom_msgs/msg/detail/string_array__type_support.h
[14.273s] -- Symlinking: /home/jetson/PycharmProjects/boat_litter_collection/jetson_ws/install/custom_msgs/include/custom_msgs/msg/detections.h
[14.307s] -- Symlinking: /home/jetson/PycharmProjects/boat_litter_collection/jetson_ws/install/custom_msgs/include/custom_msgs/msg/rosidl_generator_c__visibility_control.h
[14.342s] -- Symlinking: /home/jetson/PycharmProjects/boat_litter_collection/jetson_ws/install/custom_msgs/include/custom_msgs/msg/string_array.h
[14.377s] -- Symlinking: /home/jetson/PycharmProjects/boat_litter_collection/jetson_ws/install/custom_msgs/share/custom_msgs/environment/library_path.sh
[14.411s] -- Symlinking: /home/jetson/PycharmProjects/boat_litter_collection/jetson_ws/install/custom_msgs/share/custom_msgs/environment/library_path.dsv
[14.448s] -- Symlinking: /home/jetson/PycharmProjects/boat_litter_collection/jetson_ws/install/custom_msgs/include/custom_msgs/msg/detail/detections__rosidl_typesupport_fastrtps_c.h
[14.483s] -- Symlinking: /home/jetson/PycharmProjects/boat_litter_collection/jetson_ws/install/custom_msgs/include/custom_msgs/msg/detail/string_array__rosidl_typesupport_fastrtps_c.h
[14.516s] -- Symlinking: /home/jetson/PycharmProjects/boat_litter_collection/jetson_ws/install/custom_msgs/include/custom_msgs/msg/rosidl_typesupport_fastrtps_c__visibility_control.h
[14.551s] -- Symlinking: /home/jetson/PycharmProjects/boat_litter_collection/jetson_ws/install/custom_msgs/lib/libcustom_msgs__rosidl_typesupport_fastrtps_c.so
[14.587s] -- Symlinking: /home/jetson/PycharmProjects/boat_litter_collection/jetson_ws/install/custom_msgs/include/custom_msgs/msg/detail/detections__rosidl_typesupport_fastrtps_cpp.hpp
[14.622s] -- Symlinking: /home/jetson/PycharmProjects/boat_litter_collection/jetson_ws/install/custom_msgs/include/custom_msgs/msg/detail/string_array__rosidl_typesupport_fastrtps_cpp.hpp
[14.657s] -- Symlinking: /home/jetson/PycharmProjects/boat_litter_collection/jetson_ws/install/custom_msgs/include/custom_msgs/msg/rosidl_typesupport_fastrtps_cpp__visibility_control.h
[14.691s] -- Symlinking: /home/jetson/PycharmProjects/boat_litter_collection/jetson_ws/install/custom_msgs/lib/libcustom_msgs__rosidl_typesupport_fastrtps_cpp.so
[14.728s] -- Symlinking: /home/jetson/PycharmProjects/boat_litter_collection/jetson_ws/install/custom_msgs/include/custom_msgs/msg/detail/detections__rosidl_typesupport_introspection_c.h
[14.762s] -- Symlinking: /home/jetson/PycharmProjects/boat_litter_collection/jetson_ws/install/custom_msgs/include/custom_msgs/msg/detail/string_array__rosidl_typesupport_introspection_c.h
[14.795s] -- Symlinking: /home/jetson/PycharmProjects/boat_litter_collection/jetson_ws/install/custom_msgs/include/custom_msgs/msg/rosidl_typesupport_introspection_c__visibility_control.h
[14.833s] -- Symlinking: /home/jetson/PycharmProjects/boat_litter_collection/jetson_ws/install/custom_msgs/include/custom_msgs/msg/detail/detections__builder.hpp
[14.867s] -- Symlinking: /home/jetson/PycharmProjects/boat_litter_collection/jetson_ws/install/custom_msgs/include/custom_msgs/msg/detail/detections__struct.hpp
[14.902s] -- Symlinking: /home/jetson/PycharmProjects/boat_litter_collection/jetson_ws/install/custom_msgs/include/custom_msgs/msg/detail/detections__traits.hpp
[14.938s] -- Symlinking: /home/jetson/PycharmProjects/boat_litter_collection/jetson_ws/install/custom_msgs/include/custom_msgs/msg/detail/detections__type_support.hpp
[14.971s] -- Symlinking: /home/jetson/PycharmProjects/boat_litter_collection/jetson_ws/install/custom_msgs/include/custom_msgs/msg/detail/string_array__builder.hpp
[15.005s] -- Symlinking: /home/jetson/PycharmProjects/boat_litter_collection/jetson_ws/install/custom_msgs/include/custom_msgs/msg/detail/string_array__struct.hpp
[15.039s] -- Symlinking: /home/jetson/PycharmProjects/boat_litter_collection/jetson_ws/install/custom_msgs/include/custom_msgs/msg/detail/string_array__traits.hpp
[15.072s] -- Symlinking: /home/jetson/PycharmProjects/boat_litter_collection/jetson_ws/install/custom_msgs/include/custom_msgs/msg/detail/string_array__type_support.hpp
[15.106s] -- Symlinking: /home/jetson/PycharmProjects/boat_litter_collection/jetson_ws/install/custom_msgs/include/custom_msgs/msg/detections.hpp
[15.141s] -- Symlinking: /home/jetson/PycharmProjects/boat_litter_collection/jetson_ws/install/custom_msgs/include/custom_msgs/msg/rosidl_generator_cpp__visibility_control.hpp
[15.174s] -- Symlinking: /home/jetson/PycharmProjects/boat_litter_collection/jetson_ws/install/custom_msgs/include/custom_msgs/msg/string_array.hpp
[15.210s] -- Symlinking: /home/jetson/PycharmProjects/boat_litter_collection/jetson_ws/install/custom_msgs/include/custom_msgs/msg/detail/detections__rosidl_typesupport_introspection_cpp.hpp
[15.245s] -- Symlinking: /home/jetson/PycharmProjects/boat_litter_collection/jetson_ws/install/custom_msgs/include/custom_msgs/msg/detail/string_array__rosidl_typesupport_introspection_cpp.hpp
[15.279s] -- Symlinking: /home/jetson/PycharmProjects/boat_litter_collection/jetson_ws/install/custom_msgs/share/custom_msgs/environment/pythonpath.sh
[15.312s] -- Symlinking: /home/jetson/PycharmProjects/boat_litter_collection/jetson_ws/install/custom_msgs/share/custom_msgs/environment/pythonpath.dsv
[15.347s] -- Symlinking: /home/jetson/PycharmProjects/boat_litter_collection/jetson_ws/install/custom_msgs/lib/python3.8/site-packages/custom_msgs/__init__.py
[15.382s] -- Symlinking: /home/jetson/PycharmProjects/boat_litter_collection/jetson_ws/install/custom_msgs/lib/python3.8/site-packages/custom_msgs/msg/__init__.py
[15.415s] -- Symlinking: /home/jetson/PycharmProjects/boat_litter_collection/jetson_ws/install/custom_msgs/lib/python3.8/site-packages/custom_msgs/msg/_detections.py
[15.450s] -- Symlinking: /home/jetson/PycharmProjects/boat_litter_collection/jetson_ws/install/custom_msgs/lib/python3.8/site-packages/custom_msgs/msg/_string_array.py
[15.485s] -- Symlinking: /home/jetson/PycharmProjects/boat_litter_collection/jetson_ws/install/custom_msgs/lib/python3.8/site-packages/custom_msgs/custom_msgs_s__rosidl_typesupport_fastrtps_c.cpython-38-aarch64-linux-gnu.so
[15.520s] -- Symlinking: /home/jetson/PycharmProjects/boat_litter_collection/jetson_ws/install/custom_msgs/lib/python3.8/site-packages/custom_msgs/custom_msgs_s__rosidl_typesupport_introspection_c.cpython-38-aarch64-linux-gnu.so
[15.555s] -- Symlinking: /home/jetson/PycharmProjects/boat_litter_collection/jetson_ws/install/custom_msgs/lib/python3.8/site-packages/custom_msgs/custom_msgs_s__rosidl_typesupport_c.cpython-38-aarch64-linux-gnu.so
[15.590s] -- Symlinking: /home/jetson/PycharmProjects/boat_litter_collection/jetson_ws/install/custom_msgs/lib/libcustom_msgs__python.so
[15.624s] -- Symlinking: /home/jetson/PycharmProjects/boat_litter_collection/jetson_ws/install/custom_msgs/share/custom_msgs/msg/Detections.idl
[15.658s] -- Symlinking: /home/jetson/PycharmProjects/boat_litter_collection/jetson_ws/install/custom_msgs/share/custom_msgs/msg/StringArray.idl
[15.692s] -- Symlinking: /home/jetson/PycharmProjects/boat_litter_collection/jetson_ws/install/custom_msgs/share/custom_msgs/msg/Detections.msg
[15.727s] -- Symlinking: /home/jetson/PycharmProjects/boat_litter_collection/jetson_ws/install/custom_msgs/share/custom_msgs/msg/StringArray.msg
[15.761s] -- Symlinking: /home/jetson/PycharmProjects/boat_litter_collection/jetson_ws/install/custom_msgs/share/ament_index/resource_index/package_run_dependencies/custom_msgs
[15.797s] -- Symlinking: /home/jetson/PycharmProjects/boat_litter_collection/jetson_ws/install/custom_msgs/share/ament_index/resource_index/parent_prefix_path/custom_msgs
[15.831s] -- Symlinking: /home/jetson/PycharmProjects/boat_litter_collection/jetson_ws/install/custom_msgs/share/custom_msgs/environment/ament_prefix_path.sh
[15.865s] -- Symlinking: /home/jetson/PycharmProjects/boat_litter_collection/jetson_ws/install/custom_msgs/share/custom_msgs/environment/ament_prefix_path.dsv
[15.899s] -- Symlinking: /home/jetson/PycharmProjects/boat_litter_collection/jetson_ws/install/custom_msgs/share/custom_msgs/environment/path.sh
[15.935s] -- Symlinking: /home/jetson/PycharmProjects/boat_litter_collection/jetson_ws/install/custom_msgs/share/custom_msgs/environment/path.dsv
[15.968s] -- Symlinking: /home/jetson/PycharmProjects/boat_litter_collection/jetson_ws/install/custom_msgs/share/custom_msgs/local_setup.bash
[16.003s] -- Symlinking: /home/jetson/PycharmProjects/boat_litter_collection/jetson_ws/install/custom_msgs/share/custom_msgs/local_setup.sh
[16.037s] -- Symlinking: /home/jetson/PycharmProjects/boat_litter_collection/jetson_ws/install/custom_msgs/share/custom_msgs/local_setup.zsh
[16.071s] -- Symlinking: /home/jetson/PycharmProjects/boat_litter_collection/jetson_ws/install/custom_msgs/share/custom_msgs/local_setup.dsv
[16.105s] -- Symlinking: /home/jetson/PycharmProjects/boat_litter_collection/jetson_ws/install/custom_msgs/share/custom_msgs/package.dsv
[16.140s] -- Symlinking: /home/jetson/PycharmProjects/boat_litter_collection/jetson_ws/install/custom_msgs/share/ament_index/resource_index/packages/custom_msgs
[16.174s] -- Symlinking: /home/jetson/PycharmProjects/boat_litter_collection/jetson_ws/install/custom_msgs/share/custom_msgs/cmake/rosidl_cmake-extras.cmake
[16.209s] -- Symlinking: /home/jetson/PycharmProjects/boat_litter_collection/jetson_ws/install/custom_msgs/share/custom_msgs/cmake/ament_cmake_export_dependencies-extras.cmake
[16.244s] -- Symlinking: /home/jetson/PycharmProjects/boat_litter_collection/jetson_ws/install/custom_msgs/share/custom_msgs/cmake/ament_cmake_export_libraries-extras.cmake
[16.278s] -- Symlinking: /home/jetson/PycharmProjects/boat_litter_collection/jetson_ws/install/custom_msgs/share/custom_msgs/cmake/ament_cmake_export_targets-extras.cmake
[16.313s] -- Symlinking: /home/jetson/PycharmProjects/boat_litter_collection/jetson_ws/install/custom_msgs/share/custom_msgs/cmake/ament_cmake_export_include_directories-extras.cmake
[16.348s] -- Symlinking: /home/jetson/PycharmProjects/boat_litter_collection/jetson_ws/install/custom_msgs/share/custom_msgs/cmake/rosidl_cmake_export_typesupport_libraries-extras.cmake
[16.382s] -- Symlinking: /home/jetson/PycharmProjects/boat_litter_collection/jetson_ws/install/custom_msgs/share/custom_msgs/cmake/rosidl_cmake_export_typesupport_targets-extras.cmake
[16.417s] -- Symlinking: /home/jetson/PycharmProjects/boat_litter_collection/jetson_ws/install/custom_msgs/share/custom_msgs/cmake/custom_msgsConfig.cmake
[16.452s] -- Symlinking: /home/jetson/PycharmProjects/boat_litter_collection/jetson_ws/install/custom_msgs/share/custom_msgs/cmake/custom_msgsConfig-version.cmake
[16.486s] -- Symlinking: /home/jetson/PycharmProjects/boat_litter_collection/jetson_ws/install/custom_msgs/share/custom_msgs/package.xml
[16.521s] -- Up-to-date: /home/jetson/PycharmProjects/boat_litter_collection/jetson_ws/install/custom_msgs/lib/libcustom_msgs__rosidl_generator_c.so
[16.523s] -- Up-to-date: /home/jetson/PycharmProjects/boat_litter_collection/jetson_ws/install/custom_msgs/lib/libcustom_msgs__rosidl_typesupport_introspection_c.so
[16.524s] -- Up-to-date: /home/jetson/PycharmProjects/boat_litter_collection/jetson_ws/install/custom_msgs/lib/libcustom_msgs__rosidl_typesupport_c.so
[16.526s] -- Up-to-date: /home/jetson/PycharmProjects/boat_litter_collection/jetson_ws/install/custom_msgs/lib/libcustom_msgs__rosidl_typesupport_introspection_cpp.so
[16.527s] -- Up-to-date: /home/jetson/PycharmProjects/boat_litter_collection/jetson_ws/install/custom_msgs/lib/libcustom_msgs__rosidl_typesupport_cpp.so
[16.669s] Compiling '/home/jetson/PycharmProjects/boat_litter_collection/jetson_ws/install/custom_msgs/lib/python3.8/site-packages/custom_msgs/__init__.py'...
[16.692s] -- Up-to-date: /home/jetson/PycharmProjects/boat_litter_collection/jetson_ws/install/custom_msgs/share/custom_msgs/cmake/custom_msgs__rosidl_generator_cExport.cmake
[16.692s] -- Installing: /home/jetson/PycharmProjects/boat_litter_collection/jetson_ws/install/custom_msgs/share/custom_msgs/cmake/custom_msgs__rosidl_generator_cExport-noconfig.cmake
[16.693s] -- Up-to-date: /home/jetson/PycharmProjects/boat_litter_collection/jetson_ws/install/custom_msgs/share/custom_msgs/cmake/custom_msgs__rosidl_typesupport_introspection_cExport.cmake
[16.694s] -- Installing: /home/jetson/PycharmProjects/boat_litter_collection/jetson_ws/install/custom_msgs/share/custom_msgs/cmake/custom_msgs__rosidl_typesupport_introspection_cExport-noconfig.cmake
[16.694s] -- Up-to-date: /home/jetson/PycharmProjects/boat_litter_collection/jetson_ws/install/custom_msgs/share/custom_msgs/cmake/custom_msgs__rosidl_typesupport_cExport.cmake
[16.695s] -- Installing: /home/jetson/PycharmProjects/boat_litter_collection/jetson_ws/install/custom_msgs/share/custom_msgs/cmake/custom_msgs__rosidl_typesupport_cExport-noconfig.cmake
[16.696s] -- Up-to-date: /home/jetson/PycharmProjects/boat_litter_collection/jetson_ws/install/custom_msgs/share/custom_msgs/cmake/custom_msgs__rosidl_generator_cppExport.cmake
[16.696s] -- Up-to-date: /home/jetson/PycharmProjects/boat_litter_collection/jetson_ws/install/custom_msgs/share/custom_msgs/cmake/custom_msgs__rosidl_typesupport_introspection_cppExport.cmake
[16.697s] -- Installing: /home/jetson/PycharmProjects/boat_litter_collection/jetson_ws/install/custom_msgs/share/custom_msgs/cmake/custom_msgs__rosidl_typesupport_introspection_cppExport-noconfig.cmake
[16.698s] -- Up-to-date: /home/jetson/PycharmProjects/boat_litter_collection/jetson_ws/install/custom_msgs/share/custom_msgs/cmake/custom_msgs__rosidl_typesupport_cppExport.cmake
[16.698s] -- Installing: /home/jetson/PycharmProjects/boat_litter_collection/jetson_ws/install/custom_msgs/share/custom_msgs/cmake/custom_msgs__rosidl_typesupport_cppExport-noconfig.cmake
[16.707s] Invoked command in '/home/jetson/PycharmProjects/boat_litter_collection/jetson_ws/build/custom_msgs' returned '0': CMAKE_PREFIX_PATH=${CMAKE_PREFIX_PATH}:/home/jetson/PycharmProjects/boat_litter_collection/jetson_ws/install/vision:/home/jetson/PycharmProjects/boat_litter_collection/jetson_ws/install/central:/home/jetson/PycharmProjects/boat_litter_collection/jetson_ws/src/install/vision:/home/jetson/PycharmProjects/boat_litter_collection/jetson_ws/src/install/central:/opt/ros/foxy /usr/bin/cmake --install /home/jetson/PycharmProjects/boat_litter_collection/jetson_ws/build/custom_msgs
