/usr/local/lib/python3.8/dist-packages/setuptools/dist.py:717: UserWarning: Usage of dash-separated 'script-dir' will not be supported in future versions. Please use the underscore name 'script_dir' instead
  warnings.warn(
running develop
running egg_info
creating vision.egg-info
writing vision.egg-info/PKG-INFO
writing dependency_links to vision.egg-info/dependency_links.txt
writing entry points to vision.egg-info/entry_points.txt
writing requirements to vision.egg-info/requires.txt
writing top-level names to vision.egg-info/top_level.txt
writing manifest file 'vision.egg-info/SOURCES.txt'
reading manifest file 'vision.egg-info/SOURCES.txt'
writing manifest file 'vision.egg-info/SOURCES.txt'
running build_ext
Creating /home/jetson/PycharmProjects/boat_litter_collection/jetson_ws/install/vision/lib/python3.8/site-packages/vision.egg-link (link to .)
Installing vision script to /home/jetson/PycharmProjects/boat_litter_collection/jetson_ws/install/vision/lib/vision

Installed /home/jetson/PycharmProjects/boat_litter_collection/jetson_ws/build/vision
running install_data
creating /home/jetson/PycharmProjects/boat_litter_collection/jetson_ws/install/vision/share/ament_index
creating /home/jetson/PycharmProjects/boat_litter_collection/jetson_ws/install/vision/share/ament_index/resource_index
creating /home/jetson/PycharmProjects/boat_litter_collection/jetson_ws/install/vision/share/ament_index/resource_index/packages
copying resource/vision -> /home/jetson/PycharmProjects/boat_litter_collection/jetson_ws/install/vision/share/ament_index/resource_index/packages
copying package.xml -> /home/jetson/PycharmProjects/boat_litter_collection/jetson_ws/install/vision/share/vision
