[7.986s] Invoking command in '/home/jetson/PycharmProjects/boat_litter_collection/jetson_ws/build/vision': PYTHONPATH=/home/jetson/PycharmProjects/boat_litter_collection/jetson_ws/build/vision/prefix_override:/home/jetson/PycharmProjects/boat_litter_collection/jetson_ws/install/vision/lib/python3.8/site-packages:${PYTHONPATH} /usr/bin/python3 setup.py develop --editable --build-directory /home/jetson/PycharmProjects/boat_litter_collection/jetson_ws/build/vision/build --no-deps install_data
[9.378s] /usr/local/lib/python3.8/dist-packages/setuptools/dist.py:717: UserWarning: Usage of dash-separated 'script-dir' will not be supported in future versions. Please use the underscore name 'script_dir' instead
[9.379s]   warnings.warn(
[9.617s] running develop
[10.559s] running egg_info
[10.560s] creating vision.egg-info
[10.562s] writing vision.egg-info/PKG-INFO
[10.564s] writing dependency_links to vision.egg-info/dependency_links.txt
[10.565s] writing entry points to vision.egg-info/entry_points.txt
[10.567s] writing requirements to vision.egg-info/requires.txt
[10.568s] writing top-level names to vision.egg-info/top_level.txt
[10.576s] writing manifest file 'vision.egg-info/SOURCES.txt'
[10.584s] reading manifest file 'vision.egg-info/SOURCES.txt'
[10.588s] writing manifest file 'vision.egg-info/SOURCES.txt'
[10.816s] running build_ext
[10.818s] Creating /home/jetson/PycharmProjects/boat_litter_collection/jetson_ws/install/vision/lib/python3.8/site-packages/vision.egg-link (link to .)
[10.822s] Installing vision script to /home/jetson/PycharmProjects/boat_litter_collection/jetson_ws/install/vision/lib/vision
[10.824s] 
[10.827s] Installed /home/jetson/PycharmProjects/boat_litter_collection/jetson_ws/build/vision
[10.829s] running install_data
[10.832s] creating /home/jetson/PycharmProjects/boat_litter_collection/jetson_ws/install/vision/share/ament_index
[10.835s] creating /home/jetson/PycharmProjects/boat_litter_collection/jetson_ws/install/vision/share/ament_index/resource_index
[10.839s] creating /home/jetson/PycharmProjects/boat_litter_collection/jetson_ws/install/vision/share/ament_index/resource_index/packages
[10.842s] copying resource/vision -> /home/jetson/PycharmProjects/boat_litter_collection/jetson_ws/install/vision/share/ament_index/resource_index/packages
[10.845s] copying package.xml -> /home/jetson/PycharmProjects/boat_litter_collection/jetson_ws/install/vision/share/vision
[11.866s] Invoked command in '/home/jetson/PycharmProjects/boat_litter_collection/jetson_ws/build/vision' returned '0': PYTHONPATH=/home/jetson/PycharmProjects/boat_litter_collection/jetson_ws/build/vision/prefix_override:/home/jetson/PycharmProjects/boat_litter_collection/jetson_ws/install/vision/lib/python3.8/site-packages:${PYTHONPATH} /usr/bin/python3 setup.py develop --editable --build-directory /home/jetson/PycharmProjects/boat_litter_collection/jetson_ws/build/vision/build --no-deps install_data
