[13.169s] DEBUG:colcon:Command line arguments: ['/usr/bin/colcon', 'build', '--symlink-install']
[13.170s] DEBUG:colcon:Parsed command line arguments: Namespace(allow_overriding=[], ament_cmake_args=None, base_paths=['.'], build_base='build', catkin_cmake_args=None, catkin_skip_building_tests=False, cmake_args=None, cmake_clean_cache=False, cmake_clean_first=False, cmake_force_configure=False, cmake_target=None, cmake_target_skip_unavailable=False, continue_on_error=False, event_handlers=None, executor='parallel', ignore_user_meta=False, install_base='install', log_base=None, log_level=None, main=<bound method BuildVerb.main of <colcon_core.verb.build.BuildVerb object at 0x7fa525b4c0>>, merge_install=False, metas=['./colcon.meta'], packages_above=None, packages_above_and_dependencies=None, packages_above_depth=None, packages_end=None, packages_ignore=None, packages_ignore_regex=None, packages_select=None, packages_select_build_failed=False, packages_select_by_dep=None, packages_select_regex=None, packages_select_test_failures=False, packages_skip=None, packages_skip_build_finished=False, packages_skip_by_dep=None, packages_skip_regex=None, packages_skip_test_passed=False, packages_skip_up_to=None, packages_start=None, packages_up_to=None, packages_up_to_regex=None, parallel_workers=4, paths=None, symlink_install=True, test_result_base=None, verb_extension=<colcon_core.verb.build.BuildVerb object at 0x7fa525b4c0>, verb_name='build', verb_parser=<colcon_defaults.argument_parser.defaults.DefaultArgumentsDecorator object at 0x7fa51a1550>)
[13.737s] Level 1:colcon.colcon_core.package_discovery:discover_packages(colcon_meta) check parameters
[13.738s] Level 1:colcon.colcon_core.package_discovery:discover_packages(recursive) check parameters
[13.738s] Level 1:colcon.colcon_core.package_discovery:discover_packages(ignore) check parameters
[13.738s] Level 1:colcon.colcon_core.package_discovery:discover_packages(path) check parameters
[13.738s] Level 1:colcon.colcon_core.package_discovery:discover_packages(colcon_meta) discover
[13.738s] Level 1:colcon.colcon_core.package_discovery:discover_packages(recursive) discover
[13.739s] INFO:colcon.colcon_core.package_discovery:Crawling recursively for packages in '/home/jetson/PycharmProjects/boat_litter_collection/jetson_ws'
[13.739s] Level 1:colcon.colcon_core.package_identification:_identify(.) by extensions ['ignore', 'ignore_ament_install']
[13.739s] Level 1:colcon.colcon_core.package_identification:_identify(.) by extension 'ignore'
[13.740s] Level 1:colcon.colcon_core.package_identification:_identify(.) by extension 'ignore_ament_install'
[13.740s] Level 1:colcon.colcon_core.package_identification:_identify(.) by extensions ['colcon_pkg']
[13.740s] Level 1:colcon.colcon_core.package_identification:_identify(.) by extension 'colcon_pkg'
[13.740s] Level 1:colcon.colcon_core.package_identification:_identify(.) by extensions ['colcon_meta']
[13.740s] Level 1:colcon.colcon_core.package_identification:_identify(.) by extension 'colcon_meta'
[13.741s] Level 1:colcon.colcon_core.package_identification:_identify(.) by extensions ['ros']
[13.741s] Level 1:colcon.colcon_core.package_identification:_identify(.) by extension 'ros'
[13.805s] Level 1:colcon.colcon_core.package_identification:_identify(.) by extensions ['cmake', 'python']
[13.806s] Level 1:colcon.colcon_core.package_identification:_identify(.) by extension 'cmake'
[13.806s] Level 1:colcon.colcon_core.package_identification:_identify(.) by extension 'python'
[13.806s] Level 1:colcon.colcon_core.package_identification:_identify(.) by extensions ['python_setup_py']
[13.806s] Level 1:colcon.colcon_core.package_identification:_identify(.) by extension 'python_setup_py'
[13.807s] Level 1:colcon.colcon_core.package_identification:_identify(build) by extensions ['ignore', 'ignore_ament_install']
[13.807s] Level 1:colcon.colcon_core.package_identification:_identify(build) by extension 'ignore'
[13.807s] Level 1:colcon.colcon_core.package_identification:_identify(build) ignored
[13.808s] Level 1:colcon.colcon_core.package_identification:_identify(install) by extensions ['ignore', 'ignore_ament_install']
[13.808s] Level 1:colcon.colcon_core.package_identification:_identify(install) by extension 'ignore'
[13.808s] Level 1:colcon.colcon_core.package_identification:_identify(install) ignored
[13.809s] Level 1:colcon.colcon_core.package_identification:_identify(log) by extensions ['ignore', 'ignore_ament_install']
[13.809s] Level 1:colcon.colcon_core.package_identification:_identify(log) by extension 'ignore'
[13.809s] Level 1:colcon.colcon_core.package_identification:_identify(log) ignored
[13.810s] Level 1:colcon.colcon_core.package_identification:_identify(src) by extensions ['ignore', 'ignore_ament_install']
[13.810s] Level 1:colcon.colcon_core.package_identification:_identify(src) by extension 'ignore'
[13.810s] Level 1:colcon.colcon_core.package_identification:_identify(src) by extension 'ignore_ament_install'
[13.810s] Level 1:colcon.colcon_core.package_identification:_identify(src) by extensions ['colcon_pkg']
[13.811s] Level 1:colcon.colcon_core.package_identification:_identify(src) by extension 'colcon_pkg'
[13.811s] Level 1:colcon.colcon_core.package_identification:_identify(src) by extensions ['colcon_meta']
[13.811s] Level 1:colcon.colcon_core.package_identification:_identify(src) by extension 'colcon_meta'
[13.811s] Level 1:colcon.colcon_core.package_identification:_identify(src) by extensions ['ros']
[13.811s] Level 1:colcon.colcon_core.package_identification:_identify(src) by extension 'ros'
[13.812s] Level 1:colcon.colcon_core.package_identification:_identify(src) by extensions ['cmake', 'python']
[13.812s] Level 1:colcon.colcon_core.package_identification:_identify(src) by extension 'cmake'
[13.812s] Level 1:colcon.colcon_core.package_identification:_identify(src) by extension 'python'
[13.812s] Level 1:colcon.colcon_core.package_identification:_identify(src) by extensions ['python_setup_py']
[13.812s] Level 1:colcon.colcon_core.package_identification:_identify(src) by extension 'python_setup_py'
[13.813s] Level 1:colcon.colcon_core.package_identification:_identify(src/central) by extensions ['ignore', 'ignore_ament_install']
[13.813s] Level 1:colcon.colcon_core.package_identification:_identify(src/central) by extension 'ignore'
[13.813s] Level 1:colcon.colcon_core.package_identification:_identify(src/central) by extension 'ignore_ament_install'
[13.813s] Level 1:colcon.colcon_core.package_identification:_identify(src/central) by extensions ['colcon_pkg']
[13.814s] Level 1:colcon.colcon_core.package_identification:_identify(src/central) by extension 'colcon_pkg'
[13.814s] Level 1:colcon.colcon_core.package_identification:_identify(src/central) by extensions ['colcon_meta']
[13.814s] Level 1:colcon.colcon_core.package_identification:_identify(src/central) by extension 'colcon_meta'
[13.814s] Level 1:colcon.colcon_core.package_identification:_identify(src/central) by extensions ['ros']
[13.814s] Level 1:colcon.colcon_core.package_identification:_identify(src/central) by extension 'ros'
[13.828s] DEBUG:colcon.colcon_core.package_identification:Package 'src/central' with type 'ros.ament_python' and name 'central'
[13.829s] Level 1:colcon.colcon_core.package_identification:_identify(src/vision) by extensions ['ignore', 'ignore_ament_install']
[13.830s] Level 1:colcon.colcon_core.package_identification:_identify(src/vision) by extension 'ignore'
[13.830s] Level 1:colcon.colcon_core.package_identification:_identify(src/vision) by extension 'ignore_ament_install'
[13.831s] Level 1:colcon.colcon_core.package_identification:_identify(src/vision) by extensions ['colcon_pkg']
[13.831s] Level 1:colcon.colcon_core.package_identification:_identify(src/vision) by extension 'colcon_pkg'
[13.831s] Level 1:colcon.colcon_core.package_identification:_identify(src/vision) by extensions ['colcon_meta']
[13.831s] Level 1:colcon.colcon_core.package_identification:_identify(src/vision) by extension 'colcon_meta'
[13.831s] Level 1:colcon.colcon_core.package_identification:_identify(src/vision) by extensions ['ros']
[13.831s] Level 1:colcon.colcon_core.package_identification:_identify(src/vision) by extension 'ros'
[13.836s] DEBUG:colcon.colcon_core.package_identification:Package 'src/vision' with type 'ros.ament_python' and name 'vision'
[13.836s] Level 1:colcon.colcon_core.package_discovery:discover_packages(recursive) using defaults
[13.836s] Level 1:colcon.colcon_core.package_discovery:discover_packages(ignore) discover
[13.837s] Level 1:colcon.colcon_core.package_discovery:discover_packages(ignore) using defaults
[13.837s] Level 1:colcon.colcon_core.package_discovery:discover_packages(path) discover
[13.837s] Level 1:colcon.colcon_core.package_discovery:discover_packages(path) using defaults
[15.013s] Level 1:colcon.colcon_core.package_discovery:discover_packages(prefix_path) check parameters
[15.013s] Level 1:colcon.colcon_core.package_discovery:discover_packages(prefix_path) discover
[15.445s] DEBUG:colcon.colcon_installed_package_information.package_discovery:Found 259 installed packages in /opt/ros/foxy
[15.454s] Level 1:colcon.colcon_core.package_discovery:discover_packages(prefix_path) using defaults
[16.281s] Level 5:colcon.colcon_core.verb:set package 'central' build argument 'cmake_args' from command line to 'None'
[16.281s] Level 5:colcon.colcon_core.verb:set package 'central' build argument 'cmake_target' from command line to 'None'
[16.281s] Level 5:colcon.colcon_core.verb:set package 'central' build argument 'cmake_target_skip_unavailable' from command line to 'False'
[16.281s] Level 5:colcon.colcon_core.verb:set package 'central' build argument 'cmake_clean_cache' from command line to 'False'
[16.281s] Level 5:colcon.colcon_core.verb:set package 'central' build argument 'cmake_clean_first' from command line to 'False'
[16.282s] Level 5:colcon.colcon_core.verb:set package 'central' build argument 'cmake_force_configure' from command line to 'False'
[16.282s] Level 5:colcon.colcon_core.verb:set package 'central' build argument 'ament_cmake_args' from command line to 'None'
[16.282s] Level 5:colcon.colcon_core.verb:set package 'central' build argument 'catkin_cmake_args' from command line to 'None'
[16.282s] Level 5:colcon.colcon_core.verb:set package 'central' build argument 'catkin_skip_building_tests' from command line to 'False'
[16.282s] DEBUG:colcon.colcon_core.verb:Building package 'central' with the following arguments: {'ament_cmake_args': None, 'build_base': '/home/jetson/PycharmProjects/boat_litter_collection/jetson_ws/build/central', 'catkin_cmake_args': None, 'catkin_skip_building_tests': False, 'cmake_args': None, 'cmake_clean_cache': False, 'cmake_clean_first': False, 'cmake_force_configure': False, 'cmake_target': None, 'cmake_target_skip_unavailable': False, 'install_base': '/home/jetson/PycharmProjects/boat_litter_collection/jetson_ws/install/central', 'merge_install': False, 'path': '/home/jetson/PycharmProjects/boat_litter_collection/jetson_ws/src/central', 'symlink_install': True, 'test_result_base': None}
[16.484s] Level 5:colcon.colcon_core.verb:set package 'vision' build argument 'cmake_args' from command line to 'None'
[16.484s] Level 5:colcon.colcon_core.verb:set package 'vision' build argument 'cmake_target' from command line to 'None'
[16.484s] Level 5:colcon.colcon_core.verb:set package 'vision' build argument 'cmake_target_skip_unavailable' from command line to 'False'
[16.484s] Level 5:colcon.colcon_core.verb:set package 'vision' build argument 'cmake_clean_cache' from command line to 'False'
[16.484s] Level 5:colcon.colcon_core.verb:set package 'vision' build argument 'cmake_clean_first' from command line to 'False'
[16.484s] Level 5:colcon.colcon_core.verb:set package 'vision' build argument 'cmake_force_configure' from command line to 'False'
[16.484s] Level 5:colcon.colcon_core.verb:set package 'vision' build argument 'ament_cmake_args' from command line to 'None'
[16.485s] Level 5:colcon.colcon_core.verb:set package 'vision' build argument 'catkin_cmake_args' from command line to 'None'
[16.485s] Level 5:colcon.colcon_core.verb:set package 'vision' build argument 'catkin_skip_building_tests' from command line to 'False'
[16.485s] DEBUG:colcon.colcon_core.verb:Building package 'vision' with the following arguments: {'ament_cmake_args': None, 'build_base': '/home/jetson/PycharmProjects/boat_litter_collection/jetson_ws/build/vision', 'catkin_cmake_args': None, 'catkin_skip_building_tests': False, 'cmake_args': None, 'cmake_clean_cache': False, 'cmake_clean_first': False, 'cmake_force_configure': False, 'cmake_target': None, 'cmake_target_skip_unavailable': False, 'install_base': '/home/jetson/PycharmProjects/boat_litter_collection/jetson_ws/install/vision', 'merge_install': False, 'path': '/home/jetson/PycharmProjects/boat_litter_collection/jetson_ws/src/vision', 'symlink_install': True, 'test_result_base': None}
[16.684s] INFO:colcon.colcon_core.executor:Executing jobs using 'parallel' executor
[16.889s] DEBUG:colcon.colcon_parallel_executor.executor.parallel:run_until_complete
[16.890s] INFO:colcon.colcon_ros.task.ament_python.build:Building ROS package in '/home/jetson/PycharmProjects/boat_litter_collection/jetson_ws/src/central' with build type 'ament_python'
[16.890s] Level 1:colcon.colcon_core.shell:create_environment_hook('central', 'ament_prefix_path')
[17.135s] INFO:colcon.colcon_core.plugin_system:Skipping extension 'colcon_core.shell.bat': Not used on non-Windows systems
[17.135s] INFO:colcon.colcon_core.shell:Creating environment hook '/home/jetson/PycharmProjects/boat_litter_collection/jetson_ws/install/central/share/central/hook/ament_prefix_path.ps1'
[17.139s] INFO:colcon.colcon_core.shell:Creating environment descriptor '/home/jetson/PycharmProjects/boat_litter_collection/jetson_ws/install/central/share/central/hook/ament_prefix_path.dsv'
[17.143s] INFO:colcon.colcon_core.shell:Creating environment hook '/home/jetson/PycharmProjects/boat_litter_collection/jetson_ws/install/central/share/central/hook/ament_prefix_path.sh'
[17.367s] INFO:colcon.colcon_core.shell:Skip shell extension 'powershell' for command environment: Not usable outside of PowerShell
[17.367s] DEBUG:colcon.colcon_core.shell:Skip shell extension 'dsv' for command environment
[17.822s] INFO:colcon.colcon_ros.task.ament_python.build:Building ROS package in '/home/jetson/PycharmProjects/boat_litter_collection/jetson_ws/src/vision' with build type 'ament_python'
[17.824s] Level 1:colcon.colcon_core.shell:create_environment_hook('vision', 'ament_prefix_path')
[18.053s] INFO:colcon.colcon_core.shell:Creating environment hook '/home/jetson/PycharmProjects/boat_litter_collection/jetson_ws/install/vision/share/vision/hook/ament_prefix_path.ps1'
[18.056s] INFO:colcon.colcon_core.shell:Creating environment descriptor '/home/jetson/PycharmProjects/boat_litter_collection/jetson_ws/install/vision/share/vision/hook/ament_prefix_path.dsv'
[18.057s] INFO:colcon.colcon_core.shell:Creating environment hook '/home/jetson/PycharmProjects/boat_litter_collection/jetson_ws/install/vision/share/vision/hook/ament_prefix_path.sh'
[18.281s] INFO:colcon.colcon_core.shell:Skip shell extension 'powershell' for command environment: Not usable outside of PowerShell
[18.281s] DEBUG:colcon.colcon_core.shell:Skip shell extension 'dsv' for command environment
[20.074s] INFO:colcon.colcon_core.task.python.build:Building Python package in '/home/jetson/PycharmProjects/boat_litter_collection/jetson_ws/src/central'
[20.293s] INFO:colcon.colcon_core.shell:Skip shell extension 'powershell' for command environment: Not usable outside of PowerShell
[20.294s] DEBUG:colcon.colcon_core.shell:Skip shell extension 'dsv' for command environment
[22.039s] INFO:colcon.colcon_core.task.python.build:Building Python package in '/home/jetson/PycharmProjects/boat_litter_collection/jetson_ws/src/vision'
[22.257s] INFO:colcon.colcon_core.shell:Skip shell extension 'powershell' for command environment: Not usable outside of PowerShell
[22.257s] DEBUG:colcon.colcon_core.shell:Skip shell extension 'dsv' for command environment
[24.835s] DEBUG:colcon.colcon_core.event_handler.log_command:Invoking command in '/home/jetson/PycharmProjects/boat_litter_collection/jetson_ws/build/central': PYTHONPATH=/home/jetson/PycharmProjects/boat_litter_collection/jetson_ws/build/central/prefix_override:/home/jetson/PycharmProjects/boat_litter_collection/jetson_ws/install/central/lib/python3.8/site-packages:${PYTHONPATH} /usr/bin/python3 setup.py develop --editable --build-directory /home/jetson/PycharmProjects/boat_litter_collection/jetson_ws/build/central/build --no-deps install_data
[24.867s] DEBUG:colcon.colcon_core.event_handler.log_command:Invoking command in '/home/jetson/PycharmProjects/boat_litter_collection/jetson_ws/build/vision': PYTHONPATH=/home/jetson/PycharmProjects/boat_litter_collection/jetson_ws/build/vision/prefix_override:/home/jetson/PycharmProjects/boat_litter_collection/jetson_ws/install/vision/lib/python3.8/site-packages:${PYTHONPATH} /usr/bin/python3 setup.py develop --editable --build-directory /home/jetson/PycharmProjects/boat_litter_collection/jetson_ws/build/vision/build --no-deps install_data
[27.360s] Level 1:colcon.colcon_core.shell:create_environment_hook('central', 'pythonpath_develop')
[27.362s] DEBUG:colcon.colcon_core.event_handler.log_command:Invoked command in '/home/jetson/PycharmProjects/boat_litter_collection/jetson_ws/build/central' returned '0': PYTHONPATH=/home/jetson/PycharmProjects/boat_litter_collection/jetson_ws/build/central/prefix_override:/home/jetson/PycharmProjects/boat_litter_collection/jetson_ws/install/central/lib/python3.8/site-packages:${PYTHONPATH} /usr/bin/python3 setup.py develop --editable --build-directory /home/jetson/PycharmProjects/boat_litter_collection/jetson_ws/build/central/build --no-deps install_data
[27.605s] INFO:colcon.colcon_core.shell:Creating environment hook '/home/jetson/PycharmProjects/boat_litter_collection/jetson_ws/build/central/share/central/hook/pythonpath_develop.ps1'
[27.608s] INFO:colcon.colcon_core.shell:Creating environment descriptor '/home/jetson/PycharmProjects/boat_litter_collection/jetson_ws/build/central/share/central/hook/pythonpath_develop.dsv'
[27.609s] INFO:colcon.colcon_core.shell:Creating environment hook '/home/jetson/PycharmProjects/boat_litter_collection/jetson_ws/build/central/share/central/hook/pythonpath_develop.sh'
[27.860s] Level 1:colcon.colcon_core.environment:checking '/home/jetson/PycharmProjects/boat_litter_collection/jetson_ws/install/central' for CMake module files
[27.863s] Level 1:colcon.colcon_core.environment:checking '/home/jetson/PycharmProjects/boat_litter_collection/jetson_ws/install/central' for CMake config files
[27.865s] Level 1:colcon.colcon_core.environment:checking '/home/jetson/PycharmProjects/boat_litter_collection/jetson_ws/install/central/lib'
[27.866s] Level 1:colcon.colcon_core.environment:checking '/home/jetson/PycharmProjects/boat_litter_collection/jetson_ws/install/central/bin'
[27.866s] Level 1:colcon.colcon_core.environment:checking '/home/jetson/PycharmProjects/boat_litter_collection/jetson_ws/install/central/lib/pkgconfig/central.pc'
[27.867s] Level 1:colcon.colcon_core.environment:checking '/home/jetson/PycharmProjects/boat_litter_collection/jetson_ws/install/central/lib/python3.8/site-packages'
[27.868s] Level 1:colcon.colcon_core.shell:create_environment_hook('central', 'pythonpath')
[28.089s] INFO:colcon.colcon_core.shell:Creating environment hook '/home/jetson/PycharmProjects/boat_litter_collection/jetson_ws/install/central/share/central/hook/pythonpath.ps1'
[28.091s] INFO:colcon.colcon_core.shell:Creating environment descriptor '/home/jetson/PycharmProjects/boat_litter_collection/jetson_ws/install/central/share/central/hook/pythonpath.dsv'
[28.094s] INFO:colcon.colcon_core.shell:Creating environment hook '/home/jetson/PycharmProjects/boat_litter_collection/jetson_ws/install/central/share/central/hook/pythonpath.sh'
[28.096s] Level 1:colcon.colcon_core.environment:checking '/home/jetson/PycharmProjects/boat_litter_collection/jetson_ws/install/central/bin'
[28.096s] Level 1:colcon.colcon_core.environment:create_environment_scripts_only(central)
[28.324s] INFO:colcon.colcon_core.shell:Creating package script '/home/jetson/PycharmProjects/boat_litter_collection/jetson_ws/install/central/share/central/package.ps1'
[28.332s] INFO:colcon.colcon_core.shell:Creating package descriptor '/home/jetson/PycharmProjects/boat_litter_collection/jetson_ws/install/central/share/central/package.dsv'
[28.336s] INFO:colcon.colcon_core.shell:Creating package script '/home/jetson/PycharmProjects/boat_litter_collection/jetson_ws/install/central/share/central/package.sh'
[28.340s] INFO:colcon.colcon_core.shell:Creating package script '/home/jetson/PycharmProjects/boat_litter_collection/jetson_ws/install/central/share/central/package.bash'
[28.345s] INFO:colcon.colcon_core.shell:Creating package script '/home/jetson/PycharmProjects/boat_litter_collection/jetson_ws/install/central/share/central/package.zsh'
[28.351s] Level 1:colcon.colcon_core.environment:create_file_with_runtime_dependencies(/home/jetson/PycharmProjects/boat_litter_collection/jetson_ws/install/central/share/colcon-core/packages/central)
[28.355s] Level 1:colcon.colcon_core.shell:create_environment_hook('vision', 'pythonpath_develop')
[28.358s] DEBUG:colcon.colcon_core.event_handler.log_command:Invoked command in '/home/jetson/PycharmProjects/boat_litter_collection/jetson_ws/build/vision' returned '0': PYTHONPATH=/home/jetson/PycharmProjects/boat_litter_collection/jetson_ws/build/vision/prefix_override:/home/jetson/PycharmProjects/boat_litter_collection/jetson_ws/install/vision/lib/python3.8/site-packages:${PYTHONPATH} /usr/bin/python3 setup.py develop --editable --build-directory /home/jetson/PycharmProjects/boat_litter_collection/jetson_ws/build/vision/build --no-deps install_data
[28.578s] INFO:colcon.colcon_core.shell:Creating environment hook '/home/jetson/PycharmProjects/boat_litter_collection/jetson_ws/build/vision/share/vision/hook/pythonpath_develop.ps1'
[28.580s] INFO:colcon.colcon_core.shell:Creating environment descriptor '/home/jetson/PycharmProjects/boat_litter_collection/jetson_ws/build/vision/share/vision/hook/pythonpath_develop.dsv'
[28.582s] INFO:colcon.colcon_core.shell:Creating environment hook '/home/jetson/PycharmProjects/boat_litter_collection/jetson_ws/build/vision/share/vision/hook/pythonpath_develop.sh'
[28.852s] Level 1:colcon.colcon_core.environment:checking '/home/jetson/PycharmProjects/boat_litter_collection/jetson_ws/install/vision' for CMake module files
[28.854s] Level 1:colcon.colcon_core.environment:checking '/home/jetson/PycharmProjects/boat_litter_collection/jetson_ws/install/vision' for CMake config files
[28.856s] Level 1:colcon.colcon_core.environment:checking '/home/jetson/PycharmProjects/boat_litter_collection/jetson_ws/install/vision/lib'
[28.857s] Level 1:colcon.colcon_core.environment:checking '/home/jetson/PycharmProjects/boat_litter_collection/jetson_ws/install/vision/bin'
[28.857s] Level 1:colcon.colcon_core.environment:checking '/home/jetson/PycharmProjects/boat_litter_collection/jetson_ws/install/vision/lib/pkgconfig/vision.pc'
[28.858s] Level 1:colcon.colcon_core.environment:checking '/home/jetson/PycharmProjects/boat_litter_collection/jetson_ws/install/vision/lib/python3.8/site-packages'
[28.858s] Level 1:colcon.colcon_core.shell:create_environment_hook('vision', 'pythonpath')
[29.078s] INFO:colcon.colcon_core.shell:Creating environment hook '/home/jetson/PycharmProjects/boat_litter_collection/jetson_ws/install/vision/share/vision/hook/pythonpath.ps1'
[29.080s] INFO:colcon.colcon_core.shell:Creating environment descriptor '/home/jetson/PycharmProjects/boat_litter_collection/jetson_ws/install/vision/share/vision/hook/pythonpath.dsv'
[29.081s] INFO:colcon.colcon_core.shell:Creating environment hook '/home/jetson/PycharmProjects/boat_litter_collection/jetson_ws/install/vision/share/vision/hook/pythonpath.sh'
[29.083s] Level 1:colcon.colcon_core.environment:checking '/home/jetson/PycharmProjects/boat_litter_collection/jetson_ws/install/vision/bin'
[29.083s] Level 1:colcon.colcon_core.environment:create_environment_scripts_only(vision)
[29.300s] INFO:colcon.colcon_core.shell:Creating package script '/home/jetson/PycharmProjects/boat_litter_collection/jetson_ws/install/vision/share/vision/package.ps1'
[29.303s] INFO:colcon.colcon_core.shell:Creating package descriptor '/home/jetson/PycharmProjects/boat_litter_collection/jetson_ws/install/vision/share/vision/package.dsv'
[29.305s] INFO:colcon.colcon_core.shell:Creating package script '/home/jetson/PycharmProjects/boat_litter_collection/jetson_ws/install/vision/share/vision/package.sh'
[29.307s] INFO:colcon.colcon_core.shell:Creating package script '/home/jetson/PycharmProjects/boat_litter_collection/jetson_ws/install/vision/share/vision/package.bash'
[29.308s] INFO:colcon.colcon_core.shell:Creating package script '/home/jetson/PycharmProjects/boat_litter_collection/jetson_ws/install/vision/share/vision/package.zsh'
[29.309s] Level 1:colcon.colcon_core.environment:create_file_with_runtime_dependencies(/home/jetson/PycharmProjects/boat_litter_collection/jetson_ws/install/vision/share/colcon-core/packages/vision)
[29.310s] DEBUG:colcon.colcon_parallel_executor.executor.parallel:closing loop
[29.311s] DEBUG:colcon.colcon_parallel_executor.executor.parallel:loop closed
[29.311s] DEBUG:colcon.colcon_parallel_executor.executor.parallel:run_until_complete finished with '0'
[29.312s] DEBUG:colcon.colcon_core.event_reactor:joining thread
[29.571s] INFO:colcon.colcon_core.plugin_system:Skipping extension 'colcon_notification.desktop_notification.terminal_notifier': Not used on non-Darwin systems
[29.572s] INFO:colcon.colcon_core.plugin_system:Skipping extension 'colcon_notification.desktop_notification.win32': Not used on non-Windows systems
[29.572s] INFO:colcon.colcon_notification.desktop_notification:Sending desktop notification using 'notify2'
[29.919s] DEBUG:colcon.colcon_core.event_reactor:joined thread
[30.164s] INFO:colcon.colcon_core.shell:Creating prefix script '/home/jetson/PycharmProjects/boat_litter_collection/jetson_ws/install/local_setup.ps1'
[30.172s] INFO:colcon.colcon_core.shell:Creating prefix util module '/home/jetson/PycharmProjects/boat_litter_collection/jetson_ws/install/_local_setup_util_ps1.py'
[30.181s] INFO:colcon.colcon_core.shell:Creating prefix chain script '/home/jetson/PycharmProjects/boat_litter_collection/jetson_ws/install/setup.ps1'
[30.399s] INFO:colcon.colcon_core.shell:Creating prefix script '/home/jetson/PycharmProjects/boat_litter_collection/jetson_ws/install/local_setup.sh'
[30.404s] INFO:colcon.colcon_core.shell:Creating prefix util module '/home/jetson/PycharmProjects/boat_litter_collection/jetson_ws/install/_local_setup_util_sh.py'
[30.406s] INFO:colcon.colcon_core.shell:Creating prefix chain script '/home/jetson/PycharmProjects/boat_litter_collection/jetson_ws/install/setup.sh'
[30.632s] INFO:colcon.colcon_core.shell:Creating prefix script '/home/jetson/PycharmProjects/boat_litter_collection/jetson_ws/install/local_setup.bash'
[30.634s] INFO:colcon.colcon_core.shell:Creating prefix chain script '/home/jetson/PycharmProjects/boat_litter_collection/jetson_ws/install/setup.bash'
[30.857s] INFO:colcon.colcon_core.shell:Creating prefix script '/home/jetson/PycharmProjects/boat_litter_collection/jetson_ws/install/local_setup.zsh'
[30.860s] INFO:colcon.colcon_core.shell:Creating prefix chain script '/home/jetson/PycharmProjects/boat_litter_collection/jetson_ws/install/setup.zsh'
