[12.834s] DEBUG:colcon:Command line arguments: ['/usr/bin/colcon', 'build', '--packages-select', 'custom_msgs']
[12.835s] DEBUG:colcon:Parsed command line arguments: Namespace(allow_overriding=[], ament_cmake_args=None, base_paths=['.'], build_base='build', catkin_cmake_args=None, catkin_skip_building_tests=False, cmake_args=None, cmake_clean_cache=False, cmake_clean_first=False, cmake_force_configure=False, cmake_target=None, cmake_target_skip_unavailable=False, continue_on_error=False, event_handlers=None, executor='parallel', ignore_user_meta=False, install_base='install', log_base=None, log_level=None, main=<bound method BuildVerb.main of <colcon_core.verb.build.BuildVerb object at 0x7fa8629760>>, merge_install=False, metas=['./colcon.meta'], packages_above=None, packages_above_and_dependencies=None, packages_above_depth=None, packages_end=None, packages_ignore=None, packages_ignore_regex=None, packages_select=['custom_msgs'], packages_select_build_failed=False, packages_select_by_dep=None, packages_select_regex=None, packages_select_test_failures=False, packages_skip=None, packages_skip_build_finished=False, packages_skip_by_dep=None, packages_skip_regex=None, packages_skip_test_passed=False, packages_skip_up_to=None, packages_start=None, packages_up_to=None, packages_up_to_regex=None, parallel_workers=4, paths=None, symlink_install=False, test_result_base=None, verb_extension=<colcon_core.verb.build.BuildVerb object at 0x7fa8629760>, verb_name='build', verb_parser=<colcon_defaults.argument_parser.defaults.DefaultArgumentsDecorator object at 0x7fa8629160>)
[13.329s] Level 1:colcon.colcon_core.package_discovery:discover_packages(colcon_meta) check parameters
[13.331s] Level 1:colcon.colcon_core.package_discovery:discover_packages(recursive) check parameters
[13.334s] Level 1:colcon.colcon_core.package_discovery:discover_packages(ignore) check parameters
[13.334s] Level 1:colcon.colcon_core.package_discovery:discover_packages(path) check parameters
[13.334s] Level 1:colcon.colcon_core.package_discovery:discover_packages(colcon_meta) discover
[13.335s] Level 1:colcon.colcon_core.package_discovery:discover_packages(recursive) discover
[13.335s] INFO:colcon.colcon_core.package_discovery:Crawling recursively for packages in '/home/jetson/PycharmProjects/boat_litter_collection/jetson_ws'
[13.335s] Level 1:colcon.colcon_core.package_identification:_identify(.) by extensions ['ignore', 'ignore_ament_install']
[13.336s] Level 1:colcon.colcon_core.package_identification:_identify(.) by extension 'ignore'
[13.336s] Level 1:colcon.colcon_core.package_identification:_identify(.) by extension 'ignore_ament_install'
[13.336s] Level 1:colcon.colcon_core.package_identification:_identify(.) by extensions ['colcon_pkg']
[13.337s] Level 1:colcon.colcon_core.package_identification:_identify(.) by extension 'colcon_pkg'
[13.337s] Level 1:colcon.colcon_core.package_identification:_identify(.) by extensions ['colcon_meta']
[13.337s] Level 1:colcon.colcon_core.package_identification:_identify(.) by extension 'colcon_meta'
[13.337s] Level 1:colcon.colcon_core.package_identification:_identify(.) by extensions ['ros']
[13.337s] Level 1:colcon.colcon_core.package_identification:_identify(.) by extension 'ros'
[13.386s] Level 1:colcon.colcon_core.package_identification:_identify(.) by extensions ['cmake', 'python']
[13.386s] Level 1:colcon.colcon_core.package_identification:_identify(.) by extension 'cmake'
[13.387s] Level 1:colcon.colcon_core.package_identification:_identify(.) by extension 'python'
[13.387s] Level 1:colcon.colcon_core.package_identification:_identify(.) by extensions ['python_setup_py']
[13.387s] Level 1:colcon.colcon_core.package_identification:_identify(.) by extension 'python_setup_py'
[13.388s] Level 1:colcon.colcon_core.package_identification:_identify(build) by extensions ['ignore', 'ignore_ament_install']
[13.388s] Level 1:colcon.colcon_core.package_identification:_identify(build) by extension 'ignore'
[13.388s] Level 1:colcon.colcon_core.package_identification:_identify(build) ignored
[13.389s] Level 1:colcon.colcon_core.package_identification:_identify(install) by extensions ['ignore', 'ignore_ament_install']
[13.389s] Level 1:colcon.colcon_core.package_identification:_identify(install) by extension 'ignore'
[13.389s] Level 1:colcon.colcon_core.package_identification:_identify(install) ignored
[13.390s] Level 1:colcon.colcon_core.package_identification:_identify(log) by extensions ['ignore', 'ignore_ament_install']
[13.390s] Level 1:colcon.colcon_core.package_identification:_identify(log) by extension 'ignore'
[13.390s] Level 1:colcon.colcon_core.package_identification:_identify(log) ignored
[13.391s] Level 1:colcon.colcon_core.package_identification:_identify(src) by extensions ['ignore', 'ignore_ament_install']
[13.391s] Level 1:colcon.colcon_core.package_identification:_identify(src) by extension 'ignore'
[13.391s] Level 1:colcon.colcon_core.package_identification:_identify(src) by extension 'ignore_ament_install'
[13.391s] Level 1:colcon.colcon_core.package_identification:_identify(src) by extensions ['colcon_pkg']
[13.392s] Level 1:colcon.colcon_core.package_identification:_identify(src) by extension 'colcon_pkg'
[13.392s] Level 1:colcon.colcon_core.package_identification:_identify(src) by extensions ['colcon_meta']
[13.392s] Level 1:colcon.colcon_core.package_identification:_identify(src) by extension 'colcon_meta'
[13.392s] Level 1:colcon.colcon_core.package_identification:_identify(src) by extensions ['ros']
[13.393s] Level 1:colcon.colcon_core.package_identification:_identify(src) by extension 'ros'
[13.393s] Level 1:colcon.colcon_core.package_identification:_identify(src) by extensions ['cmake', 'python']
[13.393s] Level 1:colcon.colcon_core.package_identification:_identify(src) by extension 'cmake'
[13.393s] Level 1:colcon.colcon_core.package_identification:_identify(src) by extension 'python'
[13.393s] Level 1:colcon.colcon_core.package_identification:_identify(src) by extensions ['python_setup_py']
[13.394s] Level 1:colcon.colcon_core.package_identification:_identify(src) by extension 'python_setup_py'
[13.394s] Level 1:colcon.colcon_core.package_identification:_identify(src/central) by extensions ['ignore', 'ignore_ament_install']
[13.395s] Level 1:colcon.colcon_core.package_identification:_identify(src/central) by extension 'ignore'
[13.395s] Level 1:colcon.colcon_core.package_identification:_identify(src/central) by extension 'ignore_ament_install'
[13.395s] Level 1:colcon.colcon_core.package_identification:_identify(src/central) by extensions ['colcon_pkg']
[13.395s] Level 1:colcon.colcon_core.package_identification:_identify(src/central) by extension 'colcon_pkg'
[13.395s] Level 1:colcon.colcon_core.package_identification:_identify(src/central) by extensions ['colcon_meta']
[13.395s] Level 1:colcon.colcon_core.package_identification:_identify(src/central) by extension 'colcon_meta'
[13.396s] Level 1:colcon.colcon_core.package_identification:_identify(src/central) by extensions ['ros']
[13.396s] Level 1:colcon.colcon_core.package_identification:_identify(src/central) by extension 'ros'
[13.405s] DEBUG:colcon.colcon_core.package_identification:Package 'src/central' with type 'ros.ament_python' and name 'central'
[13.406s] Level 1:colcon.colcon_core.package_identification:_identify(src/custom_msgs) by extensions ['ignore', 'ignore_ament_install']
[13.407s] Level 1:colcon.colcon_core.package_identification:_identify(src/custom_msgs) by extension 'ignore'
[13.407s] Level 1:colcon.colcon_core.package_identification:_identify(src/custom_msgs) by extension 'ignore_ament_install'
[13.407s] Level 1:colcon.colcon_core.package_identification:_identify(src/custom_msgs) by extensions ['colcon_pkg']
[13.408s] Level 1:colcon.colcon_core.package_identification:_identify(src/custom_msgs) by extension 'colcon_pkg'
[13.408s] Level 1:colcon.colcon_core.package_identification:_identify(src/custom_msgs) by extensions ['colcon_meta']
[13.408s] Level 1:colcon.colcon_core.package_identification:_identify(src/custom_msgs) by extension 'colcon_meta'
[13.408s] Level 1:colcon.colcon_core.package_identification:_identify(src/custom_msgs) by extensions ['ros']
[13.409s] Level 1:colcon.colcon_core.package_identification:_identify(src/custom_msgs) by extension 'ros'
[13.411s] DEBUG:colcon.colcon_core.package_identification:Package 'src/custom_msgs' with type 'ros.ament_cmake' and name 'custom_msgs'
[13.411s] Level 1:colcon.colcon_core.package_identification:_identify(src/vision) by extensions ['ignore', 'ignore_ament_install']
[13.412s] Level 1:colcon.colcon_core.package_identification:_identify(src/vision) by extension 'ignore'
[13.412s] Level 1:colcon.colcon_core.package_identification:_identify(src/vision) by extension 'ignore_ament_install'
[13.412s] Level 1:colcon.colcon_core.package_identification:_identify(src/vision) by extensions ['colcon_pkg']
[13.413s] Level 1:colcon.colcon_core.package_identification:_identify(src/vision) by extension 'colcon_pkg'
[13.413s] Level 1:colcon.colcon_core.package_identification:_identify(src/vision) by extensions ['colcon_meta']
[13.413s] Level 1:colcon.colcon_core.package_identification:_identify(src/vision) by extension 'colcon_meta'
[13.413s] Level 1:colcon.colcon_core.package_identification:_identify(src/vision) by extensions ['ros']
[13.413s] Level 1:colcon.colcon_core.package_identification:_identify(src/vision) by extension 'ros'
[13.416s] DEBUG:colcon.colcon_core.package_identification:Package 'src/vision' with type 'ros.ament_python' and name 'vision'
[13.416s] Level 1:colcon.colcon_core.package_discovery:discover_packages(recursive) using defaults
[13.416s] Level 1:colcon.colcon_core.package_discovery:discover_packages(ignore) discover
[13.416s] Level 1:colcon.colcon_core.package_discovery:discover_packages(ignore) using defaults
[13.416s] Level 1:colcon.colcon_core.package_discovery:discover_packages(path) discover
[13.416s] Level 1:colcon.colcon_core.package_discovery:discover_packages(path) using defaults
[14.188s] INFO:colcon.colcon_core.package_selection:Skipping not selected package 'central' in 'src/central'
[14.188s] INFO:colcon.colcon_core.package_selection:Skipping not selected package 'vision' in 'src/vision'
[14.616s] Level 1:colcon.colcon_core.package_discovery:discover_packages(prefix_path) check parameters
[14.616s] Level 1:colcon.colcon_core.package_discovery:discover_packages(prefix_path) discover
[14.834s] WARNING:colcon.colcon_core.prefix_path.colcon:The path '/home/jetson/PycharmProjects/boat_litter_collection/jetson_ws/src/install' in the environment variable COLCON_PREFIX_PATH doesn't exist
[14.835s] WARNING:colcon.colcon_ros.prefix_path.ament:The path '/home/jetson/PycharmProjects/boat_litter_collection/jetson_ws/install/vision' in the environment variable AMENT_PREFIX_PATH doesn't exist
[14.835s] WARNING:colcon.colcon_ros.prefix_path.ament:The path '/home/jetson/PycharmProjects/boat_litter_collection/jetson_ws/install/central' in the environment variable AMENT_PREFIX_PATH doesn't exist
[14.835s] WARNING:colcon.colcon_ros.prefix_path.ament:The path '/home/jetson/PycharmProjects/boat_litter_collection/jetson_ws/src/install/vision' in the environment variable AMENT_PREFIX_PATH doesn't exist
[14.835s] WARNING:colcon.colcon_ros.prefix_path.ament:The path '/home/jetson/PycharmProjects/boat_litter_collection/jetson_ws/src/install/central' in the environment variable AMENT_PREFIX_PATH doesn't exist
[14.835s] WARNING:colcon.colcon_ros.prefix_path.ament:The path '/home/jetson/PycharmProjects/boat_litter_collection/jetson_ws/src/install/custom_msgs' in the environment variable AMENT_PREFIX_PATH doesn't exist
[14.836s] WARNING:colcon.colcon_ros.prefix_path.catkin:The path '/home/jetson/PycharmProjects/boat_litter_collection/jetson_ws/src/install/custom_msgs' in the environment variable CMAKE_PREFIX_PATH doesn't exist
[15.062s] DEBUG:colcon.colcon_installed_package_information.package_discovery:Found 1 installed packages in /home/jetson/PycharmProjects/boat_litter_collection/jetson_ws/install
[15.282s] DEBUG:colcon.colcon_installed_package_information.package_discovery:Found 259 installed packages in /opt/ros/foxy
[15.290s] Level 1:colcon.colcon_core.package_discovery:discover_packages(prefix_path) using defaults
[16.137s] Level 5:colcon.colcon_core.verb:set package 'custom_msgs' build argument 'cmake_args' from command line to 'None'
[16.137s] Level 5:colcon.colcon_core.verb:set package 'custom_msgs' build argument 'cmake_target' from command line to 'None'
[16.138s] Level 5:colcon.colcon_core.verb:set package 'custom_msgs' build argument 'cmake_target_skip_unavailable' from command line to 'False'
[16.138s] Level 5:colcon.colcon_core.verb:set package 'custom_msgs' build argument 'cmake_clean_cache' from command line to 'False'
[16.138s] Level 5:colcon.colcon_core.verb:set package 'custom_msgs' build argument 'cmake_clean_first' from command line to 'False'
[16.138s] Level 5:colcon.colcon_core.verb:set package 'custom_msgs' build argument 'cmake_force_configure' from command line to 'False'
[16.138s] Level 5:colcon.colcon_core.verb:set package 'custom_msgs' build argument 'ament_cmake_args' from command line to 'None'
[16.138s] Level 5:colcon.colcon_core.verb:set package 'custom_msgs' build argument 'catkin_cmake_args' from command line to 'None'
[16.138s] Level 5:colcon.colcon_core.verb:set package 'custom_msgs' build argument 'catkin_skip_building_tests' from command line to 'False'
[16.138s] DEBUG:colcon.colcon_core.verb:Building package 'custom_msgs' with the following arguments: {'ament_cmake_args': None, 'build_base': '/home/jetson/PycharmProjects/boat_litter_collection/jetson_ws/build/custom_msgs', 'catkin_cmake_args': None, 'catkin_skip_building_tests': False, 'cmake_args': None, 'cmake_clean_cache': False, 'cmake_clean_first': False, 'cmake_force_configure': False, 'cmake_target': None, 'cmake_target_skip_unavailable': False, 'install_base': '/home/jetson/PycharmProjects/boat_litter_collection/jetson_ws/install/custom_msgs', 'merge_install': False, 'path': '/home/jetson/PycharmProjects/boat_litter_collection/jetson_ws/src/custom_msgs', 'symlink_install': False, 'test_result_base': None}
[16.354s] INFO:colcon.colcon_core.executor:Executing jobs using 'parallel' executor
[16.571s] DEBUG:colcon.colcon_parallel_executor.executor.parallel:run_until_complete
[16.572s] INFO:colcon.colcon_ros.task.ament_cmake.build:Building ROS package in '/home/jetson/PycharmProjects/boat_litter_collection/jetson_ws/src/custom_msgs' with build type 'ament_cmake'
[16.572s] INFO:colcon.colcon_cmake.task.cmake.build:Building CMake package in '/home/jetson/PycharmProjects/boat_litter_collection/jetson_ws/src/custom_msgs'
[16.815s] INFO:colcon.colcon_core.plugin_system:Skipping extension 'colcon_core.shell.bat': Not used on non-Windows systems
[16.816s] INFO:colcon.colcon_core.shell:Skip shell extension 'powershell' for command environment: Not usable outside of PowerShell
[16.816s] DEBUG:colcon.colcon_core.shell:Skip shell extension 'dsv' for command environment
[17.541s] DEBUG:colcon.colcon_core.event_handler.log_command:Invoking command in '/home/jetson/PycharmProjects/boat_litter_collection/jetson_ws/build/custom_msgs': CMAKE_PREFIX_PATH=${CMAKE_PREFIX_PATH}:/home/jetson/PycharmProjects/boat_litter_collection/jetson_ws/install/vision:/home/jetson/PycharmProjects/boat_litter_collection/jetson_ws/install/central:/home/jetson/PycharmProjects/boat_litter_collection/jetson_ws/src/install/vision:/home/jetson/PycharmProjects/boat_litter_collection/jetson_ws/src/install/central:/opt/ros/foxy /usr/bin/cmake --build /home/jetson/PycharmProjects/boat_litter_collection/jetson_ws/build/custom_msgs -- -j4 -l4
[36.622s] DEBUG:colcon.colcon_core.event_handler.log_command:Invoked command in '/home/jetson/PycharmProjects/boat_litter_collection/jetson_ws/build/custom_msgs' returned '0': CMAKE_PREFIX_PATH=${CMAKE_PREFIX_PATH}:/home/jetson/PycharmProjects/boat_litter_collection/jetson_ws/install/vision:/home/jetson/PycharmProjects/boat_litter_collection/jetson_ws/install/central:/home/jetson/PycharmProjects/boat_litter_collection/jetson_ws/src/install/vision:/home/jetson/PycharmProjects/boat_litter_collection/jetson_ws/src/install/central:/opt/ros/foxy /usr/bin/cmake --build /home/jetson/PycharmProjects/boat_litter_collection/jetson_ws/build/custom_msgs -- -j4 -l4
[36.938s] DEBUG:colcon.colcon_core.event_handler.log_command:Invoking command in '/home/jetson/PycharmProjects/boat_litter_collection/jetson_ws/build/custom_msgs': CMAKE_PREFIX_PATH=${CMAKE_PREFIX_PATH}:/home/jetson/PycharmProjects/boat_litter_collection/jetson_ws/install/vision:/home/jetson/PycharmProjects/boat_litter_collection/jetson_ws/install/central:/home/jetson/PycharmProjects/boat_litter_collection/jetson_ws/src/install/vision:/home/jetson/PycharmProjects/boat_litter_collection/jetson_ws/src/install/central:/opt/ros/foxy /usr/bin/cmake --install /home/jetson/PycharmProjects/boat_litter_collection/jetson_ws/build/custom_msgs
[37.213s] Level 1:colcon.colcon_core.environment:create_environment_scripts_only(custom_msgs)
[37.215s] DEBUG:colcon.colcon_core.event_handler.log_command:Invoked command in '/home/jetson/PycharmProjects/boat_litter_collection/jetson_ws/build/custom_msgs' returned '0': CMAKE_PREFIX_PATH=${CMAKE_PREFIX_PATH}:/home/jetson/PycharmProjects/boat_litter_collection/jetson_ws/install/vision:/home/jetson/PycharmProjects/boat_litter_collection/jetson_ws/install/central:/home/jetson/PycharmProjects/boat_litter_collection/jetson_ws/src/install/vision:/home/jetson/PycharmProjects/boat_litter_collection/jetson_ws/src/install/central:/opt/ros/foxy /usr/bin/cmake --install /home/jetson/PycharmProjects/boat_litter_collection/jetson_ws/build/custom_msgs
[37.449s] Level 1:colcon.colcon_core.environment:checking '/home/jetson/PycharmProjects/boat_litter_collection/jetson_ws/install/custom_msgs' for CMake module files
[37.453s] Level 1:colcon.colcon_core.environment:checking '/home/jetson/PycharmProjects/boat_litter_collection/jetson_ws/install/custom_msgs' for CMake config files
[37.455s] Level 1:colcon.colcon_core.shell:create_environment_hook('custom_msgs', 'cmake_prefix_path')
[37.677s] INFO:colcon.colcon_core.shell:Creating environment hook '/home/jetson/PycharmProjects/boat_litter_collection/jetson_ws/install/custom_msgs/share/custom_msgs/hook/cmake_prefix_path.ps1'
[37.681s] INFO:colcon.colcon_core.shell:Creating environment descriptor '/home/jetson/PycharmProjects/boat_litter_collection/jetson_ws/install/custom_msgs/share/custom_msgs/hook/cmake_prefix_path.dsv'
[37.683s] INFO:colcon.colcon_core.shell:Creating environment hook '/home/jetson/PycharmProjects/boat_litter_collection/jetson_ws/install/custom_msgs/share/custom_msgs/hook/cmake_prefix_path.sh'
[37.687s] Level 1:colcon.colcon_core.environment:checking '/home/jetson/PycharmProjects/boat_litter_collection/jetson_ws/install/custom_msgs/lib'
[37.688s] Level 1:colcon.colcon_core.shell:create_environment_hook('custom_msgs', 'ld_library_path_lib')
[37.911s] INFO:colcon.colcon_core.shell:Creating environment hook '/home/jetson/PycharmProjects/boat_litter_collection/jetson_ws/install/custom_msgs/share/custom_msgs/hook/ld_library_path_lib.ps1'
[37.914s] INFO:colcon.colcon_core.shell:Creating environment descriptor '/home/jetson/PycharmProjects/boat_litter_collection/jetson_ws/install/custom_msgs/share/custom_msgs/hook/ld_library_path_lib.dsv'
[37.916s] INFO:colcon.colcon_core.shell:Creating environment hook '/home/jetson/PycharmProjects/boat_litter_collection/jetson_ws/install/custom_msgs/share/custom_msgs/hook/ld_library_path_lib.sh'
[37.917s] Level 1:colcon.colcon_core.environment:checking '/home/jetson/PycharmProjects/boat_litter_collection/jetson_ws/install/custom_msgs/bin'
[37.917s] Level 1:colcon.colcon_core.environment:checking '/home/jetson/PycharmProjects/boat_litter_collection/jetson_ws/install/custom_msgs/lib/pkgconfig/custom_msgs.pc'
[37.919s] Level 1:colcon.colcon_core.environment:checking '/home/jetson/PycharmProjects/boat_litter_collection/jetson_ws/install/custom_msgs/lib/python3.8/site-packages'
[37.919s] Level 1:colcon.colcon_core.shell:create_environment_hook('custom_msgs', 'pythonpath')
[38.145s] INFO:colcon.colcon_core.shell:Creating environment hook '/home/jetson/PycharmProjects/boat_litter_collection/jetson_ws/install/custom_msgs/share/custom_msgs/hook/pythonpath.ps1'
[38.148s] INFO:colcon.colcon_core.shell:Creating environment descriptor '/home/jetson/PycharmProjects/boat_litter_collection/jetson_ws/install/custom_msgs/share/custom_msgs/hook/pythonpath.dsv'
[38.149s] INFO:colcon.colcon_core.shell:Creating environment hook '/home/jetson/PycharmProjects/boat_litter_collection/jetson_ws/install/custom_msgs/share/custom_msgs/hook/pythonpath.sh'
[38.151s] Level 1:colcon.colcon_core.environment:checking '/home/jetson/PycharmProjects/boat_litter_collection/jetson_ws/install/custom_msgs/bin'
[38.376s] INFO:colcon.colcon_core.shell:Creating package script '/home/jetson/PycharmProjects/boat_litter_collection/jetson_ws/install/custom_msgs/share/custom_msgs/package.ps1'
[38.380s] INFO:colcon.colcon_core.shell:Creating package descriptor '/home/jetson/PycharmProjects/boat_litter_collection/jetson_ws/install/custom_msgs/share/custom_msgs/package.dsv'
[38.383s] INFO:colcon.colcon_core.shell:Creating package script '/home/jetson/PycharmProjects/boat_litter_collection/jetson_ws/install/custom_msgs/share/custom_msgs/package.sh'
[38.386s] INFO:colcon.colcon_core.shell:Creating package script '/home/jetson/PycharmProjects/boat_litter_collection/jetson_ws/install/custom_msgs/share/custom_msgs/package.bash'
[38.389s] INFO:colcon.colcon_core.shell:Creating package script '/home/jetson/PycharmProjects/boat_litter_collection/jetson_ws/install/custom_msgs/share/custom_msgs/package.zsh'
[38.392s] Level 1:colcon.colcon_core.environment:create_file_with_runtime_dependencies(/home/jetson/PycharmProjects/boat_litter_collection/jetson_ws/install/custom_msgs/share/colcon-core/packages/custom_msgs)
[38.895s] Level 1:colcon.colcon_core.environment:create_environment_scripts_only(custom_msgs)
[39.119s] Level 1:colcon.colcon_core.environment:checking '/home/jetson/PycharmProjects/boat_litter_collection/jetson_ws/install/custom_msgs' for CMake module files
[39.122s] Level 1:colcon.colcon_core.environment:checking '/home/jetson/PycharmProjects/boat_litter_collection/jetson_ws/install/custom_msgs' for CMake config files
[39.125s] Level 1:colcon.colcon_core.shell:create_environment_hook('custom_msgs', 'cmake_prefix_path')
[39.345s] INFO:colcon.colcon_core.shell:Creating environment hook '/home/jetson/PycharmProjects/boat_litter_collection/jetson_ws/install/custom_msgs/share/custom_msgs/hook/cmake_prefix_path.ps1'
[39.347s] INFO:colcon.colcon_core.shell:Creating environment descriptor '/home/jetson/PycharmProjects/boat_litter_collection/jetson_ws/install/custom_msgs/share/custom_msgs/hook/cmake_prefix_path.dsv'
[39.349s] INFO:colcon.colcon_core.shell:Creating environment hook '/home/jetson/PycharmProjects/boat_litter_collection/jetson_ws/install/custom_msgs/share/custom_msgs/hook/cmake_prefix_path.sh'
[39.351s] Level 1:colcon.colcon_core.environment:checking '/home/jetson/PycharmProjects/boat_litter_collection/jetson_ws/install/custom_msgs/lib'
[39.351s] Level 1:colcon.colcon_core.shell:create_environment_hook('custom_msgs', 'ld_library_path_lib')
[39.575s] INFO:colcon.colcon_core.shell:Creating environment hook '/home/jetson/PycharmProjects/boat_litter_collection/jetson_ws/install/custom_msgs/share/custom_msgs/hook/ld_library_path_lib.ps1'
[39.578s] INFO:colcon.colcon_core.shell:Creating environment descriptor '/home/jetson/PycharmProjects/boat_litter_collection/jetson_ws/install/custom_msgs/share/custom_msgs/hook/ld_library_path_lib.dsv'
[39.580s] INFO:colcon.colcon_core.shell:Creating environment hook '/home/jetson/PycharmProjects/boat_litter_collection/jetson_ws/install/custom_msgs/share/custom_msgs/hook/ld_library_path_lib.sh'
[39.581s] Level 1:colcon.colcon_core.environment:checking '/home/jetson/PycharmProjects/boat_litter_collection/jetson_ws/install/custom_msgs/bin'
[39.581s] Level 1:colcon.colcon_core.environment:checking '/home/jetson/PycharmProjects/boat_litter_collection/jetson_ws/install/custom_msgs/lib/pkgconfig/custom_msgs.pc'
[39.582s] Level 1:colcon.colcon_core.environment:checking '/home/jetson/PycharmProjects/boat_litter_collection/jetson_ws/install/custom_msgs/lib/python3.8/site-packages'
[39.583s] Level 1:colcon.colcon_core.shell:create_environment_hook('custom_msgs', 'pythonpath')
[39.805s] INFO:colcon.colcon_core.shell:Creating environment hook '/home/jetson/PycharmProjects/boat_litter_collection/jetson_ws/install/custom_msgs/share/custom_msgs/hook/pythonpath.ps1'
[39.807s] INFO:colcon.colcon_core.shell:Creating environment descriptor '/home/jetson/PycharmProjects/boat_litter_collection/jetson_ws/install/custom_msgs/share/custom_msgs/hook/pythonpath.dsv'
[39.809s] INFO:colcon.colcon_core.shell:Creating environment hook '/home/jetson/PycharmProjects/boat_litter_collection/jetson_ws/install/custom_msgs/share/custom_msgs/hook/pythonpath.sh'
[39.811s] Level 1:colcon.colcon_core.environment:checking '/home/jetson/PycharmProjects/boat_litter_collection/jetson_ws/install/custom_msgs/bin'
[40.041s] INFO:colcon.colcon_core.shell:Creating package script '/home/jetson/PycharmProjects/boat_litter_collection/jetson_ws/install/custom_msgs/share/custom_msgs/package.ps1'
[40.044s] INFO:colcon.colcon_core.shell:Creating package descriptor '/home/jetson/PycharmProjects/boat_litter_collection/jetson_ws/install/custom_msgs/share/custom_msgs/package.dsv'
[40.046s] INFO:colcon.colcon_core.shell:Creating package script '/home/jetson/PycharmProjects/boat_litter_collection/jetson_ws/install/custom_msgs/share/custom_msgs/package.sh'
[40.048s] INFO:colcon.colcon_core.shell:Creating package script '/home/jetson/PycharmProjects/boat_litter_collection/jetson_ws/install/custom_msgs/share/custom_msgs/package.bash'
[40.050s] INFO:colcon.colcon_core.shell:Creating package script '/home/jetson/PycharmProjects/boat_litter_collection/jetson_ws/install/custom_msgs/share/custom_msgs/package.zsh'
[40.052s] Level 1:colcon.colcon_core.environment:create_file_with_runtime_dependencies(/home/jetson/PycharmProjects/boat_litter_collection/jetson_ws/install/custom_msgs/share/colcon-core/packages/custom_msgs)
[40.053s] DEBUG:colcon.colcon_parallel_executor.executor.parallel:closing loop
[40.054s] DEBUG:colcon.colcon_parallel_executor.executor.parallel:loop closed
[40.055s] DEBUG:colcon.colcon_parallel_executor.executor.parallel:run_until_complete finished with '0'
[40.055s] DEBUG:colcon.colcon_core.event_reactor:joining thread
[40.301s] INFO:colcon.colcon_core.plugin_system:Skipping extension 'colcon_notification.desktop_notification.terminal_notifier': Not used on non-Darwin systems
[40.301s] INFO:colcon.colcon_core.plugin_system:Skipping extension 'colcon_notification.desktop_notification.win32': Not used on non-Windows systems
[40.301s] INFO:colcon.colcon_notification.desktop_notification:Sending desktop notification using 'notify2'
[40.359s] DEBUG:colcon.colcon_core.event_reactor:joined thread
[40.604s] INFO:colcon.colcon_core.shell:Creating prefix script '/home/jetson/PycharmProjects/boat_litter_collection/jetson_ws/install/local_setup.ps1'
[40.607s] INFO:colcon.colcon_core.shell:Creating prefix util module '/home/jetson/PycharmProjects/boat_litter_collection/jetson_ws/install/_local_setup_util_ps1.py'
[40.613s] INFO:colcon.colcon_core.shell:Creating prefix chain script '/home/jetson/PycharmProjects/boat_litter_collection/jetson_ws/install/setup.ps1'
[40.834s] INFO:colcon.colcon_core.shell:Creating prefix script '/home/jetson/PycharmProjects/boat_litter_collection/jetson_ws/install/local_setup.sh'
[40.836s] INFO:colcon.colcon_core.shell:Creating prefix util module '/home/jetson/PycharmProjects/boat_litter_collection/jetson_ws/install/_local_setup_util_sh.py'
[40.838s] INFO:colcon.colcon_core.shell:Creating prefix chain script '/home/jetson/PycharmProjects/boat_litter_collection/jetson_ws/install/setup.sh'
[41.060s] INFO:colcon.colcon_core.shell:Creating prefix script '/home/jetson/PycharmProjects/boat_litter_collection/jetson_ws/install/local_setup.bash'
[41.062s] INFO:colcon.colcon_core.shell:Creating prefix chain script '/home/jetson/PycharmProjects/boat_litter_collection/jetson_ws/install/setup.bash'
[41.281s] INFO:colcon.colcon_core.shell:Creating prefix script '/home/jetson/PycharmProjects/boat_litter_collection/jetson_ws/install/local_setup.zsh'
[41.283s] INFO:colcon.colcon_core.shell:Creating prefix chain script '/home/jetson/PycharmProjects/boat_litter_collection/jetson_ws/install/setup.zsh'
