[4.468s] Invoking command in '/home/kaloyan/PycharmProjects/boat_litter_collection/raspberry_ws/build/central': PYTHONPATH=/home/kaloyan/PycharmProjects/boat_litter_collection/raspberry_ws/build/central/prefix_override:/home/kaloyan/PycharmProjects/boat_litter_collection/raspberry_ws/install/central/lib/python3.10/site-packages:${PYTHONPATH} /usr/bin/python3 setup.py develop --editable --build-directory /home/kaloyan/PycharmProjects/boat_litter_collection/raspberry_ws/build/central/build --no-deps install_data
[5.721s] /usr/lib/python3/dist-packages/setuptools/dist.py:723: UserWarning: Usage of dash-separated 'script-dir' will not be supported in future versions. Please use the underscore name 'script_dir' instead
[5.721s]   warnings.warn(
[5.843s] running develop
[5.844s] /usr/lib/python3/dist-packages/setuptools/command/easy_install.py:158: EasyInstallDeprecationWarning: easy_install command is deprecated. Use build and pip and other standards-based tools.
[5.845s]   warnings.warn(
[5.850s] /usr/lib/python3/dist-packages/setuptools/command/install.py:34: SetuptoolsDeprecationWarning: setup.py install is deprecated. Use build and pip and other standards-based tools.
[5.851s]   warnings.warn(
[7.218s] running egg_info
[7.219s] writing central.egg-info/PKG-INFO
[7.221s] writing dependency_links to central.egg-info/dependency_links.txt
[7.222s] writing entry points to central.egg-info/entry_points.txt
[7.223s] writing requirements to central.egg-info/requires.txt
[7.224s] writing top-level names to central.egg-info/top_level.txt
[7.232s] reading manifest file 'central.egg-info/SOURCES.txt'
[7.235s] writing manifest file 'central.egg-info/SOURCES.txt'
[7.241s] running build_ext
[7.242s] Creating /home/kaloyan/PycharmProjects/boat_litter_collection/raspberry_ws/install/central/lib/python3.10/site-packages/central.egg-link (link to .)
[7.246s] Installing central script to /home/kaloyan/PycharmProjects/boat_litter_collection/raspberry_ws/install/central/lib/central
[7.247s] 
[7.247s] Installed /home/kaloyan/PycharmProjects/boat_litter_collection/raspberry_ws/build/central
[7.248s] running install_data
[7.452s] Invoked command in '/home/kaloyan/PycharmProjects/boat_litter_collection/raspberry_ws/build/central' returned '0': PYTHONPATH=/home/kaloyan/PycharmProjects/boat_litter_collection/raspberry_ws/build/central/prefix_override:/home/kaloyan/PycharmProjects/boat_litter_collection/raspberry_ws/install/central/lib/python3.10/site-packages:${PYTHONPATH} /usr/bin/python3 setup.py develop --editable --build-directory /home/kaloyan/PycharmProjects/boat_litter_collection/raspberry_ws/build/central/build --no-deps install_data
