[12.795s] DEBUG:colcon:Command line arguments: ['/usr/bin/colcon', 'build', '--packages-select', 'custom_msgs']
[12.795s] DEBUG:colcon:Parsed command line arguments: Namespace(allow_overriding=[], ament_cmake_args=None, base_paths=['.'], build_base='build', catkin_cmake_args=None, catkin_skip_building_tests=False, cmake_args=None, cmake_clean_cache=False, cmake_clean_first=False, cmake_force_configure=False, cmake_target=None, cmake_target_skip_unavailable=False, continue_on_error=False, event_handlers=None, executor='parallel', ignore_user_meta=False, install_base='install', log_base=None, log_level=None, main=<bound method BuildVerb.main of <colcon_core.verb.build.BuildVerb object at 0x7f84baa8b0>>, merge_install=False, metas=['./colcon.meta'], packages_above=None, packages_above_and_dependencies=None, packages_above_depth=None, packages_end=None, packages_ignore=None, packages_ignore_regex=None, packages_select=['custom_msgs'], packages_select_build_failed=False, packages_select_by_dep=None, packages_select_regex=None, packages_select_test_failures=False, packages_skip=None, packages_skip_build_finished=False, packages_skip_by_dep=None, packages_skip_regex=None, packages_skip_test_passed=False, packages_skip_up_to=None, packages_start=None, packages_up_to=None, packages_up_to_regex=None, parallel_workers=4, paths=None, symlink_install=False, test_result_base=None, verb_extension=<colcon_core.verb.build.BuildVerb object at 0x7f84baa8b0>, verb_name='build', verb_parser=<colcon_defaults.argument_parser.defaults.DefaultArgumentsDecorator object at 0x7f84b94880>)
[13.289s] Level 1:colcon.colcon_core.package_discovery:discover_packages(colcon_meta) check parameters
[13.290s] Level 1:colcon.colcon_core.package_discovery:discover_packages(recursive) check parameters
[13.290s] Level 1:colcon.colcon_core.package_discovery:discover_packages(ignore) check parameters
[13.290s] Level 1:colcon.colcon_core.package_discovery:discover_packages(path) check parameters
[13.290s] Level 1:colcon.colcon_core.package_discovery:discover_packages(colcon_meta) discover
[13.291s] Level 1:colcon.colcon_core.package_discovery:discover_packages(recursive) discover
[13.291s] INFO:colcon.colcon_core.package_discovery:Crawling recursively for packages in '/home/jetson/PycharmProjects/boat_litter_collection/jetson_ws'
[13.291s] Level 1:colcon.colcon_core.package_identification:_identify(.) by extensions ['ignore', 'ignore_ament_install']
[13.292s] Level 1:colcon.colcon_core.package_identification:_identify(.) by extension 'ignore'
[13.292s] Level 1:colcon.colcon_core.package_identification:_identify(.) by extension 'ignore_ament_install'
[13.292s] Level 1:colcon.colcon_core.package_identification:_identify(.) by extensions ['colcon_pkg']
[13.292s] Level 1:colcon.colcon_core.package_identification:_identify(.) by extension 'colcon_pkg'
[13.293s] Level 1:colcon.colcon_core.package_identification:_identify(.) by extensions ['colcon_meta']
[13.293s] Level 1:colcon.colcon_core.package_identification:_identify(.) by extension 'colcon_meta'
[13.293s] Level 1:colcon.colcon_core.package_identification:_identify(.) by extensions ['ros']
[13.293s] Level 1:colcon.colcon_core.package_identification:_identify(.) by extension 'ros'
[13.341s] Level 1:colcon.colcon_core.package_identification:_identify(.) by extensions ['cmake', 'python']
[13.341s] Level 1:colcon.colcon_core.package_identification:_identify(.) by extension 'cmake'
[13.341s] Level 1:colcon.colcon_core.package_identification:_identify(.) by extension 'python'
[13.341s] Level 1:colcon.colcon_core.package_identification:_identify(.) by extensions ['python_setup_py']
[13.342s] Level 1:colcon.colcon_core.package_identification:_identify(.) by extension 'python_setup_py'
[13.342s] Level 1:colcon.colcon_core.package_identification:_identify(build) by extensions ['ignore', 'ignore_ament_install']
[13.343s] Level 1:colcon.colcon_core.package_identification:_identify(build) by extension 'ignore'
[13.343s] Level 1:colcon.colcon_core.package_identification:_identify(build) ignored
[13.347s] Level 1:colcon.colcon_core.package_identification:_identify(install) by extensions ['ignore', 'ignore_ament_install']
[13.348s] Level 1:colcon.colcon_core.package_identification:_identify(install) by extension 'ignore'
[13.348s] Level 1:colcon.colcon_core.package_identification:_identify(install) ignored
[13.349s] Level 1:colcon.colcon_core.package_identification:_identify(log) by extensions ['ignore', 'ignore_ament_install']
[13.349s] Level 1:colcon.colcon_core.package_identification:_identify(log) by extension 'ignore'
[13.349s] Level 1:colcon.colcon_core.package_identification:_identify(log) ignored
[13.349s] Level 1:colcon.colcon_core.package_identification:_identify(src) by extensions ['ignore', 'ignore_ament_install']
[13.350s] Level 1:colcon.colcon_core.package_identification:_identify(src) by extension 'ignore'
[13.350s] Level 1:colcon.colcon_core.package_identification:_identify(src) by extension 'ignore_ament_install'
[13.350s] Level 1:colcon.colcon_core.package_identification:_identify(src) by extensions ['colcon_pkg']
[13.350s] Level 1:colcon.colcon_core.package_identification:_identify(src) by extension 'colcon_pkg'
[13.351s] Level 1:colcon.colcon_core.package_identification:_identify(src) by extensions ['colcon_meta']
[13.351s] Level 1:colcon.colcon_core.package_identification:_identify(src) by extension 'colcon_meta'
[13.351s] Level 1:colcon.colcon_core.package_identification:_identify(src) by extensions ['ros']
[13.351s] Level 1:colcon.colcon_core.package_identification:_identify(src) by extension 'ros'
[13.351s] Level 1:colcon.colcon_core.package_identification:_identify(src) by extensions ['cmake', 'python']
[13.351s] Level 1:colcon.colcon_core.package_identification:_identify(src) by extension 'cmake'
[13.352s] Level 1:colcon.colcon_core.package_identification:_identify(src) by extension 'python'
[13.352s] Level 1:colcon.colcon_core.package_identification:_identify(src) by extensions ['python_setup_py']
[13.352s] Level 1:colcon.colcon_core.package_identification:_identify(src) by extension 'python_setup_py'
[13.352s] Level 1:colcon.colcon_core.package_identification:_identify(src/central) by extensions ['ignore', 'ignore_ament_install']
[13.353s] Level 1:colcon.colcon_core.package_identification:_identify(src/central) by extension 'ignore'
[13.353s] Level 1:colcon.colcon_core.package_identification:_identify(src/central) by extension 'ignore_ament_install'
[13.353s] Level 1:colcon.colcon_core.package_identification:_identify(src/central) by extensions ['colcon_pkg']
[13.354s] Level 1:colcon.colcon_core.package_identification:_identify(src/central) by extension 'colcon_pkg'
[13.354s] Level 1:colcon.colcon_core.package_identification:_identify(src/central) by extensions ['colcon_meta']
[13.354s] Level 1:colcon.colcon_core.package_identification:_identify(src/central) by extension 'colcon_meta'
[13.354s] Level 1:colcon.colcon_core.package_identification:_identify(src/central) by extensions ['ros']
[13.354s] Level 1:colcon.colcon_core.package_identification:_identify(src/central) by extension 'ros'
[13.363s] DEBUG:colcon.colcon_core.package_identification:Package 'src/central' with type 'ros.ament_python' and name 'central'
[13.364s] Level 1:colcon.colcon_core.package_identification:_identify(src/custom_msgs) by extensions ['ignore', 'ignore_ament_install']
[13.365s] Level 1:colcon.colcon_core.package_identification:_identify(src/custom_msgs) by extension 'ignore'
[13.365s] Level 1:colcon.colcon_core.package_identification:_identify(src/custom_msgs) by extension 'ignore_ament_install'
[13.366s] Level 1:colcon.colcon_core.package_identification:_identify(src/custom_msgs) by extensions ['colcon_pkg']
[13.366s] Level 1:colcon.colcon_core.package_identification:_identify(src/custom_msgs) by extension 'colcon_pkg'
[13.366s] Level 1:colcon.colcon_core.package_identification:_identify(src/custom_msgs) by extensions ['colcon_meta']
[13.366s] Level 1:colcon.colcon_core.package_identification:_identify(src/custom_msgs) by extension 'colcon_meta'
[13.366s] Level 1:colcon.colcon_core.package_identification:_identify(src/custom_msgs) by extensions ['ros']
[13.367s] Level 1:colcon.colcon_core.package_identification:_identify(src/custom_msgs) by extension 'ros'
[13.369s] DEBUG:colcon.colcon_core.package_identification:Package 'src/custom_msgs' with type 'ros.ament_cmake' and name 'custom_msgs'
[13.370s] Level 1:colcon.colcon_core.package_identification:_identify(src/vision) by extensions ['ignore', 'ignore_ament_install']
[13.370s] Level 1:colcon.colcon_core.package_identification:_identify(src/vision) by extension 'ignore'
[13.370s] Level 1:colcon.colcon_core.package_identification:_identify(src/vision) by extension 'ignore_ament_install'
[13.371s] Level 1:colcon.colcon_core.package_identification:_identify(src/vision) by extensions ['colcon_pkg']
[13.371s] Level 1:colcon.colcon_core.package_identification:_identify(src/vision) by extension 'colcon_pkg'
[13.371s] Level 1:colcon.colcon_core.package_identification:_identify(src/vision) by extensions ['colcon_meta']
[13.371s] Level 1:colcon.colcon_core.package_identification:_identify(src/vision) by extension 'colcon_meta'
[13.371s] Level 1:colcon.colcon_core.package_identification:_identify(src/vision) by extensions ['ros']
[13.371s] Level 1:colcon.colcon_core.package_identification:_identify(src/vision) by extension 'ros'
[13.373s] DEBUG:colcon.colcon_core.package_identification:Package 'src/vision' with type 'ros.ament_python' and name 'vision'
[13.373s] Level 1:colcon.colcon_core.package_discovery:discover_packages(recursive) using defaults
[13.374s] Level 1:colcon.colcon_core.package_discovery:discover_packages(ignore) discover
[13.374s] Level 1:colcon.colcon_core.package_discovery:discover_packages(ignore) using defaults
[13.374s] Level 1:colcon.colcon_core.package_discovery:discover_packages(path) discover
[13.374s] Level 1:colcon.colcon_core.package_discovery:discover_packages(path) using defaults
[14.130s] INFO:colcon.colcon_core.package_selection:Skipping not selected package 'central' in 'src/central'
[14.130s] INFO:colcon.colcon_core.package_selection:Skipping not selected package 'vision' in 'src/vision'
[14.554s] Level 1:colcon.colcon_core.package_discovery:discover_packages(prefix_path) check parameters
[14.554s] Level 1:colcon.colcon_core.package_discovery:discover_packages(prefix_path) discover
[14.768s] WARNING:colcon.colcon_core.prefix_path.colcon:The path '/home/jetson/PycharmProjects/boat_litter_collection/jetson_ws/src/install' in the environment variable COLCON_PREFIX_PATH doesn't exist
[14.769s] WARNING:colcon.colcon_ros.prefix_path.ament:The path '/home/jetson/PycharmProjects/boat_litter_collection/jetson_ws/install/vision' in the environment variable AMENT_PREFIX_PATH doesn't exist
[14.769s] WARNING:colcon.colcon_ros.prefix_path.ament:The path '/home/jetson/PycharmProjects/boat_litter_collection/jetson_ws/install/central' in the environment variable AMENT_PREFIX_PATH doesn't exist
[14.770s] WARNING:colcon.colcon_ros.prefix_path.ament:The path '/home/jetson/PycharmProjects/boat_litter_collection/jetson_ws/src/install/vision' in the environment variable AMENT_PREFIX_PATH doesn't exist
[14.770s] WARNING:colcon.colcon_ros.prefix_path.ament:The path '/home/jetson/PycharmProjects/boat_litter_collection/jetson_ws/src/install/central' in the environment variable AMENT_PREFIX_PATH doesn't exist
[14.770s] WARNING:colcon.colcon_ros.prefix_path.ament:The path '/home/jetson/PycharmProjects/boat_litter_collection/jetson_ws/src/install/custom_msgs' in the environment variable AMENT_PREFIX_PATH doesn't exist
[14.771s] WARNING:colcon.colcon_ros.prefix_path.catkin:The path '/home/jetson/PycharmProjects/boat_litter_collection/jetson_ws/src/install/custom_msgs' in the environment variable CMAKE_PREFIX_PATH doesn't exist
[14.994s] DEBUG:colcon.colcon_installed_package_information.package_discovery:Found 1 installed packages in /home/jetson/PycharmProjects/boat_litter_collection/jetson_ws/install
[15.210s] DEBUG:colcon.colcon_installed_package_information.package_discovery:Found 259 installed packages in /opt/ros/foxy
[15.218s] Level 1:colcon.colcon_core.package_discovery:discover_packages(prefix_path) using defaults
[16.054s] Level 5:colcon.colcon_core.verb:set package 'custom_msgs' build argument 'cmake_args' from command line to 'None'
[16.055s] Level 5:colcon.colcon_core.verb:set package 'custom_msgs' build argument 'cmake_target' from command line to 'None'
[16.055s] Level 5:colcon.colcon_core.verb:set package 'custom_msgs' build argument 'cmake_target_skip_unavailable' from command line to 'False'
[16.055s] Level 5:colcon.colcon_core.verb:set package 'custom_msgs' build argument 'cmake_clean_cache' from command line to 'False'
[16.055s] Level 5:colcon.colcon_core.verb:set package 'custom_msgs' build argument 'cmake_clean_first' from command line to 'False'
[16.055s] Level 5:colcon.colcon_core.verb:set package 'custom_msgs' build argument 'cmake_force_configure' from command line to 'False'
[16.055s] Level 5:colcon.colcon_core.verb:set package 'custom_msgs' build argument 'ament_cmake_args' from command line to 'None'
[16.056s] Level 5:colcon.colcon_core.verb:set package 'custom_msgs' build argument 'catkin_cmake_args' from command line to 'None'
[16.056s] Level 5:colcon.colcon_core.verb:set package 'custom_msgs' build argument 'catkin_skip_building_tests' from command line to 'False'
[16.056s] DEBUG:colcon.colcon_core.verb:Building package 'custom_msgs' with the following arguments: {'ament_cmake_args': None, 'build_base': '/home/jetson/PycharmProjects/boat_litter_collection/jetson_ws/build/custom_msgs', 'catkin_cmake_args': None, 'catkin_skip_building_tests': False, 'cmake_args': None, 'cmake_clean_cache': False, 'cmake_clean_first': False, 'cmake_force_configure': False, 'cmake_target': None, 'cmake_target_skip_unavailable': False, 'install_base': '/home/jetson/PycharmProjects/boat_litter_collection/jetson_ws/install/custom_msgs', 'merge_install': False, 'path': '/home/jetson/PycharmProjects/boat_litter_collection/jetson_ws/src/custom_msgs', 'symlink_install': False, 'test_result_base': None}
[16.269s] INFO:colcon.colcon_core.executor:Executing jobs using 'parallel' executor
[16.482s] DEBUG:colcon.colcon_parallel_executor.executor.parallel:run_until_complete
[16.483s] INFO:colcon.colcon_ros.task.ament_cmake.build:Building ROS package in '/home/jetson/PycharmProjects/boat_litter_collection/jetson_ws/src/custom_msgs' with build type 'ament_cmake'
[16.484s] INFO:colcon.colcon_cmake.task.cmake.build:Building CMake package in '/home/jetson/PycharmProjects/boat_litter_collection/jetson_ws/src/custom_msgs'
[16.721s] INFO:colcon.colcon_core.plugin_system:Skipping extension 'colcon_core.shell.bat': Not used on non-Windows systems
[16.722s] INFO:colcon.colcon_core.shell:Skip shell extension 'powershell' for command environment: Not usable outside of PowerShell
[16.722s] DEBUG:colcon.colcon_core.shell:Skip shell extension 'dsv' for command environment
[17.448s] DEBUG:colcon.colcon_core.event_handler.log_command:Invoking command in '/home/jetson/PycharmProjects/boat_litter_collection/jetson_ws/build/custom_msgs': CMAKE_PREFIX_PATH=${CMAKE_PREFIX_PATH}:/home/jetson/PycharmProjects/boat_litter_collection/jetson_ws/install/vision:/home/jetson/PycharmProjects/boat_litter_collection/jetson_ws/install/central:/home/jetson/PycharmProjects/boat_litter_collection/jetson_ws/src/install/vision:/home/jetson/PycharmProjects/boat_litter_collection/jetson_ws/src/install/central:/opt/ros/foxy /usr/bin/cmake --build /home/jetson/PycharmProjects/boat_litter_collection/jetson_ws/build/custom_msgs -- -j4 -l4
[35.787s] DEBUG:colcon.colcon_core.event_handler.log_command:Invoked command in '/home/jetson/PycharmProjects/boat_litter_collection/jetson_ws/build/custom_msgs' returned '0': CMAKE_PREFIX_PATH=${CMAKE_PREFIX_PATH}:/home/jetson/PycharmProjects/boat_litter_collection/jetson_ws/install/vision:/home/jetson/PycharmProjects/boat_litter_collection/jetson_ws/install/central:/home/jetson/PycharmProjects/boat_litter_collection/jetson_ws/src/install/vision:/home/jetson/PycharmProjects/boat_litter_collection/jetson_ws/src/install/central:/opt/ros/foxy /usr/bin/cmake --build /home/jetson/PycharmProjects/boat_litter_collection/jetson_ws/build/custom_msgs -- -j4 -l4
[36.107s] DEBUG:colcon.colcon_core.event_handler.log_command:Invoking command in '/home/jetson/PycharmProjects/boat_litter_collection/jetson_ws/build/custom_msgs': CMAKE_PREFIX_PATH=${CMAKE_PREFIX_PATH}:/home/jetson/PycharmProjects/boat_litter_collection/jetson_ws/install/vision:/home/jetson/PycharmProjects/boat_litter_collection/jetson_ws/install/central:/home/jetson/PycharmProjects/boat_litter_collection/jetson_ws/src/install/vision:/home/jetson/PycharmProjects/boat_litter_collection/jetson_ws/src/install/central:/opt/ros/foxy /usr/bin/cmake --install /home/jetson/PycharmProjects/boat_litter_collection/jetson_ws/build/custom_msgs
[36.392s] Level 1:colcon.colcon_core.environment:create_environment_scripts_only(custom_msgs)
[36.394s] DEBUG:colcon.colcon_core.event_handler.log_command:Invoked command in '/home/jetson/PycharmProjects/boat_litter_collection/jetson_ws/build/custom_msgs' returned '0': CMAKE_PREFIX_PATH=${CMAKE_PREFIX_PATH}:/home/jetson/PycharmProjects/boat_litter_collection/jetson_ws/install/vision:/home/jetson/PycharmProjects/boat_litter_collection/jetson_ws/install/central:/home/jetson/PycharmProjects/boat_litter_collection/jetson_ws/src/install/vision:/home/jetson/PycharmProjects/boat_litter_collection/jetson_ws/src/install/central:/opt/ros/foxy /usr/bin/cmake --install /home/jetson/PycharmProjects/boat_litter_collection/jetson_ws/build/custom_msgs
[36.634s] Level 1:colcon.colcon_core.environment:checking '/home/jetson/PycharmProjects/boat_litter_collection/jetson_ws/install/custom_msgs' for CMake module files
[36.638s] Level 1:colcon.colcon_core.environment:checking '/home/jetson/PycharmProjects/boat_litter_collection/jetson_ws/install/custom_msgs' for CMake config files
[36.640s] Level 1:colcon.colcon_core.shell:create_environment_hook('custom_msgs', 'cmake_prefix_path')
[36.868s] INFO:colcon.colcon_core.shell:Creating environment hook '/home/jetson/PycharmProjects/boat_litter_collection/jetson_ws/install/custom_msgs/share/custom_msgs/hook/cmake_prefix_path.ps1'
[36.870s] INFO:colcon.colcon_core.shell:Creating environment descriptor '/home/jetson/PycharmProjects/boat_litter_collection/jetson_ws/install/custom_msgs/share/custom_msgs/hook/cmake_prefix_path.dsv'
[36.872s] INFO:colcon.colcon_core.shell:Creating environment hook '/home/jetson/PycharmProjects/boat_litter_collection/jetson_ws/install/custom_msgs/share/custom_msgs/hook/cmake_prefix_path.sh'
[36.876s] Level 1:colcon.colcon_core.environment:checking '/home/jetson/PycharmProjects/boat_litter_collection/jetson_ws/install/custom_msgs/lib'
[36.877s] Level 1:colcon.colcon_core.shell:create_environment_hook('custom_msgs', 'ld_library_path_lib')
[37.102s] INFO:colcon.colcon_core.shell:Creating environment hook '/home/jetson/PycharmProjects/boat_litter_collection/jetson_ws/install/custom_msgs/share/custom_msgs/hook/ld_library_path_lib.ps1'
[37.104s] INFO:colcon.colcon_core.shell:Creating environment descriptor '/home/jetson/PycharmProjects/boat_litter_collection/jetson_ws/install/custom_msgs/share/custom_msgs/hook/ld_library_path_lib.dsv'
[37.105s] INFO:colcon.colcon_core.shell:Creating environment hook '/home/jetson/PycharmProjects/boat_litter_collection/jetson_ws/install/custom_msgs/share/custom_msgs/hook/ld_library_path_lib.sh'
[37.106s] Level 1:colcon.colcon_core.environment:checking '/home/jetson/PycharmProjects/boat_litter_collection/jetson_ws/install/custom_msgs/bin'
[37.107s] Level 1:colcon.colcon_core.environment:checking '/home/jetson/PycharmProjects/boat_litter_collection/jetson_ws/install/custom_msgs/lib/pkgconfig/custom_msgs.pc'
[37.108s] Level 1:colcon.colcon_core.environment:checking '/home/jetson/PycharmProjects/boat_litter_collection/jetson_ws/install/custom_msgs/lib/python3.8/site-packages'
[37.108s] Level 1:colcon.colcon_core.shell:create_environment_hook('custom_msgs', 'pythonpath')
[37.332s] INFO:colcon.colcon_core.shell:Creating environment hook '/home/jetson/PycharmProjects/boat_litter_collection/jetson_ws/install/custom_msgs/share/custom_msgs/hook/pythonpath.ps1'
[37.334s] INFO:colcon.colcon_core.shell:Creating environment descriptor '/home/jetson/PycharmProjects/boat_litter_collection/jetson_ws/install/custom_msgs/share/custom_msgs/hook/pythonpath.dsv'
[37.335s] INFO:colcon.colcon_core.shell:Creating environment hook '/home/jetson/PycharmProjects/boat_litter_collection/jetson_ws/install/custom_msgs/share/custom_msgs/hook/pythonpath.sh'
[37.337s] Level 1:colcon.colcon_core.environment:checking '/home/jetson/PycharmProjects/boat_litter_collection/jetson_ws/install/custom_msgs/bin'
[37.565s] INFO:colcon.colcon_core.shell:Creating package script '/home/jetson/PycharmProjects/boat_litter_collection/jetson_ws/install/custom_msgs/share/custom_msgs/package.ps1'
[37.569s] INFO:colcon.colcon_core.shell:Creating package descriptor '/home/jetson/PycharmProjects/boat_litter_collection/jetson_ws/install/custom_msgs/share/custom_msgs/package.dsv'
[37.572s] INFO:colcon.colcon_core.shell:Creating package script '/home/jetson/PycharmProjects/boat_litter_collection/jetson_ws/install/custom_msgs/share/custom_msgs/package.sh'
[37.575s] INFO:colcon.colcon_core.shell:Creating package script '/home/jetson/PycharmProjects/boat_litter_collection/jetson_ws/install/custom_msgs/share/custom_msgs/package.bash'
[37.578s] INFO:colcon.colcon_core.shell:Creating package script '/home/jetson/PycharmProjects/boat_litter_collection/jetson_ws/install/custom_msgs/share/custom_msgs/package.zsh'
[37.581s] Level 1:colcon.colcon_core.environment:create_file_with_runtime_dependencies(/home/jetson/PycharmProjects/boat_litter_collection/jetson_ws/install/custom_msgs/share/colcon-core/packages/custom_msgs)
[38.095s] Level 1:colcon.colcon_core.environment:create_environment_scripts_only(custom_msgs)
[38.327s] Level 1:colcon.colcon_core.environment:checking '/home/jetson/PycharmProjects/boat_litter_collection/jetson_ws/install/custom_msgs' for CMake module files
[38.331s] Level 1:colcon.colcon_core.environment:checking '/home/jetson/PycharmProjects/boat_litter_collection/jetson_ws/install/custom_msgs' for CMake config files
[38.333s] Level 1:colcon.colcon_core.shell:create_environment_hook('custom_msgs', 'cmake_prefix_path')
[38.560s] INFO:colcon.colcon_core.shell:Creating environment hook '/home/jetson/PycharmProjects/boat_litter_collection/jetson_ws/install/custom_msgs/share/custom_msgs/hook/cmake_prefix_path.ps1'
[38.562s] INFO:colcon.colcon_core.shell:Creating environment descriptor '/home/jetson/PycharmProjects/boat_litter_collection/jetson_ws/install/custom_msgs/share/custom_msgs/hook/cmake_prefix_path.dsv'
[38.563s] INFO:colcon.colcon_core.shell:Creating environment hook '/home/jetson/PycharmProjects/boat_litter_collection/jetson_ws/install/custom_msgs/share/custom_msgs/hook/cmake_prefix_path.sh'
[38.565s] Level 1:colcon.colcon_core.environment:checking '/home/jetson/PycharmProjects/boat_litter_collection/jetson_ws/install/custom_msgs/lib'
[38.566s] Level 1:colcon.colcon_core.shell:create_environment_hook('custom_msgs', 'ld_library_path_lib')
[38.789s] INFO:colcon.colcon_core.shell:Creating environment hook '/home/jetson/PycharmProjects/boat_litter_collection/jetson_ws/install/custom_msgs/share/custom_msgs/hook/ld_library_path_lib.ps1'
[38.791s] INFO:colcon.colcon_core.shell:Creating environment descriptor '/home/jetson/PycharmProjects/boat_litter_collection/jetson_ws/install/custom_msgs/share/custom_msgs/hook/ld_library_path_lib.dsv'
[38.792s] INFO:colcon.colcon_core.shell:Creating environment hook '/home/jetson/PycharmProjects/boat_litter_collection/jetson_ws/install/custom_msgs/share/custom_msgs/hook/ld_library_path_lib.sh'
[38.794s] Level 1:colcon.colcon_core.environment:checking '/home/jetson/PycharmProjects/boat_litter_collection/jetson_ws/install/custom_msgs/bin'
[38.794s] Level 1:colcon.colcon_core.environment:checking '/home/jetson/PycharmProjects/boat_litter_collection/jetson_ws/install/custom_msgs/lib/pkgconfig/custom_msgs.pc'
[38.795s] Level 1:colcon.colcon_core.environment:checking '/home/jetson/PycharmProjects/boat_litter_collection/jetson_ws/install/custom_msgs/lib/python3.8/site-packages'
[38.795s] Level 1:colcon.colcon_core.shell:create_environment_hook('custom_msgs', 'pythonpath')
[39.023s] INFO:colcon.colcon_core.shell:Creating environment hook '/home/jetson/PycharmProjects/boat_litter_collection/jetson_ws/install/custom_msgs/share/custom_msgs/hook/pythonpath.ps1'
[39.024s] INFO:colcon.colcon_core.shell:Creating environment descriptor '/home/jetson/PycharmProjects/boat_litter_collection/jetson_ws/install/custom_msgs/share/custom_msgs/hook/pythonpath.dsv'
[39.026s] INFO:colcon.colcon_core.shell:Creating environment hook '/home/jetson/PycharmProjects/boat_litter_collection/jetson_ws/install/custom_msgs/share/custom_msgs/hook/pythonpath.sh'
[39.028s] Level 1:colcon.colcon_core.environment:checking '/home/jetson/PycharmProjects/boat_litter_collection/jetson_ws/install/custom_msgs/bin'
[39.253s] INFO:colcon.colcon_core.shell:Creating package script '/home/jetson/PycharmProjects/boat_litter_collection/jetson_ws/install/custom_msgs/share/custom_msgs/package.ps1'
[39.256s] INFO:colcon.colcon_core.shell:Creating package descriptor '/home/jetson/PycharmProjects/boat_litter_collection/jetson_ws/install/custom_msgs/share/custom_msgs/package.dsv'
[39.259s] INFO:colcon.colcon_core.shell:Creating package script '/home/jetson/PycharmProjects/boat_litter_collection/jetson_ws/install/custom_msgs/share/custom_msgs/package.sh'
[39.261s] INFO:colcon.colcon_core.shell:Creating package script '/home/jetson/PycharmProjects/boat_litter_collection/jetson_ws/install/custom_msgs/share/custom_msgs/package.bash'
[39.262s] INFO:colcon.colcon_core.shell:Creating package script '/home/jetson/PycharmProjects/boat_litter_collection/jetson_ws/install/custom_msgs/share/custom_msgs/package.zsh'
[39.264s] Level 1:colcon.colcon_core.environment:create_file_with_runtime_dependencies(/home/jetson/PycharmProjects/boat_litter_collection/jetson_ws/install/custom_msgs/share/colcon-core/packages/custom_msgs)
[39.265s] DEBUG:colcon.colcon_parallel_executor.executor.parallel:closing loop
[39.266s] DEBUG:colcon.colcon_parallel_executor.executor.parallel:loop closed
[39.266s] DEBUG:colcon.colcon_parallel_executor.executor.parallel:run_until_complete finished with '0'
[39.267s] DEBUG:colcon.colcon_core.event_reactor:joining thread
[39.510s] INFO:colcon.colcon_core.plugin_system:Skipping extension 'colcon_notification.desktop_notification.terminal_notifier': Not used on non-Darwin systems
[39.510s] INFO:colcon.colcon_core.plugin_system:Skipping extension 'colcon_notification.desktop_notification.win32': Not used on non-Windows systems
[39.511s] INFO:colcon.colcon_notification.desktop_notification:Sending desktop notification using 'notify2'
[39.570s] DEBUG:colcon.colcon_core.event_reactor:joined thread
[39.825s] INFO:colcon.colcon_core.shell:Creating prefix script '/home/jetson/PycharmProjects/boat_litter_collection/jetson_ws/install/local_setup.ps1'
[39.829s] INFO:colcon.colcon_core.shell:Creating prefix util module '/home/jetson/PycharmProjects/boat_litter_collection/jetson_ws/install/_local_setup_util_ps1.py'
[39.835s] INFO:colcon.colcon_core.shell:Creating prefix chain script '/home/jetson/PycharmProjects/boat_litter_collection/jetson_ws/install/setup.ps1'
[40.060s] INFO:colcon.colcon_core.shell:Creating prefix script '/home/jetson/PycharmProjects/boat_litter_collection/jetson_ws/install/local_setup.sh'
[40.062s] INFO:colcon.colcon_core.shell:Creating prefix util module '/home/jetson/PycharmProjects/boat_litter_collection/jetson_ws/install/_local_setup_util_sh.py'
[40.064s] INFO:colcon.colcon_core.shell:Creating prefix chain script '/home/jetson/PycharmProjects/boat_litter_collection/jetson_ws/install/setup.sh'
[40.286s] INFO:colcon.colcon_core.shell:Creating prefix script '/home/jetson/PycharmProjects/boat_litter_collection/jetson_ws/install/local_setup.bash'
[40.288s] INFO:colcon.colcon_core.shell:Creating prefix chain script '/home/jetson/PycharmProjects/boat_litter_collection/jetson_ws/install/setup.bash'
[40.508s] INFO:colcon.colcon_core.shell:Creating prefix script '/home/jetson/PycharmProjects/boat_litter_collection/jetson_ws/install/local_setup.zsh'
[40.510s] INFO:colcon.colcon_core.shell:Creating prefix chain script '/home/jetson/PycharmProjects/boat_litter_collection/jetson_ws/install/setup.zsh'
