[2.882s] DEBUG:colcon:Command line arguments: ['/usr/bin/colcon', 'build', '--symlink-install']
[2.882s] DEBUG:colcon:Parsed command line arguments: Namespace(allow_overriding=[], ament_cmake_args=None, base_paths=['.'], build_base='build', catkin_cmake_args=None, catkin_skip_building_tests=False, cmake_args=None, cmake_clean_cache=False, cmake_clean_first=False, cmake_force_configure=False, cmake_target=None, cmake_target_skip_unavailable=False, continue_on_error=False, event_handlers=None, executor='parallel', ignore_user_meta=False, install_base='install', log_base=None, log_level=None, main=<bound method BuildVerb.main of <colcon_core.verb.build.BuildVerb object at 0x7f7ec1ca00>>, merge_install=False, metas=['./colcon.meta'], packages_above=None, packages_above_and_dependencies=None, packages_above_depth=None, packages_end=None, packages_ignore=None, packages_ignore_regex=None, packages_select=None, packages_select_build_failed=False, packages_select_by_dep=None, packages_select_regex=None, packages_select_test_failures=False, packages_skip=None, packages_skip_build_finished=False, packages_skip_by_dep=None, packages_skip_regex=None, packages_skip_test_passed=False, packages_skip_up_to=None, packages_start=None, packages_up_to=None, packages_up_to_regex=None, parallel_workers=4, paths=None, symlink_install=True, test_result_base=None, verb_extension=<colcon_core.verb.build.BuildVerb object at 0x7f7ec1ca00>, verb_name='build', verb_parser=<colcon_defaults.argument_parser.defaults.DefaultArgumentsDecorator object at 0x7f7ec1cf70>)
[3.106s] Level 1:colcon.colcon_core.package_discovery:discover_packages(colcon_meta) check parameters
[3.107s] Level 1:colcon.colcon_core.package_discovery:discover_packages(recursive) check parameters
[3.107s] Level 1:colcon.colcon_core.package_discovery:discover_packages(ignore) check parameters
[3.107s] Level 1:colcon.colcon_core.package_discovery:discover_packages(path) check parameters
[3.107s] Level 1:colcon.colcon_core.package_discovery:discover_packages(colcon_meta) discover
[3.107s] Level 1:colcon.colcon_core.package_discovery:discover_packages(recursive) discover
[3.108s] INFO:colcon.colcon_core.package_discovery:Crawling recursively for packages in '/home/jetson/PycharmProjects/boat_litter_collection/robot_ws'
[3.108s] Level 1:colcon.colcon_core.package_identification:_identify(.) by extensions ['ignore', 'ignore_ament_install']
[3.108s] Level 1:colcon.colcon_core.package_identification:_identify(.) by extension 'ignore'
[3.109s] Level 1:colcon.colcon_core.package_identification:_identify(.) by extension 'ignore_ament_install'
[3.109s] Level 1:colcon.colcon_core.package_identification:_identify(.) by extensions ['colcon_pkg']
[3.109s] Level 1:colcon.colcon_core.package_identification:_identify(.) by extension 'colcon_pkg'
[3.109s] Level 1:colcon.colcon_core.package_identification:_identify(.) by extensions ['colcon_meta']
[3.109s] Level 1:colcon.colcon_core.package_identification:_identify(.) by extension 'colcon_meta'
[3.110s] Level 1:colcon.colcon_core.package_identification:_identify(.) by extensions ['ros']
[3.110s] Level 1:colcon.colcon_core.package_identification:_identify(.) by extension 'ros'
[3.176s] Level 1:colcon.colcon_core.package_identification:_identify(.) by extensions ['cmake', 'python']
[3.176s] Level 1:colcon.colcon_core.package_identification:_identify(.) by extension 'cmake'
[3.176s] Level 1:colcon.colcon_core.package_identification:_identify(.) by extension 'python'
[3.176s] Level 1:colcon.colcon_core.package_identification:_identify(.) by extensions ['python_setup_py']
[3.176s] Level 1:colcon.colcon_core.package_identification:_identify(.) by extension 'python_setup_py'
[3.177s] Level 1:colcon.colcon_core.package_identification:_identify(build) by extensions ['ignore', 'ignore_ament_install']
[3.177s] Level 1:colcon.colcon_core.package_identification:_identify(build) by extension 'ignore'
[3.177s] Level 1:colcon.colcon_core.package_identification:_identify(build) ignored
[3.178s] Level 1:colcon.colcon_core.package_identification:_identify(install) by extensions ['ignore', 'ignore_ament_install']
[3.178s] Level 1:colcon.colcon_core.package_identification:_identify(install) by extension 'ignore'
[3.179s] Level 1:colcon.colcon_core.package_identification:_identify(install) ignored
[3.179s] Level 1:colcon.colcon_core.package_identification:_identify(log) by extensions ['ignore', 'ignore_ament_install']
[3.179s] Level 1:colcon.colcon_core.package_identification:_identify(log) by extension 'ignore'
[3.179s] Level 1:colcon.colcon_core.package_identification:_identify(log) ignored
[3.182s] Level 1:colcon.colcon_core.package_identification:_identify(src) by extensions ['ignore', 'ignore_ament_install']
[3.183s] Level 1:colcon.colcon_core.package_identification:_identify(src) by extension 'ignore'
[3.183s] Level 1:colcon.colcon_core.package_identification:_identify(src) by extension 'ignore_ament_install'
[3.183s] Level 1:colcon.colcon_core.package_identification:_identify(src) by extensions ['colcon_pkg']
[3.183s] Level 1:colcon.colcon_core.package_identification:_identify(src) by extension 'colcon_pkg'
[3.183s] Level 1:colcon.colcon_core.package_identification:_identify(src) by extensions ['colcon_meta']
[3.183s] Level 1:colcon.colcon_core.package_identification:_identify(src) by extension 'colcon_meta'
[3.184s] Level 1:colcon.colcon_core.package_identification:_identify(src) by extensions ['ros']
[3.184s] Level 1:colcon.colcon_core.package_identification:_identify(src) by extension 'ros'
[3.184s] Level 1:colcon.colcon_core.package_identification:_identify(src) by extensions ['cmake', 'python']
[3.184s] Level 1:colcon.colcon_core.package_identification:_identify(src) by extension 'cmake'
[3.185s] Level 1:colcon.colcon_core.package_identification:_identify(src) by extension 'python'
[3.185s] Level 1:colcon.colcon_core.package_identification:_identify(src) by extensions ['python_setup_py']
[3.185s] Level 1:colcon.colcon_core.package_identification:_identify(src) by extension 'python_setup_py'
[3.186s] Level 1:colcon.colcon_core.package_identification:_identify(src/central) by extensions ['ignore', 'ignore_ament_install']
[3.186s] Level 1:colcon.colcon_core.package_identification:_identify(src/central) by extension 'ignore'
[3.186s] Level 1:colcon.colcon_core.package_identification:_identify(src/central) by extension 'ignore_ament_install'
[3.187s] Level 1:colcon.colcon_core.package_identification:_identify(src/central) by extensions ['colcon_pkg']
[3.187s] Level 1:colcon.colcon_core.package_identification:_identify(src/central) by extension 'colcon_pkg'
[3.187s] Level 1:colcon.colcon_core.package_identification:_identify(src/central) by extensions ['colcon_meta']
[3.187s] Level 1:colcon.colcon_core.package_identification:_identify(src/central) by extension 'colcon_meta'
[3.187s] Level 1:colcon.colcon_core.package_identification:_identify(src/central) by extensions ['ros']
[3.187s] Level 1:colcon.colcon_core.package_identification:_identify(src/central) by extension 'ros'
[3.199s] DEBUG:colcon.colcon_core.package_identification:Package 'src/central' with type 'ros.ament_python' and name 'central'
[3.201s] Level 1:colcon.colcon_core.package_identification:_identify(src/vision) by extensions ['ignore', 'ignore_ament_install']
[3.201s] Level 1:colcon.colcon_core.package_identification:_identify(src/vision) by extension 'ignore'
[3.201s] Level 1:colcon.colcon_core.package_identification:_identify(src/vision) by extension 'ignore_ament_install'
[3.202s] Level 1:colcon.colcon_core.package_identification:_identify(src/vision) by extensions ['colcon_pkg']
[3.202s] Level 1:colcon.colcon_core.package_identification:_identify(src/vision) by extension 'colcon_pkg'
[3.202s] Level 1:colcon.colcon_core.package_identification:_identify(src/vision) by extensions ['colcon_meta']
[3.202s] Level 1:colcon.colcon_core.package_identification:_identify(src/vision) by extension 'colcon_meta'
[3.202s] Level 1:colcon.colcon_core.package_identification:_identify(src/vision) by extensions ['ros']
[3.202s] Level 1:colcon.colcon_core.package_identification:_identify(src/vision) by extension 'ros'
[3.205s] DEBUG:colcon.colcon_core.package_identification:Package 'src/vision' with type 'ros.ament_python' and name 'vision'
[3.206s] Level 1:colcon.colcon_core.package_discovery:discover_packages(recursive) using defaults
[3.206s] Level 1:colcon.colcon_core.package_discovery:discover_packages(ignore) discover
[3.206s] Level 1:colcon.colcon_core.package_discovery:discover_packages(ignore) using defaults
[3.206s] Level 1:colcon.colcon_core.package_discovery:discover_packages(path) discover
[3.206s] Level 1:colcon.colcon_core.package_discovery:discover_packages(path) using defaults
[3.376s] Level 1:colcon.colcon_core.package_discovery:discover_packages(prefix_path) check parameters
[3.376s] Level 1:colcon.colcon_core.package_discovery:discover_packages(prefix_path) discover
[3.394s] DEBUG:colcon.colcon_installed_package_information.package_discovery:Found 1 installed packages in /home/jetson/PycharmProjects/boat_litter_collection/robot_ws/install
[3.404s] DEBUG:colcon.colcon_installed_package_information.package_discovery:Found 1 installed packages in /home/jetson/projects/robot_ws/install
[3.417s] DEBUG:colcon.colcon_installed_package_information.package_discovery:Found 259 installed packages in /opt/ros/foxy
[3.425s] Level 1:colcon.colcon_core.package_discovery:discover_packages(prefix_path) using defaults
[3.914s] Level 5:colcon.colcon_core.verb:set package 'central' build argument 'cmake_args' from command line to 'None'
[3.915s] Level 5:colcon.colcon_core.verb:set package 'central' build argument 'cmake_target' from command line to 'None'
[3.915s] Level 5:colcon.colcon_core.verb:set package 'central' build argument 'cmake_target_skip_unavailable' from command line to 'False'
[3.915s] Level 5:colcon.colcon_core.verb:set package 'central' build argument 'cmake_clean_cache' from command line to 'False'
[3.915s] Level 5:colcon.colcon_core.verb:set package 'central' build argument 'cmake_clean_first' from command line to 'False'
[3.915s] Level 5:colcon.colcon_core.verb:set package 'central' build argument 'cmake_force_configure' from command line to 'False'
[3.915s] Level 5:colcon.colcon_core.verb:set package 'central' build argument 'ament_cmake_args' from command line to 'None'
[3.915s] Level 5:colcon.colcon_core.verb:set package 'central' build argument 'catkin_cmake_args' from command line to 'None'
[3.916s] Level 5:colcon.colcon_core.verb:set package 'central' build argument 'catkin_skip_building_tests' from command line to 'False'
[3.916s] DEBUG:colcon.colcon_core.verb:Building package 'central' with the following arguments: {'ament_cmake_args': None, 'build_base': '/home/jetson/PycharmProjects/boat_litter_collection/robot_ws/build/central', 'catkin_cmake_args': None, 'catkin_skip_building_tests': False, 'cmake_args': None, 'cmake_clean_cache': False, 'cmake_clean_first': False, 'cmake_force_configure': False, 'cmake_target': None, 'cmake_target_skip_unavailable': False, 'install_base': '/home/jetson/PycharmProjects/boat_litter_collection/robot_ws/install/central', 'merge_install': False, 'path': '/home/jetson/PycharmProjects/boat_litter_collection/robot_ws/src/central', 'symlink_install': True, 'test_result_base': None}
[3.921s] Level 5:colcon.colcon_core.verb:set package 'vision' build argument 'cmake_args' from command line to 'None'
[3.922s] Level 5:colcon.colcon_core.verb:set package 'vision' build argument 'cmake_target' from command line to 'None'
[3.922s] Level 5:colcon.colcon_core.verb:set package 'vision' build argument 'cmake_target_skip_unavailable' from command line to 'False'
[3.922s] Level 5:colcon.colcon_core.verb:set package 'vision' build argument 'cmake_clean_cache' from command line to 'False'
[3.922s] Level 5:colcon.colcon_core.verb:set package 'vision' build argument 'cmake_clean_first' from command line to 'False'
[3.922s] Level 5:colcon.colcon_core.verb:set package 'vision' build argument 'cmake_force_configure' from command line to 'False'
[3.922s] Level 5:colcon.colcon_core.verb:set package 'vision' build argument 'ament_cmake_args' from command line to 'None'
[3.922s] Level 5:colcon.colcon_core.verb:set package 'vision' build argument 'catkin_cmake_args' from command line to 'None'
[3.923s] Level 5:colcon.colcon_core.verb:set package 'vision' build argument 'catkin_skip_building_tests' from command line to 'False'
[3.923s] DEBUG:colcon.colcon_core.verb:Building package 'vision' with the following arguments: {'ament_cmake_args': None, 'build_base': '/home/jetson/PycharmProjects/boat_litter_collection/robot_ws/build/vision', 'catkin_cmake_args': None, 'catkin_skip_building_tests': False, 'cmake_args': None, 'cmake_clean_cache': False, 'cmake_clean_first': False, 'cmake_force_configure': False, 'cmake_target': None, 'cmake_target_skip_unavailable': False, 'install_base': '/home/jetson/PycharmProjects/boat_litter_collection/robot_ws/install/vision', 'merge_install': False, 'path': '/home/jetson/PycharmProjects/boat_litter_collection/robot_ws/src/vision', 'symlink_install': True, 'test_result_base': None}
[3.927s] INFO:colcon.colcon_core.executor:Executing jobs using 'parallel' executor
[3.948s] DEBUG:colcon.colcon_parallel_executor.executor.parallel:run_until_complete
[3.949s] INFO:colcon.colcon_ros.task.ament_python.build:Building ROS package in '/home/jetson/PycharmProjects/boat_litter_collection/robot_ws/src/central' with build type 'ament_python'
[3.950s] Level 1:colcon.colcon_core.shell:create_environment_hook('central', 'ament_prefix_path')
[3.987s] INFO:colcon.colcon_core.plugin_system:Skipping extension 'colcon_core.shell.bat': Not used on non-Windows systems
[3.988s] INFO:colcon.colcon_core.shell:Creating environment hook '/home/jetson/PycharmProjects/boat_litter_collection/robot_ws/install/central/share/central/hook/ament_prefix_path.ps1'
[3.996s] INFO:colcon.colcon_core.shell:Creating environment descriptor '/home/jetson/PycharmProjects/boat_litter_collection/robot_ws/install/central/share/central/hook/ament_prefix_path.dsv'
[3.998s] INFO:colcon.colcon_core.shell:Creating environment hook '/home/jetson/PycharmProjects/boat_litter_collection/robot_ws/install/central/share/central/hook/ament_prefix_path.sh'
[4.009s] INFO:colcon.colcon_core.shell:Skip shell extension 'powershell' for command environment: Not usable outside of PowerShell
[4.009s] DEBUG:colcon.colcon_core.shell:Skip shell extension 'dsv' for command environment
[4.052s] INFO:colcon.colcon_ros.task.ament_python.build:Building ROS package in '/home/jetson/PycharmProjects/boat_litter_collection/robot_ws/src/vision' with build type 'ament_python'
[4.054s] Level 1:colcon.colcon_core.shell:create_environment_hook('vision', 'ament_prefix_path')
[4.067s] INFO:colcon.colcon_core.shell:Creating environment hook '/home/jetson/PycharmProjects/boat_litter_collection/robot_ws/install/vision/share/vision/hook/ament_prefix_path.ps1'
[4.074s] INFO:colcon.colcon_core.shell:Creating environment descriptor '/home/jetson/PycharmProjects/boat_litter_collection/robot_ws/install/vision/share/vision/hook/ament_prefix_path.dsv'
[4.076s] INFO:colcon.colcon_core.shell:Creating environment hook '/home/jetson/PycharmProjects/boat_litter_collection/robot_ws/install/vision/share/vision/hook/ament_prefix_path.sh'
[4.087s] INFO:colcon.colcon_core.shell:Skip shell extension 'powershell' for command environment: Not usable outside of PowerShell
[4.087s] DEBUG:colcon.colcon_core.shell:Skip shell extension 'dsv' for command environment
[5.496s] INFO:colcon.colcon_core.task.python.build:Building Python package in '/home/jetson/PycharmProjects/boat_litter_collection/robot_ws/src/central'
[5.505s] INFO:colcon.colcon_core.shell:Skip shell extension 'powershell' for command environment: Not usable outside of PowerShell
[5.505s] DEBUG:colcon.colcon_core.shell:Skip shell extension 'dsv' for command environment
[6.872s] INFO:colcon.colcon_core.task.python.build:Building Python package in '/home/jetson/PycharmProjects/boat_litter_collection/robot_ws/src/vision'
[6.882s] INFO:colcon.colcon_core.shell:Skip shell extension 'powershell' for command environment: Not usable outside of PowerShell
[6.882s] DEBUG:colcon.colcon_core.shell:Skip shell extension 'dsv' for command environment
[9.089s] DEBUG:colcon.colcon_core.event_handler.log_command:Invoking command in '/home/jetson/PycharmProjects/boat_litter_collection/robot_ws/build/central': PYTHONPATH=/home/jetson/PycharmProjects/boat_litter_collection/robot_ws/build/central/prefix_override:/home/jetson/PycharmProjects/boat_litter_collection/robot_ws/install/central/lib/python3.8/site-packages:${PYTHONPATH} /usr/bin/python3 setup.py develop --editable --build-directory /home/jetson/PycharmProjects/boat_litter_collection/robot_ws/build/central/build --no-deps install_data
[9.150s] DEBUG:colcon.colcon_core.event_handler.log_command:Invoking command in '/home/jetson/PycharmProjects/boat_litter_collection/robot_ws/build/vision': PYTHONPATH=/home/jetson/PycharmProjects/boat_litter_collection/robot_ws/build/vision/prefix_override:/home/jetson/PycharmProjects/boat_litter_collection/robot_ws/install/vision/lib/python3.8/site-packages:${PYTHONPATH} /usr/bin/python3 setup.py develop --editable --build-directory /home/jetson/PycharmProjects/boat_litter_collection/robot_ws/build/vision/build --no-deps install_data
[11.699s] Level 1:colcon.colcon_core.shell:create_environment_hook('central', 'pythonpath_develop')
[11.707s] DEBUG:colcon.colcon_core.event_handler.log_command:Invoked command in '/home/jetson/PycharmProjects/boat_litter_collection/robot_ws/build/central' returned '0': PYTHONPATH=/home/jetson/PycharmProjects/boat_litter_collection/robot_ws/build/central/prefix_override:/home/jetson/PycharmProjects/boat_litter_collection/robot_ws/install/central/lib/python3.8/site-packages:${PYTHONPATH} /usr/bin/python3 setup.py develop --editable --build-directory /home/jetson/PycharmProjects/boat_litter_collection/robot_ws/build/central/build --no-deps install_data
[11.712s] INFO:colcon.colcon_core.shell:Creating environment hook '/home/jetson/PycharmProjects/boat_litter_collection/robot_ws/build/central/share/central/hook/pythonpath_develop.ps1'
[11.715s] INFO:colcon.colcon_core.shell:Creating environment descriptor '/home/jetson/PycharmProjects/boat_litter_collection/robot_ws/build/central/share/central/hook/pythonpath_develop.dsv'
[11.717s] INFO:colcon.colcon_core.shell:Creating environment hook '/home/jetson/PycharmProjects/boat_litter_collection/robot_ws/build/central/share/central/hook/pythonpath_develop.sh'
[11.756s] Level 1:colcon.colcon_core.environment:checking '/home/jetson/PycharmProjects/boat_litter_collection/robot_ws/install/central' for CMake module files
[11.758s] Level 1:colcon.colcon_core.environment:checking '/home/jetson/PycharmProjects/boat_litter_collection/robot_ws/install/central' for CMake config files
[11.760s] Level 1:colcon.colcon_core.environment:checking '/home/jetson/PycharmProjects/boat_litter_collection/robot_ws/install/central/lib'
[11.761s] Level 1:colcon.colcon_core.environment:checking '/home/jetson/PycharmProjects/boat_litter_collection/robot_ws/install/central/bin'
[11.761s] Level 1:colcon.colcon_core.environment:checking '/home/jetson/PycharmProjects/boat_litter_collection/robot_ws/install/central/lib/pkgconfig/central.pc'
[11.762s] Level 1:colcon.colcon_core.environment:checking '/home/jetson/PycharmProjects/boat_litter_collection/robot_ws/install/central/lib/python3.8/site-packages'
[11.763s] Level 1:colcon.colcon_core.shell:create_environment_hook('central', 'pythonpath')
[11.771s] INFO:colcon.colcon_core.shell:Creating environment hook '/home/jetson/PycharmProjects/boat_litter_collection/robot_ws/install/central/share/central/hook/pythonpath.ps1'
[11.772s] INFO:colcon.colcon_core.shell:Creating environment descriptor '/home/jetson/PycharmProjects/boat_litter_collection/robot_ws/install/central/share/central/hook/pythonpath.dsv'
[11.773s] INFO:colcon.colcon_core.shell:Creating environment hook '/home/jetson/PycharmProjects/boat_litter_collection/robot_ws/install/central/share/central/hook/pythonpath.sh'
[11.775s] Level 1:colcon.colcon_core.environment:checking '/home/jetson/PycharmProjects/boat_litter_collection/robot_ws/install/central/bin'
[11.775s] Level 1:colcon.colcon_core.environment:create_environment_scripts_only(central)
[11.783s] INFO:colcon.colcon_core.shell:Creating package script '/home/jetson/PycharmProjects/boat_litter_collection/robot_ws/install/central/share/central/package.ps1'
[11.790s] INFO:colcon.colcon_core.shell:Creating package descriptor '/home/jetson/PycharmProjects/boat_litter_collection/robot_ws/install/central/share/central/package.dsv'
[11.793s] INFO:colcon.colcon_core.shell:Creating package script '/home/jetson/PycharmProjects/boat_litter_collection/robot_ws/install/central/share/central/package.sh'
[11.798s] INFO:colcon.colcon_core.shell:Creating package script '/home/jetson/PycharmProjects/boat_litter_collection/robot_ws/install/central/share/central/package.bash'
[11.802s] INFO:colcon.colcon_core.shell:Creating package script '/home/jetson/PycharmProjects/boat_litter_collection/robot_ws/install/central/share/central/package.zsh'
[11.806s] Level 1:colcon.colcon_core.environment:create_file_with_runtime_dependencies(/home/jetson/PycharmProjects/boat_litter_collection/robot_ws/install/central/share/colcon-core/packages/central)
[11.810s] Level 1:colcon.colcon_core.shell:create_environment_hook('vision', 'pythonpath_develop')
[11.819s] INFO:colcon.colcon_core.shell:Creating environment hook '/home/jetson/PycharmProjects/boat_litter_collection/robot_ws/build/vision/share/vision/hook/pythonpath_develop.ps1'
[11.822s] DEBUG:colcon.colcon_core.event_handler.log_command:Invoked command in '/home/jetson/PycharmProjects/boat_litter_collection/robot_ws/build/vision' returned '0': PYTHONPATH=/home/jetson/PycharmProjects/boat_litter_collection/robot_ws/build/vision/prefix_override:/home/jetson/PycharmProjects/boat_litter_collection/robot_ws/install/vision/lib/python3.8/site-packages:${PYTHONPATH} /usr/bin/python3 setup.py develop --editable --build-directory /home/jetson/PycharmProjects/boat_litter_collection/robot_ws/build/vision/build --no-deps install_data
[11.825s] INFO:colcon.colcon_core.shell:Creating environment descriptor '/home/jetson/PycharmProjects/boat_litter_collection/robot_ws/build/vision/share/vision/hook/pythonpath_develop.dsv'
[11.826s] INFO:colcon.colcon_core.shell:Creating environment hook '/home/jetson/PycharmProjects/boat_litter_collection/robot_ws/build/vision/share/vision/hook/pythonpath_develop.sh'
[11.841s] Level 1:colcon.colcon_core.environment:checking '/home/jetson/PycharmProjects/boat_litter_collection/robot_ws/install/vision' for CMake module files
[11.844s] Level 1:colcon.colcon_core.environment:checking '/home/jetson/PycharmProjects/boat_litter_collection/robot_ws/install/vision' for CMake config files
[11.846s] Level 1:colcon.colcon_core.environment:checking '/home/jetson/PycharmProjects/boat_litter_collection/robot_ws/install/vision/lib'
[11.847s] Level 1:colcon.colcon_core.environment:checking '/home/jetson/PycharmProjects/boat_litter_collection/robot_ws/install/vision/bin'
[11.847s] Level 1:colcon.colcon_core.environment:checking '/home/jetson/PycharmProjects/boat_litter_collection/robot_ws/install/vision/lib/pkgconfig/vision.pc'
[11.848s] Level 1:colcon.colcon_core.environment:checking '/home/jetson/PycharmProjects/boat_litter_collection/robot_ws/install/vision/lib/python3.8/site-packages'
[11.848s] Level 1:colcon.colcon_core.shell:create_environment_hook('vision', 'pythonpath')
[11.859s] INFO:colcon.colcon_core.shell:Creating environment hook '/home/jetson/PycharmProjects/boat_litter_collection/robot_ws/install/vision/share/vision/hook/pythonpath.ps1'
[11.861s] INFO:colcon.colcon_core.shell:Creating environment descriptor '/home/jetson/PycharmProjects/boat_litter_collection/robot_ws/install/vision/share/vision/hook/pythonpath.dsv'
[11.862s] INFO:colcon.colcon_core.shell:Creating environment hook '/home/jetson/PycharmProjects/boat_litter_collection/robot_ws/install/vision/share/vision/hook/pythonpath.sh'
[11.864s] Level 1:colcon.colcon_core.environment:checking '/home/jetson/PycharmProjects/boat_litter_collection/robot_ws/install/vision/bin'
[11.864s] Level 1:colcon.colcon_core.environment:create_environment_scripts_only(vision)
[11.874s] INFO:colcon.colcon_core.shell:Creating package script '/home/jetson/PycharmProjects/boat_litter_collection/robot_ws/install/vision/share/vision/package.ps1'
[11.876s] INFO:colcon.colcon_core.shell:Creating package descriptor '/home/jetson/PycharmProjects/boat_litter_collection/robot_ws/install/vision/share/vision/package.dsv'
[11.878s] INFO:colcon.colcon_core.shell:Creating package script '/home/jetson/PycharmProjects/boat_litter_collection/robot_ws/install/vision/share/vision/package.sh'
[11.880s] INFO:colcon.colcon_core.shell:Creating package script '/home/jetson/PycharmProjects/boat_litter_collection/robot_ws/install/vision/share/vision/package.bash'
[11.881s] INFO:colcon.colcon_core.shell:Creating package script '/home/jetson/PycharmProjects/boat_litter_collection/robot_ws/install/vision/share/vision/package.zsh'
[11.882s] Level 1:colcon.colcon_core.environment:create_file_with_runtime_dependencies(/home/jetson/PycharmProjects/boat_litter_collection/robot_ws/install/vision/share/colcon-core/packages/vision)
[11.883s] DEBUG:colcon.colcon_parallel_executor.executor.parallel:closing loop
[11.884s] DEBUG:colcon.colcon_parallel_executor.executor.parallel:loop closed
[11.885s] DEBUG:colcon.colcon_parallel_executor.executor.parallel:run_until_complete finished with '0'
[11.885s] DEBUG:colcon.colcon_core.event_reactor:joining thread
[11.951s] INFO:colcon.colcon_core.plugin_system:Skipping extension 'colcon_notification.desktop_notification.terminal_notifier': Not used on non-Darwin systems
[11.952s] INFO:colcon.colcon_core.plugin_system:Skipping extension 'colcon_notification.desktop_notification.win32': Not used on non-Windows systems
[11.952s] INFO:colcon.colcon_notification.desktop_notification:Sending desktop notification using 'notify2'
[12.595s] DEBUG:colcon.colcon_core.event_reactor:joined thread
[12.605s] INFO:colcon.colcon_core.shell:Creating prefix script '/home/jetson/PycharmProjects/boat_litter_collection/robot_ws/install/local_setup.ps1'
[12.612s] INFO:colcon.colcon_core.shell:Creating prefix util module '/home/jetson/PycharmProjects/boat_litter_collection/robot_ws/install/_local_setup_util_ps1.py'
[12.625s] INFO:colcon.colcon_core.shell:Creating prefix chain script '/home/jetson/PycharmProjects/boat_litter_collection/robot_ws/install/setup.ps1'
[12.632s] INFO:colcon.colcon_core.shell:Creating prefix script '/home/jetson/PycharmProjects/boat_litter_collection/robot_ws/install/local_setup.sh'
[12.638s] INFO:colcon.colcon_core.shell:Creating prefix util module '/home/jetson/PycharmProjects/boat_litter_collection/robot_ws/install/_local_setup_util_sh.py'
[12.640s] INFO:colcon.colcon_core.shell:Creating prefix chain script '/home/jetson/PycharmProjects/boat_litter_collection/robot_ws/install/setup.sh'
[12.648s] INFO:colcon.colcon_core.shell:Creating prefix script '/home/jetson/PycharmProjects/boat_litter_collection/robot_ws/install/local_setup.bash'
[12.651s] INFO:colcon.colcon_core.shell:Creating prefix chain script '/home/jetson/PycharmProjects/boat_litter_collection/robot_ws/install/setup.bash'
[12.658s] INFO:colcon.colcon_core.shell:Creating prefix script '/home/jetson/PycharmProjects/boat_litter_collection/robot_ws/install/local_setup.zsh'
[12.661s] INFO:colcon.colcon_core.shell:Creating prefix chain script '/home/jetson/PycharmProjects/boat_litter_collection/robot_ws/install/setup.zsh'
