[12.783s] DEBUG:colcon:Command line arguments: ['/usr/bin/colcon', 'build', '--symlink-install']
[12.784s] DEBUG:colcon:Parsed command line arguments: Namespace(allow_overriding=[], ament_cmake_args=None, base_paths=['.'], build_base='build', catkin_cmake_args=None, catkin_skip_building_tests=False, cmake_args=None, cmake_clean_cache=False, cmake_clean_first=False, cmake_force_configure=False, cmake_target=None, cmake_target_skip_unavailable=False, continue_on_error=False, event_handlers=None, executor='parallel', ignore_user_meta=False, install_base='install', log_base=None, log_level=None, main=<bound method BuildVerb.main of <colcon_core.verb.build.BuildVerb object at 0x7fb1744670>>, merge_install=False, metas=['./colcon.meta'], packages_above=None, packages_above_and_dependencies=None, packages_above_depth=None, packages_end=None, packages_ignore=None, packages_ignore_regex=None, packages_select=None, packages_select_build_failed=False, packages_select_by_dep=None, packages_select_regex=None, packages_select_test_failures=False, packages_skip=None, packages_skip_build_finished=False, packages_skip_by_dep=None, packages_skip_regex=None, packages_skip_test_passed=False, packages_skip_up_to=None, packages_start=None, packages_up_to=None, packages_up_to_regex=None, parallel_workers=4, paths=None, symlink_install=True, test_result_base=None, verb_extension=<colcon_core.verb.build.BuildVerb object at 0x7fb1744670>, verb_name='build', verb_parser=<colcon_defaults.argument_parser.defaults.DefaultArgumentsDecorator object at 0x7fb1744790>)
[13.323s] Level 1:colcon.colcon_core.package_discovery:discover_packages(colcon_meta) check parameters
[13.324s] Level 1:colcon.colcon_core.package_discovery:discover_packages(recursive) check parameters
[13.324s] Level 1:colcon.colcon_core.package_discovery:discover_packages(ignore) check parameters
[13.324s] Level 1:colcon.colcon_core.package_discovery:discover_packages(path) check parameters
[13.324s] Level 1:colcon.colcon_core.package_discovery:discover_packages(colcon_meta) discover
[13.325s] Level 1:colcon.colcon_core.package_discovery:discover_packages(recursive) discover
[13.325s] INFO:colcon.colcon_core.package_discovery:Crawling recursively for packages in '/home/jetson/PycharmProjects/boat_litter_collection/raspberry_ws'
[13.325s] Level 1:colcon.colcon_core.package_identification:_identify(.) by extensions ['ignore', 'ignore_ament_install']
[13.326s] Level 1:colcon.colcon_core.package_identification:_identify(.) by extension 'ignore'
[13.326s] Level 1:colcon.colcon_core.package_identification:_identify(.) by extension 'ignore_ament_install'
[13.326s] Level 1:colcon.colcon_core.package_identification:_identify(.) by extensions ['colcon_pkg']
[13.327s] Level 1:colcon.colcon_core.package_identification:_identify(.) by extension 'colcon_pkg'
[13.327s] Level 1:colcon.colcon_core.package_identification:_identify(.) by extensions ['colcon_meta']
[13.327s] Level 1:colcon.colcon_core.package_identification:_identify(.) by extension 'colcon_meta'
[13.327s] Level 1:colcon.colcon_core.package_identification:_identify(.) by extensions ['ros']
[13.327s] Level 1:colcon.colcon_core.package_identification:_identify(.) by extension 'ros'
[13.388s] Level 1:colcon.colcon_core.package_identification:_identify(.) by extensions ['cmake', 'python']
[13.388s] Level 1:colcon.colcon_core.package_identification:_identify(.) by extension 'cmake'
[13.389s] Level 1:colcon.colcon_core.package_identification:_identify(.) by extension 'python'
[13.389s] Level 1:colcon.colcon_core.package_identification:_identify(.) by extensions ['python_setup_py']
[13.389s] Level 1:colcon.colcon_core.package_identification:_identify(.) by extension 'python_setup_py'
[13.389s] Level 1:colcon.colcon_core.package_identification:_identify(build) by extensions ['ignore', 'ignore_ament_install']
[13.390s] Level 1:colcon.colcon_core.package_identification:_identify(build) by extension 'ignore'
[13.390s] Level 1:colcon.colcon_core.package_identification:_identify(build) ignored
[13.391s] Level 1:colcon.colcon_core.package_identification:_identify(install) by extensions ['ignore', 'ignore_ament_install']
[13.391s] Level 1:colcon.colcon_core.package_identification:_identify(install) by extension 'ignore'
[13.392s] Level 1:colcon.colcon_core.package_identification:_identify(install) ignored
[13.392s] Level 1:colcon.colcon_core.package_identification:_identify(log) by extensions ['ignore', 'ignore_ament_install']
[13.393s] Level 1:colcon.colcon_core.package_identification:_identify(log) by extension 'ignore'
[13.393s] Level 1:colcon.colcon_core.package_identification:_identify(log) ignored
[13.393s] Level 1:colcon.colcon_core.package_identification:_identify(src) by extensions ['ignore', 'ignore_ament_install']
[13.394s] Level 1:colcon.colcon_core.package_identification:_identify(src) by extension 'ignore'
[13.394s] Level 1:colcon.colcon_core.package_identification:_identify(src) by extension 'ignore_ament_install'
[13.394s] Level 1:colcon.colcon_core.package_identification:_identify(src) by extensions ['colcon_pkg']
[13.395s] Level 1:colcon.colcon_core.package_identification:_identify(src) by extension 'colcon_pkg'
[13.395s] Level 1:colcon.colcon_core.package_identification:_identify(src) by extensions ['colcon_meta']
[13.395s] Level 1:colcon.colcon_core.package_identification:_identify(src) by extension 'colcon_meta'
[13.395s] Level 1:colcon.colcon_core.package_identification:_identify(src) by extensions ['ros']
[13.395s] Level 1:colcon.colcon_core.package_identification:_identify(src) by extension 'ros'
[13.396s] Level 1:colcon.colcon_core.package_identification:_identify(src) by extensions ['cmake', 'python']
[13.396s] Level 1:colcon.colcon_core.package_identification:_identify(src) by extension 'cmake'
[13.396s] Level 1:colcon.colcon_core.package_identification:_identify(src) by extension 'python'
[13.397s] Level 1:colcon.colcon_core.package_identification:_identify(src) by extensions ['python_setup_py']
[13.397s] Level 1:colcon.colcon_core.package_identification:_identify(src) by extension 'python_setup_py'
[13.397s] Level 1:colcon.colcon_core.package_identification:_identify(src/central) by extensions ['ignore', 'ignore_ament_install']
[13.398s] Level 1:colcon.colcon_core.package_identification:_identify(src/central) by extension 'ignore'
[13.398s] Level 1:colcon.colcon_core.package_identification:_identify(src/central) by extension 'ignore_ament_install'
[13.399s] Level 1:colcon.colcon_core.package_identification:_identify(src/central) by extensions ['colcon_pkg']
[13.399s] Level 1:colcon.colcon_core.package_identification:_identify(src/central) by extension 'colcon_pkg'
[13.399s] Level 1:colcon.colcon_core.package_identification:_identify(src/central) by extensions ['colcon_meta']
[13.399s] Level 1:colcon.colcon_core.package_identification:_identify(src/central) by extension 'colcon_meta'
[13.399s] Level 1:colcon.colcon_core.package_identification:_identify(src/central) by extensions ['ros']
[13.400s] Level 1:colcon.colcon_core.package_identification:_identify(src/central) by extension 'ros'
[13.413s] DEBUG:colcon.colcon_core.package_identification:Package 'src/central' with type 'ros.ament_python' and name 'central'
[13.414s] Level 1:colcon.colcon_core.package_identification:_identify(src/control) by extensions ['ignore', 'ignore_ament_install']
[13.415s] Level 1:colcon.colcon_core.package_identification:_identify(src/control) by extension 'ignore'
[13.415s] Level 1:colcon.colcon_core.package_identification:_identify(src/control) by extension 'ignore_ament_install'
[13.415s] Level 1:colcon.colcon_core.package_identification:_identify(src/control) by extensions ['colcon_pkg']
[13.415s] Level 1:colcon.colcon_core.package_identification:_identify(src/control) by extension 'colcon_pkg'
[13.416s] Level 1:colcon.colcon_core.package_identification:_identify(src/control) by extensions ['colcon_meta']
[13.416s] Level 1:colcon.colcon_core.package_identification:_identify(src/control) by extension 'colcon_meta'
[13.416s] Level 1:colcon.colcon_core.package_identification:_identify(src/control) by extensions ['ros']
[13.416s] Level 1:colcon.colcon_core.package_identification:_identify(src/control) by extension 'ros'
[13.419s] DEBUG:colcon.colcon_core.package_identification:Package 'src/control' with type 'ros.ament_python' and name 'control'
[13.419s] Level 1:colcon.colcon_core.package_identification:_identify(src/custom_msgs) by extensions ['ignore', 'ignore_ament_install']
[13.420s] Level 1:colcon.colcon_core.package_identification:_identify(src/custom_msgs) by extension 'ignore'
[13.420s] Level 1:colcon.colcon_core.package_identification:_identify(src/custom_msgs) by extension 'ignore_ament_install'
[13.420s] Level 1:colcon.colcon_core.package_identification:_identify(src/custom_msgs) by extensions ['colcon_pkg']
[13.421s] Level 1:colcon.colcon_core.package_identification:_identify(src/custom_msgs) by extension 'colcon_pkg'
[13.421s] Level 1:colcon.colcon_core.package_identification:_identify(src/custom_msgs) by extensions ['colcon_meta']
[13.421s] Level 1:colcon.colcon_core.package_identification:_identify(src/custom_msgs) by extension 'colcon_meta'
[13.421s] Level 1:colcon.colcon_core.package_identification:_identify(src/custom_msgs) by extensions ['ros']
[13.421s] Level 1:colcon.colcon_core.package_identification:_identify(src/custom_msgs) by extension 'ros'
[13.424s] DEBUG:colcon.colcon_core.package_identification:Package 'src/custom_msgs' with type 'ros.ament_cmake' and name 'custom_msgs'
[13.424s] Level 1:colcon.colcon_core.package_discovery:discover_packages(recursive) using defaults
[13.425s] Level 1:colcon.colcon_core.package_discovery:discover_packages(ignore) discover
[13.425s] Level 1:colcon.colcon_core.package_discovery:discover_packages(ignore) using defaults
[13.425s] Level 1:colcon.colcon_core.package_discovery:discover_packages(path) discover
[13.425s] Level 1:colcon.colcon_core.package_discovery:discover_packages(path) using defaults
[14.636s] Level 1:colcon.colcon_core.package_discovery:discover_packages(prefix_path) check parameters
[14.637s] Level 1:colcon.colcon_core.package_discovery:discover_packages(prefix_path) discover
[15.068s] DEBUG:colcon.colcon_installed_package_information.package_discovery:Found 3 installed packages in /home/jetson/PycharmProjects/boat_litter_collection/raspberry_ws/install
[15.298s] DEBUG:colcon.colcon_installed_package_information.package_discovery:Found 259 installed packages in /opt/ros/foxy
[15.306s] Level 1:colcon.colcon_core.package_discovery:discover_packages(prefix_path) using defaults
[16.171s] Level 5:colcon.colcon_core.verb:set package 'central' build argument 'cmake_args' from command line to 'None'
[16.172s] Level 5:colcon.colcon_core.verb:set package 'central' build argument 'cmake_target' from command line to 'None'
[16.172s] Level 5:colcon.colcon_core.verb:set package 'central' build argument 'cmake_target_skip_unavailable' from command line to 'False'
[16.172s] Level 5:colcon.colcon_core.verb:set package 'central' build argument 'cmake_clean_cache' from command line to 'False'
[16.172s] Level 5:colcon.colcon_core.verb:set package 'central' build argument 'cmake_clean_first' from command line to 'False'
[16.172s] Level 5:colcon.colcon_core.verb:set package 'central' build argument 'cmake_force_configure' from command line to 'False'
[16.172s] Level 5:colcon.colcon_core.verb:set package 'central' build argument 'ament_cmake_args' from command line to 'None'
[16.172s] Level 5:colcon.colcon_core.verb:set package 'central' build argument 'catkin_cmake_args' from command line to 'None'
[16.173s] Level 5:colcon.colcon_core.verb:set package 'central' build argument 'catkin_skip_building_tests' from command line to 'False'
[16.173s] DEBUG:colcon.colcon_core.verb:Building package 'central' with the following arguments: {'ament_cmake_args': None, 'build_base': '/home/jetson/PycharmProjects/boat_litter_collection/raspberry_ws/build/central', 'catkin_cmake_args': None, 'catkin_skip_building_tests': False, 'cmake_args': None, 'cmake_clean_cache': False, 'cmake_clean_first': False, 'cmake_force_configure': False, 'cmake_target': None, 'cmake_target_skip_unavailable': False, 'install_base': '/home/jetson/PycharmProjects/boat_litter_collection/raspberry_ws/install/central', 'merge_install': False, 'path': '/home/jetson/PycharmProjects/boat_litter_collection/raspberry_ws/src/central', 'symlink_install': True, 'test_result_base': None}
[16.380s] Level 5:colcon.colcon_core.verb:set package 'control' build argument 'cmake_args' from command line to 'None'
[16.380s] Level 5:colcon.colcon_core.verb:set package 'control' build argument 'cmake_target' from command line to 'None'
[16.380s] Level 5:colcon.colcon_core.verb:set package 'control' build argument 'cmake_target_skip_unavailable' from command line to 'False'
[16.381s] Level 5:colcon.colcon_core.verb:set package 'control' build argument 'cmake_clean_cache' from command line to 'False'
[16.381s] Level 5:colcon.colcon_core.verb:set package 'control' build argument 'cmake_clean_first' from command line to 'False'
[16.381s] Level 5:colcon.colcon_core.verb:set package 'control' build argument 'cmake_force_configure' from command line to 'False'
[16.381s] Level 5:colcon.colcon_core.verb:set package 'control' build argument 'ament_cmake_args' from command line to 'None'
[16.381s] Level 5:colcon.colcon_core.verb:set package 'control' build argument 'catkin_cmake_args' from command line to 'None'
[16.381s] Level 5:colcon.colcon_core.verb:set package 'control' build argument 'catkin_skip_building_tests' from command line to 'False'
[16.381s] DEBUG:colcon.colcon_core.verb:Building package 'control' with the following arguments: {'ament_cmake_args': None, 'build_base': '/home/jetson/PycharmProjects/boat_litter_collection/raspberry_ws/build/control', 'catkin_cmake_args': None, 'catkin_skip_building_tests': False, 'cmake_args': None, 'cmake_clean_cache': False, 'cmake_clean_first': False, 'cmake_force_configure': False, 'cmake_target': None, 'cmake_target_skip_unavailable': False, 'install_base': '/home/jetson/PycharmProjects/boat_litter_collection/raspberry_ws/install/control', 'merge_install': False, 'path': '/home/jetson/PycharmProjects/boat_litter_collection/raspberry_ws/src/control', 'symlink_install': True, 'test_result_base': None}
[16.590s] Level 5:colcon.colcon_core.verb:set package 'custom_msgs' build argument 'cmake_args' from command line to 'None'
[16.590s] Level 5:colcon.colcon_core.verb:set package 'custom_msgs' build argument 'cmake_target' from command line to 'None'
[16.591s] Level 5:colcon.colcon_core.verb:set package 'custom_msgs' build argument 'cmake_target_skip_unavailable' from command line to 'False'
[16.591s] Level 5:colcon.colcon_core.verb:set package 'custom_msgs' build argument 'cmake_clean_cache' from command line to 'False'
[16.591s] Level 5:colcon.colcon_core.verb:set package 'custom_msgs' build argument 'cmake_clean_first' from command line to 'False'
[16.591s] Level 5:colcon.colcon_core.verb:set package 'custom_msgs' build argument 'cmake_force_configure' from command line to 'False'
[16.591s] Level 5:colcon.colcon_core.verb:set package 'custom_msgs' build argument 'ament_cmake_args' from command line to 'None'
[16.591s] Level 5:colcon.colcon_core.verb:set package 'custom_msgs' build argument 'catkin_cmake_args' from command line to 'None'
[16.591s] Level 5:colcon.colcon_core.verb:set package 'custom_msgs' build argument 'catkin_skip_building_tests' from command line to 'False'
[16.592s] DEBUG:colcon.colcon_core.verb:Building package 'custom_msgs' with the following arguments: {'ament_cmake_args': None, 'build_base': '/home/jetson/PycharmProjects/boat_litter_collection/raspberry_ws/build/custom_msgs', 'catkin_cmake_args': None, 'catkin_skip_building_tests': False, 'cmake_args': None, 'cmake_clean_cache': False, 'cmake_clean_first': False, 'cmake_force_configure': False, 'cmake_target': None, 'cmake_target_skip_unavailable': False, 'install_base': '/home/jetson/PycharmProjects/boat_litter_collection/raspberry_ws/install/custom_msgs', 'merge_install': False, 'path': '/home/jetson/PycharmProjects/boat_litter_collection/raspberry_ws/src/custom_msgs', 'symlink_install': True, 'test_result_base': None}
[16.808s] INFO:colcon.colcon_core.executor:Executing jobs using 'parallel' executor
[17.015s] DEBUG:colcon.colcon_parallel_executor.executor.parallel:run_until_complete
[17.016s] INFO:colcon.colcon_ros.task.ament_python.build:Building ROS package in '/home/jetson/PycharmProjects/boat_litter_collection/raspberry_ws/src/central' with build type 'ament_python'
[17.017s] Level 1:colcon.colcon_core.shell:create_environment_hook('central', 'ament_prefix_path')
[17.271s] INFO:colcon.colcon_core.plugin_system:Skipping extension 'colcon_core.shell.bat': Not used on non-Windows systems
[17.273s] INFO:colcon.colcon_core.shell:Creating environment hook '/home/jetson/PycharmProjects/boat_litter_collection/raspberry_ws/install/central/share/central/hook/ament_prefix_path.ps1'
[17.275s] INFO:colcon.colcon_core.shell:Creating environment descriptor '/home/jetson/PycharmProjects/boat_litter_collection/raspberry_ws/install/central/share/central/hook/ament_prefix_path.dsv'
[17.284s] INFO:colcon.colcon_core.shell:Creating environment hook '/home/jetson/PycharmProjects/boat_litter_collection/raspberry_ws/install/central/share/central/hook/ament_prefix_path.sh'
[17.511s] INFO:colcon.colcon_core.shell:Skip shell extension 'powershell' for command environment: Not usable outside of PowerShell
[17.512s] DEBUG:colcon.colcon_core.shell:Skip shell extension 'dsv' for command environment
[18.229s] INFO:colcon.colcon_ros.task.ament_python.build:Building ROS package in '/home/jetson/PycharmProjects/boat_litter_collection/raspberry_ws/src/control' with build type 'ament_python'
[18.230s] Level 1:colcon.colcon_core.shell:create_environment_hook('control', 'ament_prefix_path')
[18.463s] INFO:colcon.colcon_core.shell:Creating environment hook '/home/jetson/PycharmProjects/boat_litter_collection/raspberry_ws/install/control/share/control/hook/ament_prefix_path.ps1'
[18.464s] INFO:colcon.colcon_core.shell:Creating environment descriptor '/home/jetson/PycharmProjects/boat_litter_collection/raspberry_ws/install/control/share/control/hook/ament_prefix_path.dsv'
[18.466s] INFO:colcon.colcon_core.shell:Creating environment hook '/home/jetson/PycharmProjects/boat_litter_collection/raspberry_ws/install/control/share/control/hook/ament_prefix_path.sh'
[18.699s] INFO:colcon.colcon_core.shell:Skip shell extension 'powershell' for command environment: Not usable outside of PowerShell
[18.699s] DEBUG:colcon.colcon_core.shell:Skip shell extension 'dsv' for command environment
[19.386s] INFO:colcon.colcon_ros.task.ament_cmake.build:Building ROS package in '/home/jetson/PycharmProjects/boat_litter_collection/raspberry_ws/src/custom_msgs' with build type 'ament_cmake'
[19.388s] INFO:colcon.colcon_cmake.task.cmake.build:Building CMake package in '/home/jetson/PycharmProjects/boat_litter_collection/raspberry_ws/src/custom_msgs'
[19.622s] INFO:colcon.colcon_core.shell:Skip shell extension 'powershell' for command environment: Not usable outside of PowerShell
[19.622s] DEBUG:colcon.colcon_core.shell:Skip shell extension 'dsv' for command environment
[21.681s] INFO:colcon.colcon_core.task.python.build:Building Python package in '/home/jetson/PycharmProjects/boat_litter_collection/raspberry_ws/src/central'
[21.908s] INFO:colcon.colcon_core.shell:Skip shell extension 'powershell' for command environment: Not usable outside of PowerShell
[21.908s] DEBUG:colcon.colcon_core.shell:Skip shell extension 'dsv' for command environment
[23.946s] INFO:colcon.colcon_core.task.python.build:Building Python package in '/home/jetson/PycharmProjects/boat_litter_collection/raspberry_ws/src/control'
[24.181s] INFO:colcon.colcon_core.shell:Skip shell extension 'powershell' for command environment: Not usable outside of PowerShell
[24.181s] DEBUG:colcon.colcon_core.shell:Skip shell extension 'dsv' for command environment
[24.940s] DEBUG:colcon.colcon_core.event_handler.log_command:Invoking command in '/home/jetson/PycharmProjects/boat_litter_collection/raspberry_ws/build/custom_msgs': CMAKE_PREFIX_PATH=${CMAKE_PREFIX_PATH}:/home/jetson/PycharmProjects/boat_litter_collection/raspberry_ws/install/control:/home/jetson/PycharmProjects/boat_litter_collection/raspberry_ws/install/central:/opt/ros/foxy /usr/bin/cmake --build /home/jetson/PycharmProjects/boat_litter_collection/raspberry_ws/build/custom_msgs -- -j4 -l4
[26.636s] DEBUG:colcon.colcon_core.event_handler.log_command:Invoked command in '/home/jetson/PycharmProjects/boat_litter_collection/raspberry_ws/build/custom_msgs' returned '0': CMAKE_PREFIX_PATH=${CMAKE_PREFIX_PATH}:/home/jetson/PycharmProjects/boat_litter_collection/raspberry_ws/install/control:/home/jetson/PycharmProjects/boat_litter_collection/raspberry_ws/install/central:/opt/ros/foxy /usr/bin/cmake --build /home/jetson/PycharmProjects/boat_litter_collection/raspberry_ws/build/custom_msgs -- -j4 -l4
[27.081s] DEBUG:colcon.colcon_core.event_handler.log_command:Invoking command in '/home/jetson/PycharmProjects/boat_litter_collection/raspberry_ws/build/custom_msgs': CMAKE_PREFIX_PATH=${CMAKE_PREFIX_PATH}:/home/jetson/PycharmProjects/boat_litter_collection/raspberry_ws/install/control:/home/jetson/PycharmProjects/boat_litter_collection/raspberry_ws/install/central:/opt/ros/foxy /usr/bin/cmake --install /home/jetson/PycharmProjects/boat_litter_collection/raspberry_ws/build/custom_msgs
[27.415s] DEBUG:colcon.colcon_core.event_handler.log_command:Invoking command in '/home/jetson/PycharmProjects/boat_litter_collection/raspberry_ws/build/control': PYTHONPATH=/home/jetson/PycharmProjects/boat_litter_collection/raspberry_ws/build/control/prefix_override:/home/jetson/PycharmProjects/boat_litter_collection/raspberry_ws/install/control/lib/python3.8/site-packages:${PYTHONPATH} /usr/bin/python3 setup.py develop --editable --build-directory /home/jetson/PycharmProjects/boat_litter_collection/raspberry_ws/build/control/build --no-deps install_data
[27.431s] DEBUG:colcon.colcon_core.event_handler.log_command:Invoking command in '/home/jetson/PycharmProjects/boat_litter_collection/raspberry_ws/build/central': PYTHONPATH=/home/jetson/PycharmProjects/boat_litter_collection/raspberry_ws/build/central/prefix_override:/home/jetson/PycharmProjects/boat_litter_collection/raspberry_ws/install/central/lib/python3.8/site-packages:${PYTHONPATH} /usr/bin/python3 setup.py develop --editable --build-directory /home/jetson/PycharmProjects/boat_litter_collection/raspberry_ws/build/central/build --no-deps install_data
[27.550s] Level 1:colcon.colcon_core.environment:create_environment_scripts_only(custom_msgs)
[27.552s] DEBUG:colcon.colcon_core.event_handler.log_command:Invoked command in '/home/jetson/PycharmProjects/boat_litter_collection/raspberry_ws/build/custom_msgs' returned '0': CMAKE_PREFIX_PATH=${CMAKE_PREFIX_PATH}:/home/jetson/PycharmProjects/boat_litter_collection/raspberry_ws/install/control:/home/jetson/PycharmProjects/boat_litter_collection/raspberry_ws/install/central:/opt/ros/foxy /usr/bin/cmake --install /home/jetson/PycharmProjects/boat_litter_collection/raspberry_ws/build/custom_msgs
[27.862s] Level 1:colcon.colcon_core.environment:checking '/home/jetson/PycharmProjects/boat_litter_collection/raspberry_ws/install/custom_msgs' for CMake module files
[27.866s] Level 1:colcon.colcon_core.environment:checking '/home/jetson/PycharmProjects/boat_litter_collection/raspberry_ws/install/custom_msgs' for CMake config files
[27.870s] Level 1:colcon.colcon_core.shell:create_environment_hook('custom_msgs', 'cmake_prefix_path')
[28.117s] INFO:colcon.colcon_core.shell:Creating environment hook '/home/jetson/PycharmProjects/boat_litter_collection/raspberry_ws/install/custom_msgs/share/custom_msgs/hook/cmake_prefix_path.ps1'
[28.131s] INFO:colcon.colcon_core.shell:Creating environment descriptor '/home/jetson/PycharmProjects/boat_litter_collection/raspberry_ws/install/custom_msgs/share/custom_msgs/hook/cmake_prefix_path.dsv'
[28.135s] INFO:colcon.colcon_core.shell:Creating environment hook '/home/jetson/PycharmProjects/boat_litter_collection/raspberry_ws/install/custom_msgs/share/custom_msgs/hook/cmake_prefix_path.sh'
[28.138s] Level 1:colcon.colcon_core.environment:checking '/home/jetson/PycharmProjects/boat_litter_collection/raspberry_ws/install/custom_msgs/lib'
[28.139s] Level 1:colcon.colcon_core.shell:create_environment_hook('custom_msgs', 'ld_library_path_lib')
[28.388s] INFO:colcon.colcon_core.shell:Creating environment hook '/home/jetson/PycharmProjects/boat_litter_collection/raspberry_ws/install/custom_msgs/share/custom_msgs/hook/ld_library_path_lib.ps1'
[28.392s] INFO:colcon.colcon_core.shell:Creating environment descriptor '/home/jetson/PycharmProjects/boat_litter_collection/raspberry_ws/install/custom_msgs/share/custom_msgs/hook/ld_library_path_lib.dsv'
[28.393s] INFO:colcon.colcon_core.shell:Creating environment hook '/home/jetson/PycharmProjects/boat_litter_collection/raspberry_ws/install/custom_msgs/share/custom_msgs/hook/ld_library_path_lib.sh'
[28.396s] Level 1:colcon.colcon_core.environment:checking '/home/jetson/PycharmProjects/boat_litter_collection/raspberry_ws/install/custom_msgs/bin'
[28.396s] Level 1:colcon.colcon_core.environment:checking '/home/jetson/PycharmProjects/boat_litter_collection/raspberry_ws/install/custom_msgs/lib/pkgconfig/custom_msgs.pc'
[28.397s] Level 1:colcon.colcon_core.environment:checking '/home/jetson/PycharmProjects/boat_litter_collection/raspberry_ws/install/custom_msgs/lib/python3.8/site-packages'
[28.397s] Level 1:colcon.colcon_core.shell:create_environment_hook('custom_msgs', 'pythonpath')
[28.665s] INFO:colcon.colcon_core.shell:Creating environment hook '/home/jetson/PycharmProjects/boat_litter_collection/raspberry_ws/install/custom_msgs/share/custom_msgs/hook/pythonpath.ps1'
[28.670s] INFO:colcon.colcon_core.shell:Creating environment descriptor '/home/jetson/PycharmProjects/boat_litter_collection/raspberry_ws/install/custom_msgs/share/custom_msgs/hook/pythonpath.dsv'
[28.673s] INFO:colcon.colcon_core.shell:Creating environment hook '/home/jetson/PycharmProjects/boat_litter_collection/raspberry_ws/install/custom_msgs/share/custom_msgs/hook/pythonpath.sh'
[28.677s] Level 1:colcon.colcon_core.environment:checking '/home/jetson/PycharmProjects/boat_litter_collection/raspberry_ws/install/custom_msgs/bin'
[28.957s] INFO:colcon.colcon_core.shell:Creating package script '/home/jetson/PycharmProjects/boat_litter_collection/raspberry_ws/install/custom_msgs/share/custom_msgs/package.ps1'
[28.964s] INFO:colcon.colcon_core.shell:Creating package descriptor '/home/jetson/PycharmProjects/boat_litter_collection/raspberry_ws/install/custom_msgs/share/custom_msgs/package.dsv'
[28.968s] INFO:colcon.colcon_core.shell:Creating package script '/home/jetson/PycharmProjects/boat_litter_collection/raspberry_ws/install/custom_msgs/share/custom_msgs/package.sh'
[28.972s] INFO:colcon.colcon_core.shell:Creating package script '/home/jetson/PycharmProjects/boat_litter_collection/raspberry_ws/install/custom_msgs/share/custom_msgs/package.bash'
[28.976s] INFO:colcon.colcon_core.shell:Creating package script '/home/jetson/PycharmProjects/boat_litter_collection/raspberry_ws/install/custom_msgs/share/custom_msgs/package.zsh'
[28.980s] Level 1:colcon.colcon_core.environment:create_file_with_runtime_dependencies(/home/jetson/PycharmProjects/boat_litter_collection/raspberry_ws/install/custom_msgs/share/colcon-core/packages/custom_msgs)
[29.561s] Level 1:colcon.colcon_core.environment:create_environment_scripts_only(custom_msgs)
[29.821s] Level 1:colcon.colcon_core.environment:checking '/home/jetson/PycharmProjects/boat_litter_collection/raspberry_ws/install/custom_msgs' for CMake module files
[29.825s] Level 1:colcon.colcon_core.environment:checking '/home/jetson/PycharmProjects/boat_litter_collection/raspberry_ws/install/custom_msgs' for CMake config files
[29.829s] Level 1:colcon.colcon_core.shell:create_environment_hook('custom_msgs', 'cmake_prefix_path')
[30.134s] INFO:colcon.colcon_core.shell:Creating environment hook '/home/jetson/PycharmProjects/boat_litter_collection/raspberry_ws/install/custom_msgs/share/custom_msgs/hook/cmake_prefix_path.ps1'
[30.137s] INFO:colcon.colcon_core.shell:Creating environment descriptor '/home/jetson/PycharmProjects/boat_litter_collection/raspberry_ws/install/custom_msgs/share/custom_msgs/hook/cmake_prefix_path.dsv'
[30.139s] INFO:colcon.colcon_core.shell:Creating environment hook '/home/jetson/PycharmProjects/boat_litter_collection/raspberry_ws/install/custom_msgs/share/custom_msgs/hook/cmake_prefix_path.sh'
[30.142s] Level 1:colcon.colcon_core.environment:checking '/home/jetson/PycharmProjects/boat_litter_collection/raspberry_ws/install/custom_msgs/lib'
[30.143s] Level 1:colcon.colcon_core.shell:create_environment_hook('custom_msgs', 'ld_library_path_lib')
[30.400s] INFO:colcon.colcon_core.shell:Creating environment hook '/home/jetson/PycharmProjects/boat_litter_collection/raspberry_ws/install/custom_msgs/share/custom_msgs/hook/ld_library_path_lib.ps1'
[30.401s] INFO:colcon.colcon_core.shell:Creating environment descriptor '/home/jetson/PycharmProjects/boat_litter_collection/raspberry_ws/install/custom_msgs/share/custom_msgs/hook/ld_library_path_lib.dsv'
[30.403s] INFO:colcon.colcon_core.shell:Creating environment hook '/home/jetson/PycharmProjects/boat_litter_collection/raspberry_ws/install/custom_msgs/share/custom_msgs/hook/ld_library_path_lib.sh'
[30.404s] Level 1:colcon.colcon_core.environment:checking '/home/jetson/PycharmProjects/boat_litter_collection/raspberry_ws/install/custom_msgs/bin'
[30.404s] Level 1:colcon.colcon_core.environment:checking '/home/jetson/PycharmProjects/boat_litter_collection/raspberry_ws/install/custom_msgs/lib/pkgconfig/custom_msgs.pc'
[30.405s] Level 1:colcon.colcon_core.environment:checking '/home/jetson/PycharmProjects/boat_litter_collection/raspberry_ws/install/custom_msgs/lib/python3.8/site-packages'
[30.406s] Level 1:colcon.colcon_core.shell:create_environment_hook('custom_msgs', 'pythonpath')
[30.634s] INFO:colcon.colcon_core.shell:Creating environment hook '/home/jetson/PycharmProjects/boat_litter_collection/raspberry_ws/install/custom_msgs/share/custom_msgs/hook/pythonpath.ps1'
[30.636s] INFO:colcon.colcon_core.shell:Creating environment descriptor '/home/jetson/PycharmProjects/boat_litter_collection/raspberry_ws/install/custom_msgs/share/custom_msgs/hook/pythonpath.dsv'
[30.638s] INFO:colcon.colcon_core.shell:Creating environment hook '/home/jetson/PycharmProjects/boat_litter_collection/raspberry_ws/install/custom_msgs/share/custom_msgs/hook/pythonpath.sh'
[30.641s] Level 1:colcon.colcon_core.environment:checking '/home/jetson/PycharmProjects/boat_litter_collection/raspberry_ws/install/custom_msgs/bin'
[30.864s] INFO:colcon.colcon_core.shell:Creating package script '/home/jetson/PycharmProjects/boat_litter_collection/raspberry_ws/install/custom_msgs/share/custom_msgs/package.ps1'
[30.867s] INFO:colcon.colcon_core.shell:Creating package descriptor '/home/jetson/PycharmProjects/boat_litter_collection/raspberry_ws/install/custom_msgs/share/custom_msgs/package.dsv'
[30.869s] INFO:colcon.colcon_core.shell:Creating package script '/home/jetson/PycharmProjects/boat_litter_collection/raspberry_ws/install/custom_msgs/share/custom_msgs/package.sh'
[30.871s] INFO:colcon.colcon_core.shell:Creating package script '/home/jetson/PycharmProjects/boat_litter_collection/raspberry_ws/install/custom_msgs/share/custom_msgs/package.bash'
[30.873s] INFO:colcon.colcon_core.shell:Creating package script '/home/jetson/PycharmProjects/boat_litter_collection/raspberry_ws/install/custom_msgs/share/custom_msgs/package.zsh'
[30.874s] Level 1:colcon.colcon_core.environment:create_file_with_runtime_dependencies(/home/jetson/PycharmProjects/boat_litter_collection/raspberry_ws/install/custom_msgs/share/colcon-core/packages/custom_msgs)
[30.879s] Level 1:colcon.colcon_core.shell:create_environment_hook('central', 'pythonpath_develop')
[30.882s] DEBUG:colcon.colcon_core.event_handler.log_command:Invoked command in '/home/jetson/PycharmProjects/boat_litter_collection/raspberry_ws/build/central' returned '0': PYTHONPATH=/home/jetson/PycharmProjects/boat_litter_collection/raspberry_ws/build/central/prefix_override:/home/jetson/PycharmProjects/boat_litter_collection/raspberry_ws/install/central/lib/python3.8/site-packages:${PYTHONPATH} /usr/bin/python3 setup.py develop --editable --build-directory /home/jetson/PycharmProjects/boat_litter_collection/raspberry_ws/build/central/build --no-deps install_data
[31.110s] INFO:colcon.colcon_core.shell:Creating environment hook '/home/jetson/PycharmProjects/boat_litter_collection/raspberry_ws/build/central/share/central/hook/pythonpath_develop.ps1'
[31.112s] INFO:colcon.colcon_core.shell:Creating environment descriptor '/home/jetson/PycharmProjects/boat_litter_collection/raspberry_ws/build/central/share/central/hook/pythonpath_develop.dsv'
[31.114s] INFO:colcon.colcon_core.shell:Creating environment hook '/home/jetson/PycharmProjects/boat_litter_collection/raspberry_ws/build/central/share/central/hook/pythonpath_develop.sh'
[31.343s] Level 1:colcon.colcon_core.environment:checking '/home/jetson/PycharmProjects/boat_litter_collection/raspberry_ws/install/central' for CMake module files
[31.345s] Level 1:colcon.colcon_core.environment:checking '/home/jetson/PycharmProjects/boat_litter_collection/raspberry_ws/install/central' for CMake config files
[31.347s] Level 1:colcon.colcon_core.environment:checking '/home/jetson/PycharmProjects/boat_litter_collection/raspberry_ws/install/central/lib'
[31.347s] Level 1:colcon.colcon_core.environment:checking '/home/jetson/PycharmProjects/boat_litter_collection/raspberry_ws/install/central/bin'
[31.348s] Level 1:colcon.colcon_core.environment:checking '/home/jetson/PycharmProjects/boat_litter_collection/raspberry_ws/install/central/lib/pkgconfig/central.pc'
[31.349s] Level 1:colcon.colcon_core.environment:checking '/home/jetson/PycharmProjects/boat_litter_collection/raspberry_ws/install/central/lib/python3.8/site-packages'
[31.349s] Level 1:colcon.colcon_core.shell:create_environment_hook('central', 'pythonpath')
[31.569s] INFO:colcon.colcon_core.shell:Creating environment hook '/home/jetson/PycharmProjects/boat_litter_collection/raspberry_ws/install/central/share/central/hook/pythonpath.ps1'
[31.571s] INFO:colcon.colcon_core.shell:Creating environment descriptor '/home/jetson/PycharmProjects/boat_litter_collection/raspberry_ws/install/central/share/central/hook/pythonpath.dsv'
[31.572s] INFO:colcon.colcon_core.shell:Creating environment hook '/home/jetson/PycharmProjects/boat_litter_collection/raspberry_ws/install/central/share/central/hook/pythonpath.sh'
[31.574s] Level 1:colcon.colcon_core.environment:checking '/home/jetson/PycharmProjects/boat_litter_collection/raspberry_ws/install/central/bin'
[31.575s] Level 1:colcon.colcon_core.environment:create_environment_scripts_only(central)
[31.807s] INFO:colcon.colcon_core.shell:Creating package script '/home/jetson/PycharmProjects/boat_litter_collection/raspberry_ws/install/central/share/central/package.ps1'
[31.810s] INFO:colcon.colcon_core.shell:Creating package descriptor '/home/jetson/PycharmProjects/boat_litter_collection/raspberry_ws/install/central/share/central/package.dsv'
[31.813s] INFO:colcon.colcon_core.shell:Creating package script '/home/jetson/PycharmProjects/boat_litter_collection/raspberry_ws/install/central/share/central/package.sh'
[31.815s] INFO:colcon.colcon_core.shell:Creating package script '/home/jetson/PycharmProjects/boat_litter_collection/raspberry_ws/install/central/share/central/package.bash'
[31.817s] INFO:colcon.colcon_core.shell:Creating package script '/home/jetson/PycharmProjects/boat_litter_collection/raspberry_ws/install/central/share/central/package.zsh'
[31.818s] Level 1:colcon.colcon_core.environment:create_file_with_runtime_dependencies(/home/jetson/PycharmProjects/boat_litter_collection/raspberry_ws/install/central/share/colcon-core/packages/central)
[31.820s] Level 1:colcon.colcon_core.shell:create_environment_hook('control', 'pythonpath_develop')
[31.823s] DEBUG:colcon.colcon_core.event_handler.log_command:Invoked command in '/home/jetson/PycharmProjects/boat_litter_collection/raspberry_ws/build/control' returned '0': PYTHONPATH=/home/jetson/PycharmProjects/boat_litter_collection/raspberry_ws/build/control/prefix_override:/home/jetson/PycharmProjects/boat_litter_collection/raspberry_ws/install/control/lib/python3.8/site-packages:${PYTHONPATH} /usr/bin/python3 setup.py develop --editable --build-directory /home/jetson/PycharmProjects/boat_litter_collection/raspberry_ws/build/control/build --no-deps install_data
[32.049s] INFO:colcon.colcon_core.shell:Creating environment hook '/home/jetson/PycharmProjects/boat_litter_collection/raspberry_ws/build/control/share/control/hook/pythonpath_develop.ps1'
[32.052s] INFO:colcon.colcon_core.shell:Creating environment descriptor '/home/jetson/PycharmProjects/boat_litter_collection/raspberry_ws/build/control/share/control/hook/pythonpath_develop.dsv'
[32.053s] INFO:colcon.colcon_core.shell:Creating environment hook '/home/jetson/PycharmProjects/boat_litter_collection/raspberry_ws/build/control/share/control/hook/pythonpath_develop.sh'
[32.394s] Level 1:colcon.colcon_core.environment:checking '/home/jetson/PycharmProjects/boat_litter_collection/raspberry_ws/install/control' for CMake module files
[32.397s] Level 1:colcon.colcon_core.environment:checking '/home/jetson/PycharmProjects/boat_litter_collection/raspberry_ws/install/control' for CMake config files
[32.399s] Level 1:colcon.colcon_core.environment:checking '/home/jetson/PycharmProjects/boat_litter_collection/raspberry_ws/install/control/lib'
[32.399s] Level 1:colcon.colcon_core.environment:checking '/home/jetson/PycharmProjects/boat_litter_collection/raspberry_ws/install/control/bin'
[32.399s] Level 1:colcon.colcon_core.environment:checking '/home/jetson/PycharmProjects/boat_litter_collection/raspberry_ws/install/control/lib/pkgconfig/control.pc'
[32.400s] Level 1:colcon.colcon_core.environment:checking '/home/jetson/PycharmProjects/boat_litter_collection/raspberry_ws/install/control/lib/python3.8/site-packages'
[32.400s] Level 1:colcon.colcon_core.shell:create_environment_hook('control', 'pythonpath')
[32.629s] INFO:colcon.colcon_core.shell:Creating environment hook '/home/jetson/PycharmProjects/boat_litter_collection/raspberry_ws/install/control/share/control/hook/pythonpath.ps1'
[32.631s] INFO:colcon.colcon_core.shell:Creating environment descriptor '/home/jetson/PycharmProjects/boat_litter_collection/raspberry_ws/install/control/share/control/hook/pythonpath.dsv'
[32.633s] INFO:colcon.colcon_core.shell:Creating environment hook '/home/jetson/PycharmProjects/boat_litter_collection/raspberry_ws/install/control/share/control/hook/pythonpath.sh'
[32.635s] Level 1:colcon.colcon_core.environment:checking '/home/jetson/PycharmProjects/boat_litter_collection/raspberry_ws/install/control/bin'
[32.635s] Level 1:colcon.colcon_core.environment:create_environment_scripts_only(control)
[32.866s] INFO:colcon.colcon_core.shell:Creating package script '/home/jetson/PycharmProjects/boat_litter_collection/raspberry_ws/install/control/share/control/package.ps1'
[32.868s] INFO:colcon.colcon_core.shell:Creating package descriptor '/home/jetson/PycharmProjects/boat_litter_collection/raspberry_ws/install/control/share/control/package.dsv'
[32.871s] INFO:colcon.colcon_core.shell:Creating package script '/home/jetson/PycharmProjects/boat_litter_collection/raspberry_ws/install/control/share/control/package.sh'
[32.872s] INFO:colcon.colcon_core.shell:Creating package script '/home/jetson/PycharmProjects/boat_litter_collection/raspberry_ws/install/control/share/control/package.bash'
[32.874s] INFO:colcon.colcon_core.shell:Creating package script '/home/jetson/PycharmProjects/boat_litter_collection/raspberry_ws/install/control/share/control/package.zsh'
[32.875s] Level 1:colcon.colcon_core.environment:create_file_with_runtime_dependencies(/home/jetson/PycharmProjects/boat_litter_collection/raspberry_ws/install/control/share/colcon-core/packages/control)
[32.876s] DEBUG:colcon.colcon_parallel_executor.executor.parallel:closing loop
[32.877s] DEBUG:colcon.colcon_parallel_executor.executor.parallel:loop closed
[32.877s] DEBUG:colcon.colcon_parallel_executor.executor.parallel:run_until_complete finished with '0'
[32.877s] DEBUG:colcon.colcon_core.event_reactor:joining thread
[33.139s] INFO:colcon.colcon_core.plugin_system:Skipping extension 'colcon_notification.desktop_notification.terminal_notifier': Not used on non-Darwin systems
[33.139s] INFO:colcon.colcon_core.plugin_system:Skipping extension 'colcon_notification.desktop_notification.win32': Not used on non-Windows systems
[33.140s] INFO:colcon.colcon_notification.desktop_notification:Sending desktop notification using 'notify2'
[33.361s] DEBUG:colcon.colcon_core.event_reactor:joined thread
[33.602s] INFO:colcon.colcon_core.shell:Creating prefix script '/home/jetson/PycharmProjects/boat_litter_collection/raspberry_ws/install/local_setup.ps1'
[33.610s] INFO:colcon.colcon_core.shell:Creating prefix util module '/home/jetson/PycharmProjects/boat_litter_collection/raspberry_ws/install/_local_setup_util_ps1.py'
[33.619s] INFO:colcon.colcon_core.shell:Creating prefix chain script '/home/jetson/PycharmProjects/boat_litter_collection/raspberry_ws/install/setup.ps1'
[33.847s] INFO:colcon.colcon_core.shell:Creating prefix script '/home/jetson/PycharmProjects/boat_litter_collection/raspberry_ws/install/local_setup.sh'
[33.850s] INFO:colcon.colcon_core.shell:Creating prefix util module '/home/jetson/PycharmProjects/boat_litter_collection/raspberry_ws/install/_local_setup_util_sh.py'
[33.851s] INFO:colcon.colcon_core.shell:Creating prefix chain script '/home/jetson/PycharmProjects/boat_litter_collection/raspberry_ws/install/setup.sh'
[34.072s] INFO:colcon.colcon_core.shell:Creating prefix script '/home/jetson/PycharmProjects/boat_litter_collection/raspberry_ws/install/local_setup.bash'
[34.075s] INFO:colcon.colcon_core.shell:Creating prefix chain script '/home/jetson/PycharmProjects/boat_litter_collection/raspberry_ws/install/setup.bash'
[34.311s] INFO:colcon.colcon_core.shell:Creating prefix script '/home/jetson/PycharmProjects/boat_litter_collection/raspberry_ws/install/local_setup.zsh'
[34.314s] INFO:colcon.colcon_core.shell:Creating prefix chain script '/home/jetson/PycharmProjects/boat_litter_collection/raspberry_ws/install/setup.zsh'
